
AVRASM ver. 2.1.30  E:\Projects\AVR Projects\MQ9\Debug\List\mq9.asm Sat Aug 19 16:00:58 2023

E:\Projects\AVR Projects\MQ9\Debug\List\mq9.asm(1087): warning: Register r4 already defined by the .DEF directive
E:\Projects\AVR Projects\MQ9\Debug\List\mq9.asm(1088): warning: Register r5 already defined by the .DEF directive
E:\Projects\AVR Projects\MQ9\Debug\List\mq9.asm(1089): warning: Register r7 already defined by the .DEF directive
E:\Projects\AVR Projects\MQ9\Debug\List\mq9.asm(1090): warning: Register r6 already defined by the .DEF directive
E:\Projects\AVR Projects\MQ9\Debug\List\mq9.asm(1091): warning: Register r9 already defined by the .DEF directive
                 
                 
                 ;CodeVisionAVR C Compiler V3.14 Advanced
                 ;(C) Copyright 1998-2014 Pavel Haiduc, HP InfoTech s.r.l.
                 ;http://www.hpinfotech.com
                 
                 ;Build configuration    : Debug
                 ;Chip type              : ATmega32A
                 ;Program type           : Application
                 ;Clock frequency        : 8.000000 MHz
                 ;Memory model           : Small
                 ;Optimize for           : Size
                 ;(s)printf features     : int, width
                 ;(s)scanf features      : int, width
                 ;External RAM size      : 0
                 ;Data Stack size        : 512 byte(s)
                 ;Heap size              : 0 byte(s)
                 ;Promote 'char' to 'int': Yes
                 ;'char' is unsigned     : Yes
                 ;8 bit enums            : Yes
                 ;Global 'const' stored in FLASH: Yes
                 ;Enhanced function parameter passing: Yes
                 ;Enhanced core instructions: On
                 ;Automatic register allocation for global variables: On
                 ;Smart register allocation: On
                 
                 	#define _MODEL_SMALL_
                 
                 	#pragma AVRPART ADMIN PART_NAME ATmega32A
                 	#pragma AVRPART MEMORY PROG_FLASH 32768
                 	#pragma AVRPART MEMORY EEPROM 1024
                 	#pragma AVRPART MEMORY INT_SRAM SIZE 2048
                 	#pragma AVRPART MEMORY INT_SRAM START_ADDR 0x60
                 
                 	#define CALL_SUPPORTED 1
                 
                 	.LISTMAC
                 	.EQU UDRE=0x5
                 	.EQU RXC=0x7
                 	.EQU USR=0xB
                 	.EQU UDR=0xC
                 	.EQU SPSR=0xE
                 	.EQU SPDR=0xF
                 	.EQU EERE=0x0
                 	.EQU EEWE=0x1
                 	.EQU EEMWE=0x2
                 	.EQU EECR=0x1C
                 	.EQU EEDR=0x1D
                 	.EQU EEARL=0x1E
                 	.EQU EEARH=0x1F
                 	.EQU WDTCR=0x21
                 	.EQU MCUCR=0x35
                 	.EQU SPL=0x3D
                 	.EQU SPH=0x3E
                 	.EQU SREG=0x3F
                 
                 	.DEF R0X0=R0
                 	.DEF R0X1=R1
                 	.DEF R0X2=R2
                 	.DEF R0X3=R3
                 	.DEF R0X4=R4
                 	.DEF R0X5=R5
                 	.DEF R0X6=R6
                 	.DEF R0X7=R7
                 	.DEF R0X8=R8
                 	.DEF R0X9=R9
                 	.DEF R0XA=R10
                 	.DEF R0XB=R11
                 	.DEF R0XC=R12
                 	.DEF R0XD=R13
                 	.DEF R0XE=R14
                 	.DEF R0XF=R15
                 	.DEF R0X10=R16
                 	.DEF R0X11=R17
                 	.DEF R0X12=R18
                 	.DEF R0X13=R19
                 	.DEF R0X14=R20
                 	.DEF R0X15=R21
                 	.DEF R0X16=R22
                 	.DEF R0X17=R23
                 	.DEF R0X18=R24
                 	.DEF R0X19=R25
                 	.DEF R0X1A=R26
                 	.DEF R0X1B=R27
                 	.DEF R0X1C=R28
                 	.DEF R0X1D=R29
                 	.DEF R0X1E=R30
                 	.DEF R0X1F=R31
                 
                 	.EQU __SRAM_START=0x0060
                 	.EQU __SRAM_END=0x085F
                 	.EQU __DSTACK_SIZE=0x0200
                 	.EQU __HEAP_SIZE=0x0000
                 	.EQU __CLEAR_SRAM_SIZE=__SRAM_END-__SRAM_START+1
                 
                 	.MACRO __CPD1N
                 	CPI  R30,LOW(@0)
                 	LDI  R26,HIGH(@0)
                 	CPC  R31,R26
                 	LDI  R26,BYTE3(@0)
                 	CPC  R22,R26
                 	LDI  R26,BYTE4(@0)
                 	CPC  R23,R26
                 	.ENDM
                 
                 	.MACRO __CPD2N
                 	CPI  R26,LOW(@0)
                 	LDI  R30,HIGH(@0)
                 	CPC  R27,R30
                 	LDI  R30,BYTE3(@0)
                 	CPC  R24,R30
                 	LDI  R30,BYTE4(@0)
                 	CPC  R25,R30
                 	.ENDM
                 
                 	.MACRO __CPWRR
                 	CP   R@0,R@2
                 	CPC  R@1,R@3
                 	.ENDM
                 
                 	.MACRO __CPWRN
                 	CPI  R@0,LOW(@2)
                 	LDI  R30,HIGH(@2)
                 	CPC  R@1,R30
                 	.ENDM
                 
                 	.MACRO __ADDB1MN
                 	SUBI R30,LOW(-@0-(@1))
                 	.ENDM
                 
                 	.MACRO __ADDB2MN
                 	SUBI R26,LOW(-@0-(@1))
                 	.ENDM
                 
                 	.MACRO __ADDW1MN
                 	SUBI R30,LOW(-@0-(@1))
                 	SBCI R31,HIGH(-@0-(@1))
                 	.ENDM
                 
                 	.MACRO __ADDW2MN
                 	SUBI R26,LOW(-@0-(@1))
                 	SBCI R27,HIGH(-@0-(@1))
                 	.ENDM
                 
                 	.MACRO __ADDW1FN
                 	SUBI R30,LOW(-2*@0-(@1))
                 	SBCI R31,HIGH(-2*@0-(@1))
                 	.ENDM
                 
                 	.MACRO __ADDD1FN
                 	SUBI R30,LOW(-2*@0-(@1))
                 	SBCI R31,HIGH(-2*@0-(@1))
                 	SBCI R22,BYTE3(-2*@0-(@1))
                 	.ENDM
                 
                 	.MACRO __ADDD1N
                 	SUBI R30,LOW(-@0)
                 	SBCI R31,HIGH(-@0)
                 	SBCI R22,BYTE3(-@0)
                 	SBCI R23,BYTE4(-@0)
                 	.ENDM
                 
                 	.MACRO __ADDD2N
                 	SUBI R26,LOW(-@0)
                 	SBCI R27,HIGH(-@0)
                 	SBCI R24,BYTE3(-@0)
                 	SBCI R25,BYTE4(-@0)
                 	.ENDM
                 
                 	.MACRO __SUBD1N
                 	SUBI R30,LOW(@0)
                 	SBCI R31,HIGH(@0)
                 	SBCI R22,BYTE3(@0)
                 	SBCI R23,BYTE4(@0)
                 	.ENDM
                 
                 	.MACRO __SUBD2N
                 	SUBI R26,LOW(@0)
                 	SBCI R27,HIGH(@0)
                 	SBCI R24,BYTE3(@0)
                 	SBCI R25,BYTE4(@0)
                 	.ENDM
                 
                 	.MACRO __ANDBMNN
                 	LDS  R30,@0+(@1)
                 	ANDI R30,LOW(@2)
                 	STS  @0+(@1),R30
                 	.ENDM
                 
                 	.MACRO __ANDWMNN
                 	LDS  R30,@0+(@1)
                 	ANDI R30,LOW(@2)
                 	STS  @0+(@1),R30
                 	LDS  R30,@0+(@1)+1
                 	ANDI R30,HIGH(@2)
                 	STS  @0+(@1)+1,R30
                 	.ENDM
                 
                 	.MACRO __ANDD1N
                 	ANDI R30,LOW(@0)
                 	ANDI R31,HIGH(@0)
                 	ANDI R22,BYTE3(@0)
                 	ANDI R23,BYTE4(@0)
                 	.ENDM
                 
                 	.MACRO __ANDD2N
                 	ANDI R26,LOW(@0)
                 	ANDI R27,HIGH(@0)
                 	ANDI R24,BYTE3(@0)
                 	ANDI R25,BYTE4(@0)
                 	.ENDM
                 
                 	.MACRO __ORBMNN
                 	LDS  R30,@0+(@1)
                 	ORI  R30,LOW(@2)
                 	STS  @0+(@1),R30
                 	.ENDM
                 
                 	.MACRO __ORWMNN
                 	LDS  R30,@0+(@1)
                 	ORI  R30,LOW(@2)
                 	STS  @0+(@1),R30
                 	LDS  R30,@0+(@1)+1
                 	ORI  R30,HIGH(@2)
                 	STS  @0+(@1)+1,R30
                 	.ENDM
                 
                 	.MACRO __ORD1N
                 	ORI  R30,LOW(@0)
                 	ORI  R31,HIGH(@0)
                 	ORI  R22,BYTE3(@0)
                 	ORI  R23,BYTE4(@0)
                 	.ENDM
                 
                 	.MACRO __ORD2N
                 	ORI  R26,LOW(@0)
                 	ORI  R27,HIGH(@0)
                 	ORI  R24,BYTE3(@0)
                 	ORI  R25,BYTE4(@0)
                 	.ENDM
                 
                 	.MACRO __DELAY_USB
                 	LDI  R24,LOW(@0)
                 __DELAY_USB_LOOP:
                 	DEC  R24
                 	BRNE __DELAY_USB_LOOP
                 	.ENDM
                 
                 	.MACRO __DELAY_USW
                 	LDI  R24,LOW(@0)
                 	LDI  R25,HIGH(@0)
                 __DELAY_USW_LOOP:
                 	SBIW R24,1
                 	BRNE __DELAY_USW_LOOP
                 	.ENDM
                 
                 	.MACRO __GETD1S
                 	LDD  R30,Y+@0
                 	LDD  R31,Y+@0+1
                 	LDD  R22,Y+@0+2
                 	LDD  R23,Y+@0+3
                 	.ENDM
                 
                 	.MACRO __GETD2S
                 	LDD  R26,Y+@0
                 	LDD  R27,Y+@0+1
                 	LDD  R24,Y+@0+2
                 	LDD  R25,Y+@0+3
                 	.ENDM
                 
                 	.MACRO __PUTD1S
                 	STD  Y+@0,R30
                 	STD  Y+@0+1,R31
                 	STD  Y+@0+2,R22
                 	STD  Y+@0+3,R23
                 	.ENDM
                 
                 	.MACRO __PUTD2S
                 	STD  Y+@0,R26
                 	STD  Y+@0+1,R27
                 	STD  Y+@0+2,R24
                 	STD  Y+@0+3,R25
                 	.ENDM
                 
                 	.MACRO __PUTDZ2
                 	STD  Z+@0,R26
                 	STD  Z+@0+1,R27
                 	STD  Z+@0+2,R24
                 	STD  Z+@0+3,R25
                 	.ENDM
                 
                 	.MACRO __CLRD1S
                 	STD  Y+@0,R30
                 	STD  Y+@0+1,R30
                 	STD  Y+@0+2,R30
                 	STD  Y+@0+3,R30
                 	.ENDM
                 
                 	.MACRO __POINTB1MN
                 	LDI  R30,LOW(@0+(@1))
                 	.ENDM
                 
                 	.MACRO __POINTW1MN
                 	LDI  R30,LOW(@0+(@1))
                 	LDI  R31,HIGH(@0+(@1))
                 	.ENDM
                 
                 	.MACRO __POINTD1M
                 	LDI  R30,LOW(@0)
                 	LDI  R31,HIGH(@0)
                 	LDI  R22,BYTE3(@0)
                 	LDI  R23,BYTE4(@0)
                 	.ENDM
                 
                 	.MACRO __POINTW1FN
                 	LDI  R30,LOW(2*@0+(@1))
                 	LDI  R31,HIGH(2*@0+(@1))
                 	.ENDM
                 
                 	.MACRO __POINTD1FN
                 	LDI  R30,LOW(2*@0+(@1))
                 	LDI  R31,HIGH(2*@0+(@1))
                 	LDI  R22,BYTE3(2*@0+(@1))
                 	LDI  R23,BYTE4(2*@0+(@1))
                 	.ENDM
                 
                 	.MACRO __POINTB2MN
                 	LDI  R26,LOW(@0+(@1))
                 	.ENDM
                 
                 	.MACRO __POINTW2MN
                 	LDI  R26,LOW(@0+(@1))
                 	LDI  R27,HIGH(@0+(@1))
                 	.ENDM
                 
                 	.MACRO __POINTW2FN
                 	LDI  R26,LOW(2*@0+(@1))
                 	LDI  R27,HIGH(2*@0+(@1))
                 	.ENDM
                 
                 	.MACRO __POINTD2FN
                 	LDI  R26,LOW(2*@0+(@1))
                 	LDI  R27,HIGH(2*@0+(@1))
                 	LDI  R24,BYTE3(2*@0+(@1))
                 	LDI  R25,BYTE4(2*@0+(@1))
                 	.ENDM
                 
                 	.MACRO __POINTBRM
                 	LDI  R@0,LOW(@1)
                 	.ENDM
                 
                 	.MACRO __POINTWRM
                 	LDI  R@0,LOW(@2)
                 	LDI  R@1,HIGH(@2)
                 	.ENDM
                 
                 	.MACRO __POINTBRMN
                 	LDI  R@0,LOW(@1+(@2))
                 	.ENDM
                 
                 	.MACRO __POINTWRMN
                 	LDI  R@0,LOW(@2+(@3))
                 	LDI  R@1,HIGH(@2+(@3))
                 	.ENDM
                 
                 	.MACRO __POINTWRFN
                 	LDI  R@0,LOW(@2*2+(@3))
                 	LDI  R@1,HIGH(@2*2+(@3))
                 	.ENDM
                 
                 	.MACRO __GETD1N
                 	LDI  R30,LOW(@0)
                 	LDI  R31,HIGH(@0)
                 	LDI  R22,BYTE3(@0)
                 	LDI  R23,BYTE4(@0)
                 	.ENDM
                 
                 	.MACRO __GETD2N
                 	LDI  R26,LOW(@0)
                 	LDI  R27,HIGH(@0)
                 	LDI  R24,BYTE3(@0)
                 	LDI  R25,BYTE4(@0)
                 	.ENDM
                 
                 	.MACRO __GETB1MN
                 	LDS  R30,@0+(@1)
                 	.ENDM
                 
                 	.MACRO __GETB1HMN
                 	LDS  R31,@0+(@1)
                 	.ENDM
                 
                 	.MACRO __GETW1MN
                 	LDS  R30,@0+(@1)
                 	LDS  R31,@0+(@1)+1
                 	.ENDM
                 
                 	.MACRO __GETD1MN
                 	LDS  R30,@0+(@1)
                 	LDS  R31,@0+(@1)+1
                 	LDS  R22,@0+(@1)+2
                 	LDS  R23,@0+(@1)+3
                 	.ENDM
                 
                 	.MACRO __GETBRMN
                 	LDS  R@0,@1+(@2)
                 	.ENDM
                 
                 	.MACRO __GETWRMN
                 	LDS  R@0,@2+(@3)
                 	LDS  R@1,@2+(@3)+1
                 	.ENDM
                 
                 	.MACRO __GETWRZ
                 	LDD  R@0,Z+@2
                 	LDD  R@1,Z+@2+1
                 	.ENDM
                 
                 	.MACRO __GETD2Z
                 	LDD  R26,Z+@0
                 	LDD  R27,Z+@0+1
                 	LDD  R24,Z+@0+2
                 	LDD  R25,Z+@0+3
                 	.ENDM
                 
                 	.MACRO __GETB2MN
                 	LDS  R26,@0+(@1)
                 	.ENDM
                 
                 	.MACRO __GETW2MN
                 	LDS  R26,@0+(@1)
                 	LDS  R27,@0+(@1)+1
                 	.ENDM
                 
                 	.MACRO __GETD2MN
                 	LDS  R26,@0+(@1)
                 	LDS  R27,@0+(@1)+1
                 	LDS  R24,@0+(@1)+2
                 	LDS  R25,@0+(@1)+3
                 	.ENDM
                 
                 	.MACRO __PUTB1MN
                 	STS  @0+(@1),R30
                 	.ENDM
                 
                 	.MACRO __PUTW1MN
                 	STS  @0+(@1),R30
                 	STS  @0+(@1)+1,R31
                 	.ENDM
                 
                 	.MACRO __PUTD1MN
                 	STS  @0+(@1),R30
                 	STS  @0+(@1)+1,R31
                 	STS  @0+(@1)+2,R22
                 	STS  @0+(@1)+3,R23
                 	.ENDM
                 
                 	.MACRO __PUTB1EN
                 	LDI  R26,LOW(@0+(@1))
                 	LDI  R27,HIGH(@0+(@1))
                 	CALL __EEPROMWRB
                 	.ENDM
                 
                 	.MACRO __PUTW1EN
                 	LDI  R26,LOW(@0+(@1))
                 	LDI  R27,HIGH(@0+(@1))
                 	CALL __EEPROMWRW
                 	.ENDM
                 
                 	.MACRO __PUTD1EN
                 	LDI  R26,LOW(@0+(@1))
                 	LDI  R27,HIGH(@0+(@1))
                 	CALL __EEPROMWRD
                 	.ENDM
                 
                 	.MACRO __PUTBR0MN
                 	STS  @0+(@1),R0
                 	.ENDM
                 
                 	.MACRO __PUTBMRN
                 	STS  @0+(@1),R@2
                 	.ENDM
                 
                 	.MACRO __PUTWMRN
                 	STS  @0+(@1),R@2
                 	STS  @0+(@1)+1,R@3
                 	.ENDM
                 
                 	.MACRO __PUTBZR
                 	STD  Z+@1,R@0
                 	.ENDM
                 
                 	.MACRO __PUTWZR
                 	STD  Z+@2,R@0
                 	STD  Z+@2+1,R@1
                 	.ENDM
                 
                 	.MACRO __GETW1R
                 	MOV  R30,R@0
                 	MOV  R31,R@1
                 	.ENDM
                 
                 	.MACRO __GETW2R
                 	MOV  R26,R@0
                 	MOV  R27,R@1
                 	.ENDM
                 
                 	.MACRO __GETWRN
                 	LDI  R@0,LOW(@2)
                 	LDI  R@1,HIGH(@2)
                 	.ENDM
                 
                 	.MACRO __PUTW1R
                 	MOV  R@0,R30
                 	MOV  R@1,R31
                 	.ENDM
                 
                 	.MACRO __PUTW2R
                 	MOV  R@0,R26
                 	MOV  R@1,R27
                 	.ENDM
                 
                 	.MACRO __ADDWRN
                 	SUBI R@0,LOW(-@2)
                 	SBCI R@1,HIGH(-@2)
                 	.ENDM
                 
                 	.MACRO __ADDWRR
                 	ADD  R@0,R@2
                 	ADC  R@1,R@3
                 	.ENDM
                 
                 	.MACRO __SUBWRN
                 	SUBI R@0,LOW(@2)
                 	SBCI R@1,HIGH(@2)
                 	.ENDM
                 
                 	.MACRO __SUBWRR
                 	SUB  R@0,R@2
                 	SBC  R@1,R@3
                 	.ENDM
                 
                 	.MACRO __ANDWRN
                 	ANDI R@0,LOW(@2)
                 	ANDI R@1,HIGH(@2)
                 	.ENDM
                 
                 	.MACRO __ANDWRR
                 	AND  R@0,R@2
                 	AND  R@1,R@3
                 	.ENDM
                 
                 	.MACRO __ORWRN
                 	ORI  R@0,LOW(@2)
                 	ORI  R@1,HIGH(@2)
                 	.ENDM
                 
                 	.MACRO __ORWRR
                 	OR   R@0,R@2
                 	OR   R@1,R@3
                 	.ENDM
                 
                 	.MACRO __EORWRR
                 	EOR  R@0,R@2
                 	EOR  R@1,R@3
                 	.ENDM
                 
                 	.MACRO __GETWRS
                 	LDD  R@0,Y+@2
                 	LDD  R@1,Y+@2+1
                 	.ENDM
                 
                 	.MACRO __PUTBSR
                 	STD  Y+@1,R@0
                 	.ENDM
                 
                 	.MACRO __PUTWSR
                 	STD  Y+@2,R@0
                 	STD  Y+@2+1,R@1
                 	.ENDM
                 
                 	.MACRO __MOVEWRR
                 	MOV  R@0,R@2
                 	MOV  R@1,R@3
                 	.ENDM
                 
                 	.MACRO __INWR
                 	IN   R@0,@2
                 	IN   R@1,@2+1
                 	.ENDM
                 
                 	.MACRO __OUTWR
                 	OUT  @2+1,R@1
                 	OUT  @2,R@0
                 	.ENDM
                 
                 	.MACRO __CALL1MN
                 	LDS  R30,@0+(@1)
                 	LDS  R31,@0+(@1)+1
                 	ICALL
                 	.ENDM
                 
                 	.MACRO __CALL1FN
                 	LDI  R30,LOW(2*@0+(@1))
                 	LDI  R31,HIGH(2*@0+(@1))
                 	CALL __GETW1PF
                 	ICALL
                 	.ENDM
                 
                 	.MACRO __CALL2EN
                 	PUSH R26
                 	PUSH R27
                 	LDI  R26,LOW(@0+(@1))
                 	LDI  R27,HIGH(@0+(@1))
                 	CALL __EEPROMRDW
                 	POP  R27
                 	POP  R26
                 	ICALL
                 	.ENDM
                 
                 	.MACRO __CALL2EX
                 	SUBI R26,LOW(-@0)
                 	SBCI R27,HIGH(-@0)
                 	CALL __EEPROMRDD
                 	ICALL
                 	.ENDM
                 
                 	.MACRO __GETW1STACK
                 	IN   R30,SPL
                 	IN   R31,SPH
                 	ADIW R30,@0+1
                 	LD   R0,Z+
                 	LD   R31,Z
                 	MOV  R30,R0
                 	.ENDM
                 
                 	.MACRO __GETD1STACK
                 	IN   R30,SPL
                 	IN   R31,SPH
                 	ADIW R30,@0+1
                 	LD   R0,Z+
                 	LD   R1,Z+
                 	LD   R22,Z
                 	MOVW R30,R0
                 	.ENDM
                 
                 	.MACRO __NBST
                 	BST  R@0,@1
                 	IN   R30,SREG
                 	LDI  R31,0x40
                 	EOR  R30,R31
                 	OUT  SREG,R30
                 	.ENDM
                 
                 
                 	.MACRO __PUTB1SN
                 	LDD  R26,Y+@0
                 	LDD  R27,Y+@0+1
                 	SUBI R26,LOW(-@1)
                 	SBCI R27,HIGH(-@1)
                 	ST   X,R30
                 	.ENDM
                 
                 	.MACRO __PUTW1SN
                 	LDD  R26,Y+@0
                 	LDD  R27,Y+@0+1
                 	SUBI R26,LOW(-@1)
                 	SBCI R27,HIGH(-@1)
                 	ST   X+,R30
                 	ST   X,R31
                 	.ENDM
                 
                 	.MACRO __PUTD1SN
                 	LDD  R26,Y+@0
                 	LDD  R27,Y+@0+1
                 	SUBI R26,LOW(-@1)
                 	SBCI R27,HIGH(-@1)
                 	CALL __PUTDP1
                 	.ENDM
                 
                 	.MACRO __PUTB1SNS
                 	LDD  R26,Y+@0
                 	LDD  R27,Y+@0+1
                 	ADIW R26,@1
                 	ST   X,R30
                 	.ENDM
                 
                 	.MACRO __PUTW1SNS
                 	LDD  R26,Y+@0
                 	LDD  R27,Y+@0+1
                 	ADIW R26,@1
                 	ST   X+,R30
                 	ST   X,R31
                 	.ENDM
                 
                 	.MACRO __PUTD1SNS
                 	LDD  R26,Y+@0
                 	LDD  R27,Y+@0+1
                 	ADIW R26,@1
                 	CALL __PUTDP1
                 	.ENDM
                 
                 	.MACRO __PUTB1PMN
                 	LDS  R26,@0
                 	LDS  R27,@0+1
                 	SUBI R26,LOW(-@1)
                 	SBCI R27,HIGH(-@1)
                 	ST   X,R30
                 	.ENDM
                 
                 	.MACRO __PUTW1PMN
                 	LDS  R26,@0
                 	LDS  R27,@0+1
                 	SUBI R26,LOW(-@1)
                 	SBCI R27,HIGH(-@1)
                 	ST   X+,R30
                 	ST   X,R31
                 	.ENDM
                 
                 	.MACRO __PUTD1PMN
                 	LDS  R26,@0
                 	LDS  R27,@0+1
                 	SUBI R26,LOW(-@1)
                 	SBCI R27,HIGH(-@1)
                 	CALL __PUTDP1
                 	.ENDM
                 
                 	.MACRO __PUTB1PMNS
                 	LDS  R26,@0
                 	LDS  R27,@0+1
                 	ADIW R26,@1
                 	ST   X,R30
                 	.ENDM
                 
                 	.MACRO __PUTW1PMNS
                 	LDS  R26,@0
                 	LDS  R27,@0+1
                 	ADIW R26,@1
                 	ST   X+,R30
                 	ST   X,R31
                 	.ENDM
                 
                 	.MACRO __PUTD1PMNS
                 	LDS  R26,@0
                 	LDS  R27,@0+1
                 	ADIW R26,@1
                 	CALL __PUTDP1
                 	.ENDM
                 
                 	.MACRO __PUTB1RN
                 	MOVW R26,R@0
                 	SUBI R26,LOW(-@1)
                 	SBCI R27,HIGH(-@1)
                 	ST   X,R30
                 	.ENDM
                 
                 	.MACRO __PUTW1RN
                 	MOVW R26,R@0
                 	SUBI R26,LOW(-@1)
                 	SBCI R27,HIGH(-@1)
                 	ST   X+,R30
                 	ST   X,R31
                 	.ENDM
                 
                 	.MACRO __PUTD1RN
                 	MOVW R26,R@0
                 	SUBI R26,LOW(-@1)
                 	SBCI R27,HIGH(-@1)
                 	CALL __PUTDP1
                 	.ENDM
                 
                 	.MACRO __PUTB1RNS
                 	MOVW R26,R@0
                 	ADIW R26,@1
                 	ST   X,R30
                 	.ENDM
                 
                 	.MACRO __PUTW1RNS
                 	MOVW R26,R@0
                 	ADIW R26,@1
                 	ST   X+,R30
                 	ST   X,R31
                 	.ENDM
                 
                 	.MACRO __PUTD1RNS
                 	MOVW R26,R@0
                 	ADIW R26,@1
                 	CALL __PUTDP1
                 	.ENDM
                 
                 	.MACRO __PUTB1RON
                 	MOV  R26,R@0
                 	MOV  R27,R@1
                 	SUBI R26,LOW(-@2)
                 	SBCI R27,HIGH(-@2)
                 	ST   X,R30
                 	.ENDM
                 
                 	.MACRO __PUTW1RON
                 	MOV  R26,R@0
                 	MOV  R27,R@1
                 	SUBI R26,LOW(-@2)
                 	SBCI R27,HIGH(-@2)
                 	ST   X+,R30
                 	ST   X,R31
                 	.ENDM
                 
                 	.MACRO __PUTD1RON
                 	MOV  R26,R@0
                 	MOV  R27,R@1
                 	SUBI R26,LOW(-@2)
                 	SBCI R27,HIGH(-@2)
                 	CALL __PUTDP1
                 	.ENDM
                 
                 	.MACRO __PUTB1RONS
                 	MOV  R26,R@0
                 	MOV  R27,R@1
                 	ADIW R26,@2
                 	ST   X,R30
                 	.ENDM
                 
                 	.MACRO __PUTW1RONS
                 	MOV  R26,R@0
                 	MOV  R27,R@1
                 	ADIW R26,@2
                 	ST   X+,R30
                 	ST   X,R31
                 	.ENDM
                 
                 	.MACRO __PUTD1RONS
                 	MOV  R26,R@0
                 	MOV  R27,R@1
                 	ADIW R26,@2
                 	CALL __PUTDP1
                 	.ENDM
                 
                 
                 	.MACRO __GETB1SX
                 	MOVW R30,R28
                 	SUBI R30,LOW(-@0)
                 	SBCI R31,HIGH(-@0)
                 	LD   R30,Z
                 	.ENDM
                 
                 	.MACRO __GETB1HSX
                 	MOVW R30,R28
                 	SUBI R30,LOW(-@0)
                 	SBCI R31,HIGH(-@0)
                 	LD   R31,Z
                 	.ENDM
                 
                 	.MACRO __GETW1SX
                 	MOVW R30,R28
                 	SUBI R30,LOW(-@0)
                 	SBCI R31,HIGH(-@0)
                 	LD   R0,Z+
                 	LD   R31,Z
                 	MOV  R30,R0
                 	.ENDM
                 
                 	.MACRO __GETD1SX
                 	MOVW R30,R28
                 	SUBI R30,LOW(-@0)
                 	SBCI R31,HIGH(-@0)
                 	LD   R0,Z+
                 	LD   R1,Z+
                 	LD   R22,Z+
                 	LD   R23,Z
                 	MOVW R30,R0
                 	.ENDM
                 
                 	.MACRO __GETB2SX
                 	MOVW R26,R28
                 	SUBI R26,LOW(-@0)
                 	SBCI R27,HIGH(-@0)
                 	LD   R26,X
                 	.ENDM
                 
                 	.MACRO __GETW2SX
                 	MOVW R26,R28
                 	SUBI R26,LOW(-@0)
                 	SBCI R27,HIGH(-@0)
                 	LD   R0,X+
                 	LD   R27,X
                 	MOV  R26,R0
                 	.ENDM
                 
                 	.MACRO __GETD2SX
                 	MOVW R26,R28
                 	SUBI R26,LOW(-@0)
                 	SBCI R27,HIGH(-@0)
                 	LD   R0,X+
                 	LD   R1,X+
                 	LD   R24,X+
                 	LD   R25,X
                 	MOVW R26,R0
                 	.ENDM
                 
                 	.MACRO __GETBRSX
                 	MOVW R30,R28
                 	SUBI R30,LOW(-@1)
                 	SBCI R31,HIGH(-@1)
                 	LD   R@0,Z
                 	.ENDM
                 
                 	.MACRO __GETWRSX
                 	MOVW R30,R28
                 	SUBI R30,LOW(-@2)
                 	SBCI R31,HIGH(-@2)
                 	LD   R@0,Z+
                 	LD   R@1,Z
                 	.ENDM
                 
                 	.MACRO __GETBRSX2
                 	MOVW R26,R28
                 	SUBI R26,LOW(-@1)
                 	SBCI R27,HIGH(-@1)
                 	LD   R@0,X
                 	.ENDM
                 
                 	.MACRO __GETWRSX2
                 	MOVW R26,R28
                 	SUBI R26,LOW(-@2)
                 	SBCI R27,HIGH(-@2)
                 	LD   R@0,X+
                 	LD   R@1,X
                 	.ENDM
                 
                 	.MACRO __LSLW8SX
                 	MOVW R30,R28
                 	SUBI R30,LOW(-@0)
                 	SBCI R31,HIGH(-@0)
                 	LD   R31,Z
                 	CLR  R30
                 	.ENDM
                 
                 	.MACRO __PUTB1SX
                 	MOVW R26,R28
                 	SUBI R26,LOW(-@0)
                 	SBCI R27,HIGH(-@0)
                 	ST   X,R30
                 	.ENDM
                 
                 	.MACRO __PUTW1SX
                 	MOVW R26,R28
                 	SUBI R26,LOW(-@0)
                 	SBCI R27,HIGH(-@0)
                 	ST   X+,R30
                 	ST   X,R31
                 	.ENDM
                 
                 	.MACRO __PUTD1SX
                 	MOVW R26,R28
                 	SUBI R26,LOW(-@0)
                 	SBCI R27,HIGH(-@0)
                 	ST   X+,R30
                 	ST   X+,R31
                 	ST   X+,R22
                 	ST   X,R23
                 	.ENDM
                 
                 	.MACRO __CLRW1SX
                 	MOVW R26,R28
                 	SUBI R26,LOW(-@0)
                 	SBCI R27,HIGH(-@0)
                 	ST   X+,R30
                 	ST   X,R30
                 	.ENDM
                 
                 	.MACRO __CLRD1SX
                 	MOVW R26,R28
                 	SUBI R26,LOW(-@0)
                 	SBCI R27,HIGH(-@0)
                 	ST   X+,R30
                 	ST   X+,R30
                 	ST   X+,R30
                 	ST   X,R30
                 	.ENDM
                 
                 	.MACRO __PUTB2SX
                 	MOVW R30,R28
                 	SUBI R30,LOW(-@0)
                 	SBCI R31,HIGH(-@0)
                 	ST   Z,R26
                 	.ENDM
                 
                 	.MACRO __PUTW2SX
                 	MOVW R30,R28
                 	SUBI R30,LOW(-@0)
                 	SBCI R31,HIGH(-@0)
                 	ST   Z+,R26
                 	ST   Z,R27
                 	.ENDM
                 
                 	.MACRO __PUTD2SX
                 	MOVW R30,R28
                 	SUBI R30,LOW(-@0)
                 	SBCI R31,HIGH(-@0)
                 	ST   Z+,R26
                 	ST   Z+,R27
                 	ST   Z+,R24
                 	ST   Z,R25
                 	.ENDM
                 
                 	.MACRO __PUTBSRX
                 	MOVW R30,R28
                 	SUBI R30,LOW(-@1)
                 	SBCI R31,HIGH(-@1)
                 	ST   Z,R@0
                 	.ENDM
                 
                 	.MACRO __PUTWSRX
                 	MOVW R30,R28
                 	SUBI R30,LOW(-@2)
                 	SBCI R31,HIGH(-@2)
                 	ST   Z+,R@0
                 	ST   Z,R@1
                 	.ENDM
                 
                 	.MACRO __PUTB1SNX
                 	MOVW R26,R28
                 	SUBI R26,LOW(-@0)
                 	SBCI R27,HIGH(-@0)
                 	LD   R0,X+
                 	LD   R27,X
                 	MOV  R26,R0
                 	SUBI R26,LOW(-@1)
                 	SBCI R27,HIGH(-@1)
                 	ST   X,R30
                 	.ENDM
                 
                 	.MACRO __PUTW1SNX
                 	MOVW R26,R28
                 	SUBI R26,LOW(-@0)
                 	SBCI R27,HIGH(-@0)
                 	LD   R0,X+
                 	LD   R27,X
                 	MOV  R26,R0
                 	SUBI R26,LOW(-@1)
                 	SBCI R27,HIGH(-@1)
                 	ST   X+,R30
                 	ST   X,R31
                 	.ENDM
                 
                 	.MACRO __PUTD1SNX
                 	MOVW R26,R28
                 	SUBI R26,LOW(-@0)
                 	SBCI R27,HIGH(-@0)
                 	LD   R0,X+
                 	LD   R27,X
                 	MOV  R26,R0
                 	SUBI R26,LOW(-@1)
                 	SBCI R27,HIGH(-@1)
                 	ST   X+,R30
                 	ST   X+,R31
                 	ST   X+,R22
                 	ST   X,R23
                 	.ENDM
                 
                 	.MACRO __MULBRR
                 	MULS R@0,R@1
                 	MOVW R30,R0
                 	.ENDM
                 
                 	.MACRO __MULBRRU
                 	MUL  R@0,R@1
                 	MOVW R30,R0
                 	.ENDM
                 
                 	.MACRO __MULBRR0
                 	MULS R@0,R@1
                 	.ENDM
                 
                 	.MACRO __MULBRRU0
                 	MUL  R@0,R@1
                 	.ENDM
                 
                 	.MACRO __MULBNWRU
                 	LDI  R26,@2
                 	MUL  R26,R@0
                 	MOVW R30,R0
                 	MUL  R26,R@1
                 	ADD  R31,R0
                 	.ENDM
                 
                 ;NAME DEFINITIONS FOR GLOBAL VARIABLES ALLOCATED TO REGISTERS
                 	.DEF _MQ9=R4
                 	.DEF _MQ9_msb=R5
                 	.DEF __lcd_x=R7
                 	.DEF __lcd_y=R6
                 	.DEF __lcd_maxx=R9
                 
                 	.CSEG
                 	.ORG 0x00
                 
                 ;START OF CODE MARKER
                 __START_OF_CODE:
                 
                 ;INTERRUPT VECTORS
000000 940c 0041 	JMP  __RESET
000002 940c 0000 	JMP  0x00
000004 940c 0000 	JMP  0x00
000006 940c 0000 	JMP  0x00
000008 940c 0000 	JMP  0x00
00000a 940c 0000 	JMP  0x00
00000c 940c 0000 	JMP  0x00
00000e 940c 0000 	JMP  0x00
000010 940c 0000 	JMP  0x00
000012 940c 0000 	JMP  0x00
000014 940c 0000 	JMP  0x00
000016 940c 0000 	JMP  0x00
000018 940c 0000 	JMP  0x00
00001a 940c 0000 	JMP  0x00
00001c 940c 0000 	JMP  0x00
00001e 940c 0000 	JMP  0x00
000020 940c 0000 	JMP  0x00
000022 940c 0000 	JMP  0x00
000024 940c 0000 	JMP  0x00
000026 940c 0000 	JMP  0x00
000028 940c 0000 	JMP  0x00
                 
                 _tbl10_G100:
00002a 2710
00002b 03e8
00002c 0064
00002d 000a      	.DB  0x10,0x27,0xE8,0x3,0x64,0x0,0xA,0x0
00002e 0001      	.DB  0x1,0x0
                 _tbl16_G100:
00002f 1000
000030 0100
000031 0010
000032 0001      	.DB  0x0,0x10,0x0,0x1,0x10,0x0,0x1,0x0
                 
                 _0x0:
000033 6147
000034 2073
000035 6d61
000036 756f      	.DB  0x47,0x61,0x73,0x20,0x61,0x6D,0x6F,0x75
000037 746e
000038 203a
000039 6425
00003a 2500      	.DB  0x6E,0x74,0x3A,0x20,0x25,0x64,0x0,0x25
E:\Projects\AVR Projects\MQ9\Debug\List\mq9.asm(1131): warning: .cseg .db misalignment - padding zero byte
00003b 0000      	.DB  0x0
                 _0x2020003:
00003c c080      	.DB  0x80,0xC0
                 
                 __GLOBAL_INI_TBL:
00003d 0002      	.DW  0x02
00003e 0274      	.DW  __base_y_G101
00003f 0078      	.DW  _0x2020003*2
                 
                 _0xFFFFFFFF:
000040 0000      	.DW  0
                 
                 #define __GLOBAL_INI_TBL_PRESENT 1
                 
                 __RESET:
000041 94f8      	CLI
000042 27ee      	CLR  R30
000043 bbec      	OUT  EECR,R30
                 
                 ;INTERRUPT VECTORS ARE PLACED
                 ;AT THE START OF FLASH
000044 e0f1      	LDI  R31,1
000045 bff5      	OUT  MCUCR,R31
000046 bfe5      	OUT  MCUCR,R30
                 
                 ;CLEAR R2-R14
000047 e08d      	LDI  R24,(14-2)+1
000048 e0a2      	LDI  R26,2
000049 27bb      	CLR  R27
                 __CLEAR_REG:
00004a 93ed      	ST   X+,R30
00004b 958a      	DEC  R24
00004c f7e9      	BRNE __CLEAR_REG
                 
                 ;CLEAR SRAM
00004d e080      	LDI  R24,LOW(__CLEAR_SRAM_SIZE)
00004e e098      	LDI  R25,HIGH(__CLEAR_SRAM_SIZE)
00004f e6a0      	LDI  R26,__SRAM_START
                 __CLEAR_SRAM:
000050 93ed      	ST   X+,R30
000051 9701      	SBIW R24,1
000052 f7e9      	BRNE __CLEAR_SRAM
                 
                 ;GLOBAL VARIABLES INITIALIZATION
000053 e7ea      	LDI  R30,LOW(__GLOBAL_INI_TBL*2)
000054 e0f0      	LDI  R31,HIGH(__GLOBAL_INI_TBL*2)
                 __GLOBAL_INI_NEXT:
000055 9185      	LPM  R24,Z+
000056 9195      	LPM  R25,Z+
000057 9700      	SBIW R24,0
000058 f061      	BREQ __GLOBAL_INI_END
000059 91a5      	LPM  R26,Z+
00005a 91b5      	LPM  R27,Z+
00005b 9005      	LPM  R0,Z+
00005c 9015      	LPM  R1,Z+
00005d 01bf      	MOVW R22,R30
00005e 01f0      	MOVW R30,R0
                 __GLOBAL_INI_LOOP:
00005f 9005      	LPM  R0,Z+
000060 920d      	ST   X+,R0
000061 9701      	SBIW R24,1
000062 f7e1      	BRNE __GLOBAL_INI_LOOP
000063 01fb      	MOVW R30,R22
000064 cff0      	RJMP __GLOBAL_INI_NEXT
                 __GLOBAL_INI_END:
                 
                 ;HARDWARE STACK POINTER INITIALIZATION
000065 e5ef      	LDI  R30,LOW(__SRAM_END-__HEAP_SIZE)
000066 bfed      	OUT  SPL,R30
000067 e0e8      	LDI  R30,HIGH(__SRAM_END-__HEAP_SIZE)
000068 bfee      	OUT  SPH,R30
                 
                 ;DATA STACK POINTER INITIALIZATION
000069 e6c0      	LDI  R28,LOW(__SRAM_START+__DSTACK_SIZE)
00006a e0d2      	LDI  R29,HIGH(__SRAM_START+__DSTACK_SIZE)
                 
00006b 940c 00fc 	JMP  _main
                 
                 	.ESEG
                 	.ORG 0
                 
                 	.DSEG
                 	.ORG 0x260
                 
                 	.CSEG
                 ;/*******************************************************
                 ;This program was created by the
                 ;CodeWizardAVR V3.14 Advanced
                 ;Automatic Program Generator
                 ;© Copyright 1998-2014 Pavel Haiduc, HP InfoTech s.r.l.
                 ;http://www.hpinfotech.com
                 ;
                 ;Project : MQ9 gas sensor
                 ;Version :
                 ;Date    : 8/19/2023
                 ;Author  : Parham Soltani
                 ;Company :
                 ;Comments:
                 ;
                 ;
                 ;Chip type               : ATmega32A
                 ;Program type            : Application
                 ;AVR Core Clock frequency: 8.000000 MHz
                 ;Memory model            : Small
                 ;External RAM size       : 0
                 ;Data Stack size         : 512
                 ;*******************************************************/
                 ;
                 ;#include <mega32a.h>
                 	#ifndef __SLEEP_DEFINED__
                 	#define __SLEEP_DEFINED__
                 	.EQU __se_bit=0x80
                 	.EQU __sm_mask=0x70
                 	.EQU __sm_powerdown=0x20
                 	.EQU __sm_powersave=0x30
                 	.EQU __sm_standby=0x60
                 	.EQU __sm_ext_standby=0x70
                 	.EQU __sm_adc_noise_red=0x10
                 	.SET power_ctrl_reg=mcucr
                 	#endif
                 ;
                 ;#include <delay.h>
                 ;#include <stdio.h>
                 ;
                 ;// Alphanumeric LCD functions
                 ;#include <alcd.h>
                 ;
                 ;// Declare your global variables here
                 ;
                 ;float i;
                 ;int MQ9;
                 ;unsigned char Buffer_lcd[16];
                 ;
                 ;// Voltage Reference: AREF pin
                 ;#define ADC_VREF_TYPE ((0<<REFS1) | (0<<REFS0) | (0<<ADLAR))
                 ;
                 ;// Read the AD conversion result
                 ;unsigned int read_adc(unsigned char adc_input)
                 ; 0000 002B {
                 
                 	.CSEG
                 _read_adc:
                 ; .FSTART _read_adc
                 ; 0000 002C ADMUX=adc_input | ADC_VREF_TYPE;
00006d 93aa      	ST   -Y,R26
                 ;	adc_input -> Y+0
00006e 81e8      	LD   R30,Y
00006f b9e7      	OUT  0x7,R30
                 ; 0000 002D // Delay needed for the stabilization of the ADC input voltage
                 ; 0000 002E delay_us(10);
                +
000070 e18b     +LDI R24 , LOW ( 27 )
                +__DELAY_USB_LOOP :
000071 958a     +DEC R24
000072 f7f1     +BRNE __DELAY_USB_LOOP
                 	__DELAY_USB 27
                 ; 0000 002F // Start the AD conversion
                 ; 0000 0030 ADCSRA|=(1<<ADSC);
000073 9a36      	SBI  0x6,6
                 ; 0000 0031 // Wait for the AD conversion to complete
                 ; 0000 0032 while ((ADCSRA & (1<<ADIF))==0);
                 _0x3:
000074 9b34      	SBIS 0x6,4
000075 cffe      	RJMP _0x3
                 ; 0000 0033 ADCSRA|=(1<<ADIF);
000076 9a34      	SBI  0x6,4
                 ; 0000 0034 return ADCW;
000077 b1e4      	IN   R30,0x4
000078 b1f5      	IN   R31,0x4+1
000079 940c 034b 	JMP  _0x2080001
                 ; 0000 0035 }
                 ; .FEND
                 ;
                 ;
                 ;void adc_init(unsigned char prescaler)
                 ; 0000 0039 {
                 _adc_init:
                 ; .FSTART _adc_init
                 ; 0000 003A     // ADC initialization
                 ; 0000 003B     // ADC Clock frequency: 1000.000 kHz
                 ; 0000 003C     // ADC Voltage Reference: AREF pin
                 ; 0000 003D     // ADC Auto Trigger Source: ADC Stopped
                 ; 0000 003E 
                 ; 0000 003F     ADMUX = ADC_VREF_TYPE;
00007b 93aa      	ST   -Y,R26
                 ;	prescaler -> Y+0
00007c e0e0      	LDI  R30,LOW(0)
00007d b9e7      	OUT  0x7,R30
                 ; 0000 0040     ADCSRA = (1 << ADEN) | (0 << ADSC) | (0 << ADATE) | (0 << ADIF) | (0 << ADIE);
00007e e8e0      	LDI  R30,LOW(128)
00007f b9e6      	OUT  0x6,R30
                 ; 0000 0041 
                 ; 0000 0042     //default MCU clock frequency is considered 8MHz.
                 ; 0000 0043     //for 1000.000 kHz ADC frequency, prescaler 64 is used with ADPS registers.
                 ; 0000 0044 
                 ; 0000 0045     switch (prescaler)
000080 81e8      	LD   R30,Y
000081 e0f0      	LDI  R31,0
                 ; 0000 0046     {
                 ; 0000 0047         case 2:
000082 30e2      	CPI  R30,LOW(0x2)
000083 e0a0      	LDI  R26,HIGH(0x2)
000084 07fa      	CPC  R31,R26
000085 f411      	BRNE _0x9
                 ; 0000 0048             ADCSRA |= (0 << ADPS2) | (0 << ADPS1) | (1 << ADPS0);
000086 9a30      	SBI  0x6,0
                 ; 0000 0049             break;
000087 c028      	RJMP _0x8
                 ; 0000 004A         case 4:
                 _0x9:
000088 30e4      	CPI  R30,LOW(0x4)
000089 e0a0      	LDI  R26,HIGH(0x4)
00008a 07fa      	CPC  R31,R26
00008b f411      	BRNE _0xA
                 ; 0000 004B             ADCSRA |= (0 << ADPS2) | (1 << ADPS1) | (0 << ADPS0);
00008c 9a31      	SBI  0x6,1
                 ; 0000 004C             break;
00008d c022      	RJMP _0x8
                 ; 0000 004D         case 8:
                 _0xA:
00008e 30e8      	CPI  R30,LOW(0x8)
00008f e0a0      	LDI  R26,HIGH(0x8)
000090 07fa      	CPC  R31,R26
000091 f419      	BRNE _0xB
                 ; 0000 004E             ADCSRA |= (0 << ADPS2) | (1 << ADPS1) | (1 << ADPS0);
000092 b1e6      	IN   R30,0x6
000093 60e3      	ORI  R30,LOW(0x3)
000094 c01a      	RJMP _0x15
                 ; 0000 004F             break;
                 ; 0000 0050         case 16:
                 _0xB:
000095 31e0      	CPI  R30,LOW(0x10)
000096 e0a0      	LDI  R26,HIGH(0x10)
000097 07fa      	CPC  R31,R26
000098 f411      	BRNE _0xC
                 ; 0000 0051             ADCSRA |= (1 << ADPS2) | (0 << ADPS1) | (0 << ADPS0);
000099 9a32      	SBI  0x6,2
                 ; 0000 0052             break;
00009a c015      	RJMP _0x8
                 ; 0000 0053         case 32:
                 _0xC:
00009b 32e0      	CPI  R30,LOW(0x20)
00009c e0a0      	LDI  R26,HIGH(0x20)
00009d 07fa      	CPC  R31,R26
00009e f419      	BRNE _0xD
                 ; 0000 0054             ADCSRA |= (1 << ADPS2) | (0 << ADPS1) | (1 << ADPS0);
00009f b1e6      	IN   R30,0x6
0000a0 60e5      	ORI  R30,LOW(0x5)
0000a1 c00d      	RJMP _0x15
                 ; 0000 0055             break;
                 ; 0000 0056         case 64:
                 _0xD:
0000a2 34e0      	CPI  R30,LOW(0x40)
0000a3 e0a0      	LDI  R26,HIGH(0x40)
0000a4 07fa      	CPC  R31,R26
0000a5 f039      	BREQ _0x16
                 ; 0000 0057             ADCSRA |= (1 << ADPS2) | (1 << ADPS1) | (0 << ADPS0);
                 ; 0000 0058             break;
                 ; 0000 0059         case 128:
0000a6 38e0      	CPI  R30,LOW(0x80)
0000a7 e0a0      	LDI  R26,HIGH(0x80)
0000a8 07fa      	CPC  R31,R26
0000a9 f419      	BRNE _0x10
                 ; 0000 005A             ADCSRA |= (1 << ADPS2) | (1 << ADPS1) | (1 << ADPS0);
0000aa b1e6      	IN   R30,0x6
0000ab 60e7      	ORI  R30,LOW(0x7)
0000ac c002      	RJMP _0x15
                 ; 0000 005B             break;
                 ; 0000 005C         default:
                 _0x10:
                 ; 0000 005D             // Default to prescaler 64
                 ; 0000 005E             ADCSRA |= (1 << ADPS2) | (1 << ADPS1) | (0 << ADPS0);
                 _0x16:
0000ad b1e6      	IN   R30,0x6
0000ae 60e6      	ORI  R30,LOW(0x6)
                 _0x15:
0000af b9e6      	OUT  0x6,R30
                 ; 0000 005F             break;
                 ; 0000 0060     }
                 _0x8:
                 ; 0000 0061 
                 ; 0000 0062     SFIOR = (0 << ADTS2) | (0 << ADTS1) | (0 << ADTS0);
0000b0 e0e0      	LDI  R30,LOW(0)
0000b1 bfe0      	OUT  0x30,R30
                 ; 0000 0063 }
0000b2 940c 034b 	JMP  _0x2080001
                 ; .FEND
                 ;
                 ;void mq9_init(void)
                 ; 0000 0066 {
                 _mq9_init:
                 ; .FSTART _mq9_init
                 ; 0000 0067 i=read_adc(0);
0000b4 e0a0      	LDI  R26,LOW(0)
0000b5 dfb7      	RCALL _read_adc
0000b6 e6a0      	LDI  R26,LOW(_i)
0000b7 e0b2      	LDI  R27,HIGH(_i)
0000b8 2766      	CLR  R22
0000b9 2777      	CLR  R23
0000ba 940e 0410 	CALL __CDF1
0000bc 940e 04ea 	CALL __PUTDP1
                 ; 0000 0068 MQ9=(i*100)/1023 ;
0000be 91a0 0260 	LDS  R26,_i
0000c0 91b0 0261 	LDS  R27,_i+1
0000c2 9180 0262 	LDS  R24,_i+2
0000c4 9190 0263 	LDS  R25,_i+3
                +
0000c6 e0e0     +LDI R30 , LOW ( 0x42C80000 )
0000c7 e0f0     +LDI R31 , HIGH ( 0x42C80000 )
0000c8 ec68     +LDI R22 , BYTE3 ( 0x42C80000 )
0000c9 e472     +LDI R23 , BYTE4 ( 0x42C80000 )
                 	__GETD1N 0x42C80000
0000ca 940e 043e 	CALL __MULF12
0000cc 01df      	MOVW R26,R30
0000cd 01cb      	MOVW R24,R22
                +
0000ce e0e0     +LDI R30 , LOW ( 0x447FC000 )
0000cf ecf0     +LDI R31 , HIGH ( 0x447FC000 )
0000d0 e76f     +LDI R22 , BYTE3 ( 0x447FC000 )
0000d1 e474     +LDI R23 , BYTE4 ( 0x447FC000 )
                 	__GETD1N 0x447FC000
0000d2 940e 048c 	CALL __DIVF21
0000d4 940e 03d9 	CALL __CFD1
0000d6 012f      	MOVW R4,R30
                 ; 0000 0069 sprintf(Buffer_lcd,"Gas amount: %d",MQ9);
0000d7 e6e4      	LDI  R30,LOW(_Buffer_lcd)
0000d8 e0f2      	LDI  R31,HIGH(_Buffer_lcd)
0000d9 93fa      	ST   -Y,R31
0000da 93ea      	ST   -Y,R30
                +
0000db e6e6     +LDI R30 , LOW ( 2 * _0x0 + ( 0 ) )
0000dc e0f0     +LDI R31 , HIGH ( 2 * _0x0 + ( 0 ) )
                 	__POINTW1FN _0x0,0
0000dd 93fa      	ST   -Y,R31
0000de 93ea      	ST   -Y,R30
0000df 01f2      	MOVW R30,R4
0000e0 940e 04e1 	CALL __CWD1
0000e2 940e 04f3 	CALL __PUTPARD1
0000e4 e084      	LDI  R24,4
0000e5 940e 027b 	CALL _sprintf
0000e7 9628      	ADIW R28,8
                 ; 0000 006A lcd_gotoxy(0,0);
0000e8 e0e0      	LDI  R30,LOW(0)
0000e9 93ea      	ST   -Y,R30
0000ea e0a0      	LDI  R26,LOW(0)
0000eb 940e 02cf 	CALL _lcd_gotoxy
                 ; 0000 006B lcd_puts(Buffer_lcd);
0000ed e6a4      	LDI  R26,LOW(_Buffer_lcd)
0000ee e0b2      	LDI  R27,HIGH(_Buffer_lcd)
0000ef 940e 02fd 	CALL _lcd_puts
                 ; 0000 006C lcd_putsf("%");
                +
0000f1 e7a5     +LDI R26 , LOW ( 2 * _0x0 + ( 15 ) )
0000f2 e0b0     +LDI R27 , HIGH ( 2 * _0x0 + ( 15 ) )
                 	__POINTW2FN _0x0,15
0000f3 940e 030c 	CALL _lcd_putsf
                 ; 0000 006D delay_ms(500);
0000f5 efa4      	LDI  R26,LOW(500)
0000f6 e0b1      	LDI  R27,HIGH(500)
0000f7 940e 03a0 	CALL _delay_ms
                 ; 0000 006E lcd_clear();
0000f9 940e 02dc 	CALL _lcd_clear
                 ; 0000 006F }
0000fb 9508      	RET
                 ; .FEND
                 ;
                 ;
                 ;
                 ;void main(void)
                 ; 0000 0074 {
                 _main:
                 ; .FSTART _main
                 ; 0000 0075 // Declare your local variables here
                 ; 0000 0076 
                 ; 0000 0077 
                 ; 0000 0078 // Input/Output Ports initialization
                 ; 0000 0079 // Port A initialization
                 ; 0000 007A DDRA= (0<<DDA0);
0000fc e0e0      	LDI  R30,LOW(0)
0000fd bbea      	OUT  0x1A,R30
                 ; 0000 007B PORTA= (0<<PORTA0);
0000fe bbeb      	OUT  0x1B,R30
                 ; 0000 007C 
                 ; 0000 007D 
                 ; 0000 007E // Alphanumeric LCD initialization
                 ; 0000 007F // Connections are specified in the
                 ; 0000 0080 // Project|Configure|C Compiler|Libraries|Alphanumeric LCD menu:
                 ; 0000 0081 // RS - PORTC Bit 0
                 ; 0000 0082 // RD - PORTC Bit 1
                 ; 0000 0083 // EN - PORTC Bit 2
                 ; 0000 0084 // D4 - PORTC Bit 4
                 ; 0000 0085 // D5 - PORTC Bit 5
                 ; 0000 0086 // D6 - PORTC Bit 6
                 ; 0000 0087 // D7 - PORTC Bit 7
                 ; 0000 0088 // Characters/line: 8
                 ; 0000 0089 lcd_init(16);
0000ff e1a0      	LDI  R26,LOW(16)
000100 940e 031f 	CALL _lcd_init
                 ; 0000 008A adc_init(64);
000102 e4a0      	LDI  R26,LOW(64)
000103 df77      	RCALL _adc_init
                 ; 0000 008B 
                 ; 0000 008C while (1)
                 _0x11:
                 ; 0000 008D       {
                 ; 0000 008E       // Place your code here
                 ; 0000 008F       mq9_init();
000104 dfaf      	RCALL _mq9_init
                 ; 0000 0090 
                 ; 0000 0091       }
000105 cffe      	RJMP _0x11
                 ; 0000 0092 }
                 _0x14:
000106 cfff      	RJMP _0x14
                 ; .FEND
                 	#ifndef __SLEEP_DEFINED__
                 	#endif
                 
                 	.CSEG
                 _put_buff_G100:
                 ; .FSTART _put_buff_G100
000107 93ba      	ST   -Y,R27
000108 93aa      	ST   -Y,R26
000109 931a      	ST   -Y,R17
00010a 930a      	ST   -Y,R16
00010b 81aa      	LDD  R26,Y+2
00010c 81bb      	LDD  R27,Y+2+1
00010d 9612      	ADIW R26,2
00010e 940e 04e6 	CALL __GETW1P
000110 9730      	SBIW R30,0
000111 f159      	BREQ _0x2000010
000112 81aa      	LDD  R26,Y+2
000113 81bb      	LDD  R27,Y+2+1
000114 9614      	ADIW R26,4
000115 940e 04e6 	CALL __GETW1P
000117 018f      	MOVW R16,R30
000118 9730      	SBIW R30,0
000119 f061      	BREQ _0x2000012
                +
00011a 3002     +CPI R16 , LOW ( 2 )
00011b e0e0     +LDI R30 , HIGH ( 2 )
00011c 071e     +CPC R17 , R30
                 	__CPWRN 16,17,2
00011d f098      	BRLO _0x2000013
00011e 01f8      	MOVW R30,R16
00011f 9731      	SBIW R30,1
000120 018f      	MOVW R16,R30
                +
000121 81aa     +LDD R26 , Y + 2
000122 81bb     +LDD R27 , Y + 2 + 1
000123 9614     +ADIW R26 , 4
000124 93ed     +ST X + , R30
000125 93fc     +ST X , R31
                 	__PUTW1SNS 2,4
                 _0x2000012:
000126 81aa      	LDD  R26,Y+2
000127 81bb      	LDD  R27,Y+2+1
000128 9612      	ADIW R26,2
000129 91ed      	LD   R30,X+
00012a 91fd      	LD   R31,X+
00012b 9631      	ADIW R30,1
00012c 93fe      	ST   -X,R31
00012d 93ee      	ST   -X,R30
00012e 9731      	SBIW R30,1
00012f 81ac      	LDD  R26,Y+4
000130 83a0      	STD  Z+0,R26
                 _0x2000013:
000131 81aa      	LDD  R26,Y+2
000132 81bb      	LDD  R27,Y+2+1
000133 940e 04e6 	CALL __GETW1P
000135 23ff      	TST  R31
000136 f02a      	BRMI _0x2000014
000137 91ed      	LD   R30,X+
000138 91fd      	LD   R31,X+
000139 9631      	ADIW R30,1
00013a 93fe      	ST   -X,R31
00013b 93ee      	ST   -X,R30
                 _0x2000014:
00013c c006      	RJMP _0x2000015
                 _0x2000010:
00013d 81aa      	LDD  R26,Y+2
00013e 81bb      	LDD  R27,Y+2+1
00013f efef      	LDI  R30,LOW(65535)
000140 efff      	LDI  R31,HIGH(65535)
000141 93ed      	ST   X+,R30
000142 93fc      	ST   X,R31
                 _0x2000015:
000143 8119      	LDD  R17,Y+1
000144 8108      	LDD  R16,Y+0
000145 9625      	ADIW R28,5
000146 9508      	RET
                 ; .FEND
                 __print_G100:
                 ; .FSTART __print_G100
000147 93ba      	ST   -Y,R27
000148 93aa      	ST   -Y,R26
000149 9726      	SBIW R28,6
00014a 940e 04f8 	CALL __SAVELOCR6
00014c e010      	LDI  R17,0
00014d 85ac      	LDD  R26,Y+12
00014e 85bd      	LDD  R27,Y+12+1
00014f e0e0      	LDI  R30,LOW(0)
000150 e0f0      	LDI  R31,HIGH(0)
000151 93ed      	ST   X+,R30
000152 93fc      	ST   X,R31
                 _0x2000016:
000153 89ea      	LDD  R30,Y+18
000154 89fb      	LDD  R31,Y+18+1
000155 9631      	ADIW R30,1
000156 8bea      	STD  Y+18,R30
000157 8bfb      	STD  Y+18+1,R31
000158 9731      	SBIW R30,1
000159 91e4      	LPM  R30,Z
00015a 2f2e      	MOV  R18,R30
00015b 30e0      	CPI  R30,0
00015c f409      	BRNE PC+2
00015d c115      	RJMP _0x2000018
00015e 2fe1      	MOV  R30,R17
00015f 30e0      	CPI  R30,0
000160 f439      	BRNE _0x200001C
000161 3225      	CPI  R18,37
000162 f411      	BRNE _0x200001D
000163 e011      	LDI  R17,LOW(1)
000164 c002      	RJMP _0x200001E
                 _0x200001D:
000165 940e 0366 	CALL SUBOPT_0x0
                 _0x200001E:
000167 c10a      	RJMP _0x200001B
                 _0x200001C:
000168 30e1      	CPI  R30,LOW(0x1)
000169 f4a9      	BRNE _0x200001F
00016a 3225      	CPI  R18,37
00016b f419      	BRNE _0x2000020
00016c 940e 0366 	CALL SUBOPT_0x0
00016e c102      	RJMP _0x20000CC
                 _0x2000020:
00016f e012      	LDI  R17,LOW(2)
000170 e040      	LDI  R20,LOW(0)
000171 e000      	LDI  R16,LOW(0)
000172 322d      	CPI  R18,45
000173 f411      	BRNE _0x2000021
000174 e001      	LDI  R16,LOW(1)
000175 c0fc      	RJMP _0x200001B
                 _0x2000021:
000176 322b      	CPI  R18,43
000177 f411      	BRNE _0x2000022
000178 e24b      	LDI  R20,LOW(43)
000179 c0f8      	RJMP _0x200001B
                 _0x2000022:
00017a 3220      	CPI  R18,32
00017b f411      	BRNE _0x2000023
00017c e240      	LDI  R20,LOW(32)
00017d c0f4      	RJMP _0x200001B
                 _0x2000023:
00017e c002      	RJMP _0x2000024
                 _0x200001F:
00017f 30e2      	CPI  R30,LOW(0x2)
000180 f439      	BRNE _0x2000025
                 _0x2000024:
000181 e050      	LDI  R21,LOW(0)
000182 e013      	LDI  R17,LOW(3)
000183 3320      	CPI  R18,48
000184 f411      	BRNE _0x2000026
000185 6800      	ORI  R16,LOW(128)
000186 c0eb      	RJMP _0x200001B
                 _0x2000026:
000187 c003      	RJMP _0x2000027
                 _0x2000025:
000188 30e3      	CPI  R30,LOW(0x3)
000189 f009      	BREQ PC+2
00018a c0e7      	RJMP _0x200001B
                 _0x2000027:
00018b 3320      	CPI  R18,48
00018c f010      	BRLO _0x200002A
00018d 332a      	CPI  R18,58
00018e f008      	BRLO _0x200002B
                 _0x200002A:
00018f c007      	RJMP _0x2000029
                 _0x200002B:
000190 e0aa      	LDI  R26,LOW(10)
000191 9f5a      	MUL  R21,R26
000192 2d50      	MOV  R21,R0
000193 2fe2      	MOV  R30,R18
000194 53e0      	SUBI R30,LOW(48)
000195 0f5e      	ADD  R21,R30
000196 c0db      	RJMP _0x200001B
                 _0x2000029:
000197 2fe2      	MOV  R30,R18
000198 36e3      	CPI  R30,LOW(0x63)
000199 f449      	BRNE _0x200002F
00019a 940e 036d 	CALL SUBOPT_0x1
00019c 89e8      	LDD  R30,Y+16
00019d 89f9      	LDD  R31,Y+16+1
00019e 81a4      	LDD  R26,Z+4
00019f 93aa      	ST   -Y,R26
0001a0 940e 0373 	CALL SUBOPT_0x2
0001a2 c0ce      	RJMP _0x2000030
                 _0x200002F:
0001a3 37e3      	CPI  R30,LOW(0x73)
0001a4 f441      	BRNE _0x2000032
0001a5 940e 036d 	CALL SUBOPT_0x1
0001a7 940e 0379 	CALL SUBOPT_0x3
0001a9 940e 034d 	CALL _strlen
0001ab 2f1e      	MOV  R17,R30
0001ac c00a      	RJMP _0x2000033
                 _0x2000032:
0001ad 37e0      	CPI  R30,LOW(0x70)
0001ae f461      	BRNE _0x2000035
0001af 940e 036d 	CALL SUBOPT_0x1
0001b1 940e 0379 	CALL SUBOPT_0x3
0001b3 940e 0359 	CALL _strlenf
0001b5 2f1e      	MOV  R17,R30
0001b6 6008      	ORI  R16,LOW(8)
                 _0x2000033:
0001b7 6002      	ORI  R16,LOW(2)
0001b8 770f      	ANDI R16,LOW(127)
0001b9 e030      	LDI  R19,LOW(0)
0001ba c034      	RJMP _0x2000036
                 _0x2000035:
0001bb 36e4      	CPI  R30,LOW(0x64)
0001bc f011      	BREQ _0x2000039
0001bd 36e9      	CPI  R30,LOW(0x69)
0001be f411      	BRNE _0x200003A
                 _0x2000039:
0001bf 6004      	ORI  R16,LOW(4)
0001c0 c002      	RJMP _0x200003B
                 _0x200003A:
0001c1 37e5      	CPI  R30,LOW(0x75)
0001c2 f431      	BRNE _0x200003C
                 _0x200003B:
0001c3 e5e4      	LDI  R30,LOW(_tbl10_G100*2)
0001c4 e0f0      	LDI  R31,HIGH(_tbl10_G100*2)
0001c5 83ee      	STD  Y+6,R30
0001c6 83ff      	STD  Y+6+1,R31
0001c7 e015      	LDI  R17,LOW(5)
0001c8 c00c      	RJMP _0x200003D
                 _0x200003C:
0001c9 35e8      	CPI  R30,LOW(0x58)
0001ca f411      	BRNE _0x200003F
0001cb 6008      	ORI  R16,LOW(8)
0001cc c003      	RJMP _0x2000040
                 _0x200003F:
0001cd 37e8      	CPI  R30,LOW(0x78)
0001ce f009      	BREQ PC+2
0001cf c0a1      	RJMP _0x2000071
                 _0x2000040:
0001d0 e5ee      	LDI  R30,LOW(_tbl16_G100*2)
0001d1 e0f0      	LDI  R31,HIGH(_tbl16_G100*2)
0001d2 83ee      	STD  Y+6,R30
0001d3 83ff      	STD  Y+6+1,R31
0001d4 e014      	LDI  R17,LOW(4)
                 _0x200003D:
0001d5 ff02      	SBRS R16,2
0001d6 c014      	RJMP _0x2000042
0001d7 940e 036d 	CALL SUBOPT_0x1
0001d9 940e 0383 	CALL SUBOPT_0x4
0001db 85ab      	LDD  R26,Y+11
0001dc 23aa      	TST  R26
0001dd f43a      	BRPL _0x2000043
0001de 85ea      	LDD  R30,Y+10
0001df 85fb      	LDD  R31,Y+10+1
0001e0 940e 04d5 	CALL __ANEGW1
0001e2 87ea      	STD  Y+10,R30
0001e3 87fb      	STD  Y+10+1,R31
0001e4 e24d      	LDI  R20,LOW(45)
                 _0x2000043:
0001e5 3040      	CPI  R20,0
0001e6 f011      	BREQ _0x2000044
0001e7 5f1f      	SUBI R17,-LOW(1)
0001e8 c001      	RJMP _0x2000045
                 _0x2000044:
0001e9 7f0b      	ANDI R16,LOW(251)
                 _0x2000045:
0001ea c004      	RJMP _0x2000046
                 _0x2000042:
0001eb 940e 036d 	CALL SUBOPT_0x1
0001ed 940e 0383 	CALL SUBOPT_0x4
                 _0x2000046:
                 _0x2000036:
0001ef fd00      	SBRC R16,0
0001f0 c011      	RJMP _0x2000047
                 _0x2000048:
0001f1 1715      	CP   R17,R21
0001f2 f478      	BRSH _0x200004A
0001f3 ff07      	SBRS R16,7
0001f4 c008      	RJMP _0x200004B
0001f5 ff02      	SBRS R16,2
0001f6 c004      	RJMP _0x200004C
0001f7 7f0b      	ANDI R16,LOW(251)
0001f8 2f24      	MOV  R18,R20
0001f9 5011      	SUBI R17,LOW(1)
0001fa c001      	RJMP _0x200004D
                 _0x200004C:
0001fb e320      	LDI  R18,LOW(48)
                 _0x200004D:
0001fc c001      	RJMP _0x200004E
                 _0x200004B:
0001fd e220      	LDI  R18,LOW(32)
                 _0x200004E:
0001fe 940e 0366 	CALL SUBOPT_0x0
000200 5051      	SUBI R21,LOW(1)
000201 cfef      	RJMP _0x2000048
                 _0x200004A:
                 _0x2000047:
000202 2f31      	MOV  R19,R17
000203 ff01      	SBRS R16,1
000204 c017      	RJMP _0x200004F
                 _0x2000050:
000205 3030      	CPI  R19,0
000206 f0a1      	BREQ _0x2000052
000207 ff03      	SBRS R16,3
000208 c006      	RJMP _0x2000053
000209 81ee      	LDD  R30,Y+6
00020a 81ff      	LDD  R31,Y+6+1
00020b 9125      	LPM  R18,Z+
00020c 83ee      	STD  Y+6,R30
00020d 83ff      	STD  Y+6+1,R31
00020e c005      	RJMP _0x2000054
                 _0x2000053:
00020f 81ae      	LDD  R26,Y+6
000210 81bf      	LDD  R27,Y+6+1
000211 912d      	LD   R18,X+
000212 83ae      	STD  Y+6,R26
000213 83bf      	STD  Y+6+1,R27
                 _0x2000054:
000214 940e 0366 	CALL SUBOPT_0x0
000216 3050      	CPI  R21,0
000217 f009      	BREQ _0x2000055
000218 5051      	SUBI R21,LOW(1)
                 _0x2000055:
000219 5031      	SUBI R19,LOW(1)
00021a cfea      	RJMP _0x2000050
                 _0x2000052:
00021b c04b      	RJMP _0x2000056
                 _0x200004F:
                 _0x2000058:
00021c e320      	LDI  R18,LOW(48)
00021d 81ee      	LDD  R30,Y+6
00021e 81ff      	LDD  R31,Y+6+1
00021f 940e 04ef 	CALL __GETW1PF
000221 87e8      	STD  Y+8,R30
000222 87f9      	STD  Y+8+1,R31
000223 81ee      	LDD  R30,Y+6
000224 81ff      	LDD  R31,Y+6+1
000225 9632      	ADIW R30,2
000226 83ee      	STD  Y+6,R30
000227 83ff      	STD  Y+6+1,R31
                 _0x200005A:
000228 85e8      	LDD  R30,Y+8
000229 85f9      	LDD  R31,Y+8+1
00022a 85aa      	LDD  R26,Y+10
00022b 85bb      	LDD  R27,Y+10+1
00022c 17ae      	CP   R26,R30
00022d 07bf      	CPC  R27,R31
00022e f050      	BRLO _0x200005C
00022f 5f2f      	SUBI R18,-LOW(1)
000230 85a8      	LDD  R26,Y+8
000231 85b9      	LDD  R27,Y+8+1
000232 85ea      	LDD  R30,Y+10
000233 85fb      	LDD  R31,Y+10+1
000234 1bea      	SUB  R30,R26
000235 0bfb      	SBC  R31,R27
000236 87ea      	STD  Y+10,R30
000237 87fb      	STD  Y+10+1,R31
000238 cfef      	RJMP _0x200005A
                 _0x200005C:
000239 332a      	CPI  R18,58
00023a f028      	BRLO _0x200005D
00023b ff03      	SBRS R16,3
00023c c002      	RJMP _0x200005E
00023d 5f29      	SUBI R18,-LOW(7)
00023e c001      	RJMP _0x200005F
                 _0x200005E:
00023f 5d29      	SUBI R18,-LOW(39)
                 _0x200005F:
                 _0x200005D:
000240 fd04      	SBRC R16,4
000241 c01a      	RJMP _0x2000061
000242 3321      	CPI  R18,49
000243 f420      	BRSH _0x2000063
000244 85a8      	LDD  R26,Y+8
000245 85b9      	LDD  R27,Y+8+1
000246 9711      	SBIW R26,1
000247 f409      	BRNE _0x2000062
                 _0x2000063:
000248 c009      	RJMP _0x20000CD
                 _0x2000062:
000249 1753      	CP   R21,R19
00024a f010      	BRLO _0x2000067
00024b ff00      	SBRS R16,0
00024c c001      	RJMP _0x2000068
                 _0x2000067:
00024d c013      	RJMP _0x2000066
                 _0x2000068:
00024e e220      	LDI  R18,LOW(32)
00024f ff07      	SBRS R16,7
000250 c00b      	RJMP _0x2000069
000251 e320      	LDI  R18,LOW(48)
                 _0x20000CD:
000252 6100      	ORI  R16,LOW(16)
000253 ff02      	SBRS R16,2
000254 c007      	RJMP _0x200006A
000255 7f0b      	ANDI R16,LOW(251)
000256 934a      	ST   -Y,R20
000257 940e 0373 	CALL SUBOPT_0x2
000259 3050      	CPI  R21,0
00025a f009      	BREQ _0x200006B
00025b 5051      	SUBI R21,LOW(1)
                 _0x200006B:
                 _0x200006A:
                 _0x2000069:
                 _0x2000061:
00025c 940e 0366 	CALL SUBOPT_0x0
00025e 3050      	CPI  R21,0
00025f f009      	BREQ _0x200006C
000260 5051      	SUBI R21,LOW(1)
                 _0x200006C:
                 _0x2000066:
000261 5031      	SUBI R19,LOW(1)
000262 85a8      	LDD  R26,Y+8
000263 85b9      	LDD  R27,Y+8+1
000264 9712      	SBIW R26,2
000265 f008      	BRLO _0x2000059
000266 cfb5      	RJMP _0x2000058
                 _0x2000059:
                 _0x2000056:
000267 ff00      	SBRS R16,0
000268 c008      	RJMP _0x200006D
                 _0x200006E:
000269 3050      	CPI  R21,0
00026a f031      	BREQ _0x2000070
00026b 5051      	SUBI R21,LOW(1)
00026c e2e0      	LDI  R30,LOW(32)
00026d 93ea      	ST   -Y,R30
00026e 940e 0373 	CALL SUBOPT_0x2
000270 cff8      	RJMP _0x200006E
                 _0x2000070:
                 _0x200006D:
                 _0x2000071:
                 _0x2000030:
                 _0x20000CC:
000271 e010      	LDI  R17,LOW(0)
                 _0x200001B:
000272 cee0      	RJMP _0x2000016
                 _0x2000018:
000273 85ac      	LDD  R26,Y+12
000274 85bd      	LDD  R27,Y+12+1
000275 940e 04e6 	CALL __GETW1P
000277 940e 04ff 	CALL __LOADLOCR6
000279 9664      	ADIW R28,20
00027a 9508      	RET
                 ; .FEND
                 _sprintf:
                 ; .FSTART _sprintf
00027b 92ff      	PUSH R15
00027c 2ef8      	MOV  R15,R24
00027d 9726      	SBIW R28,6
00027e 940e 04fa 	CALL __SAVELOCR4
000280 940e 038b 	CALL SUBOPT_0x5
000282 9730      	SBIW R30,0
000283 f419      	BRNE _0x2000072
000284 efef      	LDI  R30,LOW(65535)
000285 efff      	LDI  R31,HIGH(65535)
000286 c023      	RJMP _0x2080003
                 _0x2000072:
000287 01de      	MOVW R26,R28
000288 9616      	ADIW R26,6
000289 940e 04d1 	CALL __ADDW2R15
00028b 018d      	MOVW R16,R26
00028c 940e 038b 	CALL SUBOPT_0x5
00028e 83ee      	STD  Y+6,R30
00028f 83ff      	STD  Y+6+1,R31
000290 e0e0      	LDI  R30,LOW(0)
000291 87e8      	STD  Y+8,R30
000292 87e9      	STD  Y+8+1,R30
000293 01de      	MOVW R26,R28
000294 961a      	ADIW R26,10
000295 940e 04d1 	CALL __ADDW2R15
000297 940e 04e6 	CALL __GETW1P
000299 93fa      	ST   -Y,R31
00029a 93ea      	ST   -Y,R30
00029b 931a      	ST   -Y,R17
00029c 930a      	ST   -Y,R16
00029d e0e7      	LDI  R30,LOW(_put_buff_G100)
00029e e0f1      	LDI  R31,HIGH(_put_buff_G100)
00029f 93fa      	ST   -Y,R31
0002a0 93ea      	ST   -Y,R30
0002a1 01de      	MOVW R26,R28
0002a2 961a      	ADIW R26,10
0002a3 dea3      	RCALL __print_G100
0002a4 019f      	MOVW R18,R30
0002a5 81ae      	LDD  R26,Y+6
0002a6 81bf      	LDD  R27,Y+6+1
0002a7 e0e0      	LDI  R30,LOW(0)
0002a8 93ec      	ST   X,R30
0002a9 01f9      	MOVW R30,R18
                 _0x2080003:
0002aa 940e 0501 	CALL __LOADLOCR4
0002ac 962a      	ADIW R28,10
0002ad 90ff      	POP  R15
0002ae 9508      	RET
                 ; .FEND
                 	#ifndef __SLEEP_DEFINED__
                 	#endif
                 
                 	.DSEG
                 
                 	.CSEG
                 __lcd_write_nibble_G101:
                 ; .FSTART __lcd_write_nibble_G101
0002af 93aa      	ST   -Y,R26
0002b0 b3e5      	IN   R30,0x15
0002b1 70ef      	ANDI R30,LOW(0xF)
0002b2 2fae      	MOV  R26,R30
0002b3 81e8      	LD   R30,Y
0002b4 7fe0      	ANDI R30,LOW(0xF0)
0002b5 2bea      	OR   R30,R26
0002b6 bbe5      	OUT  0x15,R30
                +
0002b7 e08d     +LDI R24 , LOW ( 13 )
                +__DELAY_USB_LOOP :
0002b8 958a     +DEC R24
0002b9 f7f1     +BRNE __DELAY_USB_LOOP
                 	__DELAY_USB 13
0002ba 9aaa      	SBI  0x15,2
                +
0002bb e08d     +LDI R24 , LOW ( 13 )
                +__DELAY_USB_LOOP :
0002bc 958a     +DEC R24
0002bd f7f1     +BRNE __DELAY_USB_LOOP
                 	__DELAY_USB 13
0002be 98aa      	CBI  0x15,2
                +
0002bf e08d     +LDI R24 , LOW ( 13 )
                +__DELAY_USB_LOOP :
0002c0 958a     +DEC R24
0002c1 f7f1     +BRNE __DELAY_USB_LOOP
                 	__DELAY_USB 13
0002c2 c088      	RJMP _0x2080001
                 ; .FEND
                 __lcd_write_data:
                 ; .FSTART __lcd_write_data
0002c3 93aa      	ST   -Y,R26
0002c4 81a8      	LD   R26,Y
0002c5 dfe9      	RCALL __lcd_write_nibble_G101
0002c6 81e8          ld    r30,y
0002c7 95e2          swap  r30
0002c8 83e8          st    y,r30
0002c9 81a8      	LD   R26,Y
0002ca dfe4      	RCALL __lcd_write_nibble_G101
                +
0002cb e885     +LDI R24 , LOW ( 133 )
                +__DELAY_USB_LOOP :
0002cc 958a     +DEC R24
0002cd f7f1     +BRNE __DELAY_USB_LOOP
                 	__DELAY_USB 133
0002ce c07c      	RJMP _0x2080001
                 ; .FEND
                 _lcd_gotoxy:
                 ; .FSTART _lcd_gotoxy
0002cf 93aa      	ST   -Y,R26
0002d0 81e8      	LD   R30,Y
0002d1 e0f0      	LDI  R31,0
0002d2 58ec      	SUBI R30,LOW(-__base_y_G101)
0002d3 4ffd      	SBCI R31,HIGH(-__base_y_G101)
0002d4 81e0      	LD   R30,Z
0002d5 81a9      	LDD  R26,Y+1
0002d6 0fae      	ADD  R26,R30
0002d7 dfeb      	RCALL __lcd_write_data
0002d8 8079      	LDD  R7,Y+1
0002d9 8068      	LDD  R6,Y+0
0002da 9622      	ADIW R28,2
0002db 9508      	RET
                 ; .FEND
                 _lcd_clear:
                 ; .FSTART _lcd_clear
0002dc e0a2      	LDI  R26,LOW(2)
0002dd 940e 0392 	CALL SUBOPT_0x6
0002df e0ac      	LDI  R26,LOW(12)
0002e0 dfe2      	RCALL __lcd_write_data
0002e1 e0a1      	LDI  R26,LOW(1)
0002e2 940e 0392 	CALL SUBOPT_0x6
0002e4 e0e0      	LDI  R30,LOW(0)
0002e5 2e6e      	MOV  R6,R30
0002e6 2e7e      	MOV  R7,R30
0002e7 9508      	RET
                 ; .FEND
                 _lcd_putchar:
                 ; .FSTART _lcd_putchar
0002e8 93aa      	ST   -Y,R26
0002e9 81a8      	LD   R26,Y
0002ea 30aa      	CPI  R26,LOW(0xA)
0002eb f011      	BREQ _0x2020005
0002ec 1479      	CP   R7,R9
0002ed f048      	BRLO _0x2020004
                 _0x2020005:
0002ee e0e0      	LDI  R30,LOW(0)
0002ef 93ea      	ST   -Y,R30
0002f0 9463      	INC  R6
0002f1 2da6      	MOV  R26,R6
0002f2 dfdc      	RCALL _lcd_gotoxy
0002f3 81a8      	LD   R26,Y
0002f4 30aa      	CPI  R26,LOW(0xA)
0002f5 f409      	BRNE _0x2020007
0002f6 c054      	RJMP _0x2080001
                 _0x2020007:
                 _0x2020004:
0002f7 9473      	INC  R7
0002f8 9aa8      	SBI  0x15,0
0002f9 81a8      	LD   R26,Y
0002fa dfc8      	RCALL __lcd_write_data
0002fb 98a8      	CBI  0x15,0
0002fc c04e      	RJMP _0x2080001
                 ; .FEND
                 _lcd_puts:
                 ; .FSTART _lcd_puts
0002fd 93ba      	ST   -Y,R27
0002fe 93aa      	ST   -Y,R26
0002ff 931a      	ST   -Y,R17
                 _0x2020008:
000300 81a9      	LDD  R26,Y+1
000301 81ba      	LDD  R27,Y+1+1
000302 91ed      	LD   R30,X+
000303 83a9      	STD  Y+1,R26
000304 83ba      	STD  Y+1+1,R27
000305 2f1e      	MOV  R17,R30
000306 30e0      	CPI  R30,0
000307 f019      	BREQ _0x202000A
000308 2fa1      	MOV  R26,R17
000309 dfde      	RCALL _lcd_putchar
00030a cff5      	RJMP _0x2020008
                 _0x202000A:
00030b c010      	RJMP _0x2080002
                 ; .FEND
                 _lcd_putsf:
                 ; .FSTART _lcd_putsf
00030c 93ba      	ST   -Y,R27
00030d 93aa      	ST   -Y,R26
00030e 931a      	ST   -Y,R17
                 _0x202000B:
00030f 81e9      	LDD  R30,Y+1
000310 81fa      	LDD  R31,Y+1+1
000311 9631      	ADIW R30,1
000312 83e9      	STD  Y+1,R30
000313 83fa      	STD  Y+1+1,R31
000314 9731      	SBIW R30,1
000315 91e4      	LPM  R30,Z
000316 2f1e      	MOV  R17,R30
000317 30e0      	CPI  R30,0
000318 f019      	BREQ _0x202000D
000319 2fa1      	MOV  R26,R17
00031a dfcd      	RCALL _lcd_putchar
00031b cff3      	RJMP _0x202000B
                 _0x202000D:
                 _0x2080002:
00031c 8118      	LDD  R17,Y+0
00031d 9623      	ADIW R28,3
00031e 9508      	RET
                 ; .FEND
                 _lcd_init:
                 ; .FSTART _lcd_init
00031f 93aa      	ST   -Y,R26
000320 b3e4      	IN   R30,0x14
000321 6fe0      	ORI  R30,LOW(0xF0)
000322 bbe4      	OUT  0x14,R30
000323 9aa2      	SBI  0x14,2
000324 9aa0      	SBI  0x14,0
000325 9aa1      	SBI  0x14,1
000326 98aa      	CBI  0x15,2
000327 98a8      	CBI  0x15,0
000328 98a9      	CBI  0x15,1
000329 8098      	LDD  R9,Y+0
00032a 81e8      	LD   R30,Y
00032b 58e0      	SUBI R30,-LOW(128)
                +
00032c 93e0 0276+STS __base_y_G101 + ( 2 ) , R30
                 	__PUTB1MN __base_y_G101,2
00032e 81e8      	LD   R30,Y
00032f 54e0      	SUBI R30,-LOW(192)
                +
000330 93e0 0277+STS __base_y_G101 + ( 3 ) , R30
                 	__PUTB1MN __base_y_G101,3
000332 e1a4      	LDI  R26,LOW(20)
000333 e0b0      	LDI  R27,0
000334 940e 03a0 	CALL _delay_ms
000336 940e 0398 	CALL SUBOPT_0x7
000338 940e 0398 	CALL SUBOPT_0x7
00033a 940e 0398 	CALL SUBOPT_0x7
00033c e2a0      	LDI  R26,LOW(32)
00033d df71      	RCALL __lcd_write_nibble_G101
                +
00033e ec88     +LDI R24 , LOW ( 200 )
00033f e090     +LDI R25 , HIGH ( 200 )
                +__DELAY_USW_LOOP :
000340 9701     +SBIW R24 , 1
000341 f7f1     +BRNE __DELAY_USW_LOOP
                 	__DELAY_USW 200
000342 e2a8      	LDI  R26,LOW(40)
000343 df7f      	RCALL __lcd_write_data
000344 e0a4      	LDI  R26,LOW(4)
000345 df7d      	RCALL __lcd_write_data
000346 e8a5      	LDI  R26,LOW(133)
000347 df7b      	RCALL __lcd_write_data
000348 e0a6      	LDI  R26,LOW(6)
000349 df79      	RCALL __lcd_write_data
00034a df91      	RCALL _lcd_clear
                 _0x2080001:
00034b 9621      	ADIW R28,1
00034c 9508      	RET
                 ; .FEND
                 
                 	.CSEG
                 
                 	.CSEG
                 _strlen:
                 ; .FSTART _strlen
00034d 93ba      	ST   -Y,R27
00034e 93aa      	ST   -Y,R26
00034f 91a9          ld   r26,y+
000350 91b9          ld   r27,y+
000351 27ee          clr  r30
000352 27ff          clr  r31
                 strlen0:
000353 916d          ld   r22,x+
000354 2366          tst  r22
000355 f011          breq strlen1
000356 9631          adiw r30,1
000357 cffb          rjmp strlen0
                 strlen1:
000358 9508          ret
                 ; .FEND
                 _strlenf:
                 ; .FSTART _strlenf
000359 93ba      	ST   -Y,R27
00035a 93aa      	ST   -Y,R26
00035b 27aa          clr  r26
00035c 27bb          clr  r27
00035d 91e9          ld   r30,y+
00035e 91f9          ld   r31,y+
                 strlenf0:
00035f 9005      	lpm  r0,z+
000360 2000          tst  r0
000361 f011          breq strlenf1
000362 9611          adiw r26,1
000363 cffb          rjmp strlenf0
                 strlenf1:
000364 01fd          movw r30,r26
000365 9508          ret
                 ; .FEND
                 
                 	.DSEG
                 _i:
000260           	.BYTE 0x4
                 _Buffer_lcd:
000264           	.BYTE 0x10
                 __base_y_G101:
000274           	.BYTE 0x4
                 
                 	.CSEG
                 ;OPTIMIZER ADDED SUBROUTINE, CALLED 5 TIMES, CODE SIZE REDUCTION:13 WORDS
                 SUBOPT_0x0:
000366 932a      	ST   -Y,R18
000367 85ad      	LDD  R26,Y+13
000368 85be      	LDD  R27,Y+13+1
000369 85ef      	LDD  R30,Y+15
00036a 89f8      	LDD  R31,Y+15+1
00036b 9509      	ICALL
00036c 9508      	RET
                 
                 ;OPTIMIZER ADDED SUBROUTINE, CALLED 5 TIMES, CODE SIZE REDUCTION:9 WORDS
                 SUBOPT_0x1:
00036d 89e8      	LDD  R30,Y+16
00036e 89f9      	LDD  R31,Y+16+1
00036f 9734      	SBIW R30,4
000370 8be8      	STD  Y+16,R30
000371 8bf9      	STD  Y+16+1,R31
000372 9508      	RET
                 
                 ;OPTIMIZER ADDED SUBROUTINE, CALLED 3 TIMES, CODE SIZE REDUCTION:3 WORDS
                 SUBOPT_0x2:
000373 85ad      	LDD  R26,Y+13
000374 85be      	LDD  R27,Y+13+1
000375 85ef      	LDD  R30,Y+15
000376 89f8      	LDD  R31,Y+15+1
000377 9509      	ICALL
000378 9508      	RET
                 
                 ;OPTIMIZER ADDED SUBROUTINE, CALLED 2 TIMES, CODE SIZE REDUCTION:4 WORDS
                 SUBOPT_0x3:
000379 89a8      	LDD  R26,Y+16
00037a 89b9      	LDD  R27,Y+16+1
00037b 9614      	ADIW R26,4
00037c 940e 04e6 	CALL __GETW1P
00037e 83ee      	STD  Y+6,R30
00037f 83ff      	STD  Y+6+1,R31
000380 81ae      	LDD  R26,Y+6
000381 81bf      	LDD  R27,Y+6+1
000382 9508      	RET
                 
                 ;OPTIMIZER ADDED SUBROUTINE, CALLED 2 TIMES, CODE SIZE REDUCTION:2 WORDS
                 SUBOPT_0x4:
000383 89a8      	LDD  R26,Y+16
000384 89b9      	LDD  R27,Y+16+1
000385 9614      	ADIW R26,4
000386 940e 04e6 	CALL __GETW1P
000388 87ea      	STD  Y+10,R30
000389 87fb      	STD  Y+10+1,R31
00038a 9508      	RET
                 
                 ;OPTIMIZER ADDED SUBROUTINE, CALLED 2 TIMES, CODE SIZE REDUCTION:1 WORDS
                 SUBOPT_0x5:
00038b 01de      	MOVW R26,R28
00038c 961c      	ADIW R26,12
00038d 940e 04d1 	CALL __ADDW2R15
00038f 940e 04e6 	CALL __GETW1P
000391 9508      	RET
                 
                 ;OPTIMIZER ADDED SUBROUTINE, CALLED 2 TIMES, CODE SIZE REDUCTION:1 WORDS
                 SUBOPT_0x6:
000392 940e 02c3 	CALL __lcd_write_data
000394 e0a3      	LDI  R26,LOW(3)
000395 e0b0      	LDI  R27,0
000396 940c 03a0 	JMP  _delay_ms
                 
                 ;OPTIMIZER ADDED SUBROUTINE, CALLED 3 TIMES, CODE SIZE REDUCTION:7 WORDS
                 SUBOPT_0x7:
000398 e3a0      	LDI  R26,LOW(48)
000399 940e 02af 	CALL __lcd_write_nibble_G101
                +
00039b ec88     +LDI R24 , LOW ( 200 )
00039c e090     +LDI R25 , HIGH ( 200 )
                +__DELAY_USW_LOOP :
00039d 9701     +SBIW R24 , 1
00039e f7f1     +BRNE __DELAY_USW_LOOP
                 	__DELAY_USW 200
00039f 9508      	RET
                 
                 
                 	.CSEG
                 _delay_ms:
0003a0 9610      	adiw r26,0
0003a1 f039      	breq __delay_ms1
                 __delay_ms0:
0003a2 95a8      	wdr
                +
0003a3 ed80     +LDI R24 , LOW ( 0x7D0 )
0003a4 e097     +LDI R25 , HIGH ( 0x7D0 )
                +__DELAY_USW_LOOP :
0003a5 9701     +SBIW R24 , 1
0003a6 f7f1     +BRNE __DELAY_USW_LOOP
                 	__DELAY_USW 0x7D0
0003a7 9711      	sbiw r26,1
0003a8 f7c9      	brne __delay_ms0
                 __delay_ms1:
0003a9 9508      	ret
                 
                 __ROUND_REPACK:
0003aa 2355      	TST  R21
0003ab f442      	BRPL __REPACK
0003ac 3850      	CPI  R21,0x80
0003ad f411      	BRNE __ROUND_REPACK0
0003ae ffe0      	SBRS R30,0
0003af c004      	RJMP __REPACK
                 __ROUND_REPACK0:
0003b0 9631      	ADIW R30,1
0003b1 1f69      	ADC  R22,R25
0003b2 1f79      	ADC  R23,R25
0003b3 f06b      	BRVS __REPACK1
                 
                 __REPACK:
0003b4 e850      	LDI  R21,0x80
0003b5 2757      	EOR  R21,R23
0003b6 f411      	BRNE __REPACK0
0003b7 935f      	PUSH R21
0003b8 c073      	RJMP __ZERORES
                 __REPACK0:
0003b9 3f5f      	CPI  R21,0xFF
0003ba f031      	BREQ __REPACK1
0003bb 0f66      	LSL  R22
0003bc 0c00      	LSL  R0
0003bd 9557      	ROR  R21
0003be 9567      	ROR  R22
0003bf 2f75      	MOV  R23,R21
0003c0 9508      	RET
                 __REPACK1:
0003c1 935f      	PUSH R21
0003c2 2000      	TST  R0
0003c3 f00a      	BRMI __REPACK2
0003c4 c073      	RJMP __MAXRES
                 __REPACK2:
0003c5 c06c      	RJMP __MINRES
                 
                 __UNPACK:
0003c6 e850      	LDI  R21,0x80
0003c7 2e19      	MOV  R1,R25
0003c8 2215      	AND  R1,R21
0003c9 0f88      	LSL  R24
0003ca 1f99      	ROL  R25
0003cb 2795      	EOR  R25,R21
0003cc 0f55      	LSL  R21
0003cd 9587      	ROR  R24
                 
                 __UNPACK1:
0003ce e850      	LDI  R21,0x80
0003cf 2e07      	MOV  R0,R23
0003d0 2205      	AND  R0,R21
0003d1 0f66      	LSL  R22
0003d2 1f77      	ROL  R23
0003d3 2775      	EOR  R23,R21
0003d4 0f55      	LSL  R21
0003d5 9567      	ROR  R22
0003d6 9508      	RET
                 
                 __CFD1U:
0003d7 9468      	SET
0003d8 c001      	RJMP __CFD1U0
                 __CFD1:
0003d9 94e8      	CLT
                 __CFD1U0:
0003da 935f      	PUSH R21
0003db dff2      	RCALL __UNPACK1
0003dc 3870      	CPI  R23,0x80
0003dd f018      	BRLO __CFD10
0003de 3f7f      	CPI  R23,0xFF
0003df f408      	BRCC __CFD10
0003e0 c04b      	RJMP __ZERORES
                 __CFD10:
0003e1 e156      	LDI  R21,22
0003e2 1b57      	SUB  R21,R23
0003e3 f4aa      	BRPL __CFD11
0003e4 9551      	NEG  R21
0003e5 3058      	CPI  R21,8
0003e6 f40e      	BRTC __CFD19
0003e7 3059      	CPI  R21,9
                 __CFD19:
0003e8 f030      	BRLO __CFD17
0003e9 efef      	SER  R30
0003ea efff      	SER  R31
0003eb ef6f      	SER  R22
0003ec e77f      	LDI  R23,0x7F
0003ed f977      	BLD  R23,7
0003ee c01a      	RJMP __CFD15
                 __CFD17:
0003ef 2777      	CLR  R23
0003f0 2355      	TST  R21
0003f1 f0b9      	BREQ __CFD15
                 __CFD18:
0003f2 0fee      	LSL  R30
0003f3 1fff      	ROL  R31
0003f4 1f66      	ROL  R22
0003f5 1f77      	ROL  R23
0003f6 955a      	DEC  R21
0003f7 f7d1      	BRNE __CFD18
0003f8 c010      	RJMP __CFD15
                 __CFD11:
0003f9 2777      	CLR  R23
                 __CFD12:
0003fa 3058      	CPI  R21,8
0003fb f028      	BRLO __CFD13
0003fc 2fef      	MOV  R30,R31
0003fd 2ff6      	MOV  R31,R22
0003fe 2f67      	MOV  R22,R23
0003ff 5058      	SUBI R21,8
000400 cff9      	RJMP __CFD12
                 __CFD13:
000401 2355      	TST  R21
000402 f031      	BREQ __CFD15
                 __CFD14:
000403 9576      	LSR  R23
000404 9567      	ROR  R22
000405 95f7      	ROR  R31
000406 95e7      	ROR  R30
000407 955a      	DEC  R21
000408 f7d1      	BRNE __CFD14
                 __CFD15:
000409 2000      	TST  R0
00040a f40a      	BRPL __CFD16
00040b d0cd      	RCALL __ANEGD1
                 __CFD16:
00040c 915f      	POP  R21
00040d 9508      	RET
                 
                 __CDF1U:
00040e 9468      	SET
00040f c001      	RJMP __CDF1U0
                 __CDF1:
000410 94e8      	CLT
                 __CDF1U0:
000411 9730      	SBIW R30,0
000412 4060      	SBCI R22,0
000413 4070      	SBCI R23,0
000414 f0b1      	BREQ __CDF10
000415 2400      	CLR  R0
000416 f026      	BRTS __CDF11
000417 2377      	TST  R23
000418 f412      	BRPL __CDF11
000419 9400      	COM  R0
00041a d0be      	RCALL __ANEGD1
                 __CDF11:
00041b 2e17      	MOV  R1,R23
00041c e17e      	LDI  R23,30
00041d 2011      	TST  R1
                 __CDF12:
00041e f032      	BRMI __CDF13
00041f 957a      	DEC  R23
000420 0fee      	LSL  R30
000421 1fff      	ROL  R31
000422 1f66      	ROL  R22
000423 1c11      	ROL  R1
000424 cff9      	RJMP __CDF12
                 __CDF13:
000425 2fef      	MOV  R30,R31
000426 2ff6      	MOV  R31,R22
000427 2d61      	MOV  R22,R1
000428 935f      	PUSH R21
000429 df8a      	RCALL __REPACK
00042a 915f      	POP  R21
                 __CDF10:
00042b 9508      	RET
                 
                 __ZERORES:
00042c 27ee      	CLR  R30
00042d 27ff      	CLR  R31
00042e 2766      	CLR  R22
00042f 2777      	CLR  R23
000430 915f      	POP  R21
000431 9508      	RET
                 
                 __MINRES:
000432 efef      	SER  R30
000433 efff      	SER  R31
000434 e76f      	LDI  R22,0x7F
000435 ef7f      	SER  R23
000436 915f      	POP  R21
000437 9508      	RET
                 
                 __MAXRES:
000438 efef      	SER  R30
000439 efff      	SER  R31
00043a e76f      	LDI  R22,0x7F
00043b e77f      	LDI  R23,0x7F
00043c 915f      	POP  R21
00043d 9508      	RET
                 
                 __MULF12:
00043e 935f      	PUSH R21
00043f df86      	RCALL __UNPACK
000440 3870      	CPI  R23,0x80
000441 f351      	BREQ __ZERORES
000442 3890      	CPI  R25,0x80
000443 f341      	BREQ __ZERORES
000444 2401      	EOR  R0,R1
000445 9408      	SEC
000446 1f79      	ADC  R23,R25
000447 f423      	BRVC __MULF124
000448 f31c      	BRLT __ZERORES
                 __MULF125:
000449 2000      	TST  R0
00044a f33a      	BRMI __MINRES
00044b cfec      	RJMP __MAXRES
                 __MULF124:
00044c 920f      	PUSH R0
00044d 931f      	PUSH R17
00044e 932f      	PUSH R18
00044f 933f      	PUSH R19
000450 934f      	PUSH R20
000451 2711      	CLR  R17
000452 2722      	CLR  R18
000453 2799      	CLR  R25
000454 9f68      	MUL  R22,R24
000455 01a0      	MOVW R20,R0
000456 9f8f      	MUL  R24,R31
000457 2d30      	MOV  R19,R0
000458 0d41      	ADD  R20,R1
000459 1f59      	ADC  R21,R25
00045a 9f6b      	MUL  R22,R27
00045b 0d30      	ADD  R19,R0
00045c 1d41      	ADC  R20,R1
00045d 1f59      	ADC  R21,R25
00045e 9f8e      	MUL  R24,R30
00045f d027      	RCALL __MULF126
000460 9fbf      	MUL  R27,R31
000461 d025      	RCALL __MULF126
000462 9f6a      	MUL  R22,R26
000463 d023      	RCALL __MULF126
000464 9fbe      	MUL  R27,R30
000465 d01d      	RCALL __MULF127
000466 9faf      	MUL  R26,R31
000467 d01b      	RCALL __MULF127
000468 9fae      	MUL  R26,R30
000469 0d11      	ADD  R17,R1
00046a 1f29      	ADC  R18,R25
00046b 1f39      	ADC  R19,R25
00046c 1f49      	ADC  R20,R25
00046d 1f59      	ADC  R21,R25
00046e 2fe3      	MOV  R30,R19
00046f 2ff4      	MOV  R31,R20
000470 2f65      	MOV  R22,R21
000471 2f52      	MOV  R21,R18
000472 914f      	POP  R20
000473 913f      	POP  R19
000474 912f      	POP  R18
000475 911f      	POP  R17
000476 900f      	POP  R0
000477 2366      	TST  R22
000478 f02a      	BRMI __MULF122
000479 0f55      	LSL  R21
00047a 1fee      	ROL  R30
00047b 1fff      	ROL  R31
00047c 1f66      	ROL  R22
00047d c002      	RJMP __MULF123
                 __MULF122:
00047e 9573      	INC  R23
00047f f24b      	BRVS __MULF125
                 __MULF123:
000480 df29      	RCALL __ROUND_REPACK
000481 915f      	POP  R21
000482 9508      	RET
                 
                 __MULF127:
000483 0d10      	ADD  R17,R0
000484 1d21      	ADC  R18,R1
000485 1f39      	ADC  R19,R25
000486 c002      	RJMP __MULF128
                 __MULF126:
000487 0d20      	ADD  R18,R0
000488 1d31      	ADC  R19,R1
                 __MULF128:
000489 1f49      	ADC  R20,R25
00048a 1f59      	ADC  R21,R25
00048b 9508      	RET
                 
                 __DIVF21:
00048c 935f      	PUSH R21
00048d df38      	RCALL __UNPACK
00048e 3870      	CPI  R23,0x80
00048f f421      	BRNE __DIVF210
000490 2011      	TST  R1
                 __DIVF211:
000491 f40a      	BRPL __DIVF219
000492 cf9f      	RJMP __MINRES
                 __DIVF219:
000493 cfa4      	RJMP __MAXRES
                 __DIVF210:
000494 3890      	CPI  R25,0x80
000495 f409      	BRNE __DIVF218
                 __DIVF217:
000496 cf95      	RJMP __ZERORES
                 __DIVF218:
000497 2401      	EOR  R0,R1
000498 9408      	SEC
000499 0b97      	SBC  R25,R23
00049a f41b      	BRVC __DIVF216
00049b f3d4      	BRLT __DIVF217
00049c 2000      	TST  R0
00049d cff3      	RJMP __DIVF211
                 __DIVF216:
00049e 2f79      	MOV  R23,R25
00049f 931f      	PUSH R17
0004a0 932f      	PUSH R18
0004a1 933f      	PUSH R19
0004a2 934f      	PUSH R20
0004a3 2411      	CLR  R1
0004a4 2711      	CLR  R17
0004a5 2722      	CLR  R18
0004a6 2733      	CLR  R19
0004a7 2744      	CLR  R20
0004a8 2755      	CLR  R21
0004a9 e290      	LDI  R25,32
                 __DIVF212:
0004aa 17ae      	CP   R26,R30
0004ab 07bf      	CPC  R27,R31
0004ac 0786      	CPC  R24,R22
0004ad 0741      	CPC  R20,R17
0004ae f030      	BRLO __DIVF213
0004af 1bae      	SUB  R26,R30
0004b0 0bbf      	SBC  R27,R31
0004b1 0b86      	SBC  R24,R22
0004b2 0b41      	SBC  R20,R17
0004b3 9408      	SEC
0004b4 c001      	RJMP __DIVF214
                 __DIVF213:
0004b5 9488      	CLC
                 __DIVF214:
0004b6 1f55      	ROL  R21
0004b7 1f22      	ROL  R18
0004b8 1f33      	ROL  R19
0004b9 1c11      	ROL  R1
0004ba 1faa      	ROL  R26
0004bb 1fbb      	ROL  R27
0004bc 1f88      	ROL  R24
0004bd 1f44      	ROL  R20
0004be 959a      	DEC  R25
0004bf f751      	BRNE __DIVF212
0004c0 01f9      	MOVW R30,R18
0004c1 2d61      	MOV  R22,R1
0004c2 914f      	POP  R20
0004c3 913f      	POP  R19
0004c4 912f      	POP  R18
0004c5 911f      	POP  R17
0004c6 2366      	TST  R22
0004c7 f032      	BRMI __DIVF215
0004c8 0f55      	LSL  R21
0004c9 1fee      	ROL  R30
0004ca 1fff      	ROL  R31
0004cb 1f66      	ROL  R22
0004cc 957a      	DEC  R23
0004cd f243      	BRVS __DIVF217
                 __DIVF215:
0004ce dedb      	RCALL __ROUND_REPACK
0004cf 915f      	POP  R21
0004d0 9508      	RET
                 
                 __ADDW2R15:
0004d1 2400      	CLR  R0
0004d2 0daf      	ADD  R26,R15
0004d3 1db0      	ADC  R27,R0
0004d4 9508      	RET
                 
                 __ANEGW1:
0004d5 95f1      	NEG  R31
0004d6 95e1      	NEG  R30
0004d7 40f0      	SBCI R31,0
0004d8 9508      	RET
                 
                 __ANEGD1:
0004d9 95f0      	COM  R31
0004da 9560      	COM  R22
0004db 9570      	COM  R23
0004dc 95e1      	NEG  R30
0004dd 4fff      	SBCI R31,-1
0004de 4f6f      	SBCI R22,-1
0004df 4f7f      	SBCI R23,-1
0004e0 9508      	RET
                 
                 __CWD1:
0004e1 2f6f      	MOV  R22,R31
0004e2 0f66      	ADD  R22,R22
0004e3 0b66      	SBC  R22,R22
0004e4 2f76      	MOV  R23,R22
0004e5 9508      	RET
                 
                 __GETW1P:
0004e6 91ed      	LD   R30,X+
0004e7 91fc      	LD   R31,X
0004e8 9711      	SBIW R26,1
0004e9 9508      	RET
                 
                 __PUTDP1:
0004ea 93ed      	ST   X+,R30
0004eb 93fd      	ST   X+,R31
0004ec 936d      	ST   X+,R22
0004ed 937c      	ST   X,R23
0004ee 9508      	RET
                 
                 __GETW1PF:
0004ef 9005      	LPM  R0,Z+
0004f0 91f4      	LPM  R31,Z
0004f1 2de0      	MOV  R30,R0
0004f2 9508      	RET
                 
                 __PUTPARD1:
0004f3 937a      	ST   -Y,R23
0004f4 936a      	ST   -Y,R22
0004f5 93fa      	ST   -Y,R31
0004f6 93ea      	ST   -Y,R30
0004f7 9508      	RET
                 
                 __SAVELOCR6:
0004f8 935a      	ST   -Y,R21
                 __SAVELOCR5:
0004f9 934a      	ST   -Y,R20
                 __SAVELOCR4:
0004fa 933a      	ST   -Y,R19
                 __SAVELOCR3:
0004fb 932a      	ST   -Y,R18
                 __SAVELOCR2:
0004fc 931a      	ST   -Y,R17
0004fd 930a      	ST   -Y,R16
0004fe 9508      	RET
                 
                 __LOADLOCR6:
0004ff 815d      	LDD  R21,Y+5
                 __LOADLOCR5:
000500 814c      	LDD  R20,Y+4
                 __LOADLOCR4:
000501 813b      	LDD  R19,Y+3
                 __LOADLOCR3:
000502 812a      	LDD  R18,Y+2
                 __LOADLOCR2:
000503 8119      	LDD  R17,Y+1
000504 8108      	LD   R16,Y
000505 9508      	RET
                 
                 ;END OF CODE MARKER
                 __END_OF_CODE:


RESOURCE USE INFORMATION
------------------------

Notice:
The register and instruction counts are symbol table hit counts,
and hence implicitly used resources are not counted, eg, the
'lpm' instruction without operands implicitly uses r0 and z,
none of which are counted.

x,y,z are separate entities in the symbol table and are
counted separately from r26..r31 here.

.dseg memory usage only counts static data declared with .byte

ATmega32A register use summary:
r0 :  29 r1 :  18 r2 :   0 r3 :   0 r4 :   2 r5 :   0 r6 :   4 r7 :   4 
r8 :   0 r9 :   2 r10:   0 r11:   0 r12:   0 r13:   0 r14:   0 r15:   4 
r16:  34 r17:  37 r18:  41 r19:  20 r20:  23 r21:  66 r22:  46 r23:  39 
r24:  35 r25:  28 r26: 128 r27:  48 r28:  14 r29:   1 r30: 209 r31:  93 
x  :  27 y  : 177 z  :  16 
Registers used: 26 out of 35 (74.3%)

ATmega32A instruction use summary:
.lds  :   0 .lds.l:   0 .sts  :   0 .sts.l:   0 adc   :  16 add   :   9 
adiw  :  26 and   :   2 andi  :   6 asr   :   0 bclr  :   0 bld   :   1 
brbc  :   0 brbs  :   0 brcc  :   1 brcs  :   0 break :   0 breq  :  25 
brge  :   0 brhc  :   0 brhs  :   0 brid  :   0 brie  :   0 brlo  :  12 
brlt  :   2 brmi  :   6 brne  :  44 brpl  :   6 brsh  :   2 brtc  :   1 
brts  :   1 brvc  :   2 brvs  :   3 bset  :   0 bst   :   0 call  :  60 
cbi   :   5 cbr   :   0 clc   :   1 clh   :   0 cli   :   1 cln   :   0 
clr   :  25 cls   :   0 clt   :   2 clv   :   0 clz   :   0 com   :   4 
cp    :   5 cpc   :  12 cpi   :  52 cpse  :   0 dec   :  11 des   :   0 
eor   :   5 fmul  :   0 fmuls :   0 fmulsu:   0 icall :   2 ijmp  :   0 
in    :   8 inc   :   3 jmp   :  25 ld    :  27 ldd   :  79 ldi   : 124 
lds   :   4 lpm   :  16 lsl   :  10 lsr   :   1 mov   :  38 movw  :  20 
mul   :  10 muls  :   0 mulsu :   0 neg   :   4 nop   :   0 or    :   1 
ori   :  11 out   :  14 pop   :  17 push  :  16 rcall :  31 ret   :  38 
reti  :   0 rjmp  :  87 rol   :  22 ror   :   7 sbc   :   6 sbci  :   7 
sbi   :  10 sbic  :   0 sbis  :   1 sbiw  :  21 sbr   :   0 sbrc  :   2 
sbrs  :  11 sec   :   3 seh   :   0 sei   :   0 sen   :   0 ser   :   8 
ses   :   0 set   :   2 sev   :   0 sez   :   0 sleep :   0 spm   :   0 
st    :  68 std   :  33 sts   :   2 sub   :   3 subi  :  17 swap  :   1 
tst   :  16 wdr   :   1 
Instructions used: 73 out of 116 (62.9%)

ATmega32A memory use summary [bytes]:
Segment   Begin    End      Code   Data   Used    Size   Use%
---------------------------------------------------------------
[.cseg] 0x000000 0x000a0c   2526     46   2572   32768   7.8%
[.dseg] 0x000060 0x000278      0     24     24    2048   1.2%
[.eseg] 0x000000 0x000000      0      0      0    1024   0.0%

Assembly complete, 0 errors, 6 warnings
