
AVRASM ver. 2.1.30  E:\Projects\AVR Projects\AT24C512\Sample1\Debug\List\AT24C512_SAMPLE.asm Mon Aug 28 13:30:22 2023

E:\Projects\AVR Projects\AT24C512\Sample1\Debug\List\AT24C512_SAMPLE.asm(1088): warning: Register r5 already defined by the .DEF directive
                 
                 
                 ;CodeVisionAVR C Compiler V3.14 Advanced
                 ;(C) Copyright 1998-2014 Pavel Haiduc, HP InfoTech s.r.l.
                 ;http://www.hpinfotech.com
                 
                 ;Build configuration    : Debug
                 ;Chip type              : ATmega32
                 ;Program type           : Application
                 ;Clock frequency        : 8.000000 MHz
                 ;Memory model           : Small
                 ;Optimize for           : Size
                 ;(s)printf features     : int, width
                 ;(s)scanf features      : int, width
                 ;External RAM size      : 0
                 ;Data Stack size        : 512 byte(s)
                 ;Heap size              : 0 byte(s)
                 ;Promote 'char' to 'int': Yes
                 ;'char' is unsigned     : Yes
                 ;8 bit enums            : Yes
                 ;Global 'const' stored in FLASH: Yes
                 ;Enhanced function parameter passing: Yes
                 ;Enhanced core instructions: On
                 ;Automatic register allocation for global variables: On
                 ;Smart register allocation: On
                 
                 	#define _MODEL_SMALL_
                 
                 	#pragma AVRPART ADMIN PART_NAME ATmega32
                 	#pragma AVRPART MEMORY PROG_FLASH 32768
                 	#pragma AVRPART MEMORY EEPROM 1024
                 	#pragma AVRPART MEMORY INT_SRAM SIZE 2048
                 	#pragma AVRPART MEMORY INT_SRAM START_ADDR 0x60
                 
                 	#define CALL_SUPPORTED 1
                 
                 	.LISTMAC
                 	.EQU UDRE=0x5
                 	.EQU RXC=0x7
                 	.EQU USR=0xB
                 	.EQU UDR=0xC
                 	.EQU SPSR=0xE
                 	.EQU SPDR=0xF
                 	.EQU EERE=0x0
                 	.EQU EEWE=0x1
                 	.EQU EEMWE=0x2
                 	.EQU EECR=0x1C
                 	.EQU EEDR=0x1D
                 	.EQU EEARL=0x1E
                 	.EQU EEARH=0x1F
                 	.EQU WDTCR=0x21
                 	.EQU MCUCR=0x35
                 	.EQU GICR=0x3B
                 	.EQU SPL=0x3D
                 	.EQU SPH=0x3E
                 	.EQU SREG=0x3F
                 
                 	.DEF R0X0=R0
                 	.DEF R0X1=R1
                 	.DEF R0X2=R2
                 	.DEF R0X3=R3
                 	.DEF R0X4=R4
                 	.DEF R0X5=R5
                 	.DEF R0X6=R6
                 	.DEF R0X7=R7
                 	.DEF R0X8=R8
                 	.DEF R0X9=R9
                 	.DEF R0XA=R10
                 	.DEF R0XB=R11
                 	.DEF R0XC=R12
                 	.DEF R0XD=R13
                 	.DEF R0XE=R14
                 	.DEF R0XF=R15
                 	.DEF R0X10=R16
                 	.DEF R0X11=R17
                 	.DEF R0X12=R18
                 	.DEF R0X13=R19
                 	.DEF R0X14=R20
                 	.DEF R0X15=R21
                 	.DEF R0X16=R22
                 	.DEF R0X17=R23
                 	.DEF R0X18=R24
                 	.DEF R0X19=R25
                 	.DEF R0X1A=R26
                 	.DEF R0X1B=R27
                 	.DEF R0X1C=R28
                 	.DEF R0X1D=R29
                 	.DEF R0X1E=R30
                 	.DEF R0X1F=R31
                 
                 	.EQU __SRAM_START=0x0060
                 	.EQU __SRAM_END=0x085F
                 	.EQU __DSTACK_SIZE=0x0200
                 	.EQU __HEAP_SIZE=0x0000
                 	.EQU __CLEAR_SRAM_SIZE=__SRAM_END-__SRAM_START+1
                 
                 	.MACRO __CPD1N
                 	CPI  R30,LOW(@0)
                 	LDI  R26,HIGH(@0)
                 	CPC  R31,R26
                 	LDI  R26,BYTE3(@0)
                 	CPC  R22,R26
                 	LDI  R26,BYTE4(@0)
                 	CPC  R23,R26
                 	.ENDM
                 
                 	.MACRO __CPD2N
                 	CPI  R26,LOW(@0)
                 	LDI  R30,HIGH(@0)
                 	CPC  R27,R30
                 	LDI  R30,BYTE3(@0)
                 	CPC  R24,R30
                 	LDI  R30,BYTE4(@0)
                 	CPC  R25,R30
                 	.ENDM
                 
                 	.MACRO __CPWRR
                 	CP   R@0,R@2
                 	CPC  R@1,R@3
                 	.ENDM
                 
                 	.MACRO __CPWRN
                 	CPI  R@0,LOW(@2)
                 	LDI  R30,HIGH(@2)
                 	CPC  R@1,R30
                 	.ENDM
                 
                 	.MACRO __ADDB1MN
                 	SUBI R30,LOW(-@0-(@1))
                 	.ENDM
                 
                 	.MACRO __ADDB2MN
                 	SUBI R26,LOW(-@0-(@1))
                 	.ENDM
                 
                 	.MACRO __ADDW1MN
                 	SUBI R30,LOW(-@0-(@1))
                 	SBCI R31,HIGH(-@0-(@1))
                 	.ENDM
                 
                 	.MACRO __ADDW2MN
                 	SUBI R26,LOW(-@0-(@1))
                 	SBCI R27,HIGH(-@0-(@1))
                 	.ENDM
                 
                 	.MACRO __ADDW1FN
                 	SUBI R30,LOW(-2*@0-(@1))
                 	SBCI R31,HIGH(-2*@0-(@1))
                 	.ENDM
                 
                 	.MACRO __ADDD1FN
                 	SUBI R30,LOW(-2*@0-(@1))
                 	SBCI R31,HIGH(-2*@0-(@1))
                 	SBCI R22,BYTE3(-2*@0-(@1))
                 	.ENDM
                 
                 	.MACRO __ADDD1N
                 	SUBI R30,LOW(-@0)
                 	SBCI R31,HIGH(-@0)
                 	SBCI R22,BYTE3(-@0)
                 	SBCI R23,BYTE4(-@0)
                 	.ENDM
                 
                 	.MACRO __ADDD2N
                 	SUBI R26,LOW(-@0)
                 	SBCI R27,HIGH(-@0)
                 	SBCI R24,BYTE3(-@0)
                 	SBCI R25,BYTE4(-@0)
                 	.ENDM
                 
                 	.MACRO __SUBD1N
                 	SUBI R30,LOW(@0)
                 	SBCI R31,HIGH(@0)
                 	SBCI R22,BYTE3(@0)
                 	SBCI R23,BYTE4(@0)
                 	.ENDM
                 
                 	.MACRO __SUBD2N
                 	SUBI R26,LOW(@0)
                 	SBCI R27,HIGH(@0)
                 	SBCI R24,BYTE3(@0)
                 	SBCI R25,BYTE4(@0)
                 	.ENDM
                 
                 	.MACRO __ANDBMNN
                 	LDS  R30,@0+(@1)
                 	ANDI R30,LOW(@2)
                 	STS  @0+(@1),R30
                 	.ENDM
                 
                 	.MACRO __ANDWMNN
                 	LDS  R30,@0+(@1)
                 	ANDI R30,LOW(@2)
                 	STS  @0+(@1),R30
                 	LDS  R30,@0+(@1)+1
                 	ANDI R30,HIGH(@2)
                 	STS  @0+(@1)+1,R30
                 	.ENDM
                 
                 	.MACRO __ANDD1N
                 	ANDI R30,LOW(@0)
                 	ANDI R31,HIGH(@0)
                 	ANDI R22,BYTE3(@0)
                 	ANDI R23,BYTE4(@0)
                 	.ENDM
                 
                 	.MACRO __ANDD2N
                 	ANDI R26,LOW(@0)
                 	ANDI R27,HIGH(@0)
                 	ANDI R24,BYTE3(@0)
                 	ANDI R25,BYTE4(@0)
                 	.ENDM
                 
                 	.MACRO __ORBMNN
                 	LDS  R30,@0+(@1)
                 	ORI  R30,LOW(@2)
                 	STS  @0+(@1),R30
                 	.ENDM
                 
                 	.MACRO __ORWMNN
                 	LDS  R30,@0+(@1)
                 	ORI  R30,LOW(@2)
                 	STS  @0+(@1),R30
                 	LDS  R30,@0+(@1)+1
                 	ORI  R30,HIGH(@2)
                 	STS  @0+(@1)+1,R30
                 	.ENDM
                 
                 	.MACRO __ORD1N
                 	ORI  R30,LOW(@0)
                 	ORI  R31,HIGH(@0)
                 	ORI  R22,BYTE3(@0)
                 	ORI  R23,BYTE4(@0)
                 	.ENDM
                 
                 	.MACRO __ORD2N
                 	ORI  R26,LOW(@0)
                 	ORI  R27,HIGH(@0)
                 	ORI  R24,BYTE3(@0)
                 	ORI  R25,BYTE4(@0)
                 	.ENDM
                 
                 	.MACRO __DELAY_USB
                 	LDI  R24,LOW(@0)
                 __DELAY_USB_LOOP:
                 	DEC  R24
                 	BRNE __DELAY_USB_LOOP
                 	.ENDM
                 
                 	.MACRO __DELAY_USW
                 	LDI  R24,LOW(@0)
                 	LDI  R25,HIGH(@0)
                 __DELAY_USW_LOOP:
                 	SBIW R24,1
                 	BRNE __DELAY_USW_LOOP
                 	.ENDM
                 
                 	.MACRO __GETD1S
                 	LDD  R30,Y+@0
                 	LDD  R31,Y+@0+1
                 	LDD  R22,Y+@0+2
                 	LDD  R23,Y+@0+3
                 	.ENDM
                 
                 	.MACRO __GETD2S
                 	LDD  R26,Y+@0
                 	LDD  R27,Y+@0+1
                 	LDD  R24,Y+@0+2
                 	LDD  R25,Y+@0+3
                 	.ENDM
                 
                 	.MACRO __PUTD1S
                 	STD  Y+@0,R30
                 	STD  Y+@0+1,R31
                 	STD  Y+@0+2,R22
                 	STD  Y+@0+3,R23
                 	.ENDM
                 
                 	.MACRO __PUTD2S
                 	STD  Y+@0,R26
                 	STD  Y+@0+1,R27
                 	STD  Y+@0+2,R24
                 	STD  Y+@0+3,R25
                 	.ENDM
                 
                 	.MACRO __PUTDZ2
                 	STD  Z+@0,R26
                 	STD  Z+@0+1,R27
                 	STD  Z+@0+2,R24
                 	STD  Z+@0+3,R25
                 	.ENDM
                 
                 	.MACRO __CLRD1S
                 	STD  Y+@0,R30
                 	STD  Y+@0+1,R30
                 	STD  Y+@0+2,R30
                 	STD  Y+@0+3,R30
                 	.ENDM
                 
                 	.MACRO __POINTB1MN
                 	LDI  R30,LOW(@0+(@1))
                 	.ENDM
                 
                 	.MACRO __POINTW1MN
                 	LDI  R30,LOW(@0+(@1))
                 	LDI  R31,HIGH(@0+(@1))
                 	.ENDM
                 
                 	.MACRO __POINTD1M
                 	LDI  R30,LOW(@0)
                 	LDI  R31,HIGH(@0)
                 	LDI  R22,BYTE3(@0)
                 	LDI  R23,BYTE4(@0)
                 	.ENDM
                 
                 	.MACRO __POINTW1FN
                 	LDI  R30,LOW(2*@0+(@1))
                 	LDI  R31,HIGH(2*@0+(@1))
                 	.ENDM
                 
                 	.MACRO __POINTD1FN
                 	LDI  R30,LOW(2*@0+(@1))
                 	LDI  R31,HIGH(2*@0+(@1))
                 	LDI  R22,BYTE3(2*@0+(@1))
                 	LDI  R23,BYTE4(2*@0+(@1))
                 	.ENDM
                 
                 	.MACRO __POINTB2MN
                 	LDI  R26,LOW(@0+(@1))
                 	.ENDM
                 
                 	.MACRO __POINTW2MN
                 	LDI  R26,LOW(@0+(@1))
                 	LDI  R27,HIGH(@0+(@1))
                 	.ENDM
                 
                 	.MACRO __POINTW2FN
                 	LDI  R26,LOW(2*@0+(@1))
                 	LDI  R27,HIGH(2*@0+(@1))
                 	.ENDM
                 
                 	.MACRO __POINTD2FN
                 	LDI  R26,LOW(2*@0+(@1))
                 	LDI  R27,HIGH(2*@0+(@1))
                 	LDI  R24,BYTE3(2*@0+(@1))
                 	LDI  R25,BYTE4(2*@0+(@1))
                 	.ENDM
                 
                 	.MACRO __POINTBRM
                 	LDI  R@0,LOW(@1)
                 	.ENDM
                 
                 	.MACRO __POINTWRM
                 	LDI  R@0,LOW(@2)
                 	LDI  R@1,HIGH(@2)
                 	.ENDM
                 
                 	.MACRO __POINTBRMN
                 	LDI  R@0,LOW(@1+(@2))
                 	.ENDM
                 
                 	.MACRO __POINTWRMN
                 	LDI  R@0,LOW(@2+(@3))
                 	LDI  R@1,HIGH(@2+(@3))
                 	.ENDM
                 
                 	.MACRO __POINTWRFN
                 	LDI  R@0,LOW(@2*2+(@3))
                 	LDI  R@1,HIGH(@2*2+(@3))
                 	.ENDM
                 
                 	.MACRO __GETD1N
                 	LDI  R30,LOW(@0)
                 	LDI  R31,HIGH(@0)
                 	LDI  R22,BYTE3(@0)
                 	LDI  R23,BYTE4(@0)
                 	.ENDM
                 
                 	.MACRO __GETD2N
                 	LDI  R26,LOW(@0)
                 	LDI  R27,HIGH(@0)
                 	LDI  R24,BYTE3(@0)
                 	LDI  R25,BYTE4(@0)
                 	.ENDM
                 
                 	.MACRO __GETB1MN
                 	LDS  R30,@0+(@1)
                 	.ENDM
                 
                 	.MACRO __GETB1HMN
                 	LDS  R31,@0+(@1)
                 	.ENDM
                 
                 	.MACRO __GETW1MN
                 	LDS  R30,@0+(@1)
                 	LDS  R31,@0+(@1)+1
                 	.ENDM
                 
                 	.MACRO __GETD1MN
                 	LDS  R30,@0+(@1)
                 	LDS  R31,@0+(@1)+1
                 	LDS  R22,@0+(@1)+2
                 	LDS  R23,@0+(@1)+3
                 	.ENDM
                 
                 	.MACRO __GETBRMN
                 	LDS  R@0,@1+(@2)
                 	.ENDM
                 
                 	.MACRO __GETWRMN
                 	LDS  R@0,@2+(@3)
                 	LDS  R@1,@2+(@3)+1
                 	.ENDM
                 
                 	.MACRO __GETWRZ
                 	LDD  R@0,Z+@2
                 	LDD  R@1,Z+@2+1
                 	.ENDM
                 
                 	.MACRO __GETD2Z
                 	LDD  R26,Z+@0
                 	LDD  R27,Z+@0+1
                 	LDD  R24,Z+@0+2
                 	LDD  R25,Z+@0+3
                 	.ENDM
                 
                 	.MACRO __GETB2MN
                 	LDS  R26,@0+(@1)
                 	.ENDM
                 
                 	.MACRO __GETW2MN
                 	LDS  R26,@0+(@1)
                 	LDS  R27,@0+(@1)+1
                 	.ENDM
                 
                 	.MACRO __GETD2MN
                 	LDS  R26,@0+(@1)
                 	LDS  R27,@0+(@1)+1
                 	LDS  R24,@0+(@1)+2
                 	LDS  R25,@0+(@1)+3
                 	.ENDM
                 
                 	.MACRO __PUTB1MN
                 	STS  @0+(@1),R30
                 	.ENDM
                 
                 	.MACRO __PUTW1MN
                 	STS  @0+(@1),R30
                 	STS  @0+(@1)+1,R31
                 	.ENDM
                 
                 	.MACRO __PUTD1MN
                 	STS  @0+(@1),R30
                 	STS  @0+(@1)+1,R31
                 	STS  @0+(@1)+2,R22
                 	STS  @0+(@1)+3,R23
                 	.ENDM
                 
                 	.MACRO __PUTB1EN
                 	LDI  R26,LOW(@0+(@1))
                 	LDI  R27,HIGH(@0+(@1))
                 	CALL __EEPROMWRB
                 	.ENDM
                 
                 	.MACRO __PUTW1EN
                 	LDI  R26,LOW(@0+(@1))
                 	LDI  R27,HIGH(@0+(@1))
                 	CALL __EEPROMWRW
                 	.ENDM
                 
                 	.MACRO __PUTD1EN
                 	LDI  R26,LOW(@0+(@1))
                 	LDI  R27,HIGH(@0+(@1))
                 	CALL __EEPROMWRD
                 	.ENDM
                 
                 	.MACRO __PUTBR0MN
                 	STS  @0+(@1),R0
                 	.ENDM
                 
                 	.MACRO __PUTBMRN
                 	STS  @0+(@1),R@2
                 	.ENDM
                 
                 	.MACRO __PUTWMRN
                 	STS  @0+(@1),R@2
                 	STS  @0+(@1)+1,R@3
                 	.ENDM
                 
                 	.MACRO __PUTBZR
                 	STD  Z+@1,R@0
                 	.ENDM
                 
                 	.MACRO __PUTWZR
                 	STD  Z+@2,R@0
                 	STD  Z+@2+1,R@1
                 	.ENDM
                 
                 	.MACRO __GETW1R
                 	MOV  R30,R@0
                 	MOV  R31,R@1
                 	.ENDM
                 
                 	.MACRO __GETW2R
                 	MOV  R26,R@0
                 	MOV  R27,R@1
                 	.ENDM
                 
                 	.MACRO __GETWRN
                 	LDI  R@0,LOW(@2)
                 	LDI  R@1,HIGH(@2)
                 	.ENDM
                 
                 	.MACRO __PUTW1R
                 	MOV  R@0,R30
                 	MOV  R@1,R31
                 	.ENDM
                 
                 	.MACRO __PUTW2R
                 	MOV  R@0,R26
                 	MOV  R@1,R27
                 	.ENDM
                 
                 	.MACRO __ADDWRN
                 	SUBI R@0,LOW(-@2)
                 	SBCI R@1,HIGH(-@2)
                 	.ENDM
                 
                 	.MACRO __ADDWRR
                 	ADD  R@0,R@2
                 	ADC  R@1,R@3
                 	.ENDM
                 
                 	.MACRO __SUBWRN
                 	SUBI R@0,LOW(@2)
                 	SBCI R@1,HIGH(@2)
                 	.ENDM
                 
                 	.MACRO __SUBWRR
                 	SUB  R@0,R@2
                 	SBC  R@1,R@3
                 	.ENDM
                 
                 	.MACRO __ANDWRN
                 	ANDI R@0,LOW(@2)
                 	ANDI R@1,HIGH(@2)
                 	.ENDM
                 
                 	.MACRO __ANDWRR
                 	AND  R@0,R@2
                 	AND  R@1,R@3
                 	.ENDM
                 
                 	.MACRO __ORWRN
                 	ORI  R@0,LOW(@2)
                 	ORI  R@1,HIGH(@2)
                 	.ENDM
                 
                 	.MACRO __ORWRR
                 	OR   R@0,R@2
                 	OR   R@1,R@3
                 	.ENDM
                 
                 	.MACRO __EORWRR
                 	EOR  R@0,R@2
                 	EOR  R@1,R@3
                 	.ENDM
                 
                 	.MACRO __GETWRS
                 	LDD  R@0,Y+@2
                 	LDD  R@1,Y+@2+1
                 	.ENDM
                 
                 	.MACRO __PUTBSR
                 	STD  Y+@1,R@0
                 	.ENDM
                 
                 	.MACRO __PUTWSR
                 	STD  Y+@2,R@0
                 	STD  Y+@2+1,R@1
                 	.ENDM
                 
                 	.MACRO __MOVEWRR
                 	MOV  R@0,R@2
                 	MOV  R@1,R@3
                 	.ENDM
                 
                 	.MACRO __INWR
                 	IN   R@0,@2
                 	IN   R@1,@2+1
                 	.ENDM
                 
                 	.MACRO __OUTWR
                 	OUT  @2+1,R@1
                 	OUT  @2,R@0
                 	.ENDM
                 
                 	.MACRO __CALL1MN
                 	LDS  R30,@0+(@1)
                 	LDS  R31,@0+(@1)+1
                 	ICALL
                 	.ENDM
                 
                 	.MACRO __CALL1FN
                 	LDI  R30,LOW(2*@0+(@1))
                 	LDI  R31,HIGH(2*@0+(@1))
                 	CALL __GETW1PF
                 	ICALL
                 	.ENDM
                 
                 	.MACRO __CALL2EN
                 	PUSH R26
                 	PUSH R27
                 	LDI  R26,LOW(@0+(@1))
                 	LDI  R27,HIGH(@0+(@1))
                 	CALL __EEPROMRDW
                 	POP  R27
                 	POP  R26
                 	ICALL
                 	.ENDM
                 
                 	.MACRO __CALL2EX
                 	SUBI R26,LOW(-@0)
                 	SBCI R27,HIGH(-@0)
                 	CALL __EEPROMRDD
                 	ICALL
                 	.ENDM
                 
                 	.MACRO __GETW1STACK
                 	IN   R30,SPL
                 	IN   R31,SPH
                 	ADIW R30,@0+1
                 	LD   R0,Z+
                 	LD   R31,Z
                 	MOV  R30,R0
                 	.ENDM
                 
                 	.MACRO __GETD1STACK
                 	IN   R30,SPL
                 	IN   R31,SPH
                 	ADIW R30,@0+1
                 	LD   R0,Z+
                 	LD   R1,Z+
                 	LD   R22,Z
                 	MOVW R30,R0
                 	.ENDM
                 
                 	.MACRO __NBST
                 	BST  R@0,@1
                 	IN   R30,SREG
                 	LDI  R31,0x40
                 	EOR  R30,R31
                 	OUT  SREG,R30
                 	.ENDM
                 
                 
                 	.MACRO __PUTB1SN
                 	LDD  R26,Y+@0
                 	LDD  R27,Y+@0+1
                 	SUBI R26,LOW(-@1)
                 	SBCI R27,HIGH(-@1)
                 	ST   X,R30
                 	.ENDM
                 
                 	.MACRO __PUTW1SN
                 	LDD  R26,Y+@0
                 	LDD  R27,Y+@0+1
                 	SUBI R26,LOW(-@1)
                 	SBCI R27,HIGH(-@1)
                 	ST   X+,R30
                 	ST   X,R31
                 	.ENDM
                 
                 	.MACRO __PUTD1SN
                 	LDD  R26,Y+@0
                 	LDD  R27,Y+@0+1
                 	SUBI R26,LOW(-@1)
                 	SBCI R27,HIGH(-@1)
                 	CALL __PUTDP1
                 	.ENDM
                 
                 	.MACRO __PUTB1SNS
                 	LDD  R26,Y+@0
                 	LDD  R27,Y+@0+1
                 	ADIW R26,@1
                 	ST   X,R30
                 	.ENDM
                 
                 	.MACRO __PUTW1SNS
                 	LDD  R26,Y+@0
                 	LDD  R27,Y+@0+1
                 	ADIW R26,@1
                 	ST   X+,R30
                 	ST   X,R31
                 	.ENDM
                 
                 	.MACRO __PUTD1SNS
                 	LDD  R26,Y+@0
                 	LDD  R27,Y+@0+1
                 	ADIW R26,@1
                 	CALL __PUTDP1
                 	.ENDM
                 
                 	.MACRO __PUTB1PMN
                 	LDS  R26,@0
                 	LDS  R27,@0+1
                 	SUBI R26,LOW(-@1)
                 	SBCI R27,HIGH(-@1)
                 	ST   X,R30
                 	.ENDM
                 
                 	.MACRO __PUTW1PMN
                 	LDS  R26,@0
                 	LDS  R27,@0+1
                 	SUBI R26,LOW(-@1)
                 	SBCI R27,HIGH(-@1)
                 	ST   X+,R30
                 	ST   X,R31
                 	.ENDM
                 
                 	.MACRO __PUTD1PMN
                 	LDS  R26,@0
                 	LDS  R27,@0+1
                 	SUBI R26,LOW(-@1)
                 	SBCI R27,HIGH(-@1)
                 	CALL __PUTDP1
                 	.ENDM
                 
                 	.MACRO __PUTB1PMNS
                 	LDS  R26,@0
                 	LDS  R27,@0+1
                 	ADIW R26,@1
                 	ST   X,R30
                 	.ENDM
                 
                 	.MACRO __PUTW1PMNS
                 	LDS  R26,@0
                 	LDS  R27,@0+1
                 	ADIW R26,@1
                 	ST   X+,R30
                 	ST   X,R31
                 	.ENDM
                 
                 	.MACRO __PUTD1PMNS
                 	LDS  R26,@0
                 	LDS  R27,@0+1
                 	ADIW R26,@1
                 	CALL __PUTDP1
                 	.ENDM
                 
                 	.MACRO __PUTB1RN
                 	MOVW R26,R@0
                 	SUBI R26,LOW(-@1)
                 	SBCI R27,HIGH(-@1)
                 	ST   X,R30
                 	.ENDM
                 
                 	.MACRO __PUTW1RN
                 	MOVW R26,R@0
                 	SUBI R26,LOW(-@1)
                 	SBCI R27,HIGH(-@1)
                 	ST   X+,R30
                 	ST   X,R31
                 	.ENDM
                 
                 	.MACRO __PUTD1RN
                 	MOVW R26,R@0
                 	SUBI R26,LOW(-@1)
                 	SBCI R27,HIGH(-@1)
                 	CALL __PUTDP1
                 	.ENDM
                 
                 	.MACRO __PUTB1RNS
                 	MOVW R26,R@0
                 	ADIW R26,@1
                 	ST   X,R30
                 	.ENDM
                 
                 	.MACRO __PUTW1RNS
                 	MOVW R26,R@0
                 	ADIW R26,@1
                 	ST   X+,R30
                 	ST   X,R31
                 	.ENDM
                 
                 	.MACRO __PUTD1RNS
                 	MOVW R26,R@0
                 	ADIW R26,@1
                 	CALL __PUTDP1
                 	.ENDM
                 
                 	.MACRO __PUTB1RON
                 	MOV  R26,R@0
                 	MOV  R27,R@1
                 	SUBI R26,LOW(-@2)
                 	SBCI R27,HIGH(-@2)
                 	ST   X,R30
                 	.ENDM
                 
                 	.MACRO __PUTW1RON
                 	MOV  R26,R@0
                 	MOV  R27,R@1
                 	SUBI R26,LOW(-@2)
                 	SBCI R27,HIGH(-@2)
                 	ST   X+,R30
                 	ST   X,R31
                 	.ENDM
                 
                 	.MACRO __PUTD1RON
                 	MOV  R26,R@0
                 	MOV  R27,R@1
                 	SUBI R26,LOW(-@2)
                 	SBCI R27,HIGH(-@2)
                 	CALL __PUTDP1
                 	.ENDM
                 
                 	.MACRO __PUTB1RONS
                 	MOV  R26,R@0
                 	MOV  R27,R@1
                 	ADIW R26,@2
                 	ST   X,R30
                 	.ENDM
                 
                 	.MACRO __PUTW1RONS
                 	MOV  R26,R@0
                 	MOV  R27,R@1
                 	ADIW R26,@2
                 	ST   X+,R30
                 	ST   X,R31
                 	.ENDM
                 
                 	.MACRO __PUTD1RONS
                 	MOV  R26,R@0
                 	MOV  R27,R@1
                 	ADIW R26,@2
                 	CALL __PUTDP1
                 	.ENDM
                 
                 
                 	.MACRO __GETB1SX
                 	MOVW R30,R28
                 	SUBI R30,LOW(-@0)
                 	SBCI R31,HIGH(-@0)
                 	LD   R30,Z
                 	.ENDM
                 
                 	.MACRO __GETB1HSX
                 	MOVW R30,R28
                 	SUBI R30,LOW(-@0)
                 	SBCI R31,HIGH(-@0)
                 	LD   R31,Z
                 	.ENDM
                 
                 	.MACRO __GETW1SX
                 	MOVW R30,R28
                 	SUBI R30,LOW(-@0)
                 	SBCI R31,HIGH(-@0)
                 	LD   R0,Z+
                 	LD   R31,Z
                 	MOV  R30,R0
                 	.ENDM
                 
                 	.MACRO __GETD1SX
                 	MOVW R30,R28
                 	SUBI R30,LOW(-@0)
                 	SBCI R31,HIGH(-@0)
                 	LD   R0,Z+
                 	LD   R1,Z+
                 	LD   R22,Z+
                 	LD   R23,Z
                 	MOVW R30,R0
                 	.ENDM
                 
                 	.MACRO __GETB2SX
                 	MOVW R26,R28
                 	SUBI R26,LOW(-@0)
                 	SBCI R27,HIGH(-@0)
                 	LD   R26,X
                 	.ENDM
                 
                 	.MACRO __GETW2SX
                 	MOVW R26,R28
                 	SUBI R26,LOW(-@0)
                 	SBCI R27,HIGH(-@0)
                 	LD   R0,X+
                 	LD   R27,X
                 	MOV  R26,R0
                 	.ENDM
                 
                 	.MACRO __GETD2SX
                 	MOVW R26,R28
                 	SUBI R26,LOW(-@0)
                 	SBCI R27,HIGH(-@0)
                 	LD   R0,X+
                 	LD   R1,X+
                 	LD   R24,X+
                 	LD   R25,X
                 	MOVW R26,R0
                 	.ENDM
                 
                 	.MACRO __GETBRSX
                 	MOVW R30,R28
                 	SUBI R30,LOW(-@1)
                 	SBCI R31,HIGH(-@1)
                 	LD   R@0,Z
                 	.ENDM
                 
                 	.MACRO __GETWRSX
                 	MOVW R30,R28
                 	SUBI R30,LOW(-@2)
                 	SBCI R31,HIGH(-@2)
                 	LD   R@0,Z+
                 	LD   R@1,Z
                 	.ENDM
                 
                 	.MACRO __GETBRSX2
                 	MOVW R26,R28
                 	SUBI R26,LOW(-@1)
                 	SBCI R27,HIGH(-@1)
                 	LD   R@0,X
                 	.ENDM
                 
                 	.MACRO __GETWRSX2
                 	MOVW R26,R28
                 	SUBI R26,LOW(-@2)
                 	SBCI R27,HIGH(-@2)
                 	LD   R@0,X+
                 	LD   R@1,X
                 	.ENDM
                 
                 	.MACRO __LSLW8SX
                 	MOVW R30,R28
                 	SUBI R30,LOW(-@0)
                 	SBCI R31,HIGH(-@0)
                 	LD   R31,Z
                 	CLR  R30
                 	.ENDM
                 
                 	.MACRO __PUTB1SX
                 	MOVW R26,R28
                 	SUBI R26,LOW(-@0)
                 	SBCI R27,HIGH(-@0)
                 	ST   X,R30
                 	.ENDM
                 
                 	.MACRO __PUTW1SX
                 	MOVW R26,R28
                 	SUBI R26,LOW(-@0)
                 	SBCI R27,HIGH(-@0)
                 	ST   X+,R30
                 	ST   X,R31
                 	.ENDM
                 
                 	.MACRO __PUTD1SX
                 	MOVW R26,R28
                 	SUBI R26,LOW(-@0)
                 	SBCI R27,HIGH(-@0)
                 	ST   X+,R30
                 	ST   X+,R31
                 	ST   X+,R22
                 	ST   X,R23
                 	.ENDM
                 
                 	.MACRO __CLRW1SX
                 	MOVW R26,R28
                 	SUBI R26,LOW(-@0)
                 	SBCI R27,HIGH(-@0)
                 	ST   X+,R30
                 	ST   X,R30
                 	.ENDM
                 
                 	.MACRO __CLRD1SX
                 	MOVW R26,R28
                 	SUBI R26,LOW(-@0)
                 	SBCI R27,HIGH(-@0)
                 	ST   X+,R30
                 	ST   X+,R30
                 	ST   X+,R30
                 	ST   X,R30
                 	.ENDM
                 
                 	.MACRO __PUTB2SX
                 	MOVW R30,R28
                 	SUBI R30,LOW(-@0)
                 	SBCI R31,HIGH(-@0)
                 	ST   Z,R26
                 	.ENDM
                 
                 	.MACRO __PUTW2SX
                 	MOVW R30,R28
                 	SUBI R30,LOW(-@0)
                 	SBCI R31,HIGH(-@0)
                 	ST   Z+,R26
                 	ST   Z,R27
                 	.ENDM
                 
                 	.MACRO __PUTD2SX
                 	MOVW R30,R28
                 	SUBI R30,LOW(-@0)
                 	SBCI R31,HIGH(-@0)
                 	ST   Z+,R26
                 	ST   Z+,R27
                 	ST   Z+,R24
                 	ST   Z,R25
                 	.ENDM
                 
                 	.MACRO __PUTBSRX
                 	MOVW R30,R28
                 	SUBI R30,LOW(-@1)
                 	SBCI R31,HIGH(-@1)
                 	ST   Z,R@0
                 	.ENDM
                 
                 	.MACRO __PUTWSRX
                 	MOVW R30,R28
                 	SUBI R30,LOW(-@2)
                 	SBCI R31,HIGH(-@2)
                 	ST   Z+,R@0
                 	ST   Z,R@1
                 	.ENDM
                 
                 	.MACRO __PUTB1SNX
                 	MOVW R26,R28
                 	SUBI R26,LOW(-@0)
                 	SBCI R27,HIGH(-@0)
                 	LD   R0,X+
                 	LD   R27,X
                 	MOV  R26,R0
                 	SUBI R26,LOW(-@1)
                 	SBCI R27,HIGH(-@1)
                 	ST   X,R30
                 	.ENDM
                 
                 	.MACRO __PUTW1SNX
                 	MOVW R26,R28
                 	SUBI R26,LOW(-@0)
                 	SBCI R27,HIGH(-@0)
                 	LD   R0,X+
                 	LD   R27,X
                 	MOV  R26,R0
                 	SUBI R26,LOW(-@1)
                 	SBCI R27,HIGH(-@1)
                 	ST   X+,R30
                 	ST   X,R31
                 	.ENDM
                 
                 	.MACRO __PUTD1SNX
                 	MOVW R26,R28
                 	SUBI R26,LOW(-@0)
                 	SBCI R27,HIGH(-@0)
                 	LD   R0,X+
                 	LD   R27,X
                 	MOV  R26,R0
                 	SUBI R26,LOW(-@1)
                 	SBCI R27,HIGH(-@1)
                 	ST   X+,R30
                 	ST   X+,R31
                 	ST   X+,R22
                 	ST   X,R23
                 	.ENDM
                 
                 	.MACRO __MULBRR
                 	MULS R@0,R@1
                 	MOVW R30,R0
                 	.ENDM
                 
                 	.MACRO __MULBRRU
                 	MUL  R@0,R@1
                 	MOVW R30,R0
                 	.ENDM
                 
                 	.MACRO __MULBRR0
                 	MULS R@0,R@1
                 	.ENDM
                 
                 	.MACRO __MULBRRU0
                 	MUL  R@0,R@1
                 	.ENDM
                 
                 	.MACRO __MULBNWRU
                 	LDI  R26,@2
                 	MUL  R26,R@0
                 	MOVW R30,R0
                 	MUL  R26,R@1
                 	ADD  R31,R0
                 	.ENDM
                 
                 ;NAME DEFINITIONS FOR GLOBAL VARIABLES ALLOCATED TO REGISTERS
                 	.DEF _i=R5
                 
                 	.CSEG
                 	.ORG 0x00
                 
                 ;START OF CODE MARKER
                 __START_OF_CODE:
                 
                 ;INTERRUPT VECTORS
000000 940c 003b 	JMP  __RESET
000002 940c 0000 	JMP  0x00
000004 940c 0000 	JMP  0x00
000006 940c 0000 	JMP  0x00
000008 940c 0000 	JMP  0x00
00000a 940c 0000 	JMP  0x00
00000c 940c 0000 	JMP  0x00
00000e 940c 0000 	JMP  0x00
000010 940c 0000 	JMP  0x00
000012 940c 0000 	JMP  0x00
000014 940c 0000 	JMP  0x00
000016 940c 0000 	JMP  0x00
000018 940c 0000 	JMP  0x00
00001a 940c 0000 	JMP  0x00
00001c 940c 0000 	JMP  0x00
00001e 940c 0000 	JMP  0x00
000020 940c 0000 	JMP  0x00
000022 940c 0000 	JMP  0x00
000024 940c 0000 	JMP  0x00
000026 940c 017b 	JMP  _twi_int_handler
000028 940c 0000 	JMP  0x00
                 
                 ;REGISTER BIT VARIABLES INITIALIZATION
                 __REG_BIT_VARS:
00002a 0000      	.DW  0x0000
                 
                 _0x3:
00002b 0201
00002c 0403
00002d 0605
00002e 0807      	.DB  0x1,0x2,0x3,0x4,0x5,0x6,0x7,0x8
00002f 0a09      	.DB  0x9,0xA
                 _0x2020003:
E:\Projects\AVR Projects\AT24C512\Sample1\Debug\List\AT24C512_SAMPLE.asm(1127): warning: .cseg .db misalignment - padding zero byte
000030 0007      	.DB  0x7
                 
                 __GLOBAL_INI_TBL:
000031 0001      	.DW  0x01
000032 0002      	.DW  0x02
000033 0054      	.DW  __REG_BIT_VARS*2
                 
000034 000a      	.DW  0x0A
000035 0263      	.DW  _write_buff
000036 0056      	.DW  _0x3*2
                 
000037 0001      	.DW  0x01
000038 0262      	.DW  _twi_result
000039 0060      	.DW  _0x2020003*2
                 
                 _0xFFFFFFFF:
00003a 0000      	.DW  0
                 
                 #define __GLOBAL_INI_TBL_PRESENT 1
                 
                 __RESET:
00003b 94f8      	CLI
00003c 27ee      	CLR  R30
00003d bbec      	OUT  EECR,R30
                 
                 ;INTERRUPT VECTORS ARE PLACED
                 ;AT THE START OF FLASH
00003e e0f1      	LDI  R31,1
00003f bffb      	OUT  GICR,R31
000040 bfeb      	OUT  GICR,R30
000041 bfe5      	OUT  MCUCR,R30
                 
                 ;CLEAR R2-R14
000042 e08d      	LDI  R24,(14-2)+1
000043 e0a2      	LDI  R26,2
000044 27bb      	CLR  R27
                 __CLEAR_REG:
000045 93ed      	ST   X+,R30
000046 958a      	DEC  R24
000047 f7e9      	BRNE __CLEAR_REG
                 
                 ;CLEAR SRAM
000048 e080      	LDI  R24,LOW(__CLEAR_SRAM_SIZE)
000049 e098      	LDI  R25,HIGH(__CLEAR_SRAM_SIZE)
00004a e6a0      	LDI  R26,__SRAM_START
                 __CLEAR_SRAM:
00004b 93ed      	ST   X+,R30
00004c 9701      	SBIW R24,1
00004d f7e9      	BRNE __CLEAR_SRAM
                 
                 ;GLOBAL VARIABLES INITIALIZATION
00004e e6e2      	LDI  R30,LOW(__GLOBAL_INI_TBL*2)
00004f e0f0      	LDI  R31,HIGH(__GLOBAL_INI_TBL*2)
                 __GLOBAL_INI_NEXT:
000050 9185      	LPM  R24,Z+
000051 9195      	LPM  R25,Z+
000052 9700      	SBIW R24,0
000053 f061      	BREQ __GLOBAL_INI_END
000054 91a5      	LPM  R26,Z+
000055 91b5      	LPM  R27,Z+
000056 9005      	LPM  R0,Z+
000057 9015      	LPM  R1,Z+
000058 01bf      	MOVW R22,R30
000059 01f0      	MOVW R30,R0
                 __GLOBAL_INI_LOOP:
00005a 9005      	LPM  R0,Z+
00005b 920d      	ST   X+,R0
00005c 9701      	SBIW R24,1
00005d f7e1      	BRNE __GLOBAL_INI_LOOP
00005e 01fb      	MOVW R30,R22
00005f cff0      	RJMP __GLOBAL_INI_NEXT
                 __GLOBAL_INI_END:
                 
                 ;HARDWARE STACK POINTER INITIALIZATION
000060 e5ef      	LDI  R30,LOW(__SRAM_END-__HEAP_SIZE)
000061 bfed      	OUT  SPL,R30
000062 e0e8      	LDI  R30,HIGH(__SRAM_END-__HEAP_SIZE)
000063 bfee      	OUT  SPH,R30
                 
                 ;DATA STACK POINTER INITIALIZATION
000064 e6c0      	LDI  R28,LOW(__SRAM_START+__DSTACK_SIZE)
000065 e0d2      	LDI  R29,HIGH(__SRAM_START+__DSTACK_SIZE)
                 
000066 940c 0068 	JMP  _main
                 
                 	.ESEG
                 	.ORG 0
                 
                 	.DSEG
                 	.ORG 0x260
                 
                 	.CSEG
                 ;/*******************************************************
                 ;This program was created by the
                 ;CodeWizardAVR V3.14 Advanced
                 ;Automatic Program Generator
                 ;© Copyright 1998-2014 Pavel Haiduc, HP InfoTech s.r.l.
                 ;http://www.hpinfotech.com
                 ;
                 ;Project : AT24C512 sample
                 ;Version :
                 ;Date    : 8/28/2023
                 ;Author  : Parham Soltani
                 ;Company :
                 ;Comments:
                 ;
                 ;
                 ;Chip type               : ATmega32
                 ;Program type            : Application
                 ;AVR Core Clock frequency: 8.000000 MHz
                 ;Memory model            : Small
                 ;External RAM size       : 0
                 ;Data Stack size         : 512
                 ;*******************************************************/
                 ;
                 ;#include <mega32.h>
                 	#ifndef __SLEEP_DEFINED__
                 	#define __SLEEP_DEFINED__
                 	.EQU __se_bit=0x80
                 	.EQU __sm_mask=0x70
                 	.EQU __sm_powerdown=0x20
                 	.EQU __sm_powersave=0x30
                 	.EQU __sm_standby=0x60
                 	.EQU __sm_ext_standby=0x70
                 	.EQU __sm_adc_noise_red=0x10
                 	.SET power_ctrl_reg=mcucr
                 	#endif
                 ;
                 ;#include <delay.h>
                 ;#include <at24c512.h>
                 ;#include <twi.h>
                 ;
                 ;#include <i2c.h>
                 ;
                 ;// Declare your global variables here
                 ;
                 ;unsigned char write_buff[10] = {1, 2, 3, 4, 5, 6, 7, 8, 9, 10};
                 
                 	.DSEG
                 ;unsigned char read_buff[10];
                 ;unsigned char i;
                 ;
                 ;void main(void)
                 ; 0000 0027 {
                 
                 	.CSEG
                 _main:
                 ; .FSTART _main
                 ; 0000 0028 // Declare your local variables here
                 ; 0000 0029 
                 ; 0000 002A 
                 ; 0000 002B 
                 ; 0000 002C // Bit-Banged I2C Bus initialization
                 ; 0000 002D // I2C Port: PORTC
                 ; 0000 002E // I2C SDA bit: 1
                 ; 0000 002F // I2C SCL bit: 0
                 ; 0000 0030 // Bit Rate: 100 kHz
                 ; 0000 0031 // Note: I2C settings are specified in the
                 ; 0000 0032 // Project|Configure|C Compiler|Libraries|I2C menu.
                 ; 0000 0033 i2c_init();
000068 940e 02e7 	CALL _i2c_init
                 ; 0000 0034 
                 ; 0000 0035 twi_master_init(100);
00006a e6a4      	LDI  R26,LOW(100)
00006b e0b0      	LDI  R27,0
00006c d07a      	RCALL _twi_master_init
                 ; 0000 0036 DDRD = 0xFF;
00006d efef      	LDI  R30,LOW(255)
00006e bbe1      	OUT  0x11,R30
                 ; 0000 0037 
                 ; 0000 0038 at24c512_write(0x00, 0x0000, write_buff, 10);
00006f 940e 02e0 	CALL SUBOPT_0x0
000071 e6e3      	LDI  R30,LOW(_write_buff)
000072 e0f2      	LDI  R31,HIGH(_write_buff)
000073 93fa      	ST   -Y,R31
000074 93ea      	ST   -Y,R30
000075 e0aa      	LDI  R26,LOW(10)
000076 d01e      	RCALL _at24c512_write
                 ; 0000 0039 delay_ms(100);
000077 e6a4      	LDI  R26,LOW(100)
000078 e0b0      	LDI  R27,0
000079 940e 0338 	CALL _delay_ms
                 ; 0000 003A at24c512_read(0x00, 0x0000, read_buff, 10);
00007b 940e 02e0 	CALL SUBOPT_0x0
00007d e6ed      	LDI  R30,LOW(_read_buff)
00007e e0f2      	LDI  R31,HIGH(_read_buff)
00007f 93fa      	ST   -Y,R31
000080 93ea      	ST   -Y,R30
000081 e0aa      	LDI  R26,LOW(10)
000082 d046      	RCALL _at24c512_read
                 ; 0000 003B 
                 ; 0000 003C     for(i=0;i<10;i++)
000083 2455      	CLR  R5
                 _0x5:
000084 e0ea      	LDI  R30,LOW(10)
000085 165e      	CP   R5,R30
000086 f460      	BRSH _0x6
                 ; 0000 003D     {
                 ; 0000 003E     PORTD = read_buff[i];
000087 2de5      	MOV  R30,R5
000088 e0f0      	LDI  R31,0
000089 59e3      	SUBI R30,LOW(-_read_buff)
00008a 4ffd      	SBCI R31,HIGH(-_read_buff)
00008b 81e0      	LD   R30,Z
00008c bbe2      	OUT  0x12,R30
                 ; 0000 003F     delay_ms(500);
00008d efa4      	LDI  R26,LOW(500)
00008e e0b1      	LDI  R27,HIGH(500)
00008f 940e 0338 	CALL _delay_ms
                 ; 0000 0040     }
000091 9453      	INC  R5
000092 cff1      	RJMP _0x5
                 _0x6:
                 ; 0000 0041 
                 ; 0000 0042 
                 ; 0000 0043 while (1)
                 _0x7:
                 ; 0000 0044       {
                 ; 0000 0045       // Place your code here
                 ; 0000 0046 
                 ; 0000 0047       }
000093 cfff      	RJMP _0x7
                 ; 0000 0048 }
                 _0xA:
000094 cfff      	RJMP _0xA
                 ; .FEND
                 
                 	.CSEG
                 _at24c512_write:
                 ; .FSTART _at24c512_write
000095 93aa      	ST   -Y,R26
000096 931a      	ST   -Y,R17
000097 81ee      	LDD  R30,Y+6
000098 5be0      	SUBI R30,-LOW(80)
000099 83ee      	STD  Y+6,R30
00009a 81ec      	LDD  R30,Y+4
00009b 81fd      	LDD  R31,Y+4+1
00009c 70e0      	ANDI R30,LOW(0xFF00)
00009d 2fef      	MOV  R30,R31
00009e e0f0      	LDI  R31,0
00009f 93e0 0277 	STS  _at24c512_buff,R30
0000a1 81ec      	LDD  R30,Y+4
                +
0000a2 93e0 0278+STS _at24c512_buff + ( 1 ) , R30
                 	__PUTB1MN _at24c512_buff,1
0000a4 e010      	LDI  R17,LOW(0)
                 _0x2000004:
0000a5 81e9      	LDD  R30,Y+1
0000a6 171e      	CP   R17,R30
0000a7 f478      	BRSH _0x2000005
0000a8 2fe1      	MOV  R30,R17
0000a9 e0f0      	LDI  R31,0
                +
0000aa 58e7     +SUBI R30 , LOW ( - _at24c512_buff - ( 2 ) )
0000ab 4ffd     +SBCI R31 , HIGH ( - _at24c512_buff - ( 2 ) )
                 	__ADDW1MN _at24c512_buff,2
0000ac 010f      	MOVW R0,R30
0000ad 81aa      	LDD  R26,Y+2
0000ae 81bb      	LDD  R27,Y+2+1
0000af 27ee      	CLR  R30
0000b0 0fa1      	ADD  R26,R17
0000b1 1fbe      	ADC  R27,R30
0000b2 91ec      	LD   R30,X
0000b3 01d0      	MOVW R26,R0
0000b4 93ec      	ST   X,R30
0000b5 5f1f      	SUBI R17,-1
0000b6 cfee      	RJMP _0x2000004
                 _0x2000005:
0000b7 81ee      	LDD  R30,Y+6
0000b8 93ea      	ST   -Y,R30
0000b9 e7e7      	LDI  R30,LOW(_at24c512_buff)
0000ba e0f2      	LDI  R31,HIGH(_at24c512_buff)
0000bb 93fa      	ST   -Y,R31
0000bc 93ea      	ST   -Y,R30
0000bd 81ec      	LDD  R30,Y+4
0000be 5fee      	SUBI R30,-LOW(2)
0000bf 93ea      	ST   -Y,R30
0000c0 e0e0      	LDI  R30,LOW(0)
0000c1 e0f0      	LDI  R31,HIGH(0)
0000c2 93fa      	ST   -Y,R31
0000c3 93ea      	ST   -Y,R30
0000c4 e0a0      	LDI  R26,LOW(0)
0000c5 d04a      	RCALL _twi_master_trans
0000c6 8118      	LDD  R17,Y+0
0000c7 9627      	ADIW R28,7
0000c8 9508      	RET
                 ; .FEND
                 _at24c512_read:
                 ; .FSTART _at24c512_read
0000c9 93aa      	ST   -Y,R26
0000ca 81ed      	LDD  R30,Y+5
0000cb 5be0      	SUBI R30,-LOW(80)
0000cc 83ed      	STD  Y+5,R30
0000cd 81eb      	LDD  R30,Y+3
0000ce 81fc      	LDD  R31,Y+3+1
0000cf 70e0      	ANDI R30,LOW(0xFF00)
0000d0 2fef      	MOV  R30,R31
0000d1 e0f0      	LDI  R31,0
0000d2 93e0 0277 	STS  _at24c512_buff,R30
0000d4 81eb      	LDD  R30,Y+3
                +
0000d5 93e0 0278+STS _at24c512_buff + ( 1 ) , R30
                 	__PUTB1MN _at24c512_buff,1
0000d7 81ed      	LDD  R30,Y+5
0000d8 93ea      	ST   -Y,R30
0000d9 e7e7      	LDI  R30,LOW(_at24c512_buff)
0000da e0f2      	LDI  R31,HIGH(_at24c512_buff)
0000db 93fa      	ST   -Y,R31
0000dc 93ea      	ST   -Y,R30
0000dd e0e2      	LDI  R30,LOW(2)
0000de 93ea      	ST   -Y,R30
0000df 81ed      	LDD  R30,Y+5
0000e0 81fe      	LDD  R31,Y+5+1
0000e1 93fa      	ST   -Y,R31
0000e2 93ea      	ST   -Y,R30
0000e3 81ae      	LDD  R26,Y+6
0000e4 d02b      	RCALL _twi_master_trans
0000e5 9626      	ADIW R28,6
0000e6 9508      	RET
                 ; .FEND
                 	#ifndef __SLEEP_DEFINED__
                 	#endif
                 
                 	.DSEG
                 
                 	.CSEG
                 _twi_master_init:
                 ; .FSTART _twi_master_init
0000e7 93ba      	ST   -Y,R27
0000e8 93aa      	ST   -Y,R26
0000e9 931a      	ST   -Y,R17
0000ea 9468      	SET
0000eb f821      	BLD  R2,1
0000ec e0e7      	LDI  R30,LOW(7)
0000ed 93e0 0262 	STS  _twi_result,R30
0000ef e0e0      	LDI  R30,LOW(0)
0000f0 93e0 0301 	STS  _twi_slave_rx_handler_G101,R30
0000f2 93e0 0302 	STS  _twi_slave_rx_handler_G101+1,R30
0000f4 93e0 0303 	STS  _twi_slave_tx_handler_G101,R30
0000f6 93e0 0304 	STS  _twi_slave_tx_handler_G101+1,R30
0000f8 9aa9      	SBI  0x15,1
0000f9 9aa8      	SBI  0x15,0
0000fa bfe6      	OUT  0x36,R30
0000fb b1e1      	IN   R30,0x1
0000fc 7fec      	ANDI R30,LOW(0xFC)
0000fd b9e1      	OUT  0x1,R30
0000fe 81e9      	LDD  R30,Y+1
0000ff 81fa      	LDD  R31,Y+1+1
000100 eaa0      	LDI  R26,LOW(4000)
000101 e0bf      	LDI  R27,HIGH(4000)
000102 940e 0347 	CALL __DIVW21U
000104 2f1e      	MOV  R17,R30
000105 3018      	CPI  R17,8
000106 f008      	BRLO _0x2020004
000107 5018      	SUBI R17,LOW(8)
                 _0x2020004:
000108 b910      	OUT  0x0,R17
000109 b7e6      	IN   R30,0x36
00010a 78e0      	ANDI R30,LOW(0x80)
00010b 64e5      	ORI  R30,LOW(0x45)
00010c bfe6      	OUT  0x36,R30
00010d 8118      	LDD  R17,Y+0
00010e 9623      	ADIW R28,3
00010f 9508      	RET
                 ; .FEND
                 _twi_master_trans:
                 ; .FSTART _twi_master_trans
000110 93aa      	ST   -Y,R26
000111 9724      	SBIW R28,4
000112 fe21      	SBRS R2,1
000113 c064      	RJMP _0x2020005
000114 85ea      	LDD  R30,Y+10
000115 0fee      	LSL  R30
000116 93e0 02f9 	STS  _slave_address_G101,R30
000118 85e8      	LDD  R30,Y+8
000119 85f9      	LDD  R31,Y+8+1
00011a 93e0 02fa 	STS  _twi_tx_buffer_G101,R30
00011c 93f0 02fb 	STS  _twi_tx_buffer_G101+1,R31
00011e e0e0      	LDI  R30,LOW(0)
00011f 93e0 0260 	STS  _twi_tx_index,R30
000121 81ef      	LDD  R30,Y+7
000122 93e0 02fc 	STS  _bytes_to_tx_G101,R30
000124 81ed      	LDD  R30,Y+5
000125 81fe      	LDD  R31,Y+5+1
000126 93e0 02fd 	STS  _twi_rx_buffer_G101,R30
000128 93f0 02fe 	STS  _twi_rx_buffer_G101+1,R31
00012a e0e0      	LDI  R30,LOW(0)
00012b 93e0 0261 	STS  _twi_rx_index,R30
00012d 81ec      	LDD  R30,Y+4
00012e 93e0 02ff 	STS  _bytes_to_rx_G101,R30
000130 e0e6      	LDI  R30,LOW(6)
000131 93e0 0262 	STS  _twi_result,R30
000133 9478      	sei
000134 81ef      	LDD  R30,Y+7
000135 30e0      	CPI  R30,0
000136 f081      	BREQ _0x2020006
000137 85e8      	LDD  R30,Y+8
000138 85f9      	LDD  R31,Y+8+1
000139 9730      	SBIW R30,0
00013a f409      	BRNE _0x2020007
00013b c03c      	RJMP _0x2060002
                 _0x2020007:
00013c 81ec      	LDD  R30,Y+4
00013d 30e0      	CPI  R30,0
00013e f021      	BREQ _0x2020009
00013f 81ad      	LDD  R26,Y+5
000140 81be      	LDD  R27,Y+5+1
000141 9710      	SBIW R26,0
000142 f009      	BREQ _0x202000A
                 _0x2020009:
000143 c001      	RJMP _0x2020008
                 _0x202000A:
000144 c033      	RJMP _0x2060002
                 _0x2020008:
000145 9468      	SET
000146 c00d      	RJMP _0x2020065
                 _0x2020006:
000147 81ec      	LDD  R30,Y+4
000148 30e0      	CPI  R30,0
000149 f141      	BREQ _0x202000C
00014a 81ed      	LDD  R30,Y+5
00014b 81fe      	LDD  R31,Y+5+1
00014c 9730      	SBIW R30,0
00014d f151      	BREQ _0x2060002
00014e 91e0 02f9 	LDS  R30,_slave_address_G101
000150 60e1      	ORI  R30,1
000151 93e0 02f9 	STS  _slave_address_G101,R30
000153 94e8      	CLT
                 _0x2020065:
000154 f820      	BLD  R2,0
000155 94e8      	CLT
000156 f821      	BLD  R2,1
000157 b7e6      	IN   R30,0x36
000158 70ef      	ANDI R30,LOW(0xF)
000159 6ae0      	ORI  R30,LOW(0xA0)
00015a bfe6      	OUT  0x36,R30
                +
00015b e2e0     +LDI R30 , LOW ( 0x7A120 )
00015c eaf1     +LDI R31 , HIGH ( 0x7A120 )
00015d e067     +LDI R22 , BYTE3 ( 0x7A120 )
00015e e070     +LDI R23 , BYTE4 ( 0x7A120 )
                 	__GETD1N 0x7A120
00015f 940e 035f 	CALL __PUTD1S0
                 _0x202000E:
000161 fc21      	SBRC R2,1
000162 c00f      	RJMP _0x2020010
000163 940e 035a 	CALL __GETD1S0
000165 9731      	SBIW R30,1
000166 4060      	SBCI R22,0
000167 4070      	SBCI R23,0
000168 940e 035f 	CALL __PUTD1S0
00016a f431      	BRNE _0x2020011
00016b e0e5      	LDI  R30,LOW(5)
00016c 93e0 0262 	STS  _twi_result,R30
00016e 9468      	SET
00016f f821      	BLD  R2,1
000170 c007      	RJMP _0x2060002
                 _0x2020011:
000171 cfef      	RJMP _0x202000E
                 _0x2020010:
                 _0x202000C:
000172 91a0 0262 	LDS  R26,_twi_result
000174 e0e0      	LDI  R30,LOW(0)
000175 940e 0342 	CALL __EQB12
000177 c001      	RJMP _0x2060001
                 _0x2020005:
                 _0x2060002:
000178 e0e0      	LDI  R30,LOW(0)
                 _0x2060001:
000179 962b      	ADIW R28,11
00017a 9508      	RET
                 ; .FEND
                 _twi_int_handler:
                 ; .FSTART _twi_int_handler
00017b 920a      	ST   -Y,R0
00017c 921a      	ST   -Y,R1
00017d 92fa      	ST   -Y,R15
00017e 936a      	ST   -Y,R22
00017f 937a      	ST   -Y,R23
000180 938a      	ST   -Y,R24
000181 939a      	ST   -Y,R25
000182 93aa      	ST   -Y,R26
000183 93ba      	ST   -Y,R27
000184 93ea      	ST   -Y,R30
000185 93fa      	ST   -Y,R31
000186 b7ef      	IN   R30,SREG
000187 93ea      	ST   -Y,R30
000188 940e 0364 	CALL __SAVELOCR6
00018a 9110 0261 	LDS  R17,_twi_rx_index
00018c 9100 0260 	LDS  R16,_twi_tx_index
00018e 9130 02fc 	LDS  R19,_bytes_to_tx_G101
000190 9120 0262 	LDS  R18,_twi_result
000192 2fe1      	MOV  R30,R17
000193 91a0 02fd 	LDS  R26,_twi_rx_buffer_G101
000195 91b0 02fe 	LDS  R27,_twi_rx_buffer_G101+1
000197 e0f0      	LDI  R31,0
000198 0fea      	ADD  R30,R26
000199 1ffb      	ADC  R31,R27
00019a 01af      	MOVW R20,R30
00019b b1e1      	IN   R30,0x1
00019c 7fe8      	ANDI R30,LOW(0xF8)
00019d 30e8      	CPI  R30,LOW(0x8)
00019e f411      	BRNE _0x2020017
00019f e020      	LDI  R18,LOW(0)
0001a0 c002      	RJMP _0x2020018
                 _0x2020017:
0001a1 31e0      	CPI  R30,LOW(0x10)
0001a2 f419      	BRNE _0x2020019
                 _0x2020018:
0001a3 91e0 02f9 	LDS  R30,_slave_address_G101
0001a5 c010      	RJMP _0x2020067
                 _0x2020019:
0001a6 31e8      	CPI  R30,LOW(0x18)
0001a7 f011      	BREQ _0x202001D
0001a8 32e8      	CPI  R30,LOW(0x28)
0001a9 f521      	BRNE _0x202001E
                 _0x202001D:
0001aa 1703      	CP   R16,R19
0001ab f480      	BRSH _0x202001F
0001ac 2fe0      	MOV  R30,R16
0001ad 5f0f      	SUBI R16,-1
0001ae 91a0 02fa 	LDS  R26,_twi_tx_buffer_G101
0001b0 91b0 02fb 	LDS  R27,_twi_tx_buffer_G101+1
0001b2 e0f0      	LDI  R31,0
0001b3 0fae      	ADD  R26,R30
0001b4 1fbf      	ADC  R27,R31
0001b5 91ec      	LD   R30,X
                 _0x2020067:
0001b6 b9e3      	OUT  0x3,R30
0001b7 b7e6      	IN   R30,0x36
0001b8 70ef      	ANDI R30,LOW(0xF)
0001b9 68e0      	ORI  R30,0x80
0001ba bfe6      	OUT  0x36,R30
0001bb c011      	RJMP _0x2020020
                 _0x202001F:
0001bc 91e0 02ff 	LDS  R30,_bytes_to_rx_G101
0001be 171e      	CP   R17,R30
0001bf f460      	BRSH _0x2020021
0001c0 91e0 02f9 	LDS  R30,_slave_address_G101
0001c2 60e1      	ORI  R30,1
0001c3 93e0 02f9 	STS  _slave_address_G101,R30
0001c5 94e8      	CLT
0001c6 f820      	BLD  R2,0
0001c7 b7e6      	IN   R30,0x36
0001c8 70ef      	ANDI R30,LOW(0xF)
0001c9 6ae0      	ORI  R30,LOW(0xA0)
0001ca bfe6      	OUT  0x36,R30
0001cb c0fb      	RJMP _0x2020016
                 _0x2020021:
0001cc c033      	RJMP _0x2020022
                 _0x2020020:
0001cd c0f9      	RJMP _0x2020016
                 _0x202001E:
0001ce 35e0      	CPI  R30,LOW(0x50)
0001cf f429      	BRNE _0x2020023
0001d0 b1e3      	IN   R30,0x3
0001d1 01da      	MOVW R26,R20
0001d2 93ec      	ST   X,R30
0001d3 5f1f      	SUBI R17,-LOW(1)
0001d4 c002      	RJMP _0x2020024
                 _0x2020023:
0001d5 34e0      	CPI  R30,LOW(0x40)
0001d6 f471      	BRNE _0x2020025
                 _0x2020024:
0001d7 91e0 02ff 	LDS  R30,_bytes_to_rx_G101
0001d9 50e1      	SUBI R30,LOW(1)
0001da 171e      	CP   R17,R30
0001db f020      	BRLO _0x2020026
0001dc b7e6      	IN   R30,0x36
0001dd 70ef      	ANDI R30,LOW(0xF)
0001de 68e0      	ORI  R30,0x80
0001df c003      	RJMP _0x2020068
                 _0x2020026:
0001e0 b7e6      	IN   R30,0x36
0001e1 70ef      	ANDI R30,LOW(0xF)
0001e2 6ce0      	ORI  R30,LOW(0xC0)
                 _0x2020068:
0001e3 bfe6      	OUT  0x36,R30
0001e4 c0e2      	RJMP _0x2020016
                 _0x2020025:
0001e5 35e8      	CPI  R30,LOW(0x58)
0001e6 f429      	BRNE _0x2020028
0001e7 b1e3      	IN   R30,0x3
0001e8 01da      	MOVW R26,R20
0001e9 93ec      	ST   X,R30
0001ea 5f1f      	SUBI R17,-LOW(1)
0001eb c002      	RJMP _0x2020029
                 _0x2020028:
0001ec 32e0      	CPI  R30,LOW(0x20)
0001ed f409      	BRNE _0x202002A
                 _0x2020029:
0001ee c002      	RJMP _0x202002B
                 _0x202002A:
0001ef 33e0      	CPI  R30,LOW(0x30)
0001f0 f409      	BRNE _0x202002C
                 _0x202002B:
0001f1 c002      	RJMP _0x202002D
                 _0x202002C:
0001f2 34e8      	CPI  R30,LOW(0x48)
0001f3 f469      	BRNE _0x202002E
                 _0x202002D:
0001f4 3020      	CPI  R18,0
0001f5 f451      	BRNE _0x202002F
0001f6 fe20      	SBRS R2,0
0001f7 c003      	RJMP _0x2020030
0001f8 1703      	CP   R16,R19
0001f9 f028      	BRLO _0x2020032
0001fa c005      	RJMP _0x2020033
                 _0x2020030:
0001fb 91e0 02ff 	LDS  R30,_bytes_to_rx_G101
0001fd 171e      	CP   R17,R30
0001fe f408      	BRSH _0x2020034
                 _0x2020032:
0001ff e024      	LDI  R18,LOW(4)
                 _0x2020034:
                 _0x2020033:
                 _0x202002F:
                 _0x2020022:
000200 c0c0      	RJMP _0x2020069
                 _0x202002E:
000201 33e8      	CPI  R30,LOW(0x38)
000202 f429      	BRNE _0x2020037
000203 e022      	LDI  R18,LOW(2)
000204 b7e6      	IN   R30,0x36
000205 70ef      	ANDI R30,LOW(0xF)
000206 68e0      	ORI  R30,0x80
000207 c0bc      	RJMP _0x202006A
                 _0x2020037:
000208 36e8      	CPI  R30,LOW(0x68)
000209 f011      	BREQ _0x202003A
00020a 37e8      	CPI  R30,LOW(0x78)
00020b f411      	BRNE _0x202003B
                 _0x202003A:
00020c e022      	LDI  R18,LOW(2)
00020d c005      	RJMP _0x202003C
                 _0x202003B:
00020e 36e0      	CPI  R30,LOW(0x60)
00020f f011      	BREQ _0x202003F
000210 37e0      	CPI  R30,LOW(0x70)
000211 f491      	BRNE _0x2020040
                 _0x202003F:
000212 e020      	LDI  R18,LOW(0)
                 _0x202003C:
000213 e010      	LDI  R17,LOW(0)
000214 94e8      	CLT
000215 f820      	BLD  R2,0
000216 91e0 0300 	LDS  R30,_twi_rx_buffer_size_G101
000218 30e0      	CPI  R30,0
000219 f429      	BRNE _0x2020041
00021a e021      	LDI  R18,LOW(1)
00021b b7e6      	IN   R30,0x36
00021c 70ef      	ANDI R30,LOW(0xF)
00021d 68e0      	ORI  R30,0x80
00021e c003      	RJMP _0x202006B
                 _0x2020041:
00021f b7e6      	IN   R30,0x36
000220 70ef      	ANDI R30,LOW(0xF)
000221 6ce0      	ORI  R30,LOW(0xC0)
                 _0x202006B:
000222 bfe6      	OUT  0x36,R30
000223 c0a3      	RJMP _0x2020016
                 _0x2020040:
000224 38e0      	CPI  R30,LOW(0x80)
000225 f011      	BREQ _0x2020044
000226 39e0      	CPI  R30,LOW(0x90)
000227 f529      	BRNE _0x2020045
                 _0x2020044:
000228 fe20      	SBRS R2,0
000229 c002      	RJMP _0x2020046
00022a e021      	LDI  R18,LOW(1)
00022b c095      	RJMP _0x2020047
                 _0x2020046:
00022c b1e3      	IN   R30,0x3
00022d 01da      	MOVW R26,R20
00022e 93ec      	ST   X,R30
00022f 5f1f      	SUBI R17,-LOW(1)
000230 91e0 0300 	LDS  R30,_twi_rx_buffer_size_G101
000232 171e      	CP   R17,R30
000233 f4b0      	BRSH _0x2020048
000234 91e0 0301 	LDS  R30,_twi_slave_rx_handler_G101
000236 91f0 0302 	LDS  R31,_twi_slave_rx_handler_G101+1
000238 9730      	SBIW R30,0
000239 f411      	BRNE _0x2020049
00023a e026      	LDI  R18,LOW(6)
00023b c085      	RJMP _0x2020047
                 _0x2020049:
00023c e0a0      	LDI  R26,LOW(0)
                +
00023d 91e0 0301+LDS R30 , _twi_slave_rx_handler_G101 + ( 0 )
00023f 91f0 0302+LDS R31 , _twi_slave_rx_handler_G101 + ( 0 ) + 1
000241 9509     +ICALL
                 	__CALL1MN _twi_slave_rx_handler_G101,0
000242 30e0      	CPI  R30,0
000243 f029      	BREQ _0x202004A
000244 b7e6      	IN   R30,0x36
000245 70ef      	ANDI R30,LOW(0xF)
000246 6ce0      	ORI  R30,LOW(0xC0)
000247 bfe6      	OUT  0x36,R30
000248 c07e      	RJMP _0x2020016
                 _0x202004A:
000249 c002      	RJMP _0x202004B
                 _0x2020048:
00024a 9468      	SET
00024b f820      	BLD  R2,0
                 _0x202004B:
00024c c002      	RJMP _0x202004C
                 _0x2020045:
00024d 38e8      	CPI  R30,LOW(0x88)
00024e f409      	BRNE _0x202004D
                 _0x202004C:
00024f c002      	RJMP _0x202004E
                 _0x202004D:
000250 39e8      	CPI  R30,LOW(0x98)
000251 f429      	BRNE _0x202004F
                 _0x202004E:
000252 b7e6      	IN   R30,0x36
000253 70ef      	ANDI R30,LOW(0xF)
000254 68e0      	ORI  R30,0x80
000255 bfe6      	OUT  0x36,R30
000256 c070      	RJMP _0x2020016
                 _0x202004F:
000257 3ae0      	CPI  R30,LOW(0xA0)
000258 f4a9      	BRNE _0x2020050
000259 b7e6      	IN   R30,0x36
00025a 70ef      	ANDI R30,LOW(0xF)
00025b 6ce0      	ORI  R30,LOW(0xC0)
00025c bfe6      	OUT  0x36,R30
00025d 9468      	SET
00025e f821      	BLD  R2,1
00025f 91e0 0301 	LDS  R30,_twi_slave_rx_handler_G101
000261 91f0 0302 	LDS  R31,_twi_slave_rx_handler_G101+1
000263 9730      	SBIW R30,0
000264 f039      	BREQ _0x2020051
000265 e0a1      	LDI  R26,LOW(1)
                +
000266 91e0 0301+LDS R30 , _twi_slave_rx_handler_G101 + ( 0 )
000268 91f0 0302+LDS R31 , _twi_slave_rx_handler_G101 + ( 0 ) + 1
00026a 9509     +ICALL
                 	__CALL1MN _twi_slave_rx_handler_G101,0
00026b c001      	RJMP _0x2020052
                 _0x2020051:
00026c e026      	LDI  R18,LOW(6)
                 _0x2020052:
00026d c059      	RJMP _0x2020016
                 _0x2020050:
00026e 3be0      	CPI  R30,LOW(0xB0)
00026f f411      	BRNE _0x2020053
000270 e022      	LDI  R18,LOW(2)
000271 c002      	RJMP _0x2020054
                 _0x2020053:
000272 3ae8      	CPI  R30,LOW(0xA8)
000273 f4b9      	BRNE _0x2020055
                 _0x2020054:
000274 91e0 0303 	LDS  R30,_twi_slave_tx_handler_G101
000276 91f0 0304 	LDS  R31,_twi_slave_tx_handler_G101+1
000278 9730      	SBIW R30,0
000279 f059      	BREQ _0x2020056
00027a e0a0      	LDI  R26,LOW(0)
                +
00027b 91e0 0303+LDS R30 , _twi_slave_tx_handler_G101 + ( 0 )
00027d 91f0 0304+LDS R31 , _twi_slave_tx_handler_G101 + ( 0 ) + 1
00027f 9509     +ICALL
                 	__CALL1MN _twi_slave_tx_handler_G101,0
000280 2f3e      	MOV  R19,R30
000281 30e0      	CPI  R30,0
000282 f011      	BREQ _0x2020058
000283 e020      	LDI  R18,LOW(0)
000284 c002      	RJMP _0x2020059
                 _0x2020056:
                 _0x2020058:
000285 e026      	LDI  R18,LOW(6)
000286 c03a      	RJMP _0x2020047
                 _0x2020059:
000287 e000      	LDI  R16,LOW(0)
000288 94e8      	CLT
000289 f820      	BLD  R2,0
00028a c002      	RJMP _0x202005A
                 _0x2020055:
00028b 3be8      	CPI  R30,LOW(0xB8)
00028c f4e1      	BRNE _0x202005B
                 _0x202005A:
00028d fe20      	SBRS R2,0
00028e c002      	RJMP _0x202005C
00028f e021      	LDI  R18,LOW(1)
000290 c030      	RJMP _0x2020047
                 _0x202005C:
000291 2fe0      	MOV  R30,R16
000292 5f0f      	SUBI R16,-1
000293 91a0 02fa 	LDS  R26,_twi_tx_buffer_G101
000295 91b0 02fb 	LDS  R27,_twi_tx_buffer_G101+1
000297 e0f0      	LDI  R31,0
000298 0fae      	ADD  R26,R30
000299 1fbf      	ADC  R27,R31
00029a 91ec      	LD   R30,X
00029b b9e3      	OUT  0x3,R30
00029c 1703      	CP   R16,R19
00029d f420      	BRSH _0x202005D
00029e b7e6      	IN   R30,0x36
00029f 70ef      	ANDI R30,LOW(0xF)
0002a0 6ce0      	ORI  R30,LOW(0xC0)
0002a1 c005      	RJMP _0x202006C
                 _0x202005D:
0002a2 9468      	SET
0002a3 f820      	BLD  R2,0
0002a4 b7e6      	IN   R30,0x36
0002a5 70ef      	ANDI R30,LOW(0xF)
0002a6 68e0      	ORI  R30,0x80
                 _0x202006C:
0002a7 bfe6      	OUT  0x36,R30
0002a8 c01e      	RJMP _0x2020016
                 _0x202005B:
0002a9 3ce0      	CPI  R30,LOW(0xC0)
0002aa f011      	BREQ _0x2020060
0002ab 3ce8      	CPI  R30,LOW(0xC8)
0002ac f489      	BRNE _0x2020061
                 _0x2020060:
0002ad b7e6      	IN   R30,0x36
0002ae 70ef      	ANDI R30,LOW(0xF)
0002af 6ce0      	ORI  R30,LOW(0xC0)
0002b0 bfe6      	OUT  0x36,R30
0002b1 91e0 0303 	LDS  R30,_twi_slave_tx_handler_G101
0002b3 91f0 0304 	LDS  R31,_twi_slave_tx_handler_G101+1
0002b5 9730      	SBIW R30,0
0002b6 f031      	BREQ _0x2020062
0002b7 e0a1      	LDI  R26,LOW(1)
                +
0002b8 91e0 0303+LDS R30 , _twi_slave_tx_handler_G101 + ( 0 )
0002ba 91f0 0304+LDS R31 , _twi_slave_tx_handler_G101 + ( 0 ) + 1
0002bc 9509     +ICALL
                 	__CALL1MN _twi_slave_tx_handler_G101,0
                 _0x2020062:
0002bd c007      	RJMP _0x2020035
                 _0x2020061:
0002be 30e0      	CPI  R30,0
0002bf f439      	BRNE _0x2020016
0002c0 e023      	LDI  R18,LOW(3)
                 _0x2020047:
                 _0x2020069:
0002c1 b7e6      	IN   R30,0x36
0002c2 70ef      	ANDI R30,LOW(0xF)
0002c3 6de0      	ORI  R30,LOW(0xD0)
                 _0x202006A:
0002c4 bfe6      	OUT  0x36,R30
                 _0x2020035:
0002c5 9468      	SET
0002c6 f821      	BLD  R2,1
                 _0x2020016:
0002c7 9310 0261 	STS  _twi_rx_index,R17
0002c9 9300 0260 	STS  _twi_tx_index,R16
0002cb 9320 0262 	STS  _twi_result,R18
0002cd 9330 02fc 	STS  _bytes_to_tx_G101,R19
0002cf 940e 036b 	CALL __LOADLOCR6
0002d1 9626      	ADIW R28,6
0002d2 91e9      	LD   R30,Y+
0002d3 bfef      	OUT  SREG,R30
0002d4 91f9      	LD   R31,Y+
0002d5 91e9      	LD   R30,Y+
0002d6 91b9      	LD   R27,Y+
0002d7 91a9      	LD   R26,Y+
0002d8 9199      	LD   R25,Y+
0002d9 9189      	LD   R24,Y+
0002da 9179      	LD   R23,Y+
0002db 9169      	LD   R22,Y+
0002dc 90f9      	LD   R15,Y+
0002dd 9019      	LD   R1,Y+
0002de 9009      	LD   R0,Y+
0002df 9518      	RETI
                 ; .FEND
                 
                 	.CSEG
                 
                 	.DSEG
                 _twi_tx_index:
000260           	.BYTE 0x1
                 _twi_rx_index:
000261           	.BYTE 0x1
                 _twi_result:
000262           	.BYTE 0x1
                 _write_buff:
000263           	.BYTE 0xA
                 _read_buff:
00026d           	.BYTE 0xA
                 _at24c512_buff:
000277           	.BYTE 0x82
                 _slave_address_G101:
0002f9           	.BYTE 0x1
                 _twi_tx_buffer_G101:
0002fa           	.BYTE 0x2
                 _bytes_to_tx_G101:
0002fc           	.BYTE 0x1
                 _twi_rx_buffer_G101:
0002fd           	.BYTE 0x2
                 _bytes_to_rx_G101:
0002ff           	.BYTE 0x1
                 _twi_rx_buffer_size_G101:
000300           	.BYTE 0x1
                 _twi_slave_rx_handler_G101:
000301           	.BYTE 0x2
                 _twi_slave_tx_handler_G101:
000303           	.BYTE 0x2
                 
                 	.CSEG
                 ;OPTIMIZER ADDED SUBROUTINE, CALLED 2 TIMES, CODE SIZE REDUCTION:1 WORDS
                 SUBOPT_0x0:
0002e0 e0e0      	LDI  R30,LOW(0)
0002e1 93ea      	ST   -Y,R30
0002e2 e0e0      	LDI  R30,LOW(0)
0002e3 e0f0      	LDI  R31,HIGH(0)
0002e4 93fa      	ST   -Y,R31
0002e5 93ea      	ST   -Y,R30
0002e6 9508      	RET
                 
                 
                 	.CSEG
                 	.equ __sda_bit=1
                 	.equ __scl_bit=0
                 	.equ __i2c_port=0x15 ;PORTC
                 	.equ __i2c_dir=__i2c_port-1
                 	.equ __i2c_pin=__i2c_port-2
                 
                 _i2c_init:
0002e7 98a8      	cbi  __i2c_port,__scl_bit
0002e8 98a9      	cbi  __i2c_port,__sda_bit
0002e9 9aa0      	sbi  __i2c_dir,__scl_bit
0002ea 98a1      	cbi  __i2c_dir,__sda_bit
0002eb c015      	rjmp __i2c_delay2
                 _i2c_start:
0002ec 98a1      	cbi  __i2c_dir,__sda_bit
0002ed 98a0      	cbi  __i2c_dir,__scl_bit
0002ee 27ee      	clr  r30
0002ef 0000      	nop
0002f0 9b99      	sbis __i2c_pin,__sda_bit
0002f1 9508      	ret
0002f2 9b98      	sbis __i2c_pin,__scl_bit
0002f3 9508      	ret
0002f4 d004      	rcall __i2c_delay1
0002f5 9aa1      	sbi  __i2c_dir,__sda_bit
0002f6 d002      	rcall __i2c_delay1
0002f7 9aa0      	sbi  __i2c_dir,__scl_bit
0002f8 e0e1      	ldi  r30,1
                 __i2c_delay1:
0002f9 e06d      	ldi  r22,13
0002fa c007      	rjmp __i2c_delay2l
                 _i2c_stop:
0002fb 9aa1      	sbi  __i2c_dir,__sda_bit
0002fc 9aa0      	sbi  __i2c_dir,__scl_bit
0002fd d003      	rcall __i2c_delay2
0002fe 98a0      	cbi  __i2c_dir,__scl_bit
0002ff dff9      	rcall __i2c_delay1
000300 98a1      	cbi  __i2c_dir,__sda_bit
                 __i2c_delay2:
000301 e16b      	ldi  r22,27
                 __i2c_delay2l:
000302 956a      	dec  r22
000303 f7f1      	brne __i2c_delay2l
000304 9508      	ret
                 _i2c_read:
000305 e078      	ldi  r23,8
                 __i2c_read0:
000306 98a0      	cbi  __i2c_dir,__scl_bit
000307 dff1      	rcall __i2c_delay1
                 __i2c_read3:
000308 9b98      	sbis __i2c_pin,__scl_bit
000309 cffe      	rjmp __i2c_read3
00030a dfee      	rcall __i2c_delay1
00030b 9488      	clc
00030c 9999      	sbic __i2c_pin,__sda_bit
00030d 9408      	sec
00030e 9aa0      	sbi  __i2c_dir,__scl_bit
00030f dff1      	rcall __i2c_delay2
000310 1fee      	rol  r30
000311 957a      	dec  r23
000312 f799      	brne __i2c_read0
000313 2f7a      	mov  r23,r26
000314 2377      	tst  r23
000315 f411      	brne __i2c_read1
000316 98a1      	cbi  __i2c_dir,__sda_bit
000317 c001      	rjmp __i2c_read2
                 __i2c_read1:
000318 9aa1      	sbi  __i2c_dir,__sda_bit
                 __i2c_read2:
000319 dfdf      	rcall __i2c_delay1
00031a 98a0      	cbi  __i2c_dir,__scl_bit
00031b dfe5      	rcall __i2c_delay2
00031c 9aa0      	sbi  __i2c_dir,__scl_bit
00031d dfdb      	rcall __i2c_delay1
00031e 98a1      	cbi  __i2c_dir,__sda_bit
00031f cfd9      	rjmp __i2c_delay1
                 
                 _i2c_write:
000320 e078      	ldi  r23,8
                 __i2c_write0:
000321 0faa      	lsl  r26
000322 f410      	brcc __i2c_write1
000323 98a1      	cbi  __i2c_dir,__sda_bit
000324 c001      	rjmp __i2c_write2
                 __i2c_write1:
000325 9aa1      	sbi  __i2c_dir,__sda_bit
                 __i2c_write2:
000326 dfda      	rcall __i2c_delay2
000327 98a0      	cbi  __i2c_dir,__scl_bit
000328 dfd0      	rcall __i2c_delay1
                 __i2c_write3:
000329 9b98      	sbis __i2c_pin,__scl_bit
00032a cffe      	rjmp __i2c_write3
00032b dfcd      	rcall __i2c_delay1
00032c 9aa0      	sbi  __i2c_dir,__scl_bit
00032d 957a      	dec  r23
00032e f791      	brne __i2c_write0
00032f 98a1      	cbi  __i2c_dir,__sda_bit
000330 dfc8      	rcall __i2c_delay1
000331 98a0      	cbi  __i2c_dir,__scl_bit
000332 dfce      	rcall __i2c_delay2
000333 e0e1      	ldi  r30,1
000334 9999      	sbic __i2c_pin,__sda_bit
000335 27ee      	clr  r30
000336 9aa0      	sbi  __i2c_dir,__scl_bit
000337 cfc1      	rjmp __i2c_delay1
                 
                 _delay_ms:
000338 9610      	adiw r26,0
000339 f039      	breq __delay_ms1
                 __delay_ms0:
00033a 95a8      	wdr
                +
00033b ed80     +LDI R24 , LOW ( 0x7D0 )
00033c e097     +LDI R25 , HIGH ( 0x7D0 )
                +__DELAY_USW_LOOP :
00033d 9701     +SBIW R24 , 1
00033e f7f1     +BRNE __DELAY_USW_LOOP
                 	__DELAY_USW 0x7D0
00033f 9711      	sbiw r26,1
000340 f7c9      	brne __delay_ms0
                 __delay_ms1:
000341 9508      	ret
                 
                 __EQB12:
000342 17ea      	CP   R30,R26
000343 e0e1      	LDI  R30,1
000344 f009      	BREQ __EQB12T
000345 27ee      	CLR  R30
                 __EQB12T:
000346 9508      	RET
                 
                 __DIVW21U:
000347 2400      	CLR  R0
000348 2411      	CLR  R1
000349 e190      	LDI  R25,16
                 __DIVW21U1:
00034a 0faa      	LSL  R26
00034b 1fbb      	ROL  R27
00034c 1c00      	ROL  R0
00034d 1c11      	ROL  R1
00034e 1a0e      	SUB  R0,R30
00034f 0a1f      	SBC  R1,R31
000350 f418      	BRCC __DIVW21U2
000351 0e0e      	ADD  R0,R30
000352 1e1f      	ADC  R1,R31
000353 c001      	RJMP __DIVW21U3
                 __DIVW21U2:
000354 60a1      	SBR  R26,1
                 __DIVW21U3:
000355 959a      	DEC  R25
000356 f799      	BRNE __DIVW21U1
000357 01fd      	MOVW R30,R26
000358 01d0      	MOVW R26,R0
000359 9508      	RET
                 
                 __GETD1S0:
00035a 81e8      	LD   R30,Y
00035b 81f9      	LDD  R31,Y+1
00035c 816a      	LDD  R22,Y+2
00035d 817b      	LDD  R23,Y+3
00035e 9508      	RET
                 
                 __PUTD1S0:
00035f 83e8      	ST   Y,R30
000360 83f9      	STD  Y+1,R31
000361 836a      	STD  Y+2,R22
000362 837b      	STD  Y+3,R23
000363 9508      	RET
                 
                 __SAVELOCR6:
000364 935a      	ST   -Y,R21
                 __SAVELOCR5:
000365 934a      	ST   -Y,R20
                 __SAVELOCR4:
000366 933a      	ST   -Y,R19
                 __SAVELOCR3:
000367 932a      	ST   -Y,R18
                 __SAVELOCR2:
000368 931a      	ST   -Y,R17
000369 930a      	ST   -Y,R16
00036a 9508      	RET
                 
                 __LOADLOCR6:
00036b 815d      	LDD  R21,Y+5
                 __LOADLOCR5:
00036c 814c      	LDD  R20,Y+4
                 __LOADLOCR4:
00036d 813b      	LDD  R19,Y+3
                 __LOADLOCR3:
00036e 812a      	LDD  R18,Y+2
                 __LOADLOCR2:
00036f 8119      	LDD  R17,Y+1
000370 8108      	LD   R16,Y
000371 9508      	RET
                 
                 ;END OF CODE MARKER
                 __END_OF_CODE:


RESOURCE USE INFORMATION
------------------------

Notice:
The register and instruction counts are symbol table hit counts,
and hence implicitly used resources are not counted, eg, the
'lpm' instruction without operands implicitly uses r0 and z,
none of which are counted.

x,y,z are separate entities in the symbol table and are
counted separately from r26..r31 here.

.dseg memory usage only counts static data declared with .byte

ATmega32 register use summary:
r0 :  13 r1 :   7 r2 :  16 r3 :   0 r4 :   0 r5 :   4 r6 :   0 r7 :   0 
r8 :   0 r9 :   0 r10:   0 r11:   0 r12:   0 r13:   0 r14:   0 r15:   2 
r16:  12 r17:  26 r18:  19 r19:   8 r20:   6 r21:   2 r22:  11 r23:  12 
r24:  11 r25:   7 r26:  45 r27:  19 r28:   7 r29:   1 r30: 277 r31:  55 
x  :  10 y  : 109 z  :   8 
Registers used: 24 out of 35 (68.6%)

ATmega32 instruction use summary:
.lds  :   0 .lds.l:   0 .sts  :   0 .sts.l:   0 adc   :   5 add   :   5 
adiw  :   6 and   :   0 andi  :  20 asr   :   0 bclr  :   0 bld   :  11 
brbc  :   0 brbs  :   0 brcc  :   2 brcs  :   0 break :   0 breq  :  18 
brge  :   0 brhc  :   0 brhs  :   0 brid  :   0 brie  :   0 brlo  :   3 
brlt  :   0 brmi  :   0 brne  :  36 brpl  :   0 brsh  :   7 brtc  :   0 
brts  :   0 brvc  :   0 brvs  :   0 bset  :   0 bst   :   0 call  :  12 
cbi   :  15 cbr   :   0 clc   :   1 clh   :   0 cli   :   1 cln   :   0 
clr   :   9 cls   :   0 clt   :   5 clv   :   0 clz   :   0 com   :   0 
cp    :  10 cpc   :   0 cpi   :  34 cpse  :   0 dec   :   5 des   :   0 
eor   :   0 fmul  :   0 fmuls :   0 fmulsu:   0 icall :   4 ijmp  :   0 
in    :  22 inc   :   1 jmp   :  22 ld    :  18 ldd   :  45 ldi   :  89 
lds   :  35 lpm   :   7 lsl   :   3 lsr   :   0 mov   :  10 movw  :  11 
mul   :   0 muls  :   0 mulsu :   0 neg   :   0 nop   :   1 or    :   0 
ori   :  18 out   :  26 pop   :   0 push  :   0 rcall :  20 ret   :  15 
reti  :   1 rjmp  :  61 rol   :   4 ror   :   0 sbc   :   1 sbci  :   4 
sbi   :  13 sbic  :   2 sbis  :   4 sbiw  :  14 sbr   :   1 sbrc  :   1 
sbrs  :   4 sec   :   1 seh   :   0 sei   :   1 sen   :   0 ser   :   0 
ses   :   0 set   :   7 sev   :   0 sez   :   0 sleep :   0 spm   :   0 
st    :  52 std   :   5 sts   :  26 sub   :   1 subi  :  13 swap  :   0 
tst   :   1 wdr   :   1 
Instructions used: 58 out of 116 (50.0%)

ATmega32 memory use summary [bytes]:
Segment   Begin    End      Code   Data   Used    Size   Use%
---------------------------------------------------------------
[.cseg] 0x000000 0x0006e4   1730     34   1764   32768   5.4%
[.dseg] 0x000060 0x000305      0    165    165    2048   8.1%
[.eseg] 0x000000 0x000000      0      0      0    1024   0.0%

Assembly complete, 0 errors, 2 warnings
