
AVRASM ver. 2.1.30  E:\Projects\AVR Projects\MQ135\Debug\List\mq135.asm Sun Aug 20 15:30:54 2023

E:\Projects\AVR Projects\MQ135\Debug\List\mq135.asm(1087): warning: Register r5 already defined by the .DEF directive
E:\Projects\AVR Projects\MQ135\Debug\List\mq135.asm(1088): warning: Register r4 already defined by the .DEF directive
E:\Projects\AVR Projects\MQ135\Debug\List\mq135.asm(1089): warning: Register r7 already defined by the .DEF directive
                 
                 
                 ;CodeVisionAVR C Compiler V3.14 Advanced
                 ;(C) Copyright 1998-2014 Pavel Haiduc, HP InfoTech s.r.l.
                 ;http://www.hpinfotech.com
                 
                 ;Build configuration    : Debug
                 ;Chip type              : ATmega32A
                 ;Program type           : Application
                 ;Clock frequency        : 8.000000 MHz
                 ;Memory model           : Small
                 ;Optimize for           : Size
                 ;(s)printf features     : int, width
                 ;(s)scanf features      : int, width
                 ;External RAM size      : 0
                 ;Data Stack size        : 512 byte(s)
                 ;Heap size              : 0 byte(s)
                 ;Promote 'char' to 'int': Yes
                 ;'char' is unsigned     : Yes
                 ;8 bit enums            : Yes
                 ;Global 'const' stored in FLASH: Yes
                 ;Enhanced function parameter passing: Yes
                 ;Enhanced core instructions: On
                 ;Automatic register allocation for global variables: On
                 ;Smart register allocation: On
                 
                 	#define _MODEL_SMALL_
                 
                 	#pragma AVRPART ADMIN PART_NAME ATmega32A
                 	#pragma AVRPART MEMORY PROG_FLASH 32768
                 	#pragma AVRPART MEMORY EEPROM 1024
                 	#pragma AVRPART MEMORY INT_SRAM SIZE 2048
                 	#pragma AVRPART MEMORY INT_SRAM START_ADDR 0x60
                 
                 	#define CALL_SUPPORTED 1
                 
                 	.LISTMAC
                 	.EQU UDRE=0x5
                 	.EQU RXC=0x7
                 	.EQU USR=0xB
                 	.EQU UDR=0xC
                 	.EQU SPSR=0xE
                 	.EQU SPDR=0xF
                 	.EQU EERE=0x0
                 	.EQU EEWE=0x1
                 	.EQU EEMWE=0x2
                 	.EQU EECR=0x1C
                 	.EQU EEDR=0x1D
                 	.EQU EEARL=0x1E
                 	.EQU EEARH=0x1F
                 	.EQU WDTCR=0x21
                 	.EQU MCUCR=0x35
                 	.EQU SPL=0x3D
                 	.EQU SPH=0x3E
                 	.EQU SREG=0x3F
                 
                 	.DEF R0X0=R0
                 	.DEF R0X1=R1
                 	.DEF R0X2=R2
                 	.DEF R0X3=R3
                 	.DEF R0X4=R4
                 	.DEF R0X5=R5
                 	.DEF R0X6=R6
                 	.DEF R0X7=R7
                 	.DEF R0X8=R8
                 	.DEF R0X9=R9
                 	.DEF R0XA=R10
                 	.DEF R0XB=R11
                 	.DEF R0XC=R12
                 	.DEF R0XD=R13
                 	.DEF R0XE=R14
                 	.DEF R0XF=R15
                 	.DEF R0X10=R16
                 	.DEF R0X11=R17
                 	.DEF R0X12=R18
                 	.DEF R0X13=R19
                 	.DEF R0X14=R20
                 	.DEF R0X15=R21
                 	.DEF R0X16=R22
                 	.DEF R0X17=R23
                 	.DEF R0X18=R24
                 	.DEF R0X19=R25
                 	.DEF R0X1A=R26
                 	.DEF R0X1B=R27
                 	.DEF R0X1C=R28
                 	.DEF R0X1D=R29
                 	.DEF R0X1E=R30
                 	.DEF R0X1F=R31
                 
                 	.EQU __SRAM_START=0x0060
                 	.EQU __SRAM_END=0x085F
                 	.EQU __DSTACK_SIZE=0x0200
                 	.EQU __HEAP_SIZE=0x0000
                 	.EQU __CLEAR_SRAM_SIZE=__SRAM_END-__SRAM_START+1
                 
                 	.MACRO __CPD1N
                 	CPI  R30,LOW(@0)
                 	LDI  R26,HIGH(@0)
                 	CPC  R31,R26
                 	LDI  R26,BYTE3(@0)
                 	CPC  R22,R26
                 	LDI  R26,BYTE4(@0)
                 	CPC  R23,R26
                 	.ENDM
                 
                 	.MACRO __CPD2N
                 	CPI  R26,LOW(@0)
                 	LDI  R30,HIGH(@0)
                 	CPC  R27,R30
                 	LDI  R30,BYTE3(@0)
                 	CPC  R24,R30
                 	LDI  R30,BYTE4(@0)
                 	CPC  R25,R30
                 	.ENDM
                 
                 	.MACRO __CPWRR
                 	CP   R@0,R@2
                 	CPC  R@1,R@3
                 	.ENDM
                 
                 	.MACRO __CPWRN
                 	CPI  R@0,LOW(@2)
                 	LDI  R30,HIGH(@2)
                 	CPC  R@1,R30
                 	.ENDM
                 
                 	.MACRO __ADDB1MN
                 	SUBI R30,LOW(-@0-(@1))
                 	.ENDM
                 
                 	.MACRO __ADDB2MN
                 	SUBI R26,LOW(-@0-(@1))
                 	.ENDM
                 
                 	.MACRO __ADDW1MN
                 	SUBI R30,LOW(-@0-(@1))
                 	SBCI R31,HIGH(-@0-(@1))
                 	.ENDM
                 
                 	.MACRO __ADDW2MN
                 	SUBI R26,LOW(-@0-(@1))
                 	SBCI R27,HIGH(-@0-(@1))
                 	.ENDM
                 
                 	.MACRO __ADDW1FN
                 	SUBI R30,LOW(-2*@0-(@1))
                 	SBCI R31,HIGH(-2*@0-(@1))
                 	.ENDM
                 
                 	.MACRO __ADDD1FN
                 	SUBI R30,LOW(-2*@0-(@1))
                 	SBCI R31,HIGH(-2*@0-(@1))
                 	SBCI R22,BYTE3(-2*@0-(@1))
                 	.ENDM
                 
                 	.MACRO __ADDD1N
                 	SUBI R30,LOW(-@0)
                 	SBCI R31,HIGH(-@0)
                 	SBCI R22,BYTE3(-@0)
                 	SBCI R23,BYTE4(-@0)
                 	.ENDM
                 
                 	.MACRO __ADDD2N
                 	SUBI R26,LOW(-@0)
                 	SBCI R27,HIGH(-@0)
                 	SBCI R24,BYTE3(-@0)
                 	SBCI R25,BYTE4(-@0)
                 	.ENDM
                 
                 	.MACRO __SUBD1N
                 	SUBI R30,LOW(@0)
                 	SBCI R31,HIGH(@0)
                 	SBCI R22,BYTE3(@0)
                 	SBCI R23,BYTE4(@0)
                 	.ENDM
                 
                 	.MACRO __SUBD2N
                 	SUBI R26,LOW(@0)
                 	SBCI R27,HIGH(@0)
                 	SBCI R24,BYTE3(@0)
                 	SBCI R25,BYTE4(@0)
                 	.ENDM
                 
                 	.MACRO __ANDBMNN
                 	LDS  R30,@0+(@1)
                 	ANDI R30,LOW(@2)
                 	STS  @0+(@1),R30
                 	.ENDM
                 
                 	.MACRO __ANDWMNN
                 	LDS  R30,@0+(@1)
                 	ANDI R30,LOW(@2)
                 	STS  @0+(@1),R30
                 	LDS  R30,@0+(@1)+1
                 	ANDI R30,HIGH(@2)
                 	STS  @0+(@1)+1,R30
                 	.ENDM
                 
                 	.MACRO __ANDD1N
                 	ANDI R30,LOW(@0)
                 	ANDI R31,HIGH(@0)
                 	ANDI R22,BYTE3(@0)
                 	ANDI R23,BYTE4(@0)
                 	.ENDM
                 
                 	.MACRO __ANDD2N
                 	ANDI R26,LOW(@0)
                 	ANDI R27,HIGH(@0)
                 	ANDI R24,BYTE3(@0)
                 	ANDI R25,BYTE4(@0)
                 	.ENDM
                 
                 	.MACRO __ORBMNN
                 	LDS  R30,@0+(@1)
                 	ORI  R30,LOW(@2)
                 	STS  @0+(@1),R30
                 	.ENDM
                 
                 	.MACRO __ORWMNN
                 	LDS  R30,@0+(@1)
                 	ORI  R30,LOW(@2)
                 	STS  @0+(@1),R30
                 	LDS  R30,@0+(@1)+1
                 	ORI  R30,HIGH(@2)
                 	STS  @0+(@1)+1,R30
                 	.ENDM
                 
                 	.MACRO __ORD1N
                 	ORI  R30,LOW(@0)
                 	ORI  R31,HIGH(@0)
                 	ORI  R22,BYTE3(@0)
                 	ORI  R23,BYTE4(@0)
                 	.ENDM
                 
                 	.MACRO __ORD2N
                 	ORI  R26,LOW(@0)
                 	ORI  R27,HIGH(@0)
                 	ORI  R24,BYTE3(@0)
                 	ORI  R25,BYTE4(@0)
                 	.ENDM
                 
                 	.MACRO __DELAY_USB
                 	LDI  R24,LOW(@0)
                 __DELAY_USB_LOOP:
                 	DEC  R24
                 	BRNE __DELAY_USB_LOOP
                 	.ENDM
                 
                 	.MACRO __DELAY_USW
                 	LDI  R24,LOW(@0)
                 	LDI  R25,HIGH(@0)
                 __DELAY_USW_LOOP:
                 	SBIW R24,1
                 	BRNE __DELAY_USW_LOOP
                 	.ENDM
                 
                 	.MACRO __GETD1S
                 	LDD  R30,Y+@0
                 	LDD  R31,Y+@0+1
                 	LDD  R22,Y+@0+2
                 	LDD  R23,Y+@0+3
                 	.ENDM
                 
                 	.MACRO __GETD2S
                 	LDD  R26,Y+@0
                 	LDD  R27,Y+@0+1
                 	LDD  R24,Y+@0+2
                 	LDD  R25,Y+@0+3
                 	.ENDM
                 
                 	.MACRO __PUTD1S
                 	STD  Y+@0,R30
                 	STD  Y+@0+1,R31
                 	STD  Y+@0+2,R22
                 	STD  Y+@0+3,R23
                 	.ENDM
                 
                 	.MACRO __PUTD2S
                 	STD  Y+@0,R26
                 	STD  Y+@0+1,R27
                 	STD  Y+@0+2,R24
                 	STD  Y+@0+3,R25
                 	.ENDM
                 
                 	.MACRO __PUTDZ2
                 	STD  Z+@0,R26
                 	STD  Z+@0+1,R27
                 	STD  Z+@0+2,R24
                 	STD  Z+@0+3,R25
                 	.ENDM
                 
                 	.MACRO __CLRD1S
                 	STD  Y+@0,R30
                 	STD  Y+@0+1,R30
                 	STD  Y+@0+2,R30
                 	STD  Y+@0+3,R30
                 	.ENDM
                 
                 	.MACRO __POINTB1MN
                 	LDI  R30,LOW(@0+(@1))
                 	.ENDM
                 
                 	.MACRO __POINTW1MN
                 	LDI  R30,LOW(@0+(@1))
                 	LDI  R31,HIGH(@0+(@1))
                 	.ENDM
                 
                 	.MACRO __POINTD1M
                 	LDI  R30,LOW(@0)
                 	LDI  R31,HIGH(@0)
                 	LDI  R22,BYTE3(@0)
                 	LDI  R23,BYTE4(@0)
                 	.ENDM
                 
                 	.MACRO __POINTW1FN
                 	LDI  R30,LOW(2*@0+(@1))
                 	LDI  R31,HIGH(2*@0+(@1))
                 	.ENDM
                 
                 	.MACRO __POINTD1FN
                 	LDI  R30,LOW(2*@0+(@1))
                 	LDI  R31,HIGH(2*@0+(@1))
                 	LDI  R22,BYTE3(2*@0+(@1))
                 	LDI  R23,BYTE4(2*@0+(@1))
                 	.ENDM
                 
                 	.MACRO __POINTB2MN
                 	LDI  R26,LOW(@0+(@1))
                 	.ENDM
                 
                 	.MACRO __POINTW2MN
                 	LDI  R26,LOW(@0+(@1))
                 	LDI  R27,HIGH(@0+(@1))
                 	.ENDM
                 
                 	.MACRO __POINTW2FN
                 	LDI  R26,LOW(2*@0+(@1))
                 	LDI  R27,HIGH(2*@0+(@1))
                 	.ENDM
                 
                 	.MACRO __POINTD2FN
                 	LDI  R26,LOW(2*@0+(@1))
                 	LDI  R27,HIGH(2*@0+(@1))
                 	LDI  R24,BYTE3(2*@0+(@1))
                 	LDI  R25,BYTE4(2*@0+(@1))
                 	.ENDM
                 
                 	.MACRO __POINTBRM
                 	LDI  R@0,LOW(@1)
                 	.ENDM
                 
                 	.MACRO __POINTWRM
                 	LDI  R@0,LOW(@2)
                 	LDI  R@1,HIGH(@2)
                 	.ENDM
                 
                 	.MACRO __POINTBRMN
                 	LDI  R@0,LOW(@1+(@2))
                 	.ENDM
                 
                 	.MACRO __POINTWRMN
                 	LDI  R@0,LOW(@2+(@3))
                 	LDI  R@1,HIGH(@2+(@3))
                 	.ENDM
                 
                 	.MACRO __POINTWRFN
                 	LDI  R@0,LOW(@2*2+(@3))
                 	LDI  R@1,HIGH(@2*2+(@3))
                 	.ENDM
                 
                 	.MACRO __GETD1N
                 	LDI  R30,LOW(@0)
                 	LDI  R31,HIGH(@0)
                 	LDI  R22,BYTE3(@0)
                 	LDI  R23,BYTE4(@0)
                 	.ENDM
                 
                 	.MACRO __GETD2N
                 	LDI  R26,LOW(@0)
                 	LDI  R27,HIGH(@0)
                 	LDI  R24,BYTE3(@0)
                 	LDI  R25,BYTE4(@0)
                 	.ENDM
                 
                 	.MACRO __GETB1MN
                 	LDS  R30,@0+(@1)
                 	.ENDM
                 
                 	.MACRO __GETB1HMN
                 	LDS  R31,@0+(@1)
                 	.ENDM
                 
                 	.MACRO __GETW1MN
                 	LDS  R30,@0+(@1)
                 	LDS  R31,@0+(@1)+1
                 	.ENDM
                 
                 	.MACRO __GETD1MN
                 	LDS  R30,@0+(@1)
                 	LDS  R31,@0+(@1)+1
                 	LDS  R22,@0+(@1)+2
                 	LDS  R23,@0+(@1)+3
                 	.ENDM
                 
                 	.MACRO __GETBRMN
                 	LDS  R@0,@1+(@2)
                 	.ENDM
                 
                 	.MACRO __GETWRMN
                 	LDS  R@0,@2+(@3)
                 	LDS  R@1,@2+(@3)+1
                 	.ENDM
                 
                 	.MACRO __GETWRZ
                 	LDD  R@0,Z+@2
                 	LDD  R@1,Z+@2+1
                 	.ENDM
                 
                 	.MACRO __GETD2Z
                 	LDD  R26,Z+@0
                 	LDD  R27,Z+@0+1
                 	LDD  R24,Z+@0+2
                 	LDD  R25,Z+@0+3
                 	.ENDM
                 
                 	.MACRO __GETB2MN
                 	LDS  R26,@0+(@1)
                 	.ENDM
                 
                 	.MACRO __GETW2MN
                 	LDS  R26,@0+(@1)
                 	LDS  R27,@0+(@1)+1
                 	.ENDM
                 
                 	.MACRO __GETD2MN
                 	LDS  R26,@0+(@1)
                 	LDS  R27,@0+(@1)+1
                 	LDS  R24,@0+(@1)+2
                 	LDS  R25,@0+(@1)+3
                 	.ENDM
                 
                 	.MACRO __PUTB1MN
                 	STS  @0+(@1),R30
                 	.ENDM
                 
                 	.MACRO __PUTW1MN
                 	STS  @0+(@1),R30
                 	STS  @0+(@1)+1,R31
                 	.ENDM
                 
                 	.MACRO __PUTD1MN
                 	STS  @0+(@1),R30
                 	STS  @0+(@1)+1,R31
                 	STS  @0+(@1)+2,R22
                 	STS  @0+(@1)+3,R23
                 	.ENDM
                 
                 	.MACRO __PUTB1EN
                 	LDI  R26,LOW(@0+(@1))
                 	LDI  R27,HIGH(@0+(@1))
                 	CALL __EEPROMWRB
                 	.ENDM
                 
                 	.MACRO __PUTW1EN
                 	LDI  R26,LOW(@0+(@1))
                 	LDI  R27,HIGH(@0+(@1))
                 	CALL __EEPROMWRW
                 	.ENDM
                 
                 	.MACRO __PUTD1EN
                 	LDI  R26,LOW(@0+(@1))
                 	LDI  R27,HIGH(@0+(@1))
                 	CALL __EEPROMWRD
                 	.ENDM
                 
                 	.MACRO __PUTBR0MN
                 	STS  @0+(@1),R0
                 	.ENDM
                 
                 	.MACRO __PUTBMRN
                 	STS  @0+(@1),R@2
                 	.ENDM
                 
                 	.MACRO __PUTWMRN
                 	STS  @0+(@1),R@2
                 	STS  @0+(@1)+1,R@3
                 	.ENDM
                 
                 	.MACRO __PUTBZR
                 	STD  Z+@1,R@0
                 	.ENDM
                 
                 	.MACRO __PUTWZR
                 	STD  Z+@2,R@0
                 	STD  Z+@2+1,R@1
                 	.ENDM
                 
                 	.MACRO __GETW1R
                 	MOV  R30,R@0
                 	MOV  R31,R@1
                 	.ENDM
                 
                 	.MACRO __GETW2R
                 	MOV  R26,R@0
                 	MOV  R27,R@1
                 	.ENDM
                 
                 	.MACRO __GETWRN
                 	LDI  R@0,LOW(@2)
                 	LDI  R@1,HIGH(@2)
                 	.ENDM
                 
                 	.MACRO __PUTW1R
                 	MOV  R@0,R30
                 	MOV  R@1,R31
                 	.ENDM
                 
                 	.MACRO __PUTW2R
                 	MOV  R@0,R26
                 	MOV  R@1,R27
                 	.ENDM
                 
                 	.MACRO __ADDWRN
                 	SUBI R@0,LOW(-@2)
                 	SBCI R@1,HIGH(-@2)
                 	.ENDM
                 
                 	.MACRO __ADDWRR
                 	ADD  R@0,R@2
                 	ADC  R@1,R@3
                 	.ENDM
                 
                 	.MACRO __SUBWRN
                 	SUBI R@0,LOW(@2)
                 	SBCI R@1,HIGH(@2)
                 	.ENDM
                 
                 	.MACRO __SUBWRR
                 	SUB  R@0,R@2
                 	SBC  R@1,R@3
                 	.ENDM
                 
                 	.MACRO __ANDWRN
                 	ANDI R@0,LOW(@2)
                 	ANDI R@1,HIGH(@2)
                 	.ENDM
                 
                 	.MACRO __ANDWRR
                 	AND  R@0,R@2
                 	AND  R@1,R@3
                 	.ENDM
                 
                 	.MACRO __ORWRN
                 	ORI  R@0,LOW(@2)
                 	ORI  R@1,HIGH(@2)
                 	.ENDM
                 
                 	.MACRO __ORWRR
                 	OR   R@0,R@2
                 	OR   R@1,R@3
                 	.ENDM
                 
                 	.MACRO __EORWRR
                 	EOR  R@0,R@2
                 	EOR  R@1,R@3
                 	.ENDM
                 
                 	.MACRO __GETWRS
                 	LDD  R@0,Y+@2
                 	LDD  R@1,Y+@2+1
                 	.ENDM
                 
                 	.MACRO __PUTBSR
                 	STD  Y+@1,R@0
                 	.ENDM
                 
                 	.MACRO __PUTWSR
                 	STD  Y+@2,R@0
                 	STD  Y+@2+1,R@1
                 	.ENDM
                 
                 	.MACRO __MOVEWRR
                 	MOV  R@0,R@2
                 	MOV  R@1,R@3
                 	.ENDM
                 
                 	.MACRO __INWR
                 	IN   R@0,@2
                 	IN   R@1,@2+1
                 	.ENDM
                 
                 	.MACRO __OUTWR
                 	OUT  @2+1,R@1
                 	OUT  @2,R@0
                 	.ENDM
                 
                 	.MACRO __CALL1MN
                 	LDS  R30,@0+(@1)
                 	LDS  R31,@0+(@1)+1
                 	ICALL
                 	.ENDM
                 
                 	.MACRO __CALL1FN
                 	LDI  R30,LOW(2*@0+(@1))
                 	LDI  R31,HIGH(2*@0+(@1))
                 	CALL __GETW1PF
                 	ICALL
                 	.ENDM
                 
                 	.MACRO __CALL2EN
                 	PUSH R26
                 	PUSH R27
                 	LDI  R26,LOW(@0+(@1))
                 	LDI  R27,HIGH(@0+(@1))
                 	CALL __EEPROMRDW
                 	POP  R27
                 	POP  R26
                 	ICALL
                 	.ENDM
                 
                 	.MACRO __CALL2EX
                 	SUBI R26,LOW(-@0)
                 	SBCI R27,HIGH(-@0)
                 	CALL __EEPROMRDD
                 	ICALL
                 	.ENDM
                 
                 	.MACRO __GETW1STACK
                 	IN   R30,SPL
                 	IN   R31,SPH
                 	ADIW R30,@0+1
                 	LD   R0,Z+
                 	LD   R31,Z
                 	MOV  R30,R0
                 	.ENDM
                 
                 	.MACRO __GETD1STACK
                 	IN   R30,SPL
                 	IN   R31,SPH
                 	ADIW R30,@0+1
                 	LD   R0,Z+
                 	LD   R1,Z+
                 	LD   R22,Z
                 	MOVW R30,R0
                 	.ENDM
                 
                 	.MACRO __NBST
                 	BST  R@0,@1
                 	IN   R30,SREG
                 	LDI  R31,0x40
                 	EOR  R30,R31
                 	OUT  SREG,R30
                 	.ENDM
                 
                 
                 	.MACRO __PUTB1SN
                 	LDD  R26,Y+@0
                 	LDD  R27,Y+@0+1
                 	SUBI R26,LOW(-@1)
                 	SBCI R27,HIGH(-@1)
                 	ST   X,R30
                 	.ENDM
                 
                 	.MACRO __PUTW1SN
                 	LDD  R26,Y+@0
                 	LDD  R27,Y+@0+1
                 	SUBI R26,LOW(-@1)
                 	SBCI R27,HIGH(-@1)
                 	ST   X+,R30
                 	ST   X,R31
                 	.ENDM
                 
                 	.MACRO __PUTD1SN
                 	LDD  R26,Y+@0
                 	LDD  R27,Y+@0+1
                 	SUBI R26,LOW(-@1)
                 	SBCI R27,HIGH(-@1)
                 	CALL __PUTDP1
                 	.ENDM
                 
                 	.MACRO __PUTB1SNS
                 	LDD  R26,Y+@0
                 	LDD  R27,Y+@0+1
                 	ADIW R26,@1
                 	ST   X,R30
                 	.ENDM
                 
                 	.MACRO __PUTW1SNS
                 	LDD  R26,Y+@0
                 	LDD  R27,Y+@0+1
                 	ADIW R26,@1
                 	ST   X+,R30
                 	ST   X,R31
                 	.ENDM
                 
                 	.MACRO __PUTD1SNS
                 	LDD  R26,Y+@0
                 	LDD  R27,Y+@0+1
                 	ADIW R26,@1
                 	CALL __PUTDP1
                 	.ENDM
                 
                 	.MACRO __PUTB1PMN
                 	LDS  R26,@0
                 	LDS  R27,@0+1
                 	SUBI R26,LOW(-@1)
                 	SBCI R27,HIGH(-@1)
                 	ST   X,R30
                 	.ENDM
                 
                 	.MACRO __PUTW1PMN
                 	LDS  R26,@0
                 	LDS  R27,@0+1
                 	SUBI R26,LOW(-@1)
                 	SBCI R27,HIGH(-@1)
                 	ST   X+,R30
                 	ST   X,R31
                 	.ENDM
                 
                 	.MACRO __PUTD1PMN
                 	LDS  R26,@0
                 	LDS  R27,@0+1
                 	SUBI R26,LOW(-@1)
                 	SBCI R27,HIGH(-@1)
                 	CALL __PUTDP1
                 	.ENDM
                 
                 	.MACRO __PUTB1PMNS
                 	LDS  R26,@0
                 	LDS  R27,@0+1
                 	ADIW R26,@1
                 	ST   X,R30
                 	.ENDM
                 
                 	.MACRO __PUTW1PMNS
                 	LDS  R26,@0
                 	LDS  R27,@0+1
                 	ADIW R26,@1
                 	ST   X+,R30
                 	ST   X,R31
                 	.ENDM
                 
                 	.MACRO __PUTD1PMNS
                 	LDS  R26,@0
                 	LDS  R27,@0+1
                 	ADIW R26,@1
                 	CALL __PUTDP1
                 	.ENDM
                 
                 	.MACRO __PUTB1RN
                 	MOVW R26,R@0
                 	SUBI R26,LOW(-@1)
                 	SBCI R27,HIGH(-@1)
                 	ST   X,R30
                 	.ENDM
                 
                 	.MACRO __PUTW1RN
                 	MOVW R26,R@0
                 	SUBI R26,LOW(-@1)
                 	SBCI R27,HIGH(-@1)
                 	ST   X+,R30
                 	ST   X,R31
                 	.ENDM
                 
                 	.MACRO __PUTD1RN
                 	MOVW R26,R@0
                 	SUBI R26,LOW(-@1)
                 	SBCI R27,HIGH(-@1)
                 	CALL __PUTDP1
                 	.ENDM
                 
                 	.MACRO __PUTB1RNS
                 	MOVW R26,R@0
                 	ADIW R26,@1
                 	ST   X,R30
                 	.ENDM
                 
                 	.MACRO __PUTW1RNS
                 	MOVW R26,R@0
                 	ADIW R26,@1
                 	ST   X+,R30
                 	ST   X,R31
                 	.ENDM
                 
                 	.MACRO __PUTD1RNS
                 	MOVW R26,R@0
                 	ADIW R26,@1
                 	CALL __PUTDP1
                 	.ENDM
                 
                 	.MACRO __PUTB1RON
                 	MOV  R26,R@0
                 	MOV  R27,R@1
                 	SUBI R26,LOW(-@2)
                 	SBCI R27,HIGH(-@2)
                 	ST   X,R30
                 	.ENDM
                 
                 	.MACRO __PUTW1RON
                 	MOV  R26,R@0
                 	MOV  R27,R@1
                 	SUBI R26,LOW(-@2)
                 	SBCI R27,HIGH(-@2)
                 	ST   X+,R30
                 	ST   X,R31
                 	.ENDM
                 
                 	.MACRO __PUTD1RON
                 	MOV  R26,R@0
                 	MOV  R27,R@1
                 	SUBI R26,LOW(-@2)
                 	SBCI R27,HIGH(-@2)
                 	CALL __PUTDP1
                 	.ENDM
                 
                 	.MACRO __PUTB1RONS
                 	MOV  R26,R@0
                 	MOV  R27,R@1
                 	ADIW R26,@2
                 	ST   X,R30
                 	.ENDM
                 
                 	.MACRO __PUTW1RONS
                 	MOV  R26,R@0
                 	MOV  R27,R@1
                 	ADIW R26,@2
                 	ST   X+,R30
                 	ST   X,R31
                 	.ENDM
                 
                 	.MACRO __PUTD1RONS
                 	MOV  R26,R@0
                 	MOV  R27,R@1
                 	ADIW R26,@2
                 	CALL __PUTDP1
                 	.ENDM
                 
                 
                 	.MACRO __GETB1SX
                 	MOVW R30,R28
                 	SUBI R30,LOW(-@0)
                 	SBCI R31,HIGH(-@0)
                 	LD   R30,Z
                 	.ENDM
                 
                 	.MACRO __GETB1HSX
                 	MOVW R30,R28
                 	SUBI R30,LOW(-@0)
                 	SBCI R31,HIGH(-@0)
                 	LD   R31,Z
                 	.ENDM
                 
                 	.MACRO __GETW1SX
                 	MOVW R30,R28
                 	SUBI R30,LOW(-@0)
                 	SBCI R31,HIGH(-@0)
                 	LD   R0,Z+
                 	LD   R31,Z
                 	MOV  R30,R0
                 	.ENDM
                 
                 	.MACRO __GETD1SX
                 	MOVW R30,R28
                 	SUBI R30,LOW(-@0)
                 	SBCI R31,HIGH(-@0)
                 	LD   R0,Z+
                 	LD   R1,Z+
                 	LD   R22,Z+
                 	LD   R23,Z
                 	MOVW R30,R0
                 	.ENDM
                 
                 	.MACRO __GETB2SX
                 	MOVW R26,R28
                 	SUBI R26,LOW(-@0)
                 	SBCI R27,HIGH(-@0)
                 	LD   R26,X
                 	.ENDM
                 
                 	.MACRO __GETW2SX
                 	MOVW R26,R28
                 	SUBI R26,LOW(-@0)
                 	SBCI R27,HIGH(-@0)
                 	LD   R0,X+
                 	LD   R27,X
                 	MOV  R26,R0
                 	.ENDM
                 
                 	.MACRO __GETD2SX
                 	MOVW R26,R28
                 	SUBI R26,LOW(-@0)
                 	SBCI R27,HIGH(-@0)
                 	LD   R0,X+
                 	LD   R1,X+
                 	LD   R24,X+
                 	LD   R25,X
                 	MOVW R26,R0
                 	.ENDM
                 
                 	.MACRO __GETBRSX
                 	MOVW R30,R28
                 	SUBI R30,LOW(-@1)
                 	SBCI R31,HIGH(-@1)
                 	LD   R@0,Z
                 	.ENDM
                 
                 	.MACRO __GETWRSX
                 	MOVW R30,R28
                 	SUBI R30,LOW(-@2)
                 	SBCI R31,HIGH(-@2)
                 	LD   R@0,Z+
                 	LD   R@1,Z
                 	.ENDM
                 
                 	.MACRO __GETBRSX2
                 	MOVW R26,R28
                 	SUBI R26,LOW(-@1)
                 	SBCI R27,HIGH(-@1)
                 	LD   R@0,X
                 	.ENDM
                 
                 	.MACRO __GETWRSX2
                 	MOVW R26,R28
                 	SUBI R26,LOW(-@2)
                 	SBCI R27,HIGH(-@2)
                 	LD   R@0,X+
                 	LD   R@1,X
                 	.ENDM
                 
                 	.MACRO __LSLW8SX
                 	MOVW R30,R28
                 	SUBI R30,LOW(-@0)
                 	SBCI R31,HIGH(-@0)
                 	LD   R31,Z
                 	CLR  R30
                 	.ENDM
                 
                 	.MACRO __PUTB1SX
                 	MOVW R26,R28
                 	SUBI R26,LOW(-@0)
                 	SBCI R27,HIGH(-@0)
                 	ST   X,R30
                 	.ENDM
                 
                 	.MACRO __PUTW1SX
                 	MOVW R26,R28
                 	SUBI R26,LOW(-@0)
                 	SBCI R27,HIGH(-@0)
                 	ST   X+,R30
                 	ST   X,R31
                 	.ENDM
                 
                 	.MACRO __PUTD1SX
                 	MOVW R26,R28
                 	SUBI R26,LOW(-@0)
                 	SBCI R27,HIGH(-@0)
                 	ST   X+,R30
                 	ST   X+,R31
                 	ST   X+,R22
                 	ST   X,R23
                 	.ENDM
                 
                 	.MACRO __CLRW1SX
                 	MOVW R26,R28
                 	SUBI R26,LOW(-@0)
                 	SBCI R27,HIGH(-@0)
                 	ST   X+,R30
                 	ST   X,R30
                 	.ENDM
                 
                 	.MACRO __CLRD1SX
                 	MOVW R26,R28
                 	SUBI R26,LOW(-@0)
                 	SBCI R27,HIGH(-@0)
                 	ST   X+,R30
                 	ST   X+,R30
                 	ST   X+,R30
                 	ST   X,R30
                 	.ENDM
                 
                 	.MACRO __PUTB2SX
                 	MOVW R30,R28
                 	SUBI R30,LOW(-@0)
                 	SBCI R31,HIGH(-@0)
                 	ST   Z,R26
                 	.ENDM
                 
                 	.MACRO __PUTW2SX
                 	MOVW R30,R28
                 	SUBI R30,LOW(-@0)
                 	SBCI R31,HIGH(-@0)
                 	ST   Z+,R26
                 	ST   Z,R27
                 	.ENDM
                 
                 	.MACRO __PUTD2SX
                 	MOVW R30,R28
                 	SUBI R30,LOW(-@0)
                 	SBCI R31,HIGH(-@0)
                 	ST   Z+,R26
                 	ST   Z+,R27
                 	ST   Z+,R24
                 	ST   Z,R25
                 	.ENDM
                 
                 	.MACRO __PUTBSRX
                 	MOVW R30,R28
                 	SUBI R30,LOW(-@1)
                 	SBCI R31,HIGH(-@1)
                 	ST   Z,R@0
                 	.ENDM
                 
                 	.MACRO __PUTWSRX
                 	MOVW R30,R28
                 	SUBI R30,LOW(-@2)
                 	SBCI R31,HIGH(-@2)
                 	ST   Z+,R@0
                 	ST   Z,R@1
                 	.ENDM
                 
                 	.MACRO __PUTB1SNX
                 	MOVW R26,R28
                 	SUBI R26,LOW(-@0)
                 	SBCI R27,HIGH(-@0)
                 	LD   R0,X+
                 	LD   R27,X
                 	MOV  R26,R0
                 	SUBI R26,LOW(-@1)
                 	SBCI R27,HIGH(-@1)
                 	ST   X,R30
                 	.ENDM
                 
                 	.MACRO __PUTW1SNX
                 	MOVW R26,R28
                 	SUBI R26,LOW(-@0)
                 	SBCI R27,HIGH(-@0)
                 	LD   R0,X+
                 	LD   R27,X
                 	MOV  R26,R0
                 	SUBI R26,LOW(-@1)
                 	SBCI R27,HIGH(-@1)
                 	ST   X+,R30
                 	ST   X,R31
                 	.ENDM
                 
                 	.MACRO __PUTD1SNX
                 	MOVW R26,R28
                 	SUBI R26,LOW(-@0)
                 	SBCI R27,HIGH(-@0)
                 	LD   R0,X+
                 	LD   R27,X
                 	MOV  R26,R0
                 	SUBI R26,LOW(-@1)
                 	SBCI R27,HIGH(-@1)
                 	ST   X+,R30
                 	ST   X+,R31
                 	ST   X+,R22
                 	ST   X,R23
                 	.ENDM
                 
                 	.MACRO __MULBRR
                 	MULS R@0,R@1
                 	MOVW R30,R0
                 	.ENDM
                 
                 	.MACRO __MULBRRU
                 	MUL  R@0,R@1
                 	MOVW R30,R0
                 	.ENDM
                 
                 	.MACRO __MULBRR0
                 	MULS R@0,R@1
                 	.ENDM
                 
                 	.MACRO __MULBRRU0
                 	MUL  R@0,R@1
                 	.ENDM
                 
                 	.MACRO __MULBNWRU
                 	LDI  R26,@2
                 	MUL  R26,R@0
                 	MOVW R30,R0
                 	MUL  R26,R@1
                 	ADD  R31,R0
                 	.ENDM
                 
                 ;NAME DEFINITIONS FOR GLOBAL VARIABLES ALLOCATED TO REGISTERS
                 	.DEF __lcd_x=R5
                 	.DEF __lcd_y=R4
                 	.DEF __lcd_maxx=R7
                 
                 	.CSEG
                 	.ORG 0x00
                 
                 ;START OF CODE MARKER
                 __START_OF_CODE:
                 
                 ;INTERRUPT VECTORS
000000 940c 0040 	JMP  __RESET
000002 940c 0000 	JMP  0x00
000004 940c 0000 	JMP  0x00
000006 940c 0000 	JMP  0x00
000008 940c 0000 	JMP  0x00
00000a 940c 0000 	JMP  0x00
00000c 940c 0000 	JMP  0x00
00000e 940c 0000 	JMP  0x00
000010 940c 0000 	JMP  0x00
000012 940c 0000 	JMP  0x00
000014 940c 0000 	JMP  0x00
000016 940c 0000 	JMP  0x00
000018 940c 0000 	JMP  0x00
00001a 940c 0000 	JMP  0x00
00001c 940c 0000 	JMP  0x00
00001e 940c 0000 	JMP  0x00
000020 940c 0000 	JMP  0x00
000022 940c 0000 	JMP  0x00
000024 940c 0000 	JMP  0x00
000026 940c 0000 	JMP  0x00
000028 940c 0000 	JMP  0x00
                 
                 _tbl10_G100:
00002a 2710
00002b 03e8
00002c 0064
00002d 000a      	.DB  0x10,0x27,0xE8,0x3,0x64,0x0,0xA,0x0
00002e 0001      	.DB  0x1,0x0
                 _tbl16_G100:
00002f 1000
000030 0100
000031 0010
000032 0001      	.DB  0x0,0x10,0x0,0x1,0x10,0x0,0x1,0x0
                 
                 _0x0:
000033 6147
000034 2073
000035 6d61
000036 756f      	.DB  0x47,0x61,0x73,0x20,0x61,0x6D,0x6F,0x75
000037 746e
000038 253d
000039 0064
00003a 0025      	.DB  0x6E,0x74,0x3D,0x25,0x64,0x0,0x25,0x0
                 _0x2020003:
00003b c080      	.DB  0x80,0xC0
                 
                 __GLOBAL_INI_TBL:
00003c 0002      	.DW  0x02
00003d 0270      	.DW  __base_y_G101
00003e 0076      	.DW  _0x2020003*2
                 
                 _0xFFFFFFFF:
00003f 0000      	.DW  0
                 
                 #define __GLOBAL_INI_TBL_PRESENT 1
                 
                 __RESET:
000040 94f8      	CLI
000041 27ee      	CLR  R30
000042 bbec      	OUT  EECR,R30
                 
                 ;INTERRUPT VECTORS ARE PLACED
                 ;AT THE START OF FLASH
000043 e0f1      	LDI  R31,1
000044 bff5      	OUT  MCUCR,R31
000045 bfe5      	OUT  MCUCR,R30
                 
                 ;CLEAR R2-R14
000046 e08d      	LDI  R24,(14-2)+1
000047 e0a2      	LDI  R26,2
000048 27bb      	CLR  R27
                 __CLEAR_REG:
000049 93ed      	ST   X+,R30
00004a 958a      	DEC  R24
00004b f7e9      	BRNE __CLEAR_REG
                 
                 ;CLEAR SRAM
00004c e080      	LDI  R24,LOW(__CLEAR_SRAM_SIZE)
00004d e098      	LDI  R25,HIGH(__CLEAR_SRAM_SIZE)
00004e e6a0      	LDI  R26,__SRAM_START
                 __CLEAR_SRAM:
00004f 93ed      	ST   X+,R30
000050 9701      	SBIW R24,1
000051 f7e9      	BRNE __CLEAR_SRAM
                 
                 ;GLOBAL VARIABLES INITIALIZATION
000052 e7e8      	LDI  R30,LOW(__GLOBAL_INI_TBL*2)
000053 e0f0      	LDI  R31,HIGH(__GLOBAL_INI_TBL*2)
                 __GLOBAL_INI_NEXT:
000054 9185      	LPM  R24,Z+
000055 9195      	LPM  R25,Z+
000056 9700      	SBIW R24,0
000057 f061      	BREQ __GLOBAL_INI_END
000058 91a5      	LPM  R26,Z+
000059 91b5      	LPM  R27,Z+
00005a 9005      	LPM  R0,Z+
00005b 9015      	LPM  R1,Z+
00005c 01bf      	MOVW R22,R30
00005d 01f0      	MOVW R30,R0
                 __GLOBAL_INI_LOOP:
00005e 9005      	LPM  R0,Z+
00005f 920d      	ST   X+,R0
000060 9701      	SBIW R24,1
000061 f7e1      	BRNE __GLOBAL_INI_LOOP
000062 01fb      	MOVW R30,R22
000063 cff0      	RJMP __GLOBAL_INI_NEXT
                 __GLOBAL_INI_END:
                 
                 ;HARDWARE STACK POINTER INITIALIZATION
000064 e5ef      	LDI  R30,LOW(__SRAM_END-__HEAP_SIZE)
000065 bfed      	OUT  SPL,R30
000066 e0e8      	LDI  R30,HIGH(__SRAM_END-__HEAP_SIZE)
000067 bfee      	OUT  SPH,R30
                 
                 ;DATA STACK POINTER INITIALIZATION
000068 e6c0      	LDI  R28,LOW(__SRAM_START+__DSTACK_SIZE)
000069 e0d2      	LDI  R29,HIGH(__SRAM_START+__DSTACK_SIZE)
                 
00006a 940c 00b8 	JMP  _main
                 
                 	.ESEG
                 	.ORG 0
                 
                 	.DSEG
                 	.ORG 0x260
                 
                 	.CSEG
                 ;/*******************************************************
                 ;This program was created by the
                 ;CodeWizardAVR V3.14 Advanced
                 ;Automatic Program Generator
                 ;© Copyright 1998-2014 Pavel Haiduc, HP InfoTech s.r.l.
                 ;http://www.hpinfotech.com
                 ;
                 ;Project : MQ135 sensor
                 ;Version :
                 ;Date    : 8/19/2023
                 ;Author  : Parham Soltani
                 ;Company :
                 ;Comments:
                 ;
                 ;
                 ;Chip type               : ATmega32A
                 ;Program type            : Application
                 ;AVR Core Clock frequency: 8.000000 MHz
                 ;Memory model            : Small
                 ;External RAM size       : 0
                 ;Data Stack size         : 512
                 ;*******************************************************/
                 ;
                 ;#include <mega32a.h>
                 	#ifndef __SLEEP_DEFINED__
                 	#define __SLEEP_DEFINED__
                 	.EQU __se_bit=0x80
                 	.EQU __sm_mask=0x70
                 	.EQU __sm_powerdown=0x20
                 	.EQU __sm_powersave=0x30
                 	.EQU __sm_standby=0x60
                 	.EQU __sm_ext_standby=0x70
                 	.EQU __sm_adc_noise_red=0x10
                 	.SET power_ctrl_reg=mcucr
                 	#endif
                 ;#include <stdio.h>
                 ;
                 ;#include <delay.h>
                 ;
                 ;// Alphanumeric LCD functions
                 ;#include <alcd.h>
                 ;
                 ;// Declare your global variables here
                 ;
                 ;unsigned char Buffer_lcd[16];
                 ;
                 ;
                 ;// Voltage Reference: AREF pin
                 ;#define ADC_VREF_TYPE ((0<<REFS1) | (0<<REFS0) | (0<<ADLAR))
                 ;
                 ;// Read the AD conversion result
                 ;unsigned int read_adc(unsigned char adc_input)
                 ; 0000 002A {
                 
                 	.CSEG
                 _read_adc:
                 ; .FSTART _read_adc
                 ; 0000 002B ADMUX=adc_input | ADC_VREF_TYPE;
00006c 93aa      	ST   -Y,R26
                 ;	adc_input -> Y+0
00006d 81e8      	LD   R30,Y
00006e b9e7      	OUT  0x7,R30
                 ; 0000 002C // Delay needed for the stabilization of the ADC input voltage
                 ; 0000 002D delay_us(10);
                +
00006f e18b     +LDI R24 , LOW ( 27 )
                +__DELAY_USB_LOOP :
000070 958a     +DEC R24
000071 f7f1     +BRNE __DELAY_USB_LOOP
                 	__DELAY_USB 27
                 ; 0000 002E // Start the AD conversion
                 ; 0000 002F ADCSRA|=(1<<ADSC);
000072 9a36      	SBI  0x6,6
                 ; 0000 0030 // Wait for the AD conversion to complete
                 ; 0000 0031 while ((ADCSRA & (1<<ADIF))==0);
                 _0x3:
000073 9b34      	SBIS 0x6,4
000074 cffe      	RJMP _0x3
                 ; 0000 0032 ADCSRA|=(1<<ADIF);
000075 9a34      	SBI  0x6,4
                 ; 0000 0033 return ADCW;
000076 b1e4      	IN   R30,0x4
000077 b1f5      	IN   R31,0x4+1
000078 940c 0316 	JMP  _0x2080001
                 ; 0000 0034 }
                 ; .FEND
                 ;
                 ;void adc_init()
                 ; 0000 0037 {
                 _adc_init:
                 ; .FSTART _adc_init
                 ; 0000 0038 // ADC initialization
                 ; 0000 0039 // ADC Clock frequency: 1000.000 kHz
                 ; 0000 003A // ADC Voltage Reference: AREF pin
                 ; 0000 003B // ADC Auto Trigger Source: ADC Stopped
                 ; 0000 003C ADMUX=ADC_VREF_TYPE;
00007a e0e0      	LDI  R30,LOW(0)
00007b b9e7      	OUT  0x7,R30
                 ; 0000 003D ADCSRA=(1<<ADEN) | (1<<ADPS2) | (1<<ADPS0);
00007c e8e5      	LDI  R30,LOW(133)
00007d b9e6      	OUT  0x6,R30
                 ; 0000 003E SFIOR=(0<<ADTS2) | (0<<ADTS1) | (0<<ADTS0);
00007e e0e0      	LDI  R30,LOW(0)
00007f bfe0      	OUT  0x30,R30
                 ; 0000 003F }
000080 9508      	RET
                 ; .FEND
                 ;
                 ;void mq135_init()
                 ; 0000 0042 {
                 _mq135_init:
                 ; .FSTART _mq135_init
                 ; 0000 0043       float i;
                 ; 0000 0044       int MQ135;
                 ; 0000 0045       i=read_adc(0);
000081 9724      	SBIW R28,4
000082 931a      	ST   -Y,R17
000083 930a      	ST   -Y,R16
                 ;	i -> Y+2
                 ;	MQ135 -> R16,R17
000084 e0a0      	LDI  R26,LOW(0)
000085 dfe6      	RCALL _read_adc
000086 2766      	CLR  R22
000087 2777      	CLR  R23
000088 940e 03db 	CALL __CDF1
                +
00008a 83ea     +STD Y + 2 , R30
00008b 83fb     +STD Y + 2 + 1 , R31
00008c 836c     +STD Y + 2 + 2 , R22
00008d 837d     +STD Y + 2 + 3 , R23
                 	__PUTD1S 2
                 ; 0000 0046       MQ135=(i*100)/1023 ;
                +
00008e 81aa     +LDD R26 , Y + 2
00008f 81bb     +LDD R27 , Y + 2 + 1
000090 818c     +LDD R24 , Y + 2 + 2
000091 819d     +LDD R25 , Y + 2 + 3
                 	__GETD2S 2
                +
000092 e0e0     +LDI R30 , LOW ( 0x42C80000 )
000093 e0f0     +LDI R31 , HIGH ( 0x42C80000 )
000094 ec68     +LDI R22 , BYTE3 ( 0x42C80000 )
000095 e472     +LDI R23 , BYTE4 ( 0x42C80000 )
                 	__GETD1N 0x42C80000
000096 940e 0409 	CALL __MULF12
000098 01df      	MOVW R26,R30
000099 01cb      	MOVW R24,R22
                +
00009a e0e0     +LDI R30 , LOW ( 0x447FC000 )
00009b ecf0     +LDI R31 , HIGH ( 0x447FC000 )
00009c e76f     +LDI R22 , BYTE3 ( 0x447FC000 )
00009d e474     +LDI R23 , BYTE4 ( 0x447FC000 )
                 	__GETD1N 0x447FC000
00009e 940e 0457 	CALL __DIVF21
0000a0 940e 03a4 	CALL __CFD1
0000a2 018f      	MOVW R16,R30
                 ; 0000 0047       sprintf(Buffer_lcd,"Gas amount=%d",MQ135);
0000a3 e6e0      	LDI  R30,LOW(_Buffer_lcd)
0000a4 e0f2      	LDI  R31,HIGH(_Buffer_lcd)
0000a5 93fa      	ST   -Y,R31
0000a6 93ea      	ST   -Y,R30
                +
0000a7 e6e6     +LDI R30 , LOW ( 2 * _0x0 + ( 0 ) )
0000a8 e0f0     +LDI R31 , HIGH ( 2 * _0x0 + ( 0 ) )
                 	__POINTW1FN _0x0,0
0000a9 93fa      	ST   -Y,R31
0000aa 93ea      	ST   -Y,R30
0000ab 01f8      	MOVW R30,R16
0000ac 940e 04ac 	CALL __CWD1
0000ae 940e 04b9 	CALL __PUTPARD1
0000b0 e084      	LDI  R24,4
0000b1 940e 0246 	CALL _sprintf
0000b3 9628      	ADIW R28,8
                 ; 0000 0048 
                 ; 0000 0049 }
0000b4 8119      	LDD  R17,Y+1
0000b5 8108      	LDD  R16,Y+0
0000b6 9626      	ADIW R28,6
0000b7 9508      	RET
                 ; .FEND
                 ;
                 ;void main(void)
                 ; 0000 004C {
                 _main:
                 ; .FSTART _main
                 ; 0000 004D // Declare your local variables here
                 ; 0000 004E 
                 ; 0000 004F 
                 ; 0000 0050 
                 ; 0000 0051 
                 ; 0000 0052 // Alphanumeric LCD initialization
                 ; 0000 0053 // Connections are specified in the
                 ; 0000 0054 // Project|Configure|C Compiler|Libraries|Alphanumeric LCD menu:
                 ; 0000 0055 // RS - PORTC Bit 0
                 ; 0000 0056 // RD - PORTC Bit 1
                 ; 0000 0057 // EN - PORTC Bit 2
                 ; 0000 0058 // D4 - PORTC Bit 4
                 ; 0000 0059 // D5 - PORTC Bit 5
                 ; 0000 005A // D6 - PORTC Bit 6
                 ; 0000 005B // D7 - PORTC Bit 7
                 ; 0000 005C // Characters/line: 16
                 ; 0000 005D lcd_init(16);
0000b8 e1a0      	LDI  R26,LOW(16)
0000b9 940e 02ea 	CALL _lcd_init
                 ; 0000 005E adc_init();
0000bb dfbe      	RCALL _adc_init
                 ; 0000 005F 
                 ; 0000 0060 while (1)
                 _0x6:
                 ; 0000 0061       {
                 ; 0000 0062       // Place your code here
                 ; 0000 0063       mq135_init();
0000bc dfc4      	RCALL _mq135_init
                 ; 0000 0064       lcd_gotoxy(0,0);
0000bd e0e0      	LDI  R30,LOW(0)
0000be 93ea      	ST   -Y,R30
0000bf e0a0      	LDI  R26,LOW(0)
0000c0 940e 029a 	CALL _lcd_gotoxy
                 ; 0000 0065       lcd_puts(Buffer_lcd);
0000c2 e6a0      	LDI  R26,LOW(_Buffer_lcd)
0000c3 e0b2      	LDI  R27,HIGH(_Buffer_lcd)
0000c4 940e 02c8 	CALL _lcd_puts
                 ; 0000 0066       lcd_putsf("%");
                +
0000c6 e7a4     +LDI R26 , LOW ( 2 * _0x0 + ( 14 ) )
0000c7 e0b0     +LDI R27 , HIGH ( 2 * _0x0 + ( 14 ) )
                 	__POINTW2FN _0x0,14
0000c8 940e 02d7 	CALL _lcd_putsf
                 ; 0000 0067       delay_ms(500);
0000ca efa4      	LDI  R26,LOW(500)
0000cb e0b1      	LDI  R27,HIGH(500)
0000cc 940e 036b 	CALL _delay_ms
                 ; 0000 0068       lcd_clear();
0000ce 940e 02a7 	CALL _lcd_clear
                 ; 0000 0069 
                 ; 0000 006A       }
0000d0 cfeb      	RJMP _0x6
                 ; 0000 006B }
                 _0x9:
0000d1 cfff      	RJMP _0x9
                 ; .FEND
                 	#ifndef __SLEEP_DEFINED__
                 	#endif
                 
                 	.CSEG
                 _put_buff_G100:
                 ; .FSTART _put_buff_G100
0000d2 93ba      	ST   -Y,R27
0000d3 93aa      	ST   -Y,R26
0000d4 931a      	ST   -Y,R17
0000d5 930a      	ST   -Y,R16
0000d6 81aa      	LDD  R26,Y+2
0000d7 81bb      	LDD  R27,Y+2+1
0000d8 9612      	ADIW R26,2
0000d9 940e 04b1 	CALL __GETW1P
0000db 9730      	SBIW R30,0
0000dc f159      	BREQ _0x2000010
0000dd 81aa      	LDD  R26,Y+2
0000de 81bb      	LDD  R27,Y+2+1
0000df 9614      	ADIW R26,4
0000e0 940e 04b1 	CALL __GETW1P
0000e2 018f      	MOVW R16,R30
0000e3 9730      	SBIW R30,0
0000e4 f061      	BREQ _0x2000012
                +
0000e5 3002     +CPI R16 , LOW ( 2 )
0000e6 e0e0     +LDI R30 , HIGH ( 2 )
0000e7 071e     +CPC R17 , R30
                 	__CPWRN 16,17,2
0000e8 f098      	BRLO _0x2000013
0000e9 01f8      	MOVW R30,R16
0000ea 9731      	SBIW R30,1
0000eb 018f      	MOVW R16,R30
                +
0000ec 81aa     +LDD R26 , Y + 2
0000ed 81bb     +LDD R27 , Y + 2 + 1
0000ee 9614     +ADIW R26 , 4
0000ef 93ed     +ST X + , R30
0000f0 93fc     +ST X , R31
                 	__PUTW1SNS 2,4
                 _0x2000012:
0000f1 81aa      	LDD  R26,Y+2
0000f2 81bb      	LDD  R27,Y+2+1
0000f3 9612      	ADIW R26,2
0000f4 91ed      	LD   R30,X+
0000f5 91fd      	LD   R31,X+
0000f6 9631      	ADIW R30,1
0000f7 93fe      	ST   -X,R31
0000f8 93ee      	ST   -X,R30
0000f9 9731      	SBIW R30,1
0000fa 81ac      	LDD  R26,Y+4
0000fb 83a0      	STD  Z+0,R26
                 _0x2000013:
0000fc 81aa      	LDD  R26,Y+2
0000fd 81bb      	LDD  R27,Y+2+1
0000fe 940e 04b1 	CALL __GETW1P
000100 23ff      	TST  R31
000101 f02a      	BRMI _0x2000014
000102 91ed      	LD   R30,X+
000103 91fd      	LD   R31,X+
000104 9631      	ADIW R30,1
000105 93fe      	ST   -X,R31
000106 93ee      	ST   -X,R30
                 _0x2000014:
000107 c006      	RJMP _0x2000015
                 _0x2000010:
000108 81aa      	LDD  R26,Y+2
000109 81bb      	LDD  R27,Y+2+1
00010a efef      	LDI  R30,LOW(65535)
00010b efff      	LDI  R31,HIGH(65535)
00010c 93ed      	ST   X+,R30
00010d 93fc      	ST   X,R31
                 _0x2000015:
00010e 8119      	LDD  R17,Y+1
00010f 8108      	LDD  R16,Y+0
000110 9625      	ADIW R28,5
000111 9508      	RET
                 ; .FEND
                 __print_G100:
                 ; .FSTART __print_G100
000112 93ba      	ST   -Y,R27
000113 93aa      	ST   -Y,R26
000114 9726      	SBIW R28,6
000115 940e 04be 	CALL __SAVELOCR6
000117 e010      	LDI  R17,0
000118 85ac      	LDD  R26,Y+12
000119 85bd      	LDD  R27,Y+12+1
00011a e0e0      	LDI  R30,LOW(0)
00011b e0f0      	LDI  R31,HIGH(0)
00011c 93ed      	ST   X+,R30
00011d 93fc      	ST   X,R31
                 _0x2000016:
00011e 89ea      	LDD  R30,Y+18
00011f 89fb      	LDD  R31,Y+18+1
000120 9631      	ADIW R30,1
000121 8bea      	STD  Y+18,R30
000122 8bfb      	STD  Y+18+1,R31
000123 9731      	SBIW R30,1
000124 91e4      	LPM  R30,Z
000125 2f2e      	MOV  R18,R30
000126 30e0      	CPI  R30,0
000127 f409      	BRNE PC+2
000128 c115      	RJMP _0x2000018
000129 2fe1      	MOV  R30,R17
00012a 30e0      	CPI  R30,0
00012b f439      	BRNE _0x200001C
00012c 3225      	CPI  R18,37
00012d f411      	BRNE _0x200001D
00012e e011      	LDI  R17,LOW(1)
00012f c002      	RJMP _0x200001E
                 _0x200001D:
000130 940e 0331 	CALL SUBOPT_0x0
                 _0x200001E:
000132 c10a      	RJMP _0x200001B
                 _0x200001C:
000133 30e1      	CPI  R30,LOW(0x1)
000134 f4a9      	BRNE _0x200001F
000135 3225      	CPI  R18,37
000136 f419      	BRNE _0x2000020
000137 940e 0331 	CALL SUBOPT_0x0
000139 c102      	RJMP _0x20000CC
                 _0x2000020:
00013a e012      	LDI  R17,LOW(2)
00013b e040      	LDI  R20,LOW(0)
00013c e000      	LDI  R16,LOW(0)
00013d 322d      	CPI  R18,45
00013e f411      	BRNE _0x2000021
00013f e001      	LDI  R16,LOW(1)
000140 c0fc      	RJMP _0x200001B
                 _0x2000021:
000141 322b      	CPI  R18,43
000142 f411      	BRNE _0x2000022
000143 e24b      	LDI  R20,LOW(43)
000144 c0f8      	RJMP _0x200001B
                 _0x2000022:
000145 3220      	CPI  R18,32
000146 f411      	BRNE _0x2000023
000147 e240      	LDI  R20,LOW(32)
000148 c0f4      	RJMP _0x200001B
                 _0x2000023:
000149 c002      	RJMP _0x2000024
                 _0x200001F:
00014a 30e2      	CPI  R30,LOW(0x2)
00014b f439      	BRNE _0x2000025
                 _0x2000024:
00014c e050      	LDI  R21,LOW(0)
00014d e013      	LDI  R17,LOW(3)
00014e 3320      	CPI  R18,48
00014f f411      	BRNE _0x2000026
000150 6800      	ORI  R16,LOW(128)
000151 c0eb      	RJMP _0x200001B
                 _0x2000026:
000152 c003      	RJMP _0x2000027
                 _0x2000025:
000153 30e3      	CPI  R30,LOW(0x3)
000154 f009      	BREQ PC+2
000155 c0e7      	RJMP _0x200001B
                 _0x2000027:
000156 3320      	CPI  R18,48
000157 f010      	BRLO _0x200002A
000158 332a      	CPI  R18,58
000159 f008      	BRLO _0x200002B
                 _0x200002A:
00015a c007      	RJMP _0x2000029
                 _0x200002B:
00015b e0aa      	LDI  R26,LOW(10)
00015c 9f5a      	MUL  R21,R26
00015d 2d50      	MOV  R21,R0
00015e 2fe2      	MOV  R30,R18
00015f 53e0      	SUBI R30,LOW(48)
000160 0f5e      	ADD  R21,R30
000161 c0db      	RJMP _0x200001B
                 _0x2000029:
000162 2fe2      	MOV  R30,R18
000163 36e3      	CPI  R30,LOW(0x63)
000164 f449      	BRNE _0x200002F
000165 940e 0338 	CALL SUBOPT_0x1
000167 89e8      	LDD  R30,Y+16
000168 89f9      	LDD  R31,Y+16+1
000169 81a4      	LDD  R26,Z+4
00016a 93aa      	ST   -Y,R26
00016b 940e 033e 	CALL SUBOPT_0x2
00016d c0ce      	RJMP _0x2000030
                 _0x200002F:
00016e 37e3      	CPI  R30,LOW(0x73)
00016f f441      	BRNE _0x2000032
000170 940e 0338 	CALL SUBOPT_0x1
000172 940e 0344 	CALL SUBOPT_0x3
000174 940e 0318 	CALL _strlen
000176 2f1e      	MOV  R17,R30
000177 c00a      	RJMP _0x2000033
                 _0x2000032:
000178 37e0      	CPI  R30,LOW(0x70)
000179 f461      	BRNE _0x2000035
00017a 940e 0338 	CALL SUBOPT_0x1
00017c 940e 0344 	CALL SUBOPT_0x3
00017e 940e 0324 	CALL _strlenf
000180 2f1e      	MOV  R17,R30
000181 6008      	ORI  R16,LOW(8)
                 _0x2000033:
000182 6002      	ORI  R16,LOW(2)
000183 770f      	ANDI R16,LOW(127)
000184 e030      	LDI  R19,LOW(0)
000185 c034      	RJMP _0x2000036
                 _0x2000035:
000186 36e4      	CPI  R30,LOW(0x64)
000187 f011      	BREQ _0x2000039
000188 36e9      	CPI  R30,LOW(0x69)
000189 f411      	BRNE _0x200003A
                 _0x2000039:
00018a 6004      	ORI  R16,LOW(4)
00018b c002      	RJMP _0x200003B
                 _0x200003A:
00018c 37e5      	CPI  R30,LOW(0x75)
00018d f431      	BRNE _0x200003C
                 _0x200003B:
00018e e5e4      	LDI  R30,LOW(_tbl10_G100*2)
00018f e0f0      	LDI  R31,HIGH(_tbl10_G100*2)
000190 83ee      	STD  Y+6,R30
000191 83ff      	STD  Y+6+1,R31
000192 e015      	LDI  R17,LOW(5)
000193 c00c      	RJMP _0x200003D
                 _0x200003C:
000194 35e8      	CPI  R30,LOW(0x58)
000195 f411      	BRNE _0x200003F
000196 6008      	ORI  R16,LOW(8)
000197 c003      	RJMP _0x2000040
                 _0x200003F:
000198 37e8      	CPI  R30,LOW(0x78)
000199 f009      	BREQ PC+2
00019a c0a1      	RJMP _0x2000071
                 _0x2000040:
00019b e5ee      	LDI  R30,LOW(_tbl16_G100*2)
00019c e0f0      	LDI  R31,HIGH(_tbl16_G100*2)
00019d 83ee      	STD  Y+6,R30
00019e 83ff      	STD  Y+6+1,R31
00019f e014      	LDI  R17,LOW(4)
                 _0x200003D:
0001a0 ff02      	SBRS R16,2
0001a1 c014      	RJMP _0x2000042
0001a2 940e 0338 	CALL SUBOPT_0x1
0001a4 940e 034e 	CALL SUBOPT_0x4
0001a6 85ab      	LDD  R26,Y+11
0001a7 23aa      	TST  R26
0001a8 f43a      	BRPL _0x2000043
0001a9 85ea      	LDD  R30,Y+10
0001aa 85fb      	LDD  R31,Y+10+1
0001ab 940e 04a0 	CALL __ANEGW1
0001ad 87ea      	STD  Y+10,R30
0001ae 87fb      	STD  Y+10+1,R31
0001af e24d      	LDI  R20,LOW(45)
                 _0x2000043:
0001b0 3040      	CPI  R20,0
0001b1 f011      	BREQ _0x2000044
0001b2 5f1f      	SUBI R17,-LOW(1)
0001b3 c001      	RJMP _0x2000045
                 _0x2000044:
0001b4 7f0b      	ANDI R16,LOW(251)
                 _0x2000045:
0001b5 c004      	RJMP _0x2000046
                 _0x2000042:
0001b6 940e 0338 	CALL SUBOPT_0x1
0001b8 940e 034e 	CALL SUBOPT_0x4
                 _0x2000046:
                 _0x2000036:
0001ba fd00      	SBRC R16,0
0001bb c011      	RJMP _0x2000047
                 _0x2000048:
0001bc 1715      	CP   R17,R21
0001bd f478      	BRSH _0x200004A
0001be ff07      	SBRS R16,7
0001bf c008      	RJMP _0x200004B
0001c0 ff02      	SBRS R16,2
0001c1 c004      	RJMP _0x200004C
0001c2 7f0b      	ANDI R16,LOW(251)
0001c3 2f24      	MOV  R18,R20
0001c4 5011      	SUBI R17,LOW(1)
0001c5 c001      	RJMP _0x200004D
                 _0x200004C:
0001c6 e320      	LDI  R18,LOW(48)
                 _0x200004D:
0001c7 c001      	RJMP _0x200004E
                 _0x200004B:
0001c8 e220      	LDI  R18,LOW(32)
                 _0x200004E:
0001c9 940e 0331 	CALL SUBOPT_0x0
0001cb 5051      	SUBI R21,LOW(1)
0001cc cfef      	RJMP _0x2000048
                 _0x200004A:
                 _0x2000047:
0001cd 2f31      	MOV  R19,R17
0001ce ff01      	SBRS R16,1
0001cf c017      	RJMP _0x200004F
                 _0x2000050:
0001d0 3030      	CPI  R19,0
0001d1 f0a1      	BREQ _0x2000052
0001d2 ff03      	SBRS R16,3
0001d3 c006      	RJMP _0x2000053
0001d4 81ee      	LDD  R30,Y+6
0001d5 81ff      	LDD  R31,Y+6+1
0001d6 9125      	LPM  R18,Z+
0001d7 83ee      	STD  Y+6,R30
0001d8 83ff      	STD  Y+6+1,R31
0001d9 c005      	RJMP _0x2000054
                 _0x2000053:
0001da 81ae      	LDD  R26,Y+6
0001db 81bf      	LDD  R27,Y+6+1
0001dc 912d      	LD   R18,X+
0001dd 83ae      	STD  Y+6,R26
0001de 83bf      	STD  Y+6+1,R27
                 _0x2000054:
0001df 940e 0331 	CALL SUBOPT_0x0
0001e1 3050      	CPI  R21,0
0001e2 f009      	BREQ _0x2000055
0001e3 5051      	SUBI R21,LOW(1)
                 _0x2000055:
0001e4 5031      	SUBI R19,LOW(1)
0001e5 cfea      	RJMP _0x2000050
                 _0x2000052:
0001e6 c04b      	RJMP _0x2000056
                 _0x200004F:
                 _0x2000058:
0001e7 e320      	LDI  R18,LOW(48)
0001e8 81ee      	LDD  R30,Y+6
0001e9 81ff      	LDD  R31,Y+6+1
0001ea 940e 04b5 	CALL __GETW1PF
0001ec 87e8      	STD  Y+8,R30
0001ed 87f9      	STD  Y+8+1,R31
0001ee 81ee      	LDD  R30,Y+6
0001ef 81ff      	LDD  R31,Y+6+1
0001f0 9632      	ADIW R30,2
0001f1 83ee      	STD  Y+6,R30
0001f2 83ff      	STD  Y+6+1,R31
                 _0x200005A:
0001f3 85e8      	LDD  R30,Y+8
0001f4 85f9      	LDD  R31,Y+8+1
0001f5 85aa      	LDD  R26,Y+10
0001f6 85bb      	LDD  R27,Y+10+1
0001f7 17ae      	CP   R26,R30
0001f8 07bf      	CPC  R27,R31
0001f9 f050      	BRLO _0x200005C
0001fa 5f2f      	SUBI R18,-LOW(1)
0001fb 85a8      	LDD  R26,Y+8
0001fc 85b9      	LDD  R27,Y+8+1
0001fd 85ea      	LDD  R30,Y+10
0001fe 85fb      	LDD  R31,Y+10+1
0001ff 1bea      	SUB  R30,R26
000200 0bfb      	SBC  R31,R27
000201 87ea      	STD  Y+10,R30
000202 87fb      	STD  Y+10+1,R31
000203 cfef      	RJMP _0x200005A
                 _0x200005C:
000204 332a      	CPI  R18,58
000205 f028      	BRLO _0x200005D
000206 ff03      	SBRS R16,3
000207 c002      	RJMP _0x200005E
000208 5f29      	SUBI R18,-LOW(7)
000209 c001      	RJMP _0x200005F
                 _0x200005E:
00020a 5d29      	SUBI R18,-LOW(39)
                 _0x200005F:
                 _0x200005D:
00020b fd04      	SBRC R16,4
00020c c01a      	RJMP _0x2000061
00020d 3321      	CPI  R18,49
00020e f420      	BRSH _0x2000063
00020f 85a8      	LDD  R26,Y+8
000210 85b9      	LDD  R27,Y+8+1
000211 9711      	SBIW R26,1
000212 f409      	BRNE _0x2000062
                 _0x2000063:
000213 c009      	RJMP _0x20000CD
                 _0x2000062:
000214 1753      	CP   R21,R19
000215 f010      	BRLO _0x2000067
000216 ff00      	SBRS R16,0
000217 c001      	RJMP _0x2000068
                 _0x2000067:
000218 c013      	RJMP _0x2000066
                 _0x2000068:
000219 e220      	LDI  R18,LOW(32)
00021a ff07      	SBRS R16,7
00021b c00b      	RJMP _0x2000069
00021c e320      	LDI  R18,LOW(48)
                 _0x20000CD:
00021d 6100      	ORI  R16,LOW(16)
00021e ff02      	SBRS R16,2
00021f c007      	RJMP _0x200006A
000220 7f0b      	ANDI R16,LOW(251)
000221 934a      	ST   -Y,R20
000222 940e 033e 	CALL SUBOPT_0x2
000224 3050      	CPI  R21,0
000225 f009      	BREQ _0x200006B
000226 5051      	SUBI R21,LOW(1)
                 _0x200006B:
                 _0x200006A:
                 _0x2000069:
                 _0x2000061:
000227 940e 0331 	CALL SUBOPT_0x0
000229 3050      	CPI  R21,0
00022a f009      	BREQ _0x200006C
00022b 5051      	SUBI R21,LOW(1)
                 _0x200006C:
                 _0x2000066:
00022c 5031      	SUBI R19,LOW(1)
00022d 85a8      	LDD  R26,Y+8
00022e 85b9      	LDD  R27,Y+8+1
00022f 9712      	SBIW R26,2
000230 f008      	BRLO _0x2000059
000231 cfb5      	RJMP _0x2000058
                 _0x2000059:
                 _0x2000056:
000232 ff00      	SBRS R16,0
000233 c008      	RJMP _0x200006D
                 _0x200006E:
000234 3050      	CPI  R21,0
000235 f031      	BREQ _0x2000070
000236 5051      	SUBI R21,LOW(1)
000237 e2e0      	LDI  R30,LOW(32)
000238 93ea      	ST   -Y,R30
000239 940e 033e 	CALL SUBOPT_0x2
00023b cff8      	RJMP _0x200006E
                 _0x2000070:
                 _0x200006D:
                 _0x2000071:
                 _0x2000030:
                 _0x20000CC:
00023c e010      	LDI  R17,LOW(0)
                 _0x200001B:
00023d cee0      	RJMP _0x2000016
                 _0x2000018:
00023e 85ac      	LDD  R26,Y+12
00023f 85bd      	LDD  R27,Y+12+1
000240 940e 04b1 	CALL __GETW1P
000242 940e 04c5 	CALL __LOADLOCR6
000244 9664      	ADIW R28,20
000245 9508      	RET
                 ; .FEND
                 _sprintf:
                 ; .FSTART _sprintf
000246 92ff      	PUSH R15
000247 2ef8      	MOV  R15,R24
000248 9726      	SBIW R28,6
000249 940e 04c0 	CALL __SAVELOCR4
00024b 940e 0356 	CALL SUBOPT_0x5
00024d 9730      	SBIW R30,0
00024e f419      	BRNE _0x2000072
00024f efef      	LDI  R30,LOW(65535)
000250 efff      	LDI  R31,HIGH(65535)
000251 c023      	RJMP _0x2080003
                 _0x2000072:
000252 01de      	MOVW R26,R28
000253 9616      	ADIW R26,6
000254 940e 049c 	CALL __ADDW2R15
000256 018d      	MOVW R16,R26
000257 940e 0356 	CALL SUBOPT_0x5
000259 83ee      	STD  Y+6,R30
00025a 83ff      	STD  Y+6+1,R31
00025b e0e0      	LDI  R30,LOW(0)
00025c 87e8      	STD  Y+8,R30
00025d 87e9      	STD  Y+8+1,R30
00025e 01de      	MOVW R26,R28
00025f 961a      	ADIW R26,10
000260 940e 049c 	CALL __ADDW2R15
000262 940e 04b1 	CALL __GETW1P
000264 93fa      	ST   -Y,R31
000265 93ea      	ST   -Y,R30
000266 931a      	ST   -Y,R17
000267 930a      	ST   -Y,R16
000268 ede2      	LDI  R30,LOW(_put_buff_G100)
000269 e0f0      	LDI  R31,HIGH(_put_buff_G100)
00026a 93fa      	ST   -Y,R31
00026b 93ea      	ST   -Y,R30
00026c 01de      	MOVW R26,R28
00026d 961a      	ADIW R26,10
00026e dea3      	RCALL __print_G100
00026f 019f      	MOVW R18,R30
000270 81ae      	LDD  R26,Y+6
000271 81bf      	LDD  R27,Y+6+1
000272 e0e0      	LDI  R30,LOW(0)
000273 93ec      	ST   X,R30
000274 01f9      	MOVW R30,R18
                 _0x2080003:
000275 940e 04c7 	CALL __LOADLOCR4
000277 962a      	ADIW R28,10
000278 90ff      	POP  R15
000279 9508      	RET
                 ; .FEND
                 	#ifndef __SLEEP_DEFINED__
                 	#endif
                 
                 	.DSEG
                 
                 	.CSEG
                 __lcd_write_nibble_G101:
                 ; .FSTART __lcd_write_nibble_G101
00027a 93aa      	ST   -Y,R26
00027b b3e5      	IN   R30,0x15
00027c 70ef      	ANDI R30,LOW(0xF)
00027d 2fae      	MOV  R26,R30
00027e 81e8      	LD   R30,Y
00027f 7fe0      	ANDI R30,LOW(0xF0)
000280 2bea      	OR   R30,R26
000281 bbe5      	OUT  0x15,R30
                +
000282 e08d     +LDI R24 , LOW ( 13 )
                +__DELAY_USB_LOOP :
000283 958a     +DEC R24
000284 f7f1     +BRNE __DELAY_USB_LOOP
                 	__DELAY_USB 13
000285 9aaa      	SBI  0x15,2
                +
000286 e08d     +LDI R24 , LOW ( 13 )
                +__DELAY_USB_LOOP :
000287 958a     +DEC R24
000288 f7f1     +BRNE __DELAY_USB_LOOP
                 	__DELAY_USB 13
000289 98aa      	CBI  0x15,2
                +
00028a e08d     +LDI R24 , LOW ( 13 )
                +__DELAY_USB_LOOP :
00028b 958a     +DEC R24
00028c f7f1     +BRNE __DELAY_USB_LOOP
                 	__DELAY_USB 13
00028d c088      	RJMP _0x2080001
                 ; .FEND
                 __lcd_write_data:
                 ; .FSTART __lcd_write_data
00028e 93aa      	ST   -Y,R26
00028f 81a8      	LD   R26,Y
000290 dfe9      	RCALL __lcd_write_nibble_G101
000291 81e8          ld    r30,y
000292 95e2          swap  r30
000293 83e8          st    y,r30
000294 81a8      	LD   R26,Y
000295 dfe4      	RCALL __lcd_write_nibble_G101
                +
000296 e885     +LDI R24 , LOW ( 133 )
                +__DELAY_USB_LOOP :
000297 958a     +DEC R24
000298 f7f1     +BRNE __DELAY_USB_LOOP
                 	__DELAY_USB 133
000299 c07c      	RJMP _0x2080001
                 ; .FEND
                 _lcd_gotoxy:
                 ; .FSTART _lcd_gotoxy
00029a 93aa      	ST   -Y,R26
00029b 81e8      	LD   R30,Y
00029c e0f0      	LDI  R31,0
00029d 59e0      	SUBI R30,LOW(-__base_y_G101)
00029e 4ffd      	SBCI R31,HIGH(-__base_y_G101)
00029f 81e0      	LD   R30,Z
0002a0 81a9      	LDD  R26,Y+1
0002a1 0fae      	ADD  R26,R30
0002a2 dfeb      	RCALL __lcd_write_data
0002a3 8059      	LDD  R5,Y+1
0002a4 8048      	LDD  R4,Y+0
0002a5 9622      	ADIW R28,2
0002a6 9508      	RET
                 ; .FEND
                 _lcd_clear:
                 ; .FSTART _lcd_clear
0002a7 e0a2      	LDI  R26,LOW(2)
0002a8 940e 035d 	CALL SUBOPT_0x6
0002aa e0ac      	LDI  R26,LOW(12)
0002ab dfe2      	RCALL __lcd_write_data
0002ac e0a1      	LDI  R26,LOW(1)
0002ad 940e 035d 	CALL SUBOPT_0x6
0002af e0e0      	LDI  R30,LOW(0)
0002b0 2e4e      	MOV  R4,R30
0002b1 2e5e      	MOV  R5,R30
0002b2 9508      	RET
                 ; .FEND
                 _lcd_putchar:
                 ; .FSTART _lcd_putchar
0002b3 93aa      	ST   -Y,R26
0002b4 81a8      	LD   R26,Y
0002b5 30aa      	CPI  R26,LOW(0xA)
0002b6 f011      	BREQ _0x2020005
0002b7 1457      	CP   R5,R7
0002b8 f048      	BRLO _0x2020004
                 _0x2020005:
0002b9 e0e0      	LDI  R30,LOW(0)
0002ba 93ea      	ST   -Y,R30
0002bb 9443      	INC  R4
0002bc 2da4      	MOV  R26,R4
0002bd dfdc      	RCALL _lcd_gotoxy
0002be 81a8      	LD   R26,Y
0002bf 30aa      	CPI  R26,LOW(0xA)
0002c0 f409      	BRNE _0x2020007
0002c1 c054      	RJMP _0x2080001
                 _0x2020007:
                 _0x2020004:
0002c2 9453      	INC  R5
0002c3 9aa8      	SBI  0x15,0
0002c4 81a8      	LD   R26,Y
0002c5 dfc8      	RCALL __lcd_write_data
0002c6 98a8      	CBI  0x15,0
0002c7 c04e      	RJMP _0x2080001
                 ; .FEND
                 _lcd_puts:
                 ; .FSTART _lcd_puts
0002c8 93ba      	ST   -Y,R27
0002c9 93aa      	ST   -Y,R26
0002ca 931a      	ST   -Y,R17
                 _0x2020008:
0002cb 81a9      	LDD  R26,Y+1
0002cc 81ba      	LDD  R27,Y+1+1
0002cd 91ed      	LD   R30,X+
0002ce 83a9      	STD  Y+1,R26
0002cf 83ba      	STD  Y+1+1,R27
0002d0 2f1e      	MOV  R17,R30
0002d1 30e0      	CPI  R30,0
0002d2 f019      	BREQ _0x202000A
0002d3 2fa1      	MOV  R26,R17
0002d4 dfde      	RCALL _lcd_putchar
0002d5 cff5      	RJMP _0x2020008
                 _0x202000A:
0002d6 c010      	RJMP _0x2080002
                 ; .FEND
                 _lcd_putsf:
                 ; .FSTART _lcd_putsf
0002d7 93ba      	ST   -Y,R27
0002d8 93aa      	ST   -Y,R26
0002d9 931a      	ST   -Y,R17
                 _0x202000B:
0002da 81e9      	LDD  R30,Y+1
0002db 81fa      	LDD  R31,Y+1+1
0002dc 9631      	ADIW R30,1
0002dd 83e9      	STD  Y+1,R30
0002de 83fa      	STD  Y+1+1,R31
0002df 9731      	SBIW R30,1
0002e0 91e4      	LPM  R30,Z
0002e1 2f1e      	MOV  R17,R30
0002e2 30e0      	CPI  R30,0
0002e3 f019      	BREQ _0x202000D
0002e4 2fa1      	MOV  R26,R17
0002e5 dfcd      	RCALL _lcd_putchar
0002e6 cff3      	RJMP _0x202000B
                 _0x202000D:
                 _0x2080002:
0002e7 8118      	LDD  R17,Y+0
0002e8 9623      	ADIW R28,3
0002e9 9508      	RET
                 ; .FEND
                 _lcd_init:
                 ; .FSTART _lcd_init
0002ea 93aa      	ST   -Y,R26
0002eb b3e4      	IN   R30,0x14
0002ec 6fe0      	ORI  R30,LOW(0xF0)
0002ed bbe4      	OUT  0x14,R30
0002ee 9aa2      	SBI  0x14,2
0002ef 9aa0      	SBI  0x14,0
0002f0 9aa1      	SBI  0x14,1
0002f1 98aa      	CBI  0x15,2
0002f2 98a8      	CBI  0x15,0
0002f3 98a9      	CBI  0x15,1
0002f4 8078      	LDD  R7,Y+0
0002f5 81e8      	LD   R30,Y
0002f6 58e0      	SUBI R30,-LOW(128)
                +
0002f7 93e0 0272+STS __base_y_G101 + ( 2 ) , R30
                 	__PUTB1MN __base_y_G101,2
0002f9 81e8      	LD   R30,Y
0002fa 54e0      	SUBI R30,-LOW(192)
                +
0002fb 93e0 0273+STS __base_y_G101 + ( 3 ) , R30
                 	__PUTB1MN __base_y_G101,3
0002fd e1a4      	LDI  R26,LOW(20)
0002fe e0b0      	LDI  R27,0
0002ff 940e 036b 	CALL _delay_ms
000301 940e 0363 	CALL SUBOPT_0x7
000303 940e 0363 	CALL SUBOPT_0x7
000305 940e 0363 	CALL SUBOPT_0x7
000307 e2a0      	LDI  R26,LOW(32)
000308 df71      	RCALL __lcd_write_nibble_G101
                +
000309 ec88     +LDI R24 , LOW ( 200 )
00030a e090     +LDI R25 , HIGH ( 200 )
                +__DELAY_USW_LOOP :
00030b 9701     +SBIW R24 , 1
00030c f7f1     +BRNE __DELAY_USW_LOOP
                 	__DELAY_USW 200
00030d e2a8      	LDI  R26,LOW(40)
00030e df7f      	RCALL __lcd_write_data
00030f e0a4      	LDI  R26,LOW(4)
000310 df7d      	RCALL __lcd_write_data
000311 e8a5      	LDI  R26,LOW(133)
000312 df7b      	RCALL __lcd_write_data
000313 e0a6      	LDI  R26,LOW(6)
000314 df79      	RCALL __lcd_write_data
000315 df91      	RCALL _lcd_clear
                 _0x2080001:
000316 9621      	ADIW R28,1
000317 9508      	RET
                 ; .FEND
                 
                 	.CSEG
                 
                 	.CSEG
                 _strlen:
                 ; .FSTART _strlen
000318 93ba      	ST   -Y,R27
000319 93aa      	ST   -Y,R26
00031a 91a9          ld   r26,y+
00031b 91b9          ld   r27,y+
00031c 27ee          clr  r30
00031d 27ff          clr  r31
                 strlen0:
00031e 916d          ld   r22,x+
00031f 2366          tst  r22
000320 f011          breq strlen1
000321 9631          adiw r30,1
000322 cffb          rjmp strlen0
                 strlen1:
000323 9508          ret
                 ; .FEND
                 _strlenf:
                 ; .FSTART _strlenf
000324 93ba      	ST   -Y,R27
000325 93aa      	ST   -Y,R26
000326 27aa          clr  r26
000327 27bb          clr  r27
000328 91e9          ld   r30,y+
000329 91f9          ld   r31,y+
                 strlenf0:
00032a 9005      	lpm  r0,z+
00032b 2000          tst  r0
00032c f011          breq strlenf1
00032d 9611          adiw r26,1
00032e cffb          rjmp strlenf0
                 strlenf1:
00032f 01fd          movw r30,r26
000330 9508          ret
                 ; .FEND
                 
                 	.DSEG
                 _Buffer_lcd:
000260           	.BYTE 0x10
                 __base_y_G101:
000270           	.BYTE 0x4
                 
                 	.CSEG
                 ;OPTIMIZER ADDED SUBROUTINE, CALLED 5 TIMES, CODE SIZE REDUCTION:13 WORDS
                 SUBOPT_0x0:
000331 932a      	ST   -Y,R18
000332 85ad      	LDD  R26,Y+13
000333 85be      	LDD  R27,Y+13+1
000334 85ef      	LDD  R30,Y+15
000335 89f8      	LDD  R31,Y+15+1
000336 9509      	ICALL
000337 9508      	RET
                 
                 ;OPTIMIZER ADDED SUBROUTINE, CALLED 5 TIMES, CODE SIZE REDUCTION:9 WORDS
                 SUBOPT_0x1:
000338 89e8      	LDD  R30,Y+16
000339 89f9      	LDD  R31,Y+16+1
00033a 9734      	SBIW R30,4
00033b 8be8      	STD  Y+16,R30
00033c 8bf9      	STD  Y+16+1,R31
00033d 9508      	RET
                 
                 ;OPTIMIZER ADDED SUBROUTINE, CALLED 3 TIMES, CODE SIZE REDUCTION:3 WORDS
                 SUBOPT_0x2:
00033e 85ad      	LDD  R26,Y+13
00033f 85be      	LDD  R27,Y+13+1
000340 85ef      	LDD  R30,Y+15
000341 89f8      	LDD  R31,Y+15+1
000342 9509      	ICALL
000343 9508      	RET
                 
                 ;OPTIMIZER ADDED SUBROUTINE, CALLED 2 TIMES, CODE SIZE REDUCTION:4 WORDS
                 SUBOPT_0x3:
000344 89a8      	LDD  R26,Y+16
000345 89b9      	LDD  R27,Y+16+1
000346 9614      	ADIW R26,4
000347 940e 04b1 	CALL __GETW1P
000349 83ee      	STD  Y+6,R30
00034a 83ff      	STD  Y+6+1,R31
00034b 81ae      	LDD  R26,Y+6
00034c 81bf      	LDD  R27,Y+6+1
00034d 9508      	RET
                 
                 ;OPTIMIZER ADDED SUBROUTINE, CALLED 2 TIMES, CODE SIZE REDUCTION:2 WORDS
                 SUBOPT_0x4:
00034e 89a8      	LDD  R26,Y+16
00034f 89b9      	LDD  R27,Y+16+1
000350 9614      	ADIW R26,4
000351 940e 04b1 	CALL __GETW1P
000353 87ea      	STD  Y+10,R30
000354 87fb      	STD  Y+10+1,R31
000355 9508      	RET
                 
                 ;OPTIMIZER ADDED SUBROUTINE, CALLED 2 TIMES, CODE SIZE REDUCTION:1 WORDS
                 SUBOPT_0x5:
000356 01de      	MOVW R26,R28
000357 961c      	ADIW R26,12
000358 940e 049c 	CALL __ADDW2R15
00035a 940e 04b1 	CALL __GETW1P
00035c 9508      	RET
                 
                 ;OPTIMIZER ADDED SUBROUTINE, CALLED 2 TIMES, CODE SIZE REDUCTION:1 WORDS
                 SUBOPT_0x6:
00035d 940e 028e 	CALL __lcd_write_data
00035f e0a3      	LDI  R26,LOW(3)
000360 e0b0      	LDI  R27,0
000361 940c 036b 	JMP  _delay_ms
                 
                 ;OPTIMIZER ADDED SUBROUTINE, CALLED 3 TIMES, CODE SIZE REDUCTION:7 WORDS
                 SUBOPT_0x7:
000363 e3a0      	LDI  R26,LOW(48)
000364 940e 027a 	CALL __lcd_write_nibble_G101
                +
000366 ec88     +LDI R24 , LOW ( 200 )
000367 e090     +LDI R25 , HIGH ( 200 )
                +__DELAY_USW_LOOP :
000368 9701     +SBIW R24 , 1
000369 f7f1     +BRNE __DELAY_USW_LOOP
                 	__DELAY_USW 200
00036a 9508      	RET
                 
                 
                 	.CSEG
                 _delay_ms:
00036b 9610      	adiw r26,0
00036c f039      	breq __delay_ms1
                 __delay_ms0:
00036d 95a8      	wdr
                +
00036e ed80     +LDI R24 , LOW ( 0x7D0 )
00036f e097     +LDI R25 , HIGH ( 0x7D0 )
                +__DELAY_USW_LOOP :
000370 9701     +SBIW R24 , 1
000371 f7f1     +BRNE __DELAY_USW_LOOP
                 	__DELAY_USW 0x7D0
000372 9711      	sbiw r26,1
000373 f7c9      	brne __delay_ms0
                 __delay_ms1:
000374 9508      	ret
                 
                 __ROUND_REPACK:
000375 2355      	TST  R21
000376 f442      	BRPL __REPACK
000377 3850      	CPI  R21,0x80
000378 f411      	BRNE __ROUND_REPACK0
000379 ffe0      	SBRS R30,0
00037a c004      	RJMP __REPACK
                 __ROUND_REPACK0:
00037b 9631      	ADIW R30,1
00037c 1f69      	ADC  R22,R25
00037d 1f79      	ADC  R23,R25
00037e f06b      	BRVS __REPACK1
                 
                 __REPACK:
00037f e850      	LDI  R21,0x80
000380 2757      	EOR  R21,R23
000381 f411      	BRNE __REPACK0
000382 935f      	PUSH R21
000383 c073      	RJMP __ZERORES
                 __REPACK0:
000384 3f5f      	CPI  R21,0xFF
000385 f031      	BREQ __REPACK1
000386 0f66      	LSL  R22
000387 0c00      	LSL  R0
000388 9557      	ROR  R21
000389 9567      	ROR  R22
00038a 2f75      	MOV  R23,R21
00038b 9508      	RET
                 __REPACK1:
00038c 935f      	PUSH R21
00038d 2000      	TST  R0
00038e f00a      	BRMI __REPACK2
00038f c073      	RJMP __MAXRES
                 __REPACK2:
000390 c06c      	RJMP __MINRES
                 
                 __UNPACK:
000391 e850      	LDI  R21,0x80
000392 2e19      	MOV  R1,R25
000393 2215      	AND  R1,R21
000394 0f88      	LSL  R24
000395 1f99      	ROL  R25
000396 2795      	EOR  R25,R21
000397 0f55      	LSL  R21
000398 9587      	ROR  R24
                 
                 __UNPACK1:
000399 e850      	LDI  R21,0x80
00039a 2e07      	MOV  R0,R23
00039b 2205      	AND  R0,R21
00039c 0f66      	LSL  R22
00039d 1f77      	ROL  R23
00039e 2775      	EOR  R23,R21
00039f 0f55      	LSL  R21
0003a0 9567      	ROR  R22
0003a1 9508      	RET
                 
                 __CFD1U:
0003a2 9468      	SET
0003a3 c001      	RJMP __CFD1U0
                 __CFD1:
0003a4 94e8      	CLT
                 __CFD1U0:
0003a5 935f      	PUSH R21
0003a6 dff2      	RCALL __UNPACK1
0003a7 3870      	CPI  R23,0x80
0003a8 f018      	BRLO __CFD10
0003a9 3f7f      	CPI  R23,0xFF
0003aa f408      	BRCC __CFD10
0003ab c04b      	RJMP __ZERORES
                 __CFD10:
0003ac e156      	LDI  R21,22
0003ad 1b57      	SUB  R21,R23
0003ae f4aa      	BRPL __CFD11
0003af 9551      	NEG  R21
0003b0 3058      	CPI  R21,8
0003b1 f40e      	BRTC __CFD19
0003b2 3059      	CPI  R21,9
                 __CFD19:
0003b3 f030      	BRLO __CFD17
0003b4 efef      	SER  R30
0003b5 efff      	SER  R31
0003b6 ef6f      	SER  R22
0003b7 e77f      	LDI  R23,0x7F
0003b8 f977      	BLD  R23,7
0003b9 c01a      	RJMP __CFD15
                 __CFD17:
0003ba 2777      	CLR  R23
0003bb 2355      	TST  R21
0003bc f0b9      	BREQ __CFD15
                 __CFD18:
0003bd 0fee      	LSL  R30
0003be 1fff      	ROL  R31
0003bf 1f66      	ROL  R22
0003c0 1f77      	ROL  R23
0003c1 955a      	DEC  R21
0003c2 f7d1      	BRNE __CFD18
0003c3 c010      	RJMP __CFD15
                 __CFD11:
0003c4 2777      	CLR  R23
                 __CFD12:
0003c5 3058      	CPI  R21,8
0003c6 f028      	BRLO __CFD13
0003c7 2fef      	MOV  R30,R31
0003c8 2ff6      	MOV  R31,R22
0003c9 2f67      	MOV  R22,R23
0003ca 5058      	SUBI R21,8
0003cb cff9      	RJMP __CFD12
                 __CFD13:
0003cc 2355      	TST  R21
0003cd f031      	BREQ __CFD15
                 __CFD14:
0003ce 9576      	LSR  R23
0003cf 9567      	ROR  R22
0003d0 95f7      	ROR  R31
0003d1 95e7      	ROR  R30
0003d2 955a      	DEC  R21
0003d3 f7d1      	BRNE __CFD14
                 __CFD15:
0003d4 2000      	TST  R0
0003d5 f40a      	BRPL __CFD16
0003d6 d0cd      	RCALL __ANEGD1
                 __CFD16:
0003d7 915f      	POP  R21
0003d8 9508      	RET
                 
                 __CDF1U:
0003d9 9468      	SET
0003da c001      	RJMP __CDF1U0
                 __CDF1:
0003db 94e8      	CLT
                 __CDF1U0:
0003dc 9730      	SBIW R30,0
0003dd 4060      	SBCI R22,0
0003de 4070      	SBCI R23,0
0003df f0b1      	BREQ __CDF10
0003e0 2400      	CLR  R0
0003e1 f026      	BRTS __CDF11
0003e2 2377      	TST  R23
0003e3 f412      	BRPL __CDF11
0003e4 9400      	COM  R0
0003e5 d0be      	RCALL __ANEGD1
                 __CDF11:
0003e6 2e17      	MOV  R1,R23
0003e7 e17e      	LDI  R23,30
0003e8 2011      	TST  R1
                 __CDF12:
0003e9 f032      	BRMI __CDF13
0003ea 957a      	DEC  R23
0003eb 0fee      	LSL  R30
0003ec 1fff      	ROL  R31
0003ed 1f66      	ROL  R22
0003ee 1c11      	ROL  R1
0003ef cff9      	RJMP __CDF12
                 __CDF13:
0003f0 2fef      	MOV  R30,R31
0003f1 2ff6      	MOV  R31,R22
0003f2 2d61      	MOV  R22,R1
0003f3 935f      	PUSH R21
0003f4 df8a      	RCALL __REPACK
0003f5 915f      	POP  R21
                 __CDF10:
0003f6 9508      	RET
                 
                 __ZERORES:
0003f7 27ee      	CLR  R30
0003f8 27ff      	CLR  R31
0003f9 2766      	CLR  R22
0003fa 2777      	CLR  R23
0003fb 915f      	POP  R21
0003fc 9508      	RET
                 
                 __MINRES:
0003fd efef      	SER  R30
0003fe efff      	SER  R31
0003ff e76f      	LDI  R22,0x7F
000400 ef7f      	SER  R23
000401 915f      	POP  R21
000402 9508      	RET
                 
                 __MAXRES:
000403 efef      	SER  R30
000404 efff      	SER  R31
000405 e76f      	LDI  R22,0x7F
000406 e77f      	LDI  R23,0x7F
000407 915f      	POP  R21
000408 9508      	RET
                 
                 __MULF12:
000409 935f      	PUSH R21
00040a df86      	RCALL __UNPACK
00040b 3870      	CPI  R23,0x80
00040c f351      	BREQ __ZERORES
00040d 3890      	CPI  R25,0x80
00040e f341      	BREQ __ZERORES
00040f 2401      	EOR  R0,R1
000410 9408      	SEC
000411 1f79      	ADC  R23,R25
000412 f423      	BRVC __MULF124
000413 f31c      	BRLT __ZERORES
                 __MULF125:
000414 2000      	TST  R0
000415 f33a      	BRMI __MINRES
000416 cfec      	RJMP __MAXRES
                 __MULF124:
000417 920f      	PUSH R0
000418 931f      	PUSH R17
000419 932f      	PUSH R18
00041a 933f      	PUSH R19
00041b 934f      	PUSH R20
00041c 2711      	CLR  R17
00041d 2722      	CLR  R18
00041e 2799      	CLR  R25
00041f 9f68      	MUL  R22,R24
000420 01a0      	MOVW R20,R0
000421 9f8f      	MUL  R24,R31
000422 2d30      	MOV  R19,R0
000423 0d41      	ADD  R20,R1
000424 1f59      	ADC  R21,R25
000425 9f6b      	MUL  R22,R27
000426 0d30      	ADD  R19,R0
000427 1d41      	ADC  R20,R1
000428 1f59      	ADC  R21,R25
000429 9f8e      	MUL  R24,R30
00042a d027      	RCALL __MULF126
00042b 9fbf      	MUL  R27,R31
00042c d025      	RCALL __MULF126
00042d 9f6a      	MUL  R22,R26
00042e d023      	RCALL __MULF126
00042f 9fbe      	MUL  R27,R30
000430 d01d      	RCALL __MULF127
000431 9faf      	MUL  R26,R31
000432 d01b      	RCALL __MULF127
000433 9fae      	MUL  R26,R30
000434 0d11      	ADD  R17,R1
000435 1f29      	ADC  R18,R25
000436 1f39      	ADC  R19,R25
000437 1f49      	ADC  R20,R25
000438 1f59      	ADC  R21,R25
000439 2fe3      	MOV  R30,R19
00043a 2ff4      	MOV  R31,R20
00043b 2f65      	MOV  R22,R21
00043c 2f52      	MOV  R21,R18
00043d 914f      	POP  R20
00043e 913f      	POP  R19
00043f 912f      	POP  R18
000440 911f      	POP  R17
000441 900f      	POP  R0
000442 2366      	TST  R22
000443 f02a      	BRMI __MULF122
000444 0f55      	LSL  R21
000445 1fee      	ROL  R30
000446 1fff      	ROL  R31
000447 1f66      	ROL  R22
000448 c002      	RJMP __MULF123
                 __MULF122:
000449 9573      	INC  R23
00044a f24b      	BRVS __MULF125
                 __MULF123:
00044b df29      	RCALL __ROUND_REPACK
00044c 915f      	POP  R21
00044d 9508      	RET
                 
                 __MULF127:
00044e 0d10      	ADD  R17,R0
00044f 1d21      	ADC  R18,R1
000450 1f39      	ADC  R19,R25
000451 c002      	RJMP __MULF128
                 __MULF126:
000452 0d20      	ADD  R18,R0
000453 1d31      	ADC  R19,R1
                 __MULF128:
000454 1f49      	ADC  R20,R25
000455 1f59      	ADC  R21,R25
000456 9508      	RET
                 
                 __DIVF21:
000457 935f      	PUSH R21
000458 df38      	RCALL __UNPACK
000459 3870      	CPI  R23,0x80
00045a f421      	BRNE __DIVF210
00045b 2011      	TST  R1
                 __DIVF211:
00045c f40a      	BRPL __DIVF219
00045d cf9f      	RJMP __MINRES
                 __DIVF219:
00045e cfa4      	RJMP __MAXRES
                 __DIVF210:
00045f 3890      	CPI  R25,0x80
000460 f409      	BRNE __DIVF218
                 __DIVF217:
000461 cf95      	RJMP __ZERORES
                 __DIVF218:
000462 2401      	EOR  R0,R1
000463 9408      	SEC
000464 0b97      	SBC  R25,R23
000465 f41b      	BRVC __DIVF216
000466 f3d4      	BRLT __DIVF217
000467 2000      	TST  R0
000468 cff3      	RJMP __DIVF211
                 __DIVF216:
000469 2f79      	MOV  R23,R25
00046a 931f      	PUSH R17
00046b 932f      	PUSH R18
00046c 933f      	PUSH R19
00046d 934f      	PUSH R20
00046e 2411      	CLR  R1
00046f 2711      	CLR  R17
000470 2722      	CLR  R18
000471 2733      	CLR  R19
000472 2744      	CLR  R20
000473 2755      	CLR  R21
000474 e290      	LDI  R25,32
                 __DIVF212:
000475 17ae      	CP   R26,R30
000476 07bf      	CPC  R27,R31
000477 0786      	CPC  R24,R22
000478 0741      	CPC  R20,R17
000479 f030      	BRLO __DIVF213
00047a 1bae      	SUB  R26,R30
00047b 0bbf      	SBC  R27,R31
00047c 0b86      	SBC  R24,R22
00047d 0b41      	SBC  R20,R17
00047e 9408      	SEC
00047f c001      	RJMP __DIVF214
                 __DIVF213:
000480 9488      	CLC
                 __DIVF214:
000481 1f55      	ROL  R21
000482 1f22      	ROL  R18
000483 1f33      	ROL  R19
000484 1c11      	ROL  R1
000485 1faa      	ROL  R26
000486 1fbb      	ROL  R27
000487 1f88      	ROL  R24
000488 1f44      	ROL  R20
000489 959a      	DEC  R25
00048a f751      	BRNE __DIVF212
00048b 01f9      	MOVW R30,R18
00048c 2d61      	MOV  R22,R1
00048d 914f      	POP  R20
00048e 913f      	POP  R19
00048f 912f      	POP  R18
000490 911f      	POP  R17
000491 2366      	TST  R22
000492 f032      	BRMI __DIVF215
000493 0f55      	LSL  R21
000494 1fee      	ROL  R30
000495 1fff      	ROL  R31
000496 1f66      	ROL  R22
000497 957a      	DEC  R23
000498 f243      	BRVS __DIVF217
                 __DIVF215:
000499 dedb      	RCALL __ROUND_REPACK
00049a 915f      	POP  R21
00049b 9508      	RET
                 
                 __ADDW2R15:
00049c 2400      	CLR  R0
00049d 0daf      	ADD  R26,R15
00049e 1db0      	ADC  R27,R0
00049f 9508      	RET
                 
                 __ANEGW1:
0004a0 95f1      	NEG  R31
0004a1 95e1      	NEG  R30
0004a2 40f0      	SBCI R31,0
0004a3 9508      	RET
                 
                 __ANEGD1:
0004a4 95f0      	COM  R31
0004a5 9560      	COM  R22
0004a6 9570      	COM  R23
0004a7 95e1      	NEG  R30
0004a8 4fff      	SBCI R31,-1
0004a9 4f6f      	SBCI R22,-1
0004aa 4f7f      	SBCI R23,-1
0004ab 9508      	RET
                 
                 __CWD1:
0004ac 2f6f      	MOV  R22,R31
0004ad 0f66      	ADD  R22,R22
0004ae 0b66      	SBC  R22,R22
0004af 2f76      	MOV  R23,R22
0004b0 9508      	RET
                 
                 __GETW1P:
0004b1 91ed      	LD   R30,X+
0004b2 91fc      	LD   R31,X
0004b3 9711      	SBIW R26,1
0004b4 9508      	RET
                 
                 __GETW1PF:
0004b5 9005      	LPM  R0,Z+
0004b6 91f4      	LPM  R31,Z
0004b7 2de0      	MOV  R30,R0
0004b8 9508      	RET
                 
                 __PUTPARD1:
0004b9 937a      	ST   -Y,R23
0004ba 936a      	ST   -Y,R22
0004bb 93fa      	ST   -Y,R31
0004bc 93ea      	ST   -Y,R30
0004bd 9508      	RET
                 
                 __SAVELOCR6:
0004be 935a      	ST   -Y,R21
                 __SAVELOCR5:
0004bf 934a      	ST   -Y,R20
                 __SAVELOCR4:
0004c0 933a      	ST   -Y,R19
                 __SAVELOCR3:
0004c1 932a      	ST   -Y,R18
                 __SAVELOCR2:
0004c2 931a      	ST   -Y,R17
0004c3 930a      	ST   -Y,R16
0004c4 9508      	RET
                 
                 __LOADLOCR6:
0004c5 815d      	LDD  R21,Y+5
                 __LOADLOCR5:
0004c6 814c      	LDD  R20,Y+4
                 __LOADLOCR4:
0004c7 813b      	LDD  R19,Y+3
                 __LOADLOCR3:
0004c8 812a      	LDD  R18,Y+2
                 __LOADLOCR2:
0004c9 8119      	LDD  R17,Y+1
0004ca 8108      	LD   R16,Y
0004cb 9508      	RET
                 
                 ;END OF CODE MARKER
                 __END_OF_CODE:


RESOURCE USE INFORMATION
------------------------

Notice:
The register and instruction counts are symbol table hit counts,
and hence implicitly used resources are not counted, eg, the
'lpm' instruction without operands implicitly uses r0 and z,
none of which are counted.

x,y,z are separate entities in the symbol table and are
counted separately from r26..r31 here.

.dseg memory usage only counts static data declared with .byte

ATmega32A register use summary:
r0 :  29 r1 :  18 r2 :   0 r3 :   0 r4 :   4 r5 :   4 r6 :   0 r7 :   2 
r8 :   0 r9 :   0 r10:   0 r11:   0 r12:   0 r13:   0 r14:   0 r15:   4 
r16:  38 r17:  39 r18:  41 r19:  20 r20:  23 r21:  66 r22:  46 r23:  39 
r24:  35 r25:  28 r26: 111 r27:  47 r28:  16 r29:   1 r30: 189 r31:  85 
x  :  23 y  : 187 z  :  16 
Registers used: 25 out of 35 (71.4%)

ATmega32A instruction use summary:
.lds  :   0 .lds.l:   0 .sts  :   0 .sts.l:   0 adc   :  16 add   :   9 
adiw  :  27 and   :   2 andi  :   6 asr   :   0 bclr  :   0 bld   :   1 
brbc  :   0 brbs  :   0 brcc  :   1 brcs  :   0 break :   0 breq  :  24 
brge  :   0 brhc  :   0 brhs  :   0 brid  :   0 brie  :   0 brlo  :  12 
brlt  :   2 brmi  :   6 brne  :  38 brpl  :   6 brsh  :   2 brtc  :   1 
brts  :   1 brvc  :   2 brvs  :   3 bset  :   0 bst   :   0 call  :  59 
cbi   :   5 cbr   :   0 clc   :   1 clh   :   0 cli   :   1 cln   :   0 
clr   :  25 cls   :   0 clt   :   2 clv   :   0 clz   :   0 com   :   4 
cp    :   5 cpc   :   5 cpi   :  45 cpse  :   0 dec   :  11 des   :   0 
eor   :   5 fmul  :   0 fmuls :   0 fmulsu:   0 icall :   2 ijmp  :   0 
in    :   4 inc   :   3 jmp   :  24 ld    :  26 ldd   :  85 ldi   : 112 
lds   :   0 lpm   :  16 lsl   :  10 lsr   :   1 mov   :  38 movw  :  20 
mul   :  10 muls  :   0 mulsu :   0 neg   :   4 nop   :   0 or    :   1 
ori   :   7 out   :  11 pop   :  17 push  :  16 rcall :  31 ret   :  38 
reti  :   0 rjmp  :  81 rol   :  22 ror   :   7 sbc   :   6 sbci  :   7 
sbi   :   7 sbic  :   0 sbis  :   1 sbiw  :  22 sbr   :   0 sbrc  :   2 
sbrs  :  11 sec   :   3 seh   :   0 sei   :   0 sen   :   0 ser   :   8 
ses   :   0 set   :   2 sev   :   0 sez   :   0 sleep :   0 spm   :   0 
st    :  65 std   :  37 sts   :   2 sub   :   3 subi  :  17 swap  :   1 
tst   :  16 wdr   :   1 
Instructions used: 72 out of 116 (62.1%)

ATmega32A memory use summary [bytes]:
Segment   Begin    End      Code   Data   Used    Size   Use%
---------------------------------------------------------------
[.cseg] 0x000000 0x000998   2412     44   2456   32768   7.5%
[.dseg] 0x000060 0x000274      0     20     20    2048   1.0%
[.eseg] 0x000000 0x000000      0      0      0    1024   0.0%

Assembly complete, 0 errors, 3 warnings
