
AVRASM ver. 2.1.30  E:\Projects\AVR Projects\AT24C512\Sample4\Debug\List\master.asm Wed Aug 30 11:38:54 2023

E:\Projects\AVR Projects\AT24C512\Sample4\Debug\List\master.asm(1088): warning: Register r5 already defined by the .DEF directive
E:\Projects\AVR Projects\AT24C512\Sample4\Debug\List\master.asm(1089): warning: Register r4 already defined by the .DEF directive
E:\Projects\AVR Projects\AT24C512\Sample4\Debug\List\master.asm(1090): warning: Register r7 already defined by the .DEF directive
                 
                 
                 ;CodeVisionAVR C Compiler V3.14 Advanced
                 ;(C) Copyright 1998-2014 Pavel Haiduc, HP InfoTech s.r.l.
                 ;http://www.hpinfotech.com
                 
                 ;Build configuration    : Debug
                 ;Chip type              : ATmega32
                 ;Program type           : Application
                 ;Clock frequency        : 8.000000 MHz
                 ;Memory model           : Small
                 ;Optimize for           : Size
                 ;(s)printf features     : int, width
                 ;(s)scanf features      : int, width
                 ;External RAM size      : 0
                 ;Data Stack size        : 512 byte(s)
                 ;Heap size              : 0 byte(s)
                 ;Promote 'char' to 'int': Yes
                 ;'char' is unsigned     : Yes
                 ;8 bit enums            : Yes
                 ;Global 'const' stored in FLASH: Yes
                 ;Enhanced function parameter passing: Yes
                 ;Enhanced core instructions: On
                 ;Automatic register allocation for global variables: On
                 ;Smart register allocation: On
                 
                 	#define _MODEL_SMALL_
                 
                 	#pragma AVRPART ADMIN PART_NAME ATmega32
                 	#pragma AVRPART MEMORY PROG_FLASH 32768
                 	#pragma AVRPART MEMORY EEPROM 1024
                 	#pragma AVRPART MEMORY INT_SRAM SIZE 2048
                 	#pragma AVRPART MEMORY INT_SRAM START_ADDR 0x60
                 
                 	#define CALL_SUPPORTED 1
                 
                 	.LISTMAC
                 	.EQU UDRE=0x5
                 	.EQU RXC=0x7
                 	.EQU USR=0xB
                 	.EQU UDR=0xC
                 	.EQU SPSR=0xE
                 	.EQU SPDR=0xF
                 	.EQU EERE=0x0
                 	.EQU EEWE=0x1
                 	.EQU EEMWE=0x2
                 	.EQU EECR=0x1C
                 	.EQU EEDR=0x1D
                 	.EQU EEARL=0x1E
                 	.EQU EEARH=0x1F
                 	.EQU WDTCR=0x21
                 	.EQU MCUCR=0x35
                 	.EQU GICR=0x3B
                 	.EQU SPL=0x3D
                 	.EQU SPH=0x3E
                 	.EQU SREG=0x3F
                 
                 	.DEF R0X0=R0
                 	.DEF R0X1=R1
                 	.DEF R0X2=R2
                 	.DEF R0X3=R3
                 	.DEF R0X4=R4
                 	.DEF R0X5=R5
                 	.DEF R0X6=R6
                 	.DEF R0X7=R7
                 	.DEF R0X8=R8
                 	.DEF R0X9=R9
                 	.DEF R0XA=R10
                 	.DEF R0XB=R11
                 	.DEF R0XC=R12
                 	.DEF R0XD=R13
                 	.DEF R0XE=R14
                 	.DEF R0XF=R15
                 	.DEF R0X10=R16
                 	.DEF R0X11=R17
                 	.DEF R0X12=R18
                 	.DEF R0X13=R19
                 	.DEF R0X14=R20
                 	.DEF R0X15=R21
                 	.DEF R0X16=R22
                 	.DEF R0X17=R23
                 	.DEF R0X18=R24
                 	.DEF R0X19=R25
                 	.DEF R0X1A=R26
                 	.DEF R0X1B=R27
                 	.DEF R0X1C=R28
                 	.DEF R0X1D=R29
                 	.DEF R0X1E=R30
                 	.DEF R0X1F=R31
                 
                 	.EQU __SRAM_START=0x0060
                 	.EQU __SRAM_END=0x085F
                 	.EQU __DSTACK_SIZE=0x0200
                 	.EQU __HEAP_SIZE=0x0000
                 	.EQU __CLEAR_SRAM_SIZE=__SRAM_END-__SRAM_START+1
                 
                 	.MACRO __CPD1N
                 	CPI  R30,LOW(@0)
                 	LDI  R26,HIGH(@0)
                 	CPC  R31,R26
                 	LDI  R26,BYTE3(@0)
                 	CPC  R22,R26
                 	LDI  R26,BYTE4(@0)
                 	CPC  R23,R26
                 	.ENDM
                 
                 	.MACRO __CPD2N
                 	CPI  R26,LOW(@0)
                 	LDI  R30,HIGH(@0)
                 	CPC  R27,R30
                 	LDI  R30,BYTE3(@0)
                 	CPC  R24,R30
                 	LDI  R30,BYTE4(@0)
                 	CPC  R25,R30
                 	.ENDM
                 
                 	.MACRO __CPWRR
                 	CP   R@0,R@2
                 	CPC  R@1,R@3
                 	.ENDM
                 
                 	.MACRO __CPWRN
                 	CPI  R@0,LOW(@2)
                 	LDI  R30,HIGH(@2)
                 	CPC  R@1,R30
                 	.ENDM
                 
                 	.MACRO __ADDB1MN
                 	SUBI R30,LOW(-@0-(@1))
                 	.ENDM
                 
                 	.MACRO __ADDB2MN
                 	SUBI R26,LOW(-@0-(@1))
                 	.ENDM
                 
                 	.MACRO __ADDW1MN
                 	SUBI R30,LOW(-@0-(@1))
                 	SBCI R31,HIGH(-@0-(@1))
                 	.ENDM
                 
                 	.MACRO __ADDW2MN
                 	SUBI R26,LOW(-@0-(@1))
                 	SBCI R27,HIGH(-@0-(@1))
                 	.ENDM
                 
                 	.MACRO __ADDW1FN
                 	SUBI R30,LOW(-2*@0-(@1))
                 	SBCI R31,HIGH(-2*@0-(@1))
                 	.ENDM
                 
                 	.MACRO __ADDD1FN
                 	SUBI R30,LOW(-2*@0-(@1))
                 	SBCI R31,HIGH(-2*@0-(@1))
                 	SBCI R22,BYTE3(-2*@0-(@1))
                 	.ENDM
                 
                 	.MACRO __ADDD1N
                 	SUBI R30,LOW(-@0)
                 	SBCI R31,HIGH(-@0)
                 	SBCI R22,BYTE3(-@0)
                 	SBCI R23,BYTE4(-@0)
                 	.ENDM
                 
                 	.MACRO __ADDD2N
                 	SUBI R26,LOW(-@0)
                 	SBCI R27,HIGH(-@0)
                 	SBCI R24,BYTE3(-@0)
                 	SBCI R25,BYTE4(-@0)
                 	.ENDM
                 
                 	.MACRO __SUBD1N
                 	SUBI R30,LOW(@0)
                 	SBCI R31,HIGH(@0)
                 	SBCI R22,BYTE3(@0)
                 	SBCI R23,BYTE4(@0)
                 	.ENDM
                 
                 	.MACRO __SUBD2N
                 	SUBI R26,LOW(@0)
                 	SBCI R27,HIGH(@0)
                 	SBCI R24,BYTE3(@0)
                 	SBCI R25,BYTE4(@0)
                 	.ENDM
                 
                 	.MACRO __ANDBMNN
                 	LDS  R30,@0+(@1)
                 	ANDI R30,LOW(@2)
                 	STS  @0+(@1),R30
                 	.ENDM
                 
                 	.MACRO __ANDWMNN
                 	LDS  R30,@0+(@1)
                 	ANDI R30,LOW(@2)
                 	STS  @0+(@1),R30
                 	LDS  R30,@0+(@1)+1
                 	ANDI R30,HIGH(@2)
                 	STS  @0+(@1)+1,R30
                 	.ENDM
                 
                 	.MACRO __ANDD1N
                 	ANDI R30,LOW(@0)
                 	ANDI R31,HIGH(@0)
                 	ANDI R22,BYTE3(@0)
                 	ANDI R23,BYTE4(@0)
                 	.ENDM
                 
                 	.MACRO __ANDD2N
                 	ANDI R26,LOW(@0)
                 	ANDI R27,HIGH(@0)
                 	ANDI R24,BYTE3(@0)
                 	ANDI R25,BYTE4(@0)
                 	.ENDM
                 
                 	.MACRO __ORBMNN
                 	LDS  R30,@0+(@1)
                 	ORI  R30,LOW(@2)
                 	STS  @0+(@1),R30
                 	.ENDM
                 
                 	.MACRO __ORWMNN
                 	LDS  R30,@0+(@1)
                 	ORI  R30,LOW(@2)
                 	STS  @0+(@1),R30
                 	LDS  R30,@0+(@1)+1
                 	ORI  R30,HIGH(@2)
                 	STS  @0+(@1)+1,R30
                 	.ENDM
                 
                 	.MACRO __ORD1N
                 	ORI  R30,LOW(@0)
                 	ORI  R31,HIGH(@0)
                 	ORI  R22,BYTE3(@0)
                 	ORI  R23,BYTE4(@0)
                 	.ENDM
                 
                 	.MACRO __ORD2N
                 	ORI  R26,LOW(@0)
                 	ORI  R27,HIGH(@0)
                 	ORI  R24,BYTE3(@0)
                 	ORI  R25,BYTE4(@0)
                 	.ENDM
                 
                 	.MACRO __DELAY_USB
                 	LDI  R24,LOW(@0)
                 __DELAY_USB_LOOP:
                 	DEC  R24
                 	BRNE __DELAY_USB_LOOP
                 	.ENDM
                 
                 	.MACRO __DELAY_USW
                 	LDI  R24,LOW(@0)
                 	LDI  R25,HIGH(@0)
                 __DELAY_USW_LOOP:
                 	SBIW R24,1
                 	BRNE __DELAY_USW_LOOP
                 	.ENDM
                 
                 	.MACRO __GETD1S
                 	LDD  R30,Y+@0
                 	LDD  R31,Y+@0+1
                 	LDD  R22,Y+@0+2
                 	LDD  R23,Y+@0+3
                 	.ENDM
                 
                 	.MACRO __GETD2S
                 	LDD  R26,Y+@0
                 	LDD  R27,Y+@0+1
                 	LDD  R24,Y+@0+2
                 	LDD  R25,Y+@0+3
                 	.ENDM
                 
                 	.MACRO __PUTD1S
                 	STD  Y+@0,R30
                 	STD  Y+@0+1,R31
                 	STD  Y+@0+2,R22
                 	STD  Y+@0+3,R23
                 	.ENDM
                 
                 	.MACRO __PUTD2S
                 	STD  Y+@0,R26
                 	STD  Y+@0+1,R27
                 	STD  Y+@0+2,R24
                 	STD  Y+@0+3,R25
                 	.ENDM
                 
                 	.MACRO __PUTDZ2
                 	STD  Z+@0,R26
                 	STD  Z+@0+1,R27
                 	STD  Z+@0+2,R24
                 	STD  Z+@0+3,R25
                 	.ENDM
                 
                 	.MACRO __CLRD1S
                 	STD  Y+@0,R30
                 	STD  Y+@0+1,R30
                 	STD  Y+@0+2,R30
                 	STD  Y+@0+3,R30
                 	.ENDM
                 
                 	.MACRO __POINTB1MN
                 	LDI  R30,LOW(@0+(@1))
                 	.ENDM
                 
                 	.MACRO __POINTW1MN
                 	LDI  R30,LOW(@0+(@1))
                 	LDI  R31,HIGH(@0+(@1))
                 	.ENDM
                 
                 	.MACRO __POINTD1M
                 	LDI  R30,LOW(@0)
                 	LDI  R31,HIGH(@0)
                 	LDI  R22,BYTE3(@0)
                 	LDI  R23,BYTE4(@0)
                 	.ENDM
                 
                 	.MACRO __POINTW1FN
                 	LDI  R30,LOW(2*@0+(@1))
                 	LDI  R31,HIGH(2*@0+(@1))
                 	.ENDM
                 
                 	.MACRO __POINTD1FN
                 	LDI  R30,LOW(2*@0+(@1))
                 	LDI  R31,HIGH(2*@0+(@1))
                 	LDI  R22,BYTE3(2*@0+(@1))
                 	LDI  R23,BYTE4(2*@0+(@1))
                 	.ENDM
                 
                 	.MACRO __POINTB2MN
                 	LDI  R26,LOW(@0+(@1))
                 	.ENDM
                 
                 	.MACRO __POINTW2MN
                 	LDI  R26,LOW(@0+(@1))
                 	LDI  R27,HIGH(@0+(@1))
                 	.ENDM
                 
                 	.MACRO __POINTW2FN
                 	LDI  R26,LOW(2*@0+(@1))
                 	LDI  R27,HIGH(2*@0+(@1))
                 	.ENDM
                 
                 	.MACRO __POINTD2FN
                 	LDI  R26,LOW(2*@0+(@1))
                 	LDI  R27,HIGH(2*@0+(@1))
                 	LDI  R24,BYTE3(2*@0+(@1))
                 	LDI  R25,BYTE4(2*@0+(@1))
                 	.ENDM
                 
                 	.MACRO __POINTBRM
                 	LDI  R@0,LOW(@1)
                 	.ENDM
                 
                 	.MACRO __POINTWRM
                 	LDI  R@0,LOW(@2)
                 	LDI  R@1,HIGH(@2)
                 	.ENDM
                 
                 	.MACRO __POINTBRMN
                 	LDI  R@0,LOW(@1+(@2))
                 	.ENDM
                 
                 	.MACRO __POINTWRMN
                 	LDI  R@0,LOW(@2+(@3))
                 	LDI  R@1,HIGH(@2+(@3))
                 	.ENDM
                 
                 	.MACRO __POINTWRFN
                 	LDI  R@0,LOW(@2*2+(@3))
                 	LDI  R@1,HIGH(@2*2+(@3))
                 	.ENDM
                 
                 	.MACRO __GETD1N
                 	LDI  R30,LOW(@0)
                 	LDI  R31,HIGH(@0)
                 	LDI  R22,BYTE3(@0)
                 	LDI  R23,BYTE4(@0)
                 	.ENDM
                 
                 	.MACRO __GETD2N
                 	LDI  R26,LOW(@0)
                 	LDI  R27,HIGH(@0)
                 	LDI  R24,BYTE3(@0)
                 	LDI  R25,BYTE4(@0)
                 	.ENDM
                 
                 	.MACRO __GETB1MN
                 	LDS  R30,@0+(@1)
                 	.ENDM
                 
                 	.MACRO __GETB1HMN
                 	LDS  R31,@0+(@1)
                 	.ENDM
                 
                 	.MACRO __GETW1MN
                 	LDS  R30,@0+(@1)
                 	LDS  R31,@0+(@1)+1
                 	.ENDM
                 
                 	.MACRO __GETD1MN
                 	LDS  R30,@0+(@1)
                 	LDS  R31,@0+(@1)+1
                 	LDS  R22,@0+(@1)+2
                 	LDS  R23,@0+(@1)+3
                 	.ENDM
                 
                 	.MACRO __GETBRMN
                 	LDS  R@0,@1+(@2)
                 	.ENDM
                 
                 	.MACRO __GETWRMN
                 	LDS  R@0,@2+(@3)
                 	LDS  R@1,@2+(@3)+1
                 	.ENDM
                 
                 	.MACRO __GETWRZ
                 	LDD  R@0,Z+@2
                 	LDD  R@1,Z+@2+1
                 	.ENDM
                 
                 	.MACRO __GETD2Z
                 	LDD  R26,Z+@0
                 	LDD  R27,Z+@0+1
                 	LDD  R24,Z+@0+2
                 	LDD  R25,Z+@0+3
                 	.ENDM
                 
                 	.MACRO __GETB2MN
                 	LDS  R26,@0+(@1)
                 	.ENDM
                 
                 	.MACRO __GETW2MN
                 	LDS  R26,@0+(@1)
                 	LDS  R27,@0+(@1)+1
                 	.ENDM
                 
                 	.MACRO __GETD2MN
                 	LDS  R26,@0+(@1)
                 	LDS  R27,@0+(@1)+1
                 	LDS  R24,@0+(@1)+2
                 	LDS  R25,@0+(@1)+3
                 	.ENDM
                 
                 	.MACRO __PUTB1MN
                 	STS  @0+(@1),R30
                 	.ENDM
                 
                 	.MACRO __PUTW1MN
                 	STS  @0+(@1),R30
                 	STS  @0+(@1)+1,R31
                 	.ENDM
                 
                 	.MACRO __PUTD1MN
                 	STS  @0+(@1),R30
                 	STS  @0+(@1)+1,R31
                 	STS  @0+(@1)+2,R22
                 	STS  @0+(@1)+3,R23
                 	.ENDM
                 
                 	.MACRO __PUTB1EN
                 	LDI  R26,LOW(@0+(@1))
                 	LDI  R27,HIGH(@0+(@1))
                 	CALL __EEPROMWRB
                 	.ENDM
                 
                 	.MACRO __PUTW1EN
                 	LDI  R26,LOW(@0+(@1))
                 	LDI  R27,HIGH(@0+(@1))
                 	CALL __EEPROMWRW
                 	.ENDM
                 
                 	.MACRO __PUTD1EN
                 	LDI  R26,LOW(@0+(@1))
                 	LDI  R27,HIGH(@0+(@1))
                 	CALL __EEPROMWRD
                 	.ENDM
                 
                 	.MACRO __PUTBR0MN
                 	STS  @0+(@1),R0
                 	.ENDM
                 
                 	.MACRO __PUTBMRN
                 	STS  @0+(@1),R@2
                 	.ENDM
                 
                 	.MACRO __PUTWMRN
                 	STS  @0+(@1),R@2
                 	STS  @0+(@1)+1,R@3
                 	.ENDM
                 
                 	.MACRO __PUTBZR
                 	STD  Z+@1,R@0
                 	.ENDM
                 
                 	.MACRO __PUTWZR
                 	STD  Z+@2,R@0
                 	STD  Z+@2+1,R@1
                 	.ENDM
                 
                 	.MACRO __GETW1R
                 	MOV  R30,R@0
                 	MOV  R31,R@1
                 	.ENDM
                 
                 	.MACRO __GETW2R
                 	MOV  R26,R@0
                 	MOV  R27,R@1
                 	.ENDM
                 
                 	.MACRO __GETWRN
                 	LDI  R@0,LOW(@2)
                 	LDI  R@1,HIGH(@2)
                 	.ENDM
                 
                 	.MACRO __PUTW1R
                 	MOV  R@0,R30
                 	MOV  R@1,R31
                 	.ENDM
                 
                 	.MACRO __PUTW2R
                 	MOV  R@0,R26
                 	MOV  R@1,R27
                 	.ENDM
                 
                 	.MACRO __ADDWRN
                 	SUBI R@0,LOW(-@2)
                 	SBCI R@1,HIGH(-@2)
                 	.ENDM
                 
                 	.MACRO __ADDWRR
                 	ADD  R@0,R@2
                 	ADC  R@1,R@3
                 	.ENDM
                 
                 	.MACRO __SUBWRN
                 	SUBI R@0,LOW(@2)
                 	SBCI R@1,HIGH(@2)
                 	.ENDM
                 
                 	.MACRO __SUBWRR
                 	SUB  R@0,R@2
                 	SBC  R@1,R@3
                 	.ENDM
                 
                 	.MACRO __ANDWRN
                 	ANDI R@0,LOW(@2)
                 	ANDI R@1,HIGH(@2)
                 	.ENDM
                 
                 	.MACRO __ANDWRR
                 	AND  R@0,R@2
                 	AND  R@1,R@3
                 	.ENDM
                 
                 	.MACRO __ORWRN
                 	ORI  R@0,LOW(@2)
                 	ORI  R@1,HIGH(@2)
                 	.ENDM
                 
                 	.MACRO __ORWRR
                 	OR   R@0,R@2
                 	OR   R@1,R@3
                 	.ENDM
                 
                 	.MACRO __EORWRR
                 	EOR  R@0,R@2
                 	EOR  R@1,R@3
                 	.ENDM
                 
                 	.MACRO __GETWRS
                 	LDD  R@0,Y+@2
                 	LDD  R@1,Y+@2+1
                 	.ENDM
                 
                 	.MACRO __PUTBSR
                 	STD  Y+@1,R@0
                 	.ENDM
                 
                 	.MACRO __PUTWSR
                 	STD  Y+@2,R@0
                 	STD  Y+@2+1,R@1
                 	.ENDM
                 
                 	.MACRO __MOVEWRR
                 	MOV  R@0,R@2
                 	MOV  R@1,R@3
                 	.ENDM
                 
                 	.MACRO __INWR
                 	IN   R@0,@2
                 	IN   R@1,@2+1
                 	.ENDM
                 
                 	.MACRO __OUTWR
                 	OUT  @2+1,R@1
                 	OUT  @2,R@0
                 	.ENDM
                 
                 	.MACRO __CALL1MN
                 	LDS  R30,@0+(@1)
                 	LDS  R31,@0+(@1)+1
                 	ICALL
                 	.ENDM
                 
                 	.MACRO __CALL1FN
                 	LDI  R30,LOW(2*@0+(@1))
                 	LDI  R31,HIGH(2*@0+(@1))
                 	CALL __GETW1PF
                 	ICALL
                 	.ENDM
                 
                 	.MACRO __CALL2EN
                 	PUSH R26
                 	PUSH R27
                 	LDI  R26,LOW(@0+(@1))
                 	LDI  R27,HIGH(@0+(@1))
                 	CALL __EEPROMRDW
                 	POP  R27
                 	POP  R26
                 	ICALL
                 	.ENDM
                 
                 	.MACRO __CALL2EX
                 	SUBI R26,LOW(-@0)
                 	SBCI R27,HIGH(-@0)
                 	CALL __EEPROMRDD
                 	ICALL
                 	.ENDM
                 
                 	.MACRO __GETW1STACK
                 	IN   R30,SPL
                 	IN   R31,SPH
                 	ADIW R30,@0+1
                 	LD   R0,Z+
                 	LD   R31,Z
                 	MOV  R30,R0
                 	.ENDM
                 
                 	.MACRO __GETD1STACK
                 	IN   R30,SPL
                 	IN   R31,SPH
                 	ADIW R30,@0+1
                 	LD   R0,Z+
                 	LD   R1,Z+
                 	LD   R22,Z
                 	MOVW R30,R0
                 	.ENDM
                 
                 	.MACRO __NBST
                 	BST  R@0,@1
                 	IN   R30,SREG
                 	LDI  R31,0x40
                 	EOR  R30,R31
                 	OUT  SREG,R30
                 	.ENDM
                 
                 
                 	.MACRO __PUTB1SN
                 	LDD  R26,Y+@0
                 	LDD  R27,Y+@0+1
                 	SUBI R26,LOW(-@1)
                 	SBCI R27,HIGH(-@1)
                 	ST   X,R30
                 	.ENDM
                 
                 	.MACRO __PUTW1SN
                 	LDD  R26,Y+@0
                 	LDD  R27,Y+@0+1
                 	SUBI R26,LOW(-@1)
                 	SBCI R27,HIGH(-@1)
                 	ST   X+,R30
                 	ST   X,R31
                 	.ENDM
                 
                 	.MACRO __PUTD1SN
                 	LDD  R26,Y+@0
                 	LDD  R27,Y+@0+1
                 	SUBI R26,LOW(-@1)
                 	SBCI R27,HIGH(-@1)
                 	CALL __PUTDP1
                 	.ENDM
                 
                 	.MACRO __PUTB1SNS
                 	LDD  R26,Y+@0
                 	LDD  R27,Y+@0+1
                 	ADIW R26,@1
                 	ST   X,R30
                 	.ENDM
                 
                 	.MACRO __PUTW1SNS
                 	LDD  R26,Y+@0
                 	LDD  R27,Y+@0+1
                 	ADIW R26,@1
                 	ST   X+,R30
                 	ST   X,R31
                 	.ENDM
                 
                 	.MACRO __PUTD1SNS
                 	LDD  R26,Y+@0
                 	LDD  R27,Y+@0+1
                 	ADIW R26,@1
                 	CALL __PUTDP1
                 	.ENDM
                 
                 	.MACRO __PUTB1PMN
                 	LDS  R26,@0
                 	LDS  R27,@0+1
                 	SUBI R26,LOW(-@1)
                 	SBCI R27,HIGH(-@1)
                 	ST   X,R30
                 	.ENDM
                 
                 	.MACRO __PUTW1PMN
                 	LDS  R26,@0
                 	LDS  R27,@0+1
                 	SUBI R26,LOW(-@1)
                 	SBCI R27,HIGH(-@1)
                 	ST   X+,R30
                 	ST   X,R31
                 	.ENDM
                 
                 	.MACRO __PUTD1PMN
                 	LDS  R26,@0
                 	LDS  R27,@0+1
                 	SUBI R26,LOW(-@1)
                 	SBCI R27,HIGH(-@1)
                 	CALL __PUTDP1
                 	.ENDM
                 
                 	.MACRO __PUTB1PMNS
                 	LDS  R26,@0
                 	LDS  R27,@0+1
                 	ADIW R26,@1
                 	ST   X,R30
                 	.ENDM
                 
                 	.MACRO __PUTW1PMNS
                 	LDS  R26,@0
                 	LDS  R27,@0+1
                 	ADIW R26,@1
                 	ST   X+,R30
                 	ST   X,R31
                 	.ENDM
                 
                 	.MACRO __PUTD1PMNS
                 	LDS  R26,@0
                 	LDS  R27,@0+1
                 	ADIW R26,@1
                 	CALL __PUTDP1
                 	.ENDM
                 
                 	.MACRO __PUTB1RN
                 	MOVW R26,R@0
                 	SUBI R26,LOW(-@1)
                 	SBCI R27,HIGH(-@1)
                 	ST   X,R30
                 	.ENDM
                 
                 	.MACRO __PUTW1RN
                 	MOVW R26,R@0
                 	SUBI R26,LOW(-@1)
                 	SBCI R27,HIGH(-@1)
                 	ST   X+,R30
                 	ST   X,R31
                 	.ENDM
                 
                 	.MACRO __PUTD1RN
                 	MOVW R26,R@0
                 	SUBI R26,LOW(-@1)
                 	SBCI R27,HIGH(-@1)
                 	CALL __PUTDP1
                 	.ENDM
                 
                 	.MACRO __PUTB1RNS
                 	MOVW R26,R@0
                 	ADIW R26,@1
                 	ST   X,R30
                 	.ENDM
                 
                 	.MACRO __PUTW1RNS
                 	MOVW R26,R@0
                 	ADIW R26,@1
                 	ST   X+,R30
                 	ST   X,R31
                 	.ENDM
                 
                 	.MACRO __PUTD1RNS
                 	MOVW R26,R@0
                 	ADIW R26,@1
                 	CALL __PUTDP1
                 	.ENDM
                 
                 	.MACRO __PUTB1RON
                 	MOV  R26,R@0
                 	MOV  R27,R@1
                 	SUBI R26,LOW(-@2)
                 	SBCI R27,HIGH(-@2)
                 	ST   X,R30
                 	.ENDM
                 
                 	.MACRO __PUTW1RON
                 	MOV  R26,R@0
                 	MOV  R27,R@1
                 	SUBI R26,LOW(-@2)
                 	SBCI R27,HIGH(-@2)
                 	ST   X+,R30
                 	ST   X,R31
                 	.ENDM
                 
                 	.MACRO __PUTD1RON
                 	MOV  R26,R@0
                 	MOV  R27,R@1
                 	SUBI R26,LOW(-@2)
                 	SBCI R27,HIGH(-@2)
                 	CALL __PUTDP1
                 	.ENDM
                 
                 	.MACRO __PUTB1RONS
                 	MOV  R26,R@0
                 	MOV  R27,R@1
                 	ADIW R26,@2
                 	ST   X,R30
                 	.ENDM
                 
                 	.MACRO __PUTW1RONS
                 	MOV  R26,R@0
                 	MOV  R27,R@1
                 	ADIW R26,@2
                 	ST   X+,R30
                 	ST   X,R31
                 	.ENDM
                 
                 	.MACRO __PUTD1RONS
                 	MOV  R26,R@0
                 	MOV  R27,R@1
                 	ADIW R26,@2
                 	CALL __PUTDP1
                 	.ENDM
                 
                 
                 	.MACRO __GETB1SX
                 	MOVW R30,R28
                 	SUBI R30,LOW(-@0)
                 	SBCI R31,HIGH(-@0)
                 	LD   R30,Z
                 	.ENDM
                 
                 	.MACRO __GETB1HSX
                 	MOVW R30,R28
                 	SUBI R30,LOW(-@0)
                 	SBCI R31,HIGH(-@0)
                 	LD   R31,Z
                 	.ENDM
                 
                 	.MACRO __GETW1SX
                 	MOVW R30,R28
                 	SUBI R30,LOW(-@0)
                 	SBCI R31,HIGH(-@0)
                 	LD   R0,Z+
                 	LD   R31,Z
                 	MOV  R30,R0
                 	.ENDM
                 
                 	.MACRO __GETD1SX
                 	MOVW R30,R28
                 	SUBI R30,LOW(-@0)
                 	SBCI R31,HIGH(-@0)
                 	LD   R0,Z+
                 	LD   R1,Z+
                 	LD   R22,Z+
                 	LD   R23,Z
                 	MOVW R30,R0
                 	.ENDM
                 
                 	.MACRO __GETB2SX
                 	MOVW R26,R28
                 	SUBI R26,LOW(-@0)
                 	SBCI R27,HIGH(-@0)
                 	LD   R26,X
                 	.ENDM
                 
                 	.MACRO __GETW2SX
                 	MOVW R26,R28
                 	SUBI R26,LOW(-@0)
                 	SBCI R27,HIGH(-@0)
                 	LD   R0,X+
                 	LD   R27,X
                 	MOV  R26,R0
                 	.ENDM
                 
                 	.MACRO __GETD2SX
                 	MOVW R26,R28
                 	SUBI R26,LOW(-@0)
                 	SBCI R27,HIGH(-@0)
                 	LD   R0,X+
                 	LD   R1,X+
                 	LD   R24,X+
                 	LD   R25,X
                 	MOVW R26,R0
                 	.ENDM
                 
                 	.MACRO __GETBRSX
                 	MOVW R30,R28
                 	SUBI R30,LOW(-@1)
                 	SBCI R31,HIGH(-@1)
                 	LD   R@0,Z
                 	.ENDM
                 
                 	.MACRO __GETWRSX
                 	MOVW R30,R28
                 	SUBI R30,LOW(-@2)
                 	SBCI R31,HIGH(-@2)
                 	LD   R@0,Z+
                 	LD   R@1,Z
                 	.ENDM
                 
                 	.MACRO __GETBRSX2
                 	MOVW R26,R28
                 	SUBI R26,LOW(-@1)
                 	SBCI R27,HIGH(-@1)
                 	LD   R@0,X
                 	.ENDM
                 
                 	.MACRO __GETWRSX2
                 	MOVW R26,R28
                 	SUBI R26,LOW(-@2)
                 	SBCI R27,HIGH(-@2)
                 	LD   R@0,X+
                 	LD   R@1,X
                 	.ENDM
                 
                 	.MACRO __LSLW8SX
                 	MOVW R30,R28
                 	SUBI R30,LOW(-@0)
                 	SBCI R31,HIGH(-@0)
                 	LD   R31,Z
                 	CLR  R30
                 	.ENDM
                 
                 	.MACRO __PUTB1SX
                 	MOVW R26,R28
                 	SUBI R26,LOW(-@0)
                 	SBCI R27,HIGH(-@0)
                 	ST   X,R30
                 	.ENDM
                 
                 	.MACRO __PUTW1SX
                 	MOVW R26,R28
                 	SUBI R26,LOW(-@0)
                 	SBCI R27,HIGH(-@0)
                 	ST   X+,R30
                 	ST   X,R31
                 	.ENDM
                 
                 	.MACRO __PUTD1SX
                 	MOVW R26,R28
                 	SUBI R26,LOW(-@0)
                 	SBCI R27,HIGH(-@0)
                 	ST   X+,R30
                 	ST   X+,R31
                 	ST   X+,R22
                 	ST   X,R23
                 	.ENDM
                 
                 	.MACRO __CLRW1SX
                 	MOVW R26,R28
                 	SUBI R26,LOW(-@0)
                 	SBCI R27,HIGH(-@0)
                 	ST   X+,R30
                 	ST   X,R30
                 	.ENDM
                 
                 	.MACRO __CLRD1SX
                 	MOVW R26,R28
                 	SUBI R26,LOW(-@0)
                 	SBCI R27,HIGH(-@0)
                 	ST   X+,R30
                 	ST   X+,R30
                 	ST   X+,R30
                 	ST   X,R30
                 	.ENDM
                 
                 	.MACRO __PUTB2SX
                 	MOVW R30,R28
                 	SUBI R30,LOW(-@0)
                 	SBCI R31,HIGH(-@0)
                 	ST   Z,R26
                 	.ENDM
                 
                 	.MACRO __PUTW2SX
                 	MOVW R30,R28
                 	SUBI R30,LOW(-@0)
                 	SBCI R31,HIGH(-@0)
                 	ST   Z+,R26
                 	ST   Z,R27
                 	.ENDM
                 
                 	.MACRO __PUTD2SX
                 	MOVW R30,R28
                 	SUBI R30,LOW(-@0)
                 	SBCI R31,HIGH(-@0)
                 	ST   Z+,R26
                 	ST   Z+,R27
                 	ST   Z+,R24
                 	ST   Z,R25
                 	.ENDM
                 
                 	.MACRO __PUTBSRX
                 	MOVW R30,R28
                 	SUBI R30,LOW(-@1)
                 	SBCI R31,HIGH(-@1)
                 	ST   Z,R@0
                 	.ENDM
                 
                 	.MACRO __PUTWSRX
                 	MOVW R30,R28
                 	SUBI R30,LOW(-@2)
                 	SBCI R31,HIGH(-@2)
                 	ST   Z+,R@0
                 	ST   Z,R@1
                 	.ENDM
                 
                 	.MACRO __PUTB1SNX
                 	MOVW R26,R28
                 	SUBI R26,LOW(-@0)
                 	SBCI R27,HIGH(-@0)
                 	LD   R0,X+
                 	LD   R27,X
                 	MOV  R26,R0
                 	SUBI R26,LOW(-@1)
                 	SBCI R27,HIGH(-@1)
                 	ST   X,R30
                 	.ENDM
                 
                 	.MACRO __PUTW1SNX
                 	MOVW R26,R28
                 	SUBI R26,LOW(-@0)
                 	SBCI R27,HIGH(-@0)
                 	LD   R0,X+
                 	LD   R27,X
                 	MOV  R26,R0
                 	SUBI R26,LOW(-@1)
                 	SBCI R27,HIGH(-@1)
                 	ST   X+,R30
                 	ST   X,R31
                 	.ENDM
                 
                 	.MACRO __PUTD1SNX
                 	MOVW R26,R28
                 	SUBI R26,LOW(-@0)
                 	SBCI R27,HIGH(-@0)
                 	LD   R0,X+
                 	LD   R27,X
                 	MOV  R26,R0
                 	SUBI R26,LOW(-@1)
                 	SBCI R27,HIGH(-@1)
                 	ST   X+,R30
                 	ST   X+,R31
                 	ST   X+,R22
                 	ST   X,R23
                 	.ENDM
                 
                 	.MACRO __MULBRR
                 	MULS R@0,R@1
                 	MOVW R30,R0
                 	.ENDM
                 
                 	.MACRO __MULBRRU
                 	MUL  R@0,R@1
                 	MOVW R30,R0
                 	.ENDM
                 
                 	.MACRO __MULBRR0
                 	MULS R@0,R@1
                 	.ENDM
                 
                 	.MACRO __MULBRRU0
                 	MUL  R@0,R@1
                 	.ENDM
                 
                 	.MACRO __MULBNWRU
                 	LDI  R26,@2
                 	MUL  R26,R@0
                 	MOVW R30,R0
                 	MUL  R26,R@1
                 	ADD  R31,R0
                 	.ENDM
                 
                 ;NAME DEFINITIONS FOR GLOBAL VARIABLES ALLOCATED TO REGISTERS
                 	.DEF __lcd_x=R5
                 	.DEF __lcd_y=R4
                 	.DEF __lcd_maxx=R7
                 
                 	.CSEG
                 	.ORG 0x00
                 
                 ;START OF CODE MARKER
                 __START_OF_CODE:
                 
                 ;INTERRUPT VECTORS
000000 940c 0044 	JMP  __RESET
000002 940c 0000 	JMP  0x00
000004 940c 0000 	JMP  0x00
000006 940c 0000 	JMP  0x00
000008 940c 0000 	JMP  0x00
00000a 940c 0000 	JMP  0x00
00000c 940c 0000 	JMP  0x00
00000e 940c 0000 	JMP  0x00
000010 940c 0000 	JMP  0x00
000012 940c 0000 	JMP  0x00
000014 940c 0000 	JMP  0x00
000016 940c 0000 	JMP  0x00
000018 940c 0000 	JMP  0x00
00001a 940c 0000 	JMP  0x00
00001c 940c 0000 	JMP  0x00
00001e 940c 0000 	JMP  0x00
000020 940c 0000 	JMP  0x00
000022 940c 0000 	JMP  0x00
000024 940c 0000 	JMP  0x00
000026 940c 0000 	JMP  0x00
000028 940c 0000 	JMP  0x00
                 
                 _tbl10_G100:
00002a 2710
00002b 03e8
00002c 0064
00002d 000a      	.DB  0x10,0x27,0xE8,0x3,0x64,0x0,0xA,0x0
00002e 0001      	.DB  0x1,0x0
                 _tbl16_G100:
00002f 1000
000030 0100
000031 0010
000032 0001      	.DB  0x0,0x10,0x0,0x1,0x10,0x0,0x1,0x0
                 
                 _0x0:
000033 6441
000034 7264
000035 7365
000036 3d73      	.DB  0x41,0x64,0x64,0x72,0x65,0x73,0x73,0x3D
000037 7830
000038 3025
000039 5832
00003a 4400      	.DB  0x30,0x78,0x25,0x30,0x32,0x58,0x0,0x44
00003b 7461
00003c 3d61
00003d 6425
E:\Projects\AVR Projects\AT24C512\Sample4\Debug\List\master.asm(1130): warning: .cseg .db misalignment - padding zero byte
00003e 0000      	.DB  0x61,0x74,0x61,0x3D,0x25,0x64,0x0
                 _0x2020003:
00003f c080      	.DB  0x80,0xC0
                 
                 __GLOBAL_INI_TBL:
000040 0002      	.DW  0x02
000041 0274      	.DW  __base_y_G101
000042 007e      	.DW  _0x2020003*2
                 
                 _0xFFFFFFFF:
000043 0000      	.DW  0
                 
                 #define __GLOBAL_INI_TBL_PRESENT 1
                 
                 __RESET:
000044 94f8      	CLI
000045 27ee      	CLR  R30
000046 bbec      	OUT  EECR,R30
                 
                 ;INTERRUPT VECTORS ARE PLACED
                 ;AT THE START OF FLASH
000047 e0f1      	LDI  R31,1
000048 bffb      	OUT  GICR,R31
000049 bfeb      	OUT  GICR,R30
00004a bfe5      	OUT  MCUCR,R30
                 
                 ;CLEAR R2-R14
00004b e08d      	LDI  R24,(14-2)+1
00004c e0a2      	LDI  R26,2
00004d 27bb      	CLR  R27
                 __CLEAR_REG:
00004e 93ed      	ST   X+,R30
00004f 958a      	DEC  R24
000050 f7e9      	BRNE __CLEAR_REG
                 
                 ;CLEAR SRAM
000051 e080      	LDI  R24,LOW(__CLEAR_SRAM_SIZE)
000052 e098      	LDI  R25,HIGH(__CLEAR_SRAM_SIZE)
000053 e6a0      	LDI  R26,__SRAM_START
                 __CLEAR_SRAM:
000054 93ed      	ST   X+,R30
000055 9701      	SBIW R24,1
000056 f7e9      	BRNE __CLEAR_SRAM
                 
                 ;GLOBAL VARIABLES INITIALIZATION
000057 e8e0      	LDI  R30,LOW(__GLOBAL_INI_TBL*2)
000058 e0f0      	LDI  R31,HIGH(__GLOBAL_INI_TBL*2)
                 __GLOBAL_INI_NEXT:
000059 9185      	LPM  R24,Z+
00005a 9195      	LPM  R25,Z+
00005b 9700      	SBIW R24,0
00005c f061      	BREQ __GLOBAL_INI_END
00005d 91a5      	LPM  R26,Z+
00005e 91b5      	LPM  R27,Z+
00005f 9005      	LPM  R0,Z+
000060 9015      	LPM  R1,Z+
000061 01bf      	MOVW R22,R30
000062 01f0      	MOVW R30,R0
                 __GLOBAL_INI_LOOP:
000063 9005      	LPM  R0,Z+
000064 920d      	ST   X+,R0
000065 9701      	SBIW R24,1
000066 f7e1      	BRNE __GLOBAL_INI_LOOP
000067 01fb      	MOVW R30,R22
000068 cff0      	RJMP __GLOBAL_INI_NEXT
                 __GLOBAL_INI_END:
                 
                 ;HARDWARE STACK POINTER INITIALIZATION
000069 e5ef      	LDI  R30,LOW(__SRAM_END-__HEAP_SIZE)
00006a bfed      	OUT  SPL,R30
00006b e0e8      	LDI  R30,HIGH(__SRAM_END-__HEAP_SIZE)
00006c bfee      	OUT  SPH,R30
                 
                 ;DATA STACK POINTER INITIALIZATION
00006d e6c0      	LDI  R28,LOW(__SRAM_START+__DSTACK_SIZE)
00006e e0d2      	LDI  R29,HIGH(__SRAM_START+__DSTACK_SIZE)
                 
00006f 940c 0071 	JMP  _main
                 
                 	.ESEG
                 	.ORG 0
                 
                 	.DSEG
                 	.ORG 0x260
                 
                 	.CSEG
                 ;/*******************************************************
                 ;This program was created by the
                 ;CodeWizardAVR V3.14 Advanced
                 ;Automatic Program Generator
                 ;© Copyright 1998-2014 Pavel Haiduc, HP InfoTech s.r.l.
                 ;http://www.hpinfotech.com
                 ;
                 ;Project : Numbers written in their corresponding Hexadecimal address, read in reversed order
                 ;Version :
                 ;Date    : 8/30/2023
                 ;Author  : Parham Soltani
                 ;Company :
                 ;Comments:
                 ;
                 ;
                 ;Chip type               : ATmega32
                 ;Program type            : Application
                 ;AVR Core Clock frequency: 8.000000 MHz
                 ;Memory model            : Small
                 ;External RAM size       : 0
                 ;Data Stack size         : 512
                 ;*******************************************************/
                 ;
                 ;#include <mega32.h>
                 	#ifndef __SLEEP_DEFINED__
                 	#define __SLEEP_DEFINED__
                 	.EQU __se_bit=0x80
                 	.EQU __sm_mask=0x70
                 	.EQU __sm_powerdown=0x20
                 	.EQU __sm_powersave=0x30
                 	.EQU __sm_standby=0x60
                 	.EQU __sm_ext_standby=0x70
                 	.EQU __sm_adc_noise_red=0x10
                 	.SET power_ctrl_reg=mcucr
                 	#endif
                 ;#include <delay.h>
                 ;#include <stdio.h>
                 ;
                 ;
                 ;// I2C Bus functions
                 ;#include <i2c.h>
                 ;
                 ;// Alphanumeric LCD functions
                 ;#include <alcd.h>
                 ;
                 ;#define write_address_bus  160
                 ;#define read_address_bus  161
                 ;
                 ;void write_eeprom(unsigned char data,unsigned int address);
                 ;unsigned char read_eeprom(unsigned int address);
                 ;
                 ;
                 ;// Declare your global variables here
                 ;char buffer[20];
                 ;
                 ;void main(void)
                 ; 0000 002E {
                 
                 	.CSEG
                 _main:
                 ; .FSTART _main
                 ; 0000 002F // Declare your local variables here
                 ; 0000 0030 
                 ; 0000 0031 unsigned char read_data, write_data;
                 ; 0000 0032 int i;
                 ; 0000 0033 
                 ; 0000 0034 // Bit-Banged I2C Bus initialization
                 ; 0000 0035 // I2C Port: PORTC
                 ; 0000 0036 // I2C SDA bit: 1
                 ; 0000 0037 // I2C SCL bit: 0
                 ; 0000 0038 // Bit Rate: 100 kHz
                 ; 0000 0039 // Note: I2C settings are specified in the
                 ; 0000 003A // Project|Configure|C Compiler|Libraries|I2C menu.
                 ; 0000 003B i2c_init();
                 ;	read_data -> R17
                 ;	write_data -> R16
                 ;	i -> R18,R19
000071 940e 0372 	CALL _i2c_init
                 ; 0000 003C 
                 ; 0000 003D // Alphanumeric LCD initialization
                 ; 0000 003E // Connections are specified in the
                 ; 0000 003F // Project|Configure|C Compiler|Libraries|Alphanumeric LCD menu:
                 ; 0000 0040 // RS - PORTB Bit 0
                 ; 0000 0041 // RD - PORTB Bit 1
                 ; 0000 0042 // EN - PORTB Bit 2
                 ; 0000 0043 // D4 - PORTB Bit 4
                 ; 0000 0044 // D5 - PORTB Bit 5
                 ; 0000 0045 // D6 - PORTB Bit 6
                 ; 0000 0046 // D7 - PORTB Bit 7
                 ; 0000 0047 // Characters/line: 16
                 ; 0000 0048 lcd_init(16);
000073 e1a0      	LDI  R26,LOW(16)
000074 940e 02df 	CALL _lcd_init
                 ; 0000 0049 
                 ; 0000 004A for(i=0; i<=100; i++)
                +
000076 e020     +LDI R18 , LOW ( 0 )
000077 e030     +LDI R19 , HIGH ( 0 )
                 	__GETWRN 18,19,0
                 _0x4:
                +
000078 3625     +CPI R18 , LOW ( 101 )
000079 e0e0     +LDI R30 , HIGH ( 101 )
00007a 073e     +CPC R19 , R30
                 	__CPWRN 18,19,101
00007b f594      	BRGE _0x5
                 ; 0000 004B {
                 ; 0000 004C 
                 ; 0000 004D     write_data = 100 - i;
00007c e6e4      	LDI  R30,LOW(100)
00007d 1be2      	SUB  R30,R18
00007e 2f0e      	MOV  R16,R30
                 ; 0000 004E     write_eeprom(write_data,i);
00007f 930a      	ST   -Y,R16
000080 01d9      	MOVW R26,R18
000081 d02e      	RCALL _write_eeprom
                 ; 0000 004F     read_data = read_eeprom(i);
000082 01d9      	MOVW R26,R18
000083 d03e      	RCALL _read_eeprom
000084 2f1e      	MOV  R17,R30
                 ; 0000 0050     lcd_clear();
000085 940e 02ad 	CALL _lcd_clear
                 ; 0000 0051     sprintf(buffer, "Address=0x%02X", i);
000087 e6e0      	LDI  R30,LOW(_buffer)
000088 e0f2      	LDI  R31,HIGH(_buffer)
000089 93fa      	ST   -Y,R31
00008a 93ea      	ST   -Y,R30
                +
00008b e6e6     +LDI R30 , LOW ( 2 * _0x0 + ( 0 ) )
00008c e0f0     +LDI R31 , HIGH ( 2 * _0x0 + ( 0 ) )
                 	__POINTW1FN _0x0,0
00008d 93fa      	ST   -Y,R31
00008e 93ea      	ST   -Y,R30
00008f 01f9      	MOVW R30,R18
000090 940e 03d5 	CALL __CWD1
000092 940e 0326 	CALL SUBOPT_0x0
                 ; 0000 0052     lcd_puts(buffer);
                 ; 0000 0053     lcd_gotoxy(0,1);
000094 e0e0      	LDI  R30,LOW(0)
000095 93ea      	ST   -Y,R30
000096 e0a1      	LDI  R26,LOW(1)
000097 940e 02a0 	CALL _lcd_gotoxy
                 ; 0000 0054     sprintf(buffer, "Data=%d", read_data);
000099 e6e0      	LDI  R30,LOW(_buffer)
00009a e0f2      	LDI  R31,HIGH(_buffer)
00009b 93fa      	ST   -Y,R31
00009c 93ea      	ST   -Y,R30
                +
00009d e7e5     +LDI R30 , LOW ( 2 * _0x0 + ( 15 ) )
00009e e0f0     +LDI R31 , HIGH ( 2 * _0x0 + ( 15 ) )
                 	__POINTW1FN _0x0,15
00009f 93fa      	ST   -Y,R31
0000a0 93ea      	ST   -Y,R30
0000a1 2fe1      	MOV  R30,R17
0000a2 27ff      	CLR  R31
0000a3 2766      	CLR  R22
0000a4 2777      	CLR  R23
0000a5 940e 0326 	CALL SUBOPT_0x0
                 ; 0000 0055     lcd_puts(buffer);
                 ; 0000 0056     delay_ms(300);
0000a7 e2ac      	LDI  R26,LOW(300)
0000a8 e0b1      	LDI  R27,HIGH(300)
0000a9 940e 03c3 	CALL _delay_ms
                 ; 0000 0057 }
                +
0000ab 5f2f     +SUBI R18 , LOW ( - 1 )
0000ac 4f3f     +SBCI R19 , HIGH ( - 1 )
                 	__ADDWRN 18,19,1
0000ad cfca      	RJMP _0x4
                 _0x5:
                 ; 0000 0058 
                 ; 0000 0059 while (1)
                 _0x6:
                 ; 0000 005A       {
                 ; 0000 005B       // Place your code here
                 ; 0000 005C 
                 ; 0000 005D       }
0000ae cfff      	RJMP _0x6
                 ; 0000 005E }
                 _0x9:
0000af cfff      	RJMP _0x9
                 ; .FEND
                 ;
                 ;
                 ;
                 ;void write_eeprom(unsigned char data,unsigned int address)
                 ; 0000 0063 {
                 _write_eeprom:
                 ; .FSTART _write_eeprom
                 ; 0000 0064    i2c_start();
0000b0 93ba      	ST   -Y,R27
0000b1 93aa      	ST   -Y,R26
                 ;	data -> Y+2
                 ;	address -> Y+0
0000b2 940e 0330 	CALL SUBOPT_0x1
                 ; 0000 0065    i2c_write(write_address_bus);
                 ; 0000 0066    i2c_write(0x00);             //high byte address
                 ; 0000 0067    i2c_write(address);          //low byte address
0000b4 81a8      	LD   R26,Y
0000b5 940e 03ab 	CALL _i2c_write
                 ; 0000 0068    i2c_write(data);
0000b7 81aa      	LDD  R26,Y+2
0000b8 940e 03ab 	CALL _i2c_write
                 ; 0000 0069    i2c_stop();
0000ba 940e 0386 	CALL _i2c_stop
                 ; 0000 006A    delay_ms(10);
0000bc e0aa      	LDI  R26,LOW(10)
0000bd e0b0      	LDI  R27,0
0000be 940e 03c3 	CALL _delay_ms
                 ; 0000 006B 
                 ; 0000 006C }
0000c0 940c 02dd 	JMP  _0x2080003
                 ; .FEND
                 ;
                 ;unsigned char read_eeprom(unsigned int address)
                 ; 0000 006F {
                 _read_eeprom:
                 ; .FSTART _read_eeprom
                 ; 0000 0070    unsigned char data_read;
                 ; 0000 0071    i2c_start();
0000c2 93ba      	ST   -Y,R27
0000c3 93aa      	ST   -Y,R26
0000c4 931a      	ST   -Y,R17
                 ;	address -> Y+1
                 ;	data_read -> R17
0000c5 940e 0330 	CALL SUBOPT_0x1
                 ; 0000 0072    i2c_write(write_address_bus);
                 ; 0000 0073    i2c_write(0x00);                   //high byte address
                 ; 0000 0074    i2c_write(address);                //low byte address
0000c7 81a9      	LDD  R26,Y+1
0000c8 940e 03ab 	CALL _i2c_write
                 ; 0000 0075    i2c_start();
0000ca 940e 0377 	CALL _i2c_start
                 ; 0000 0076    i2c_write(read_address_bus);
0000cc eaa1      	LDI  R26,LOW(161)
0000cd 940e 03ab 	CALL _i2c_write
                 ; 0000 0077    data_read=i2c_read(0);
0000cf e0a0      	LDI  R26,LOW(0)
0000d0 940e 0390 	CALL _i2c_read
0000d2 2f1e      	MOV  R17,R30
                 ; 0000 0078    i2c_stop();
0000d3 940e 0386 	CALL _i2c_stop
                 ; 0000 0079    return data_read;
0000d5 2fe1      	MOV  R30,R17
0000d6 940c 02dc 	JMP  _0x2080002
                 ; 0000 007A 
                 ; 0000 007B }
                 ; .FEND
                 ;
                 	#ifndef __SLEEP_DEFINED__
                 	#endif
                 
                 	.CSEG
                 _put_buff_G100:
                 ; .FSTART _put_buff_G100
0000d8 93ba      	ST   -Y,R27
0000d9 93aa      	ST   -Y,R26
0000da 931a      	ST   -Y,R17
0000db 930a      	ST   -Y,R16
0000dc 81aa      	LDD  R26,Y+2
0000dd 81bb      	LDD  R27,Y+2+1
0000de 9612      	ADIW R26,2
0000df 940e 03da 	CALL __GETW1P
0000e1 9730      	SBIW R30,0
0000e2 f159      	BREQ _0x2000010
0000e3 81aa      	LDD  R26,Y+2
0000e4 81bb      	LDD  R27,Y+2+1
0000e5 9614      	ADIW R26,4
0000e6 940e 03da 	CALL __GETW1P
0000e8 018f      	MOVW R16,R30
0000e9 9730      	SBIW R30,0
0000ea f061      	BREQ _0x2000012
                +
0000eb 3002     +CPI R16 , LOW ( 2 )
0000ec e0e0     +LDI R30 , HIGH ( 2 )
0000ed 071e     +CPC R17 , R30
                 	__CPWRN 16,17,2
0000ee f098      	BRLO _0x2000013
0000ef 01f8      	MOVW R30,R16
0000f0 9731      	SBIW R30,1
0000f1 018f      	MOVW R16,R30
                +
0000f2 81aa     +LDD R26 , Y + 2
0000f3 81bb     +LDD R27 , Y + 2 + 1
0000f4 9614     +ADIW R26 , 4
0000f5 93ed     +ST X + , R30
0000f6 93fc     +ST X , R31
                 	__PUTW1SNS 2,4
                 _0x2000012:
0000f7 81aa      	LDD  R26,Y+2
0000f8 81bb      	LDD  R27,Y+2+1
0000f9 9612      	ADIW R26,2
0000fa 91ed      	LD   R30,X+
0000fb 91fd      	LD   R31,X+
0000fc 9631      	ADIW R30,1
0000fd 93fe      	ST   -X,R31
0000fe 93ee      	ST   -X,R30
0000ff 9731      	SBIW R30,1
000100 81ac      	LDD  R26,Y+4
000101 83a0      	STD  Z+0,R26
                 _0x2000013:
000102 81aa      	LDD  R26,Y+2
000103 81bb      	LDD  R27,Y+2+1
000104 940e 03da 	CALL __GETW1P
000106 23ff      	TST  R31
000107 f02a      	BRMI _0x2000014
000108 91ed      	LD   R30,X+
000109 91fd      	LD   R31,X+
00010a 9631      	ADIW R30,1
00010b 93fe      	ST   -X,R31
00010c 93ee      	ST   -X,R30
                 _0x2000014:
00010d c006      	RJMP _0x2000015
                 _0x2000010:
00010e 81aa      	LDD  R26,Y+2
00010f 81bb      	LDD  R27,Y+2+1
000110 efef      	LDI  R30,LOW(65535)
000111 efff      	LDI  R31,HIGH(65535)
000112 93ed      	ST   X+,R30
000113 93fc      	ST   X,R31
                 _0x2000015:
000114 8119      	LDD  R17,Y+1
000115 8108      	LDD  R16,Y+0
000116 9625      	ADIW R28,5
000117 9508      	RET
                 ; .FEND
                 __print_G100:
                 ; .FSTART __print_G100
000118 93ba      	ST   -Y,R27
000119 93aa      	ST   -Y,R26
00011a 9726      	SBIW R28,6
00011b 940e 03e7 	CALL __SAVELOCR6
00011d e010      	LDI  R17,0
00011e 85ac      	LDD  R26,Y+12
00011f 85bd      	LDD  R27,Y+12+1
000120 e0e0      	LDI  R30,LOW(0)
000121 e0f0      	LDI  R31,HIGH(0)
000122 93ed      	ST   X+,R30
000123 93fc      	ST   X,R31
                 _0x2000016:
000124 89ea      	LDD  R30,Y+18
000125 89fb      	LDD  R31,Y+18+1
000126 9631      	ADIW R30,1
000127 8bea      	STD  Y+18,R30
000128 8bfb      	STD  Y+18+1,R31
000129 9731      	SBIW R30,1
00012a 91e4      	LPM  R30,Z
00012b 2f2e      	MOV  R18,R30
00012c 30e0      	CPI  R30,0
00012d f409      	BRNE PC+2
00012e c115      	RJMP _0x2000018
00012f 2fe1      	MOV  R30,R17
000130 30e0      	CPI  R30,0
000131 f439      	BRNE _0x200001C
000132 3225      	CPI  R18,37
000133 f411      	BRNE _0x200001D
000134 e011      	LDI  R17,LOW(1)
000135 c002      	RJMP _0x200001E
                 _0x200001D:
000136 940e 0338 	CALL SUBOPT_0x2
                 _0x200001E:
000138 c10a      	RJMP _0x200001B
                 _0x200001C:
000139 30e1      	CPI  R30,LOW(0x1)
00013a f4a9      	BRNE _0x200001F
00013b 3225      	CPI  R18,37
00013c f419      	BRNE _0x2000020
00013d 940e 0338 	CALL SUBOPT_0x2
00013f c102      	RJMP _0x20000CC
                 _0x2000020:
000140 e012      	LDI  R17,LOW(2)
000141 e040      	LDI  R20,LOW(0)
000142 e000      	LDI  R16,LOW(0)
000143 322d      	CPI  R18,45
000144 f411      	BRNE _0x2000021
000145 e001      	LDI  R16,LOW(1)
000146 c0fc      	RJMP _0x200001B
                 _0x2000021:
000147 322b      	CPI  R18,43
000148 f411      	BRNE _0x2000022
000149 e24b      	LDI  R20,LOW(43)
00014a c0f8      	RJMP _0x200001B
                 _0x2000022:
00014b 3220      	CPI  R18,32
00014c f411      	BRNE _0x2000023
00014d e240      	LDI  R20,LOW(32)
00014e c0f4      	RJMP _0x200001B
                 _0x2000023:
00014f c002      	RJMP _0x2000024
                 _0x200001F:
000150 30e2      	CPI  R30,LOW(0x2)
000151 f439      	BRNE _0x2000025
                 _0x2000024:
000152 e050      	LDI  R21,LOW(0)
000153 e013      	LDI  R17,LOW(3)
000154 3320      	CPI  R18,48
000155 f411      	BRNE _0x2000026
000156 6800      	ORI  R16,LOW(128)
000157 c0eb      	RJMP _0x200001B
                 _0x2000026:
000158 c003      	RJMP _0x2000027
                 _0x2000025:
000159 30e3      	CPI  R30,LOW(0x3)
00015a f009      	BREQ PC+2
00015b c0e7      	RJMP _0x200001B
                 _0x2000027:
00015c 3320      	CPI  R18,48
00015d f010      	BRLO _0x200002A
00015e 332a      	CPI  R18,58
00015f f008      	BRLO _0x200002B
                 _0x200002A:
000160 c007      	RJMP _0x2000029
                 _0x200002B:
000161 e0aa      	LDI  R26,LOW(10)
000162 9f5a      	MUL  R21,R26
000163 2d50      	MOV  R21,R0
000164 2fe2      	MOV  R30,R18
000165 53e0      	SUBI R30,LOW(48)
000166 0f5e      	ADD  R21,R30
000167 c0db      	RJMP _0x200001B
                 _0x2000029:
000168 2fe2      	MOV  R30,R18
000169 36e3      	CPI  R30,LOW(0x63)
00016a f449      	BRNE _0x200002F
00016b 940e 033f 	CALL SUBOPT_0x3
00016d 89e8      	LDD  R30,Y+16
00016e 89f9      	LDD  R31,Y+16+1
00016f 81a4      	LDD  R26,Z+4
000170 93aa      	ST   -Y,R26
000171 940e 0345 	CALL SUBOPT_0x4
000173 c0ce      	RJMP _0x2000030
                 _0x200002F:
000174 37e3      	CPI  R30,LOW(0x73)
000175 f441      	BRNE _0x2000032
000176 940e 033f 	CALL SUBOPT_0x3
000178 940e 034b 	CALL SUBOPT_0x5
00017a 940e 030d 	CALL _strlen
00017c 2f1e      	MOV  R17,R30
00017d c00a      	RJMP _0x2000033
                 _0x2000032:
00017e 37e0      	CPI  R30,LOW(0x70)
00017f f461      	BRNE _0x2000035
000180 940e 033f 	CALL SUBOPT_0x3
000182 940e 034b 	CALL SUBOPT_0x5
000184 940e 0319 	CALL _strlenf
000186 2f1e      	MOV  R17,R30
000187 6008      	ORI  R16,LOW(8)
                 _0x2000033:
000188 6002      	ORI  R16,LOW(2)
000189 770f      	ANDI R16,LOW(127)
00018a e030      	LDI  R19,LOW(0)
00018b c034      	RJMP _0x2000036
                 _0x2000035:
00018c 36e4      	CPI  R30,LOW(0x64)
00018d f011      	BREQ _0x2000039
00018e 36e9      	CPI  R30,LOW(0x69)
00018f f411      	BRNE _0x200003A
                 _0x2000039:
000190 6004      	ORI  R16,LOW(4)
000191 c002      	RJMP _0x200003B
                 _0x200003A:
000192 37e5      	CPI  R30,LOW(0x75)
000193 f431      	BRNE _0x200003C
                 _0x200003B:
000194 e5e4      	LDI  R30,LOW(_tbl10_G100*2)
000195 e0f0      	LDI  R31,HIGH(_tbl10_G100*2)
000196 83ee      	STD  Y+6,R30
000197 83ff      	STD  Y+6+1,R31
000198 e015      	LDI  R17,LOW(5)
000199 c00c      	RJMP _0x200003D
                 _0x200003C:
00019a 35e8      	CPI  R30,LOW(0x58)
00019b f411      	BRNE _0x200003F
00019c 6008      	ORI  R16,LOW(8)
00019d c003      	RJMP _0x2000040
                 _0x200003F:
00019e 37e8      	CPI  R30,LOW(0x78)
00019f f009      	BREQ PC+2
0001a0 c0a1      	RJMP _0x2000071
                 _0x2000040:
0001a1 e5ee      	LDI  R30,LOW(_tbl16_G100*2)
0001a2 e0f0      	LDI  R31,HIGH(_tbl16_G100*2)
0001a3 83ee      	STD  Y+6,R30
0001a4 83ff      	STD  Y+6+1,R31
0001a5 e014      	LDI  R17,LOW(4)
                 _0x200003D:
0001a6 ff02      	SBRS R16,2
0001a7 c014      	RJMP _0x2000042
0001a8 940e 033f 	CALL SUBOPT_0x3
0001aa 940e 0355 	CALL SUBOPT_0x6
0001ac 85ab      	LDD  R26,Y+11
0001ad 23aa      	TST  R26
0001ae f43a      	BRPL _0x2000043
0001af 85ea      	LDD  R30,Y+10
0001b0 85fb      	LDD  R31,Y+10+1
0001b1 940e 03d1 	CALL __ANEGW1
0001b3 87ea      	STD  Y+10,R30
0001b4 87fb      	STD  Y+10+1,R31
0001b5 e24d      	LDI  R20,LOW(45)
                 _0x2000043:
0001b6 3040      	CPI  R20,0
0001b7 f011      	BREQ _0x2000044
0001b8 5f1f      	SUBI R17,-LOW(1)
0001b9 c001      	RJMP _0x2000045
                 _0x2000044:
0001ba 7f0b      	ANDI R16,LOW(251)
                 _0x2000045:
0001bb c004      	RJMP _0x2000046
                 _0x2000042:
0001bc 940e 033f 	CALL SUBOPT_0x3
0001be 940e 0355 	CALL SUBOPT_0x6
                 _0x2000046:
                 _0x2000036:
0001c0 fd00      	SBRC R16,0
0001c1 c011      	RJMP _0x2000047
                 _0x2000048:
0001c2 1715      	CP   R17,R21
0001c3 f478      	BRSH _0x200004A
0001c4 ff07      	SBRS R16,7
0001c5 c008      	RJMP _0x200004B
0001c6 ff02      	SBRS R16,2
0001c7 c004      	RJMP _0x200004C
0001c8 7f0b      	ANDI R16,LOW(251)
0001c9 2f24      	MOV  R18,R20
0001ca 5011      	SUBI R17,LOW(1)
0001cb c001      	RJMP _0x200004D
                 _0x200004C:
0001cc e320      	LDI  R18,LOW(48)
                 _0x200004D:
0001cd c001      	RJMP _0x200004E
                 _0x200004B:
0001ce e220      	LDI  R18,LOW(32)
                 _0x200004E:
0001cf 940e 0338 	CALL SUBOPT_0x2
0001d1 5051      	SUBI R21,LOW(1)
0001d2 cfef      	RJMP _0x2000048
                 _0x200004A:
                 _0x2000047:
0001d3 2f31      	MOV  R19,R17
0001d4 ff01      	SBRS R16,1
0001d5 c017      	RJMP _0x200004F
                 _0x2000050:
0001d6 3030      	CPI  R19,0
0001d7 f0a1      	BREQ _0x2000052
0001d8 ff03      	SBRS R16,3
0001d9 c006      	RJMP _0x2000053
0001da 81ee      	LDD  R30,Y+6
0001db 81ff      	LDD  R31,Y+6+1
0001dc 9125      	LPM  R18,Z+
0001dd 83ee      	STD  Y+6,R30
0001de 83ff      	STD  Y+6+1,R31
0001df c005      	RJMP _0x2000054
                 _0x2000053:
0001e0 81ae      	LDD  R26,Y+6
0001e1 81bf      	LDD  R27,Y+6+1
0001e2 912d      	LD   R18,X+
0001e3 83ae      	STD  Y+6,R26
0001e4 83bf      	STD  Y+6+1,R27
                 _0x2000054:
0001e5 940e 0338 	CALL SUBOPT_0x2
0001e7 3050      	CPI  R21,0
0001e8 f009      	BREQ _0x2000055
0001e9 5051      	SUBI R21,LOW(1)
                 _0x2000055:
0001ea 5031      	SUBI R19,LOW(1)
0001eb cfea      	RJMP _0x2000050
                 _0x2000052:
0001ec c04b      	RJMP _0x2000056
                 _0x200004F:
                 _0x2000058:
0001ed e320      	LDI  R18,LOW(48)
0001ee 81ee      	LDD  R30,Y+6
0001ef 81ff      	LDD  R31,Y+6+1
0001f0 940e 03de 	CALL __GETW1PF
0001f2 87e8      	STD  Y+8,R30
0001f3 87f9      	STD  Y+8+1,R31
0001f4 81ee      	LDD  R30,Y+6
0001f5 81ff      	LDD  R31,Y+6+1
0001f6 9632      	ADIW R30,2
0001f7 83ee      	STD  Y+6,R30
0001f8 83ff      	STD  Y+6+1,R31
                 _0x200005A:
0001f9 85e8      	LDD  R30,Y+8
0001fa 85f9      	LDD  R31,Y+8+1
0001fb 85aa      	LDD  R26,Y+10
0001fc 85bb      	LDD  R27,Y+10+1
0001fd 17ae      	CP   R26,R30
0001fe 07bf      	CPC  R27,R31
0001ff f050      	BRLO _0x200005C
000200 5f2f      	SUBI R18,-LOW(1)
000201 85a8      	LDD  R26,Y+8
000202 85b9      	LDD  R27,Y+8+1
000203 85ea      	LDD  R30,Y+10
000204 85fb      	LDD  R31,Y+10+1
000205 1bea      	SUB  R30,R26
000206 0bfb      	SBC  R31,R27
000207 87ea      	STD  Y+10,R30
000208 87fb      	STD  Y+10+1,R31
000209 cfef      	RJMP _0x200005A
                 _0x200005C:
00020a 332a      	CPI  R18,58
00020b f028      	BRLO _0x200005D
00020c ff03      	SBRS R16,3
00020d c002      	RJMP _0x200005E
00020e 5f29      	SUBI R18,-LOW(7)
00020f c001      	RJMP _0x200005F
                 _0x200005E:
000210 5d29      	SUBI R18,-LOW(39)
                 _0x200005F:
                 _0x200005D:
000211 fd04      	SBRC R16,4
000212 c01a      	RJMP _0x2000061
000213 3321      	CPI  R18,49
000214 f420      	BRSH _0x2000063
000215 85a8      	LDD  R26,Y+8
000216 85b9      	LDD  R27,Y+8+1
000217 9711      	SBIW R26,1
000218 f409      	BRNE _0x2000062
                 _0x2000063:
000219 c009      	RJMP _0x20000CD
                 _0x2000062:
00021a 1753      	CP   R21,R19
00021b f010      	BRLO _0x2000067
00021c ff00      	SBRS R16,0
00021d c001      	RJMP _0x2000068
                 _0x2000067:
00021e c013      	RJMP _0x2000066
                 _0x2000068:
00021f e220      	LDI  R18,LOW(32)
000220 ff07      	SBRS R16,7
000221 c00b      	RJMP _0x2000069
000222 e320      	LDI  R18,LOW(48)
                 _0x20000CD:
000223 6100      	ORI  R16,LOW(16)
000224 ff02      	SBRS R16,2
000225 c007      	RJMP _0x200006A
000226 7f0b      	ANDI R16,LOW(251)
000227 934a      	ST   -Y,R20
000228 940e 0345 	CALL SUBOPT_0x4
00022a 3050      	CPI  R21,0
00022b f009      	BREQ _0x200006B
00022c 5051      	SUBI R21,LOW(1)
                 _0x200006B:
                 _0x200006A:
                 _0x2000069:
                 _0x2000061:
00022d 940e 0338 	CALL SUBOPT_0x2
00022f 3050      	CPI  R21,0
000230 f009      	BREQ _0x200006C
000231 5051      	SUBI R21,LOW(1)
                 _0x200006C:
                 _0x2000066:
000232 5031      	SUBI R19,LOW(1)
000233 85a8      	LDD  R26,Y+8
000234 85b9      	LDD  R27,Y+8+1
000235 9712      	SBIW R26,2
000236 f008      	BRLO _0x2000059
000237 cfb5      	RJMP _0x2000058
                 _0x2000059:
                 _0x2000056:
000238 ff00      	SBRS R16,0
000239 c008      	RJMP _0x200006D
                 _0x200006E:
00023a 3050      	CPI  R21,0
00023b f031      	BREQ _0x2000070
00023c 5051      	SUBI R21,LOW(1)
00023d e2e0      	LDI  R30,LOW(32)
00023e 93ea      	ST   -Y,R30
00023f 940e 0345 	CALL SUBOPT_0x4
000241 cff8      	RJMP _0x200006E
                 _0x2000070:
                 _0x200006D:
                 _0x2000071:
                 _0x2000030:
                 _0x20000CC:
000242 e010      	LDI  R17,LOW(0)
                 _0x200001B:
000243 cee0      	RJMP _0x2000016
                 _0x2000018:
000244 85ac      	LDD  R26,Y+12
000245 85bd      	LDD  R27,Y+12+1
000246 940e 03da 	CALL __GETW1P
000248 940e 03ee 	CALL __LOADLOCR6
00024a 9664      	ADIW R28,20
00024b 9508      	RET
                 ; .FEND
                 _sprintf:
                 ; .FSTART _sprintf
00024c 92ff      	PUSH R15
00024d 2ef8      	MOV  R15,R24
00024e 9726      	SBIW R28,6
00024f 940e 03e9 	CALL __SAVELOCR4
000251 940e 035d 	CALL SUBOPT_0x7
000253 9730      	SBIW R30,0
000254 f419      	BRNE _0x2000072
000255 efef      	LDI  R30,LOW(65535)
000256 efff      	LDI  R31,HIGH(65535)
000257 c023      	RJMP _0x2080004
                 _0x2000072:
000258 01de      	MOVW R26,R28
000259 9616      	ADIW R26,6
00025a 940e 03cd 	CALL __ADDW2R15
00025c 018d      	MOVW R16,R26
00025d 940e 035d 	CALL SUBOPT_0x7
00025f 83ee      	STD  Y+6,R30
000260 83ff      	STD  Y+6+1,R31
000261 e0e0      	LDI  R30,LOW(0)
000262 87e8      	STD  Y+8,R30
000263 87e9      	STD  Y+8+1,R30
000264 01de      	MOVW R26,R28
000265 961a      	ADIW R26,10
000266 940e 03cd 	CALL __ADDW2R15
000268 940e 03da 	CALL __GETW1P
00026a 93fa      	ST   -Y,R31
00026b 93ea      	ST   -Y,R30
00026c 931a      	ST   -Y,R17
00026d 930a      	ST   -Y,R16
00026e ede8      	LDI  R30,LOW(_put_buff_G100)
00026f e0f0      	LDI  R31,HIGH(_put_buff_G100)
000270 93fa      	ST   -Y,R31
000271 93ea      	ST   -Y,R30
000272 01de      	MOVW R26,R28
000273 961a      	ADIW R26,10
000274 dea3      	RCALL __print_G100
000275 019f      	MOVW R18,R30
000276 81ae      	LDD  R26,Y+6
000277 81bf      	LDD  R27,Y+6+1
000278 e0e0      	LDI  R30,LOW(0)
000279 93ec      	ST   X,R30
00027a 01f9      	MOVW R30,R18
                 _0x2080004:
00027b 940e 03f0 	CALL __LOADLOCR4
00027d 962a      	ADIW R28,10
00027e 90ff      	POP  R15
00027f 9508      	RET
                 ; .FEND
                 	#ifndef __SLEEP_DEFINED__
                 	#endif
                 
                 	.DSEG
                 
                 	.CSEG
                 __lcd_write_nibble_G101:
                 ; .FSTART __lcd_write_nibble_G101
000280 93aa      	ST   -Y,R26
000281 b3e8      	IN   R30,0x18
000282 70ef      	ANDI R30,LOW(0xF)
000283 2fae      	MOV  R26,R30
000284 81e8      	LD   R30,Y
000285 7fe0      	ANDI R30,LOW(0xF0)
000286 2bea      	OR   R30,R26
000287 bbe8      	OUT  0x18,R30
                +
000288 e08d     +LDI R24 , LOW ( 13 )
                +__DELAY_USB_LOOP :
000289 958a     +DEC R24
00028a f7f1     +BRNE __DELAY_USB_LOOP
                 	__DELAY_USB 13
00028b 9ac2      	SBI  0x18,2
                +
00028c e08d     +LDI R24 , LOW ( 13 )
                +__DELAY_USB_LOOP :
00028d 958a     +DEC R24
00028e f7f1     +BRNE __DELAY_USB_LOOP
                 	__DELAY_USB 13
00028f 98c2      	CBI  0x18,2
                +
000290 e08d     +LDI R24 , LOW ( 13 )
                +__DELAY_USB_LOOP :
000291 958a     +DEC R24
000292 f7f1     +BRNE __DELAY_USB_LOOP
                 	__DELAY_USB 13
000293 c077      	RJMP _0x2080001
                 ; .FEND
                 __lcd_write_data:
                 ; .FSTART __lcd_write_data
000294 93aa      	ST   -Y,R26
000295 81a8      	LD   R26,Y
000296 dfe9      	RCALL __lcd_write_nibble_G101
000297 81e8          ld    r30,y
000298 95e2          swap  r30
000299 83e8          st    y,r30
00029a 81a8      	LD   R26,Y
00029b dfe4      	RCALL __lcd_write_nibble_G101
                +
00029c e885     +LDI R24 , LOW ( 133 )
                +__DELAY_USB_LOOP :
00029d 958a     +DEC R24
00029e f7f1     +BRNE __DELAY_USB_LOOP
                 	__DELAY_USB 133
00029f c06b      	RJMP _0x2080001
                 ; .FEND
                 _lcd_gotoxy:
                 ; .FSTART _lcd_gotoxy
0002a0 93aa      	ST   -Y,R26
0002a1 81e8      	LD   R30,Y
0002a2 e0f0      	LDI  R31,0
0002a3 58ec      	SUBI R30,LOW(-__base_y_G101)
0002a4 4ffd      	SBCI R31,HIGH(-__base_y_G101)
0002a5 81e0      	LD   R30,Z
0002a6 81a9      	LDD  R26,Y+1
0002a7 0fae      	ADD  R26,R30
0002a8 dfeb      	RCALL __lcd_write_data
0002a9 8059      	LDD  R5,Y+1
0002aa 8048      	LDD  R4,Y+0
0002ab 9622      	ADIW R28,2
0002ac 9508      	RET
                 ; .FEND
                 _lcd_clear:
                 ; .FSTART _lcd_clear
0002ad e0a2      	LDI  R26,LOW(2)
0002ae 940e 0364 	CALL SUBOPT_0x8
0002b0 e0ac      	LDI  R26,LOW(12)
0002b1 dfe2      	RCALL __lcd_write_data
0002b2 e0a1      	LDI  R26,LOW(1)
0002b3 940e 0364 	CALL SUBOPT_0x8
0002b5 e0e0      	LDI  R30,LOW(0)
0002b6 2e4e      	MOV  R4,R30
0002b7 2e5e      	MOV  R5,R30
0002b8 9508      	RET
                 ; .FEND
                 _lcd_putchar:
                 ; .FSTART _lcd_putchar
0002b9 93aa      	ST   -Y,R26
0002ba 81a8      	LD   R26,Y
0002bb 30aa      	CPI  R26,LOW(0xA)
0002bc f011      	BREQ _0x2020005
0002bd 1457      	CP   R5,R7
0002be f048      	BRLO _0x2020004
                 _0x2020005:
0002bf e0e0      	LDI  R30,LOW(0)
0002c0 93ea      	ST   -Y,R30
0002c1 9443      	INC  R4
0002c2 2da4      	MOV  R26,R4
0002c3 dfdc      	RCALL _lcd_gotoxy
0002c4 81a8      	LD   R26,Y
0002c5 30aa      	CPI  R26,LOW(0xA)
0002c6 f409      	BRNE _0x2020007
0002c7 c043      	RJMP _0x2080001
                 _0x2020007:
                 _0x2020004:
0002c8 9453      	INC  R5
0002c9 9ac0      	SBI  0x18,0
0002ca 81a8      	LD   R26,Y
0002cb dfc8      	RCALL __lcd_write_data
0002cc 98c0      	CBI  0x18,0
0002cd c03d      	RJMP _0x2080001
                 ; .FEND
                 _lcd_puts:
                 ; .FSTART _lcd_puts
0002ce 93ba      	ST   -Y,R27
0002cf 93aa      	ST   -Y,R26
0002d0 931a      	ST   -Y,R17
                 _0x2020008:
0002d1 81a9      	LDD  R26,Y+1
0002d2 81ba      	LDD  R27,Y+1+1
0002d3 91ed      	LD   R30,X+
0002d4 83a9      	STD  Y+1,R26
0002d5 83ba      	STD  Y+1+1,R27
0002d6 2f1e      	MOV  R17,R30
0002d7 30e0      	CPI  R30,0
0002d8 f019      	BREQ _0x202000A
0002d9 2fa1      	MOV  R26,R17
0002da dfde      	RCALL _lcd_putchar
0002db cff5      	RJMP _0x2020008
                 _0x202000A:
                 _0x2080002:
0002dc 8118      	LDD  R17,Y+0
                 _0x2080003:
0002dd 9623      	ADIW R28,3
0002de 9508      	RET
                 ; .FEND
                 _lcd_init:
                 ; .FSTART _lcd_init
0002df 93aa      	ST   -Y,R26
0002e0 b3e7      	IN   R30,0x17
0002e1 6fe0      	ORI  R30,LOW(0xF0)
0002e2 bbe7      	OUT  0x17,R30
0002e3 9aba      	SBI  0x17,2
0002e4 9ab8      	SBI  0x17,0
0002e5 9ab9      	SBI  0x17,1
0002e6 98c2      	CBI  0x18,2
0002e7 98c0      	CBI  0x18,0
0002e8 98c1      	CBI  0x18,1
0002e9 8078      	LDD  R7,Y+0
0002ea 81e8      	LD   R30,Y
0002eb 58e0      	SUBI R30,-LOW(128)
                +
0002ec 93e0 0276+STS __base_y_G101 + ( 2 ) , R30
                 	__PUTB1MN __base_y_G101,2
0002ee 81e8      	LD   R30,Y
0002ef 54e0      	SUBI R30,-LOW(192)
                +
0002f0 93e0 0277+STS __base_y_G101 + ( 3 ) , R30
                 	__PUTB1MN __base_y_G101,3
0002f2 e1a4      	LDI  R26,LOW(20)
0002f3 e0b0      	LDI  R27,0
0002f4 940e 03c3 	CALL _delay_ms
0002f6 940e 036a 	CALL SUBOPT_0x9
0002f8 940e 036a 	CALL SUBOPT_0x9
0002fa 940e 036a 	CALL SUBOPT_0x9
0002fc e2a0      	LDI  R26,LOW(32)
0002fd df82      	RCALL __lcd_write_nibble_G101
                +
0002fe ec88     +LDI R24 , LOW ( 200 )
0002ff e090     +LDI R25 , HIGH ( 200 )
                +__DELAY_USW_LOOP :
000300 9701     +SBIW R24 , 1
000301 f7f1     +BRNE __DELAY_USW_LOOP
                 	__DELAY_USW 200
000302 e2a8      	LDI  R26,LOW(40)
000303 df90      	RCALL __lcd_write_data
000304 e0a4      	LDI  R26,LOW(4)
000305 df8e      	RCALL __lcd_write_data
000306 e8a5      	LDI  R26,LOW(133)
000307 df8c      	RCALL __lcd_write_data
000308 e0a6      	LDI  R26,LOW(6)
000309 df8a      	RCALL __lcd_write_data
00030a dfa2      	RCALL _lcd_clear
                 _0x2080001:
00030b 9621      	ADIW R28,1
00030c 9508      	RET
                 ; .FEND
                 
                 	.CSEG
                 
                 	.CSEG
                 _strlen:
                 ; .FSTART _strlen
00030d 93ba      	ST   -Y,R27
00030e 93aa      	ST   -Y,R26
00030f 91a9          ld   r26,y+
000310 91b9          ld   r27,y+
000311 27ee          clr  r30
000312 27ff          clr  r31
                 strlen0:
000313 916d          ld   r22,x+
000314 2366          tst  r22
000315 f011          breq strlen1
000316 9631          adiw r30,1
000317 cffb          rjmp strlen0
                 strlen1:
000318 9508          ret
                 ; .FEND
                 _strlenf:
                 ; .FSTART _strlenf
000319 93ba      	ST   -Y,R27
00031a 93aa      	ST   -Y,R26
00031b 27aa          clr  r26
00031c 27bb          clr  r27
00031d 91e9          ld   r30,y+
00031e 91f9          ld   r31,y+
                 strlenf0:
00031f 9005      	lpm  r0,z+
000320 2000          tst  r0
000321 f011          breq strlenf1
000322 9611          adiw r26,1
000323 cffb          rjmp strlenf0
                 strlenf1:
000324 01fd          movw r30,r26
000325 9508          ret
                 ; .FEND
                 
                 	.DSEG
                 _buffer:
000260           	.BYTE 0x14
                 __base_y_G101:
000274           	.BYTE 0x4
                 
                 	.CSEG
                 ;OPTIMIZER ADDED SUBROUTINE, CALLED 2 TIMES, CODE SIZE REDUCTION:5 WORDS
                 SUBOPT_0x0:
000326 940e 03e2 	CALL __PUTPARD1
000328 e084      	LDI  R24,4
000329 940e 024c 	CALL _sprintf
00032b 9628      	ADIW R28,8
00032c e6a0      	LDI  R26,LOW(_buffer)
00032d e0b2      	LDI  R27,HIGH(_buffer)
00032e 940c 02ce 	JMP  _lcd_puts
                 
                 ;OPTIMIZER ADDED SUBROUTINE, CALLED 2 TIMES, CODE SIZE REDUCTION:3 WORDS
                 SUBOPT_0x1:
000330 940e 0377 	CALL _i2c_start
000332 eaa0      	LDI  R26,LOW(160)
000333 940e 03ab 	CALL _i2c_write
000335 e0a0      	LDI  R26,LOW(0)
000336 940c 03ab 	JMP  _i2c_write
                 
                 ;OPTIMIZER ADDED SUBROUTINE, CALLED 5 TIMES, CODE SIZE REDUCTION:13 WORDS
                 SUBOPT_0x2:
000338 932a      	ST   -Y,R18
000339 85ad      	LDD  R26,Y+13
00033a 85be      	LDD  R27,Y+13+1
00033b 85ef      	LDD  R30,Y+15
00033c 89f8      	LDD  R31,Y+15+1
00033d 9509      	ICALL
00033e 9508      	RET
                 
                 ;OPTIMIZER ADDED SUBROUTINE, CALLED 5 TIMES, CODE SIZE REDUCTION:9 WORDS
                 SUBOPT_0x3:
00033f 89e8      	LDD  R30,Y+16
000340 89f9      	LDD  R31,Y+16+1
000341 9734      	SBIW R30,4
000342 8be8      	STD  Y+16,R30
000343 8bf9      	STD  Y+16+1,R31
000344 9508      	RET
                 
                 ;OPTIMIZER ADDED SUBROUTINE, CALLED 3 TIMES, CODE SIZE REDUCTION:3 WORDS
                 SUBOPT_0x4:
000345 85ad      	LDD  R26,Y+13
000346 85be      	LDD  R27,Y+13+1
000347 85ef      	LDD  R30,Y+15
000348 89f8      	LDD  R31,Y+15+1
000349 9509      	ICALL
00034a 9508      	RET
                 
                 ;OPTIMIZER ADDED SUBROUTINE, CALLED 2 TIMES, CODE SIZE REDUCTION:4 WORDS
                 SUBOPT_0x5:
00034b 89a8      	LDD  R26,Y+16
00034c 89b9      	LDD  R27,Y+16+1
00034d 9614      	ADIW R26,4
00034e 940e 03da 	CALL __GETW1P
000350 83ee      	STD  Y+6,R30
000351 83ff      	STD  Y+6+1,R31
000352 81ae      	LDD  R26,Y+6
000353 81bf      	LDD  R27,Y+6+1
000354 9508      	RET
                 
                 ;OPTIMIZER ADDED SUBROUTINE, CALLED 2 TIMES, CODE SIZE REDUCTION:2 WORDS
                 SUBOPT_0x6:
000355 89a8      	LDD  R26,Y+16
000356 89b9      	LDD  R27,Y+16+1
000357 9614      	ADIW R26,4
000358 940e 03da 	CALL __GETW1P
00035a 87ea      	STD  Y+10,R30
00035b 87fb      	STD  Y+10+1,R31
00035c 9508      	RET
                 
                 ;OPTIMIZER ADDED SUBROUTINE, CALLED 2 TIMES, CODE SIZE REDUCTION:1 WORDS
                 SUBOPT_0x7:
00035d 01de      	MOVW R26,R28
00035e 961c      	ADIW R26,12
00035f 940e 03cd 	CALL __ADDW2R15
000361 940e 03da 	CALL __GETW1P
000363 9508      	RET
                 
                 ;OPTIMIZER ADDED SUBROUTINE, CALLED 2 TIMES, CODE SIZE REDUCTION:1 WORDS
                 SUBOPT_0x8:
000364 940e 0294 	CALL __lcd_write_data
000366 e0a3      	LDI  R26,LOW(3)
000367 e0b0      	LDI  R27,0
000368 940c 03c3 	JMP  _delay_ms
                 
                 ;OPTIMIZER ADDED SUBROUTINE, CALLED 3 TIMES, CODE SIZE REDUCTION:7 WORDS
                 SUBOPT_0x9:
00036a e3a0      	LDI  R26,LOW(48)
00036b 940e 0280 	CALL __lcd_write_nibble_G101
                +
00036d ec88     +LDI R24 , LOW ( 200 )
00036e e090     +LDI R25 , HIGH ( 200 )
                +__DELAY_USW_LOOP :
00036f 9701     +SBIW R24 , 1
000370 f7f1     +BRNE __DELAY_USW_LOOP
                 	__DELAY_USW 200
000371 9508      	RET
                 
                 
                 	.CSEG
                 	.equ __sda_bit=1
                 	.equ __scl_bit=0
                 	.equ __i2c_port=0x15 ;PORTC
                 	.equ __i2c_dir=__i2c_port-1
                 	.equ __i2c_pin=__i2c_port-2
                 
                 _i2c_init:
000372 98a8      	cbi  __i2c_port,__scl_bit
000373 98a9      	cbi  __i2c_port,__sda_bit
000374 9aa0      	sbi  __i2c_dir,__scl_bit
000375 98a1      	cbi  __i2c_dir,__sda_bit
000376 c015      	rjmp __i2c_delay2
                 _i2c_start:
000377 98a1      	cbi  __i2c_dir,__sda_bit
000378 98a0      	cbi  __i2c_dir,__scl_bit
000379 27ee      	clr  r30
00037a 0000      	nop
00037b 9b99      	sbis __i2c_pin,__sda_bit
00037c 9508      	ret
00037d 9b98      	sbis __i2c_pin,__scl_bit
00037e 9508      	ret
00037f d004      	rcall __i2c_delay1
000380 9aa1      	sbi  __i2c_dir,__sda_bit
000381 d002      	rcall __i2c_delay1
000382 9aa0      	sbi  __i2c_dir,__scl_bit
000383 e0e1      	ldi  r30,1
                 __i2c_delay1:
000384 e06d      	ldi  r22,13
000385 c007      	rjmp __i2c_delay2l
                 _i2c_stop:
000386 9aa1      	sbi  __i2c_dir,__sda_bit
000387 9aa0      	sbi  __i2c_dir,__scl_bit
000388 d003      	rcall __i2c_delay2
000389 98a0      	cbi  __i2c_dir,__scl_bit
00038a dff9      	rcall __i2c_delay1
00038b 98a1      	cbi  __i2c_dir,__sda_bit
                 __i2c_delay2:
00038c e16b      	ldi  r22,27
                 __i2c_delay2l:
00038d 956a      	dec  r22
00038e f7f1      	brne __i2c_delay2l
00038f 9508      	ret
                 _i2c_read:
000390 e078      	ldi  r23,8
                 __i2c_read0:
000391 98a0      	cbi  __i2c_dir,__scl_bit
000392 dff1      	rcall __i2c_delay1
                 __i2c_read3:
000393 9b98      	sbis __i2c_pin,__scl_bit
000394 cffe      	rjmp __i2c_read3
000395 dfee      	rcall __i2c_delay1
000396 9488      	clc
000397 9999      	sbic __i2c_pin,__sda_bit
000398 9408      	sec
000399 9aa0      	sbi  __i2c_dir,__scl_bit
00039a dff1      	rcall __i2c_delay2
00039b 1fee      	rol  r30
00039c 957a      	dec  r23
00039d f799      	brne __i2c_read0
00039e 2f7a      	mov  r23,r26
00039f 2377      	tst  r23
0003a0 f411      	brne __i2c_read1
0003a1 98a1      	cbi  __i2c_dir,__sda_bit
0003a2 c001      	rjmp __i2c_read2
                 __i2c_read1:
0003a3 9aa1      	sbi  __i2c_dir,__sda_bit
                 __i2c_read2:
0003a4 dfdf      	rcall __i2c_delay1
0003a5 98a0      	cbi  __i2c_dir,__scl_bit
0003a6 dfe5      	rcall __i2c_delay2
0003a7 9aa0      	sbi  __i2c_dir,__scl_bit
0003a8 dfdb      	rcall __i2c_delay1
0003a9 98a1      	cbi  __i2c_dir,__sda_bit
0003aa cfd9      	rjmp __i2c_delay1
                 
                 _i2c_write:
0003ab e078      	ldi  r23,8
                 __i2c_write0:
0003ac 0faa      	lsl  r26
0003ad f410      	brcc __i2c_write1
0003ae 98a1      	cbi  __i2c_dir,__sda_bit
0003af c001      	rjmp __i2c_write2
                 __i2c_write1:
0003b0 9aa1      	sbi  __i2c_dir,__sda_bit
                 __i2c_write2:
0003b1 dfda      	rcall __i2c_delay2
0003b2 98a0      	cbi  __i2c_dir,__scl_bit
0003b3 dfd0      	rcall __i2c_delay1
                 __i2c_write3:
0003b4 9b98      	sbis __i2c_pin,__scl_bit
0003b5 cffe      	rjmp __i2c_write3
0003b6 dfcd      	rcall __i2c_delay1
0003b7 9aa0      	sbi  __i2c_dir,__scl_bit
0003b8 957a      	dec  r23
0003b9 f791      	brne __i2c_write0
0003ba 98a1      	cbi  __i2c_dir,__sda_bit
0003bb dfc8      	rcall __i2c_delay1
0003bc 98a0      	cbi  __i2c_dir,__scl_bit
0003bd dfce      	rcall __i2c_delay2
0003be e0e1      	ldi  r30,1
0003bf 9999      	sbic __i2c_pin,__sda_bit
0003c0 27ee      	clr  r30
0003c1 9aa0      	sbi  __i2c_dir,__scl_bit
0003c2 cfc1      	rjmp __i2c_delay1
                 
                 _delay_ms:
0003c3 9610      	adiw r26,0
0003c4 f039      	breq __delay_ms1
                 __delay_ms0:
0003c5 95a8      	wdr
                +
0003c6 ed80     +LDI R24 , LOW ( 0x7D0 )
0003c7 e097     +LDI R25 , HIGH ( 0x7D0 )
                +__DELAY_USW_LOOP :
0003c8 9701     +SBIW R24 , 1
0003c9 f7f1     +BRNE __DELAY_USW_LOOP
                 	__DELAY_USW 0x7D0
0003ca 9711      	sbiw r26,1
0003cb f7c9      	brne __delay_ms0
                 __delay_ms1:
0003cc 9508      	ret
                 
                 __ADDW2R15:
0003cd 2400      	CLR  R0
0003ce 0daf      	ADD  R26,R15
0003cf 1db0      	ADC  R27,R0
0003d0 9508      	RET
                 
                 __ANEGW1:
0003d1 95f1      	NEG  R31
0003d2 95e1      	NEG  R30
0003d3 40f0      	SBCI R31,0
0003d4 9508      	RET
                 
                 __CWD1:
0003d5 2f6f      	MOV  R22,R31
0003d6 0f66      	ADD  R22,R22
0003d7 0b66      	SBC  R22,R22
0003d8 2f76      	MOV  R23,R22
0003d9 9508      	RET
                 
                 __GETW1P:
0003da 91ed      	LD   R30,X+
0003db 91fc      	LD   R31,X
0003dc 9711      	SBIW R26,1
0003dd 9508      	RET
                 
                 __GETW1PF:
0003de 9005      	LPM  R0,Z+
0003df 91f4      	LPM  R31,Z
0003e0 2de0      	MOV  R30,R0
0003e1 9508      	RET
                 
                 __PUTPARD1:
0003e2 937a      	ST   -Y,R23
0003e3 936a      	ST   -Y,R22
0003e4 93fa      	ST   -Y,R31
0003e5 93ea      	ST   -Y,R30
0003e6 9508      	RET
                 
                 __SAVELOCR6:
0003e7 935a      	ST   -Y,R21
                 __SAVELOCR5:
0003e8 934a      	ST   -Y,R20
                 __SAVELOCR4:
0003e9 933a      	ST   -Y,R19
                 __SAVELOCR3:
0003ea 932a      	ST   -Y,R18
                 __SAVELOCR2:
0003eb 931a      	ST   -Y,R17
0003ec 930a      	ST   -Y,R16
0003ed 9508      	RET
                 
                 __LOADLOCR6:
0003ee 815d      	LDD  R21,Y+5
                 __LOADLOCR5:
0003ef 814c      	LDD  R20,Y+4
                 __LOADLOCR4:
0003f0 813b      	LDD  R19,Y+3
                 __LOADLOCR3:
0003f1 812a      	LDD  R18,Y+2
                 __LOADLOCR2:
0003f2 8119      	LDD  R17,Y+1
0003f3 8108      	LD   R16,Y
0003f4 9508      	RET
                 
                 ;END OF CODE MARKER
                 __END_OF_CODE:


RESOURCE USE INFORMATION
------------------------

Notice:
The register and instruction counts are symbol table hit counts,
and hence implicitly used resources are not counted, eg, the
'lpm' instruction without operands implicitly uses r0 and z,
none of which are counted.

x,y,z are separate entities in the symbol table and are
counted separately from r26..r31 here.

.dseg memory usage only counts static data declared with .byte

ATmega32 register use summary:
r0 :  11 r1 :   1 r2 :   0 r3 :   0 r4 :   4 r5 :   4 r6 :   0 r7 :   2 
r8 :   0 r9 :   0 r10:   0 r11:   0 r12:   0 r13:   0 r14:   0 r15:   4 
r16:  36 r17:  29 r18:  36 r19:  11 r20:   9 r21:  17 r22:  15 r23:   9 
r24:  23 r25:   5 r26: 112 r27:  41 r28:  14 r29:   1 r30: 165 r31:  63 
x  :  23 y  : 179 z  :  15 
Registers used: 25 out of 35 (71.4%)

ATmega32 instruction use summary:
.lds  :   0 .lds.l:   0 .sts  :   0 .sts.l:   0 adc   :   1 add   :   4 
adiw  :  24 and   :   0 andi  :   6 asr   :   0 bclr  :   0 bld   :   0 
brbc  :   0 brbs  :   0 brcc  :   1 brcs  :   0 break :   0 breq  :  17 
brge  :   1 brhc  :   0 brhs  :   0 brid  :   0 brie  :   0 brlo  :   8 
brlt  :   0 brmi  :   1 brne  :  34 brpl  :   1 brsh  :   2 brtc  :   0 
brts  :   0 brvc  :   0 brvs  :   0 bset  :   0 bst   :   0 call  :  69 
cbi   :  20 cbr   :   0 clc   :   1 clh   :   0 cli   :   1 cln   :   0 
clr   :  12 cls   :   0 clt   :   0 clv   :   0 clz   :   0 com   :   0 
cp    :   4 cpc   :   3 cpi   :  34 cpse  :   0 dec   :   8 des   :   0 
eor   :   0 fmul  :   0 fmuls :   0 fmulsu:   0 icall :   2 ijmp  :   0 
in    :   2 inc   :   2 jmp   :  27 ld    :  26 ldd   :  79 ldi   : 107 
lds   :   0 lpm   :  14 lsl   :   1 lsr   :   0 mov   :  25 movw  :  17 
mul   :   1 muls  :   0 mulsu :   0 neg   :   2 nop   :   1 or    :   1 
ori   :   7 out   :   8 pop   :   1 push  :   1 rcall :  31 ret   :  28 
reti  :   0 rjmp  :  68 rol   :   1 ror   :   0 sbc   :   2 sbci  :   3 
sbi   :  16 sbic  :   2 sbis  :   4 sbiw  :  19 sbr   :   0 sbrc  :   2 
sbrs  :  10 sec   :   1 seh   :   0 sei   :   0 sen   :   0 ser   :   0 
ses   :   0 set   :   0 sev   :   0 sez   :   0 sleep :   0 spm   :   0 
st    :  69 std   :  31 sts   :   2 sub   :   2 subi  :  17 swap  :   1 
tst   :   5 wdr   :   1 
Instructions used: 61 out of 116 (52.6%)

ATmega32 memory use summary [bytes]:
Segment   Begin    End      Code   Data   Used    Size   Use%
---------------------------------------------------------------
[.cseg] 0x000000 0x0007ea   1974     52   2026   32768   6.2%
[.dseg] 0x000060 0x000278      0     24     24    2048   1.2%
[.eseg] 0x000000 0x000000      0      0      0    1024   0.0%

Assembly complete, 0 errors, 4 warnings
